[00:02:48] ==============================================
[00:02:48] ЗАПУСК ОБНОВЛЕНИЯ VPN
[00:02:48] ==============================================
[00:02:48] Дата: 30.06.2026 00:02:48
[00:02:48] GitHub: po5p/TgBot
[00:02:48] 
[00:02:48] ----------------------------------------------
[00:02:48] ШАГ 1: Получение списка подписок
[00:02:48] ----------------------------------------------
[00:02:49] Статус: 200 (УСПЕШНО), размер: 668 байт
[00:02:49] Содержимое:
[00:02:49]   • https://github.com/lsncococososo-rgb/GRN_VPN/raw/refs/heads/main/config.txt|GRN_VPN
[00:02:49]   • https://subs.crabby.app/b8cd8e0b2467fd0f45922774d8b68f21b9c76b348d5af80db205a4aa5257efe2|В
[00:02:49]   • https://tinyurl.com/jm4nyfxp|CVEDC_VPN_||_FREE_ПОДПИСК
[00:02:49]   • https://happ.dska.su/https://vless-config.vadimakimov2009.workers.dev/vpn-config?user=5739816977|AstraVPN-PRO
[00:02:49]   • https://vpnsubs.site/api/sub/78-kh52vMQyWHcf6|VpnBezLagov
[00:02:49]   • https://vpnsubs.site/api/sub/WmpDVF2fhx495v_8|vpn
[00:02:49]   • https://sub.lbrts.org/hz9UvFDVehXtGB-m|Абзябзяблик_ВПН
[00:02:49]   • https://sub.auravpn.cc/k6vPRn1n0sDBaBoC|Дрыга_ВПН
[00:02:50]   • https://12w.uk/4bjgny|ВВпн
[00:02:50]   • https://subscription.kotvpn.net/1HbPV4HLcaPW8oM3|Okak
[00:02:50] 
[00:02:50] ----------------------------------------------
[00:02:50] ШАГ 2: Клонирование репозитория
[00:02:50] ----------------------------------------------
[00:02:52] Статус: УСПЕШНО
[00:02:52] 
[00:02:52] ----------------------------------------------
[00:02:52] ШАГ 3: Обработка подписок
[00:02:52] ----------------------------------------------
[00:02:52] 
[00:02:52] Подписка #1: GRN_VPN
[00:02:52]   Файл: e33835c2_Subscription.txt
[00:02:54]   Загрузка: УСПЕШНО (2416 байт)
[00:02:54]   Формат: готовые vless/заголовки
[00:02:54]   Конфигов: 14
[00:02:54] 
[00:02:54] Подписка #2: В
[00:02:54]   Файл: 80edf5ff_Subscription.txt
[00:02:57]   Загрузка: УСПЕШНО (2172 байт)
[00:02:57]   Формат: Base64 → vless
[00:02:57]   Конфигов: VL=6 VM=0 TR=0 SS=12 (всего: 18)
[00:02:57] 
[00:02:57] Подписка #3: CVEDC_VPN_||_FREE_ПОДПИСК
[00:02:57]   Файл: 017b9265_Subscription.txt
[00:03:00]   Загрузка: УСПЕШНО (16609 байт)
[00:03:00]   Формат: готовые vless/заголовки
[00:03:00]   Конфигов: 116
[00:03:00] 
[00:03:00] Подписка #4: AstraVPN-PRO
[00:03:00]   Файл: ea85de74_Subscription.txt
[00:03:03]   Загрузка: УСПЕШНО (11744 байт)
[00:03:04]   Формат: JSON
[00:03:04]   Конфигов (JSON): 11
[00:03:04] 
[00:03:04] Подписка #5: VpnBezLagov
[00:03:04]   Файл: 2247dd1d_Subscription.txt
[00:03:14]   Загрузка: ОШИБКА HTTP 000
[00:03:14]   Формат: JSON
[00:03:14]   Конфигов (JSON): 11
[00:03:14] 
[00:03:14] Подписка #6: vpn
[00:03:14]   Файл: ac4e9d53_Subscription.txt
[00:03:24]   Загрузка: ОШИБКА HTTP 000
[00:03:24]   Формат: JSON
[00:03:25]   Конфигов (JSON): 11
[00:03:25] 
[00:03:25] Подписка #7: Абзябзяблик_ВПН
[00:03:25]   Файл: 5942b582_Subscription.txt
[00:03:30]   Загрузка: УСПЕШНО (187404 байт)
[00:03:30]   Формат: JSON
[00:03:30]   Конфигов (JSON): 26
[00:03:30] 
[00:03:30] Подписка #8: Дрыга_ВПН
[00:03:30]   Файл: 2558949b_Subscription.txt
[00:03:32]   Загрузка: УСПЕШНО (1468 байт)
[00:03:33]   Формат: Base64 → vless
[00:03:33]   Конфигов: VL=4 VM=0 TR=0 SS=8 (всего: 12)
[00:03:33] 
[00:03:33] Подписка #9: ВВпн
[00:03:33]   Файл: 5d334869_Subscription.txt
[00:03:36]   Загрузка: УСПЕШНО (1971 байт)
[00:03:36]   Формат: JSON
[00:03:36]   Конфигов (JSON): 2
[00:03:36] 
[00:03:36] Подписка #10: Okak
[00:03:36]   Файл: 40931a7d_Subscription.txt
[00:03:37]   Загрузка: УСПЕШНО (852 байт)
[00:03:37]   Формат: Base64 → vless
[00:03:37]   Конфигов: VL=3 VM=0 TR=0 SS=6 (всего: 9)
[00:03:37] 
[00:03:37] ----------------------------------------------
[00:03:37] ШАГ 4: Сводный файл
[00:03:37] ----------------------------------------------
[00:03:37] Ссылки в GotovVpn.txt:
[00:03:37]   • https://raw.githubusercontent.com/po5p/TgBot/main/e33835c2_Subscription.txt
[00:03:38]   • https://raw.githubusercontent.com/po5p/TgBot/main/80edf5ff_Subscription.txt
[00:03:38]   • https://raw.githubusercontent.com/po5p/TgBot/main/017b9265_Subscription.txt
[00:03:38]   • https://raw.githubusercontent.com/po5p/TgBot/main/ea85de74_Subscription.txt
[00:03:38]   • https://raw.githubusercontent.com/po5p/TgBot/main/2247dd1d_Subscription.txt
[00:03:38]   • https://raw.githubusercontent.com/po5p/TgBot/main/ac4e9d53_Subscription.txt
[00:03:38]   • https://raw.githubusercontent.com/po5p/TgBot/main/5942b582_Subscription.txt
[00:03:38]   • https://raw.githubusercontent.com/po5p/TgBot/main/2558949b_Subscription.txt
[00:03:38]   • https://raw.githubusercontent.com/po5p/TgBot/main/5d334869_Subscription.txt
[00:03:38]   • https://raw.githubusercontent.com/po5p/TgBot/main/40931a7d_Subscription.txt
[00:03:38] 
[00:03:38] ----------------------------------------------
[00:03:38] ШАГ 5: Отправка в GitHub
[00:03:38] ----------------------------------------------
[00:03:41] Результат: УСПЕШНО
[00:03:41] 
[00:03:41] ==============================================
[00:03:41] ИТОГИ
[00:03:41] ==============================================
[00:03:41] Обработано: 10 | Пропущено: 0
[00:03:41]   VLESS:  13
[00:03:41]   SS:     26
[00:03:41]   JSON:   61
[00:03:41]   ─────────────────
[00:03:41]   ВСЕГО:  100
[00:03:41] Сводный файл: https://raw.githubusercontent.com/po5p/TgBot/main/GotovVpn.txt
[00:03:41] ==============================================
