[18:28:31] ==============================================
[18:28:31] ЗАПУСК ОБНОВЛЕНИЯ VPN
[18:28:31] ==============================================
[18:28:32] Дата: 24.06.2026 18:28:32
[18:28:32] GitHub: po5p/TgBot
[18:28:32] 
[18:28:32] ----------------------------------------------
[18:28:32] ШАГ 1: Получение списка подписок
[18:28:32] ----------------------------------------------
[18:28:32] Статус: 200 (УСПЕШНО), размер: 662 байт
[18:28:32] Содержимое:
[18:28:32]   • https://yax.nenadoblokirowatgnidda.ru/exec?url=http%3A%2F%2F77.110.104.181%3A5002%2Fsub%2FVGdydXNzaWEsMTc4MTc4OTk1Mw20zr9u72oH|Vpn
[18:28:32]   • https://sub.smygo.ru/api/sub/rp6VZU5x1KoWqmHe|VPN
[18:28:32]   • https://akonit.tech/sub/a0cc22c1-312b-47a1-99bb-bb62fd39df0e|AkonitVPN
[18:28:32]   • https://sub.cvedcvpn.ru/e-LF_rZTKbPzyANj|garelmakrel
[18:28:33]   • https://raw.githubusercontent.com/hiztin/VLESS-PO-GRIBI/main/deploy/subscriptions/1.txt|90
[18:28:33]   • https://mawtunnel.onrender.com/sub/WpqtBEilhthDB7tedo|ЯЕбланVPN
[18:28:33]   • https://github.com/lsncococososo-rgb/GRN_VPN/raw/refs/heads/main/config.txt|GRN_VPN
[18:28:33]   • https://31.76.240.234:2096/sub/qrv3n2dptx2n7xdn|Yowet
[18:28:33]   • https://panel.haizvpn.pw/api/sub/NbU-R-3HMUwERtwQ|Haizvpn
[18:28:33] 
[18:28:33] ----------------------------------------------
[18:28:33] ШАГ 2: Клонирование репозитория
[18:28:33] ----------------------------------------------
[18:28:36] Статус: УСПЕШНО
[18:28:36] 
[18:28:36] ----------------------------------------------
[18:28:36] ШАГ 3: Обработка подписок
[18:28:36] ----------------------------------------------
[18:28:37] 
[18:28:37] Подписка #1: Vpn
[18:28:37]   Файл: 8cbda047_Subscription.txt
[18:28:38]   Загрузка: ОШИБКА HTTP 502
[18:28:38]   Формат: Base64 → vless
[18:28:39]   Конфигов: VL=0 VM=0 TR=0 SS=0 (всего: 0)
[18:28:39] 
[18:28:39] Подписка #2: VPN
[18:28:39]   Файл: 03a7dba1_Subscription.txt
[18:28:42]   Загрузка: ОШИБКА HTTP 404
[18:28:42]   Формат: JSON
[18:28:42]   Конфигов (JSON): 3
[18:28:42] 
[18:28:42] Подписка #3: AkonitVPN
[18:28:42]   Файл: 1c89ecb2_Subscription.txt
[18:28:45]   Загрузка: ОШИБКА HTTP 404
[18:28:45]   Формат: JSON
[18:28:45]   Конфигов (JSON): 1
[18:28:45] 
[18:28:45] Подписка #4: garelmakrel
[18:28:45]   Файл: 77ae023c_Subscription.txt
[18:28:48]   Загрузка: УСПЕШНО (16222 байт)
[18:28:48]   Формат: JSON
[18:28:48]   Конфигов (JSON): 14
[18:28:48] 
[18:28:48] Подписка #5: 90
[18:28:48]   Файл: dc763289_Subscription.txt
[18:28:49]   Загрузка: УСПЕШНО (38338 байт)
[18:28:49]   Формат: готовые vless/заголовки
[18:28:49]   Конфигов: 280
[18:28:49] 
[18:28:49] Подписка #6: ЯЕбланVPN
[18:28:49]   Файл: 12ad9a86_Subscription.txt
[18:28:55]   Загрузка: УСПЕШНО (38809 байт)
[18:28:55]   Формат: Base64 → vless
[18:29:17]   Конфигов: VL=0 VM=0 TR=0 SS=0 (всего: 0)
[18:29:17] 
[18:29:17] Подписка #7: GRN_VPN
[18:29:17]   Файл: e33835c2_Subscription.txt
[18:29:19]   Загрузка: УСПЕШНО (2416 байт)
[18:29:19]   Формат: готовые vless/заголовки
[18:29:19]   Конфигов: 14
[18:29:19] 
[18:29:19] Подписка #8: Yowet
[18:29:19]   Файл: 7644db88_Subscription.txt
[18:29:21]   Загрузка: УСПЕШНО (6216 байт)
[18:29:21]   Формат: Base64 → vless
[18:29:21]   Конфигов: VL=3 VM=0 TR=0 SS=6 (всего: 9)
[18:29:21] 
[18:29:21] Подписка #9: Haizvpn
[18:29:21]   Файл: e546cf1e_Subscription.txt
[18:29:23]   Загрузка: УСПЕШНО (388744 байт)
[18:29:23]   Формат: Base64 → vless
[18:29:24]   Конфигов: VL=1292 VM=4 TR=8 SS=2592 (всего: 3896)
[18:29:24] 
[18:29:24] ----------------------------------------------
[18:29:24] ШАГ 4: Сводный файл
[18:29:24] ----------------------------------------------
[18:29:24] Ссылки в GotovVpn.txt:
[18:29:24]   • https://raw.githubusercontent.com/po5p/TgBot/main/8cbda047_Subscription.txt
[18:29:24]   • https://raw.githubusercontent.com/po5p/TgBot/main/03a7dba1_Subscription.txt
[18:29:24]   • https://raw.githubusercontent.com/po5p/TgBot/main/1c89ecb2_Subscription.txt
[18:29:24]   • https://raw.githubusercontent.com/po5p/TgBot/main/77ae023c_Subscription.txt
[18:29:24]   • https://raw.githubusercontent.com/po5p/TgBot/main/dc763289_Subscription.txt
[18:29:24]   • https://raw.githubusercontent.com/po5p/TgBot/main/12ad9a86_Subscription.txt
[18:29:24]   • https://raw.githubusercontent.com/po5p/TgBot/main/e33835c2_Subscription.txt
[18:29:24]   • https://raw.githubusercontent.com/po5p/TgBot/main/7644db88_Subscription.txt
[18:29:24]   • https://raw.githubusercontent.com/po5p/TgBot/main/e546cf1e_Subscription.txt
[18:29:24] 
[18:29:24] ----------------------------------------------
[18:29:24] ШАГ 5: Отправка в GitHub
[18:29:24] ----------------------------------------------
[18:29:28] Результат: УСПЕШНО
[18:29:28] 
[18:29:28] ==============================================
[18:29:28] ИТОГИ
[18:29:28] ==============================================
[18:29:28] Обработано: 9 | Пропущено: 0
[18:29:28]   VLESS:  1295
[18:29:28]   VMess:  4
[18:29:28]   Trojan: 8
[18:29:28]   SS:     2598
[18:29:28]   JSON:   18
[18:29:28]   ─────────────────
[18:29:28]   ВСЕГО:  3923
[18:29:28] Сводный файл: https://raw.githubusercontent.com/po5p/TgBot/main/GotovVpn.txt
[18:29:28] ==============================================
