[21:42:24] ==============================================
[21:42:24] ЗАПУСК ОБНОВЛЕНИЯ VPN
[21:42:24] ==============================================
[21:42:24] Дата: 23.06.2026 21:42:24
[21:42:24] GitHub: po5p/TgBot
[21:42:24] 
[21:42:24] ----------------------------------------------
[21:42:24] ШАГ 1: Получение списка подписок
[21:42:24] ----------------------------------------------
[21:42:25] Статус: 200 (УСПЕШНО), размер: 466 байт
[21:42:25] Содержимое:
[21:42:25]   • https://yax.nenadoblokirowatgnidda.ru/exec?url=http%3A%2F%2F77.110.104.181%3A5002%2Fsub%2FVGdydXNzaWEsMTc4MTc4OTk1Mw20zr9u72oH|Vpn
[21:42:25]   • https://sub.smygo.ru/api/sub/rp6VZU5x1KoWqmHe|VPN
[21:42:25]   • https://akonit.tech/sub/a0cc22c1-312b-47a1-99bb-bb62fd39df0e|AkonitVPN
[21:42:25]   • https://sub.cvedcvpn.ru/e-LF_rZTKbPzyANj|garelmakrel
[21:42:25]   • https://raw.githubusercontent.com/hiztin/VLESS-PO-GRIBI/main/deploy/subscriptions/1.txt|90
[21:42:25]   • https://mawtunnel.onrender.com/sub/WpqtBEilhthDB7tedo|ЯЕбланVPN
[21:42:25] 
[21:42:25] ----------------------------------------------
[21:42:25] ШАГ 2: Клонирование репозитория
[21:42:25] ----------------------------------------------
[21:42:27] Статус: УСПЕШНО
[21:42:27] 
[21:42:27] ----------------------------------------------
[21:42:27] ШАГ 3: Обработка подписок
[21:42:27] ----------------------------------------------
[21:42:27] 
[21:42:27] Подписка #1: Vpn
[21:42:27]   Файл: 8cbda047_Subscription.txt
[21:42:28]   Загрузка: ОШИБКА HTTP 502
[21:42:28]   Формат: Base64 → vless
[21:42:28]   Конфигов: VL=0 VM=0 TR=0 SS=0 (всего: 0)
[21:42:28] 
[21:42:28] Подписка #2: VPN
[21:42:28]   Файл: 03a7dba1_Subscription.txt
[21:42:29]   Загрузка: ОШИБКА HTTP 404
[21:42:29]   Формат: JSON
[21:42:29]   Конфигов (JSON): 3
[21:42:29] 
[21:42:29] Подписка #3: AkonitVPN
[21:42:29]   Файл: 1c89ecb2_Subscription.txt
[21:42:30]   Загрузка: ОШИБКА HTTP 404
[21:42:30]   Формат: JSON
[21:42:30]   Конфигов (JSON): 1
[21:42:30] 
[21:42:30] Подписка #4: garelmakrel
[21:42:30]   Файл: 77ae023c_Subscription.txt
[21:42:31]   Загрузка: УСПЕШНО (17432 байт)
[21:42:31]   Формат: JSON
[21:42:31]   Конфигов (JSON): 15
[21:42:31] 
[21:42:31] Подписка #5: 90
[21:42:31]   Файл: dc763289_Subscription.txt
[21:42:32]   Загрузка: УСПЕШНО (51777 байт)
[21:42:32]   Формат: готовые vless/заголовки
[21:42:32]   Конфигов: 392
[21:42:32] 
[21:42:32] Подписка #6: ЯЕбланVPN
[21:42:32]   Файл: 12ad9a86_Subscription.txt
[21:42:33]   Загрузка: УСПЕШНО (38563 байт)
[21:42:33]   Формат: Base64 → vless
[21:42:56]   Конфигов: VL=0 VM=0 TR=0 SS=0 (всего: 0)
[21:42:56] 
[21:42:56] ----------------------------------------------
[21:42:56] ШАГ 4: Сводный файл
[21:42:56] ----------------------------------------------
[21:42:56] Ссылки в GotovVpn.txt:
[21:42:56]   • https://raw.githubusercontent.com/po5p/TgBot/main/8cbda047_Subscription.txt
[21:42:56]   • https://raw.githubusercontent.com/po5p/TgBot/main/03a7dba1_Subscription.txt
[21:42:56]   • https://raw.githubusercontent.com/po5p/TgBot/main/1c89ecb2_Subscription.txt
[21:42:56]   • https://raw.githubusercontent.com/po5p/TgBot/main/77ae023c_Subscription.txt
[21:42:56]   • https://raw.githubusercontent.com/po5p/TgBot/main/dc763289_Subscription.txt
[21:42:56]   • https://raw.githubusercontent.com/po5p/TgBot/main/12ad9a86_Subscription.txt
[21:42:56] 
[21:42:56] ----------------------------------------------
[21:42:56] ШАГ 5: Отправка в GitHub
[21:42:56] ----------------------------------------------
[21:42:58] Результат: УСПЕШНО
[21:42:58] 
[21:42:58] ==============================================
[21:42:58] ИТОГИ
[21:42:58] ==============================================
[21:42:58] Обработано: 6 | Пропущено: 0
[21:42:58]   JSON:   19
[21:42:58]   ─────────────────
[21:42:58]   ВСЕГО:  19
[21:42:58] Сводный файл: https://raw.githubusercontent.com/po5p/TgBot/main/GotovVpn.txt
[21:42:58] ==============================================
