[15:41:28] ==============================================
[15:41:28] ЗАПУСК ОБНОВЛЕНИЯ VPN
[15:41:28] ==============================================
[15:41:28] Дата: 28.06.2026 15:41:28
[15:41:28] GitHub: po5p/TgBot
[15:41:28] 
[15:41:28] ----------------------------------------------
[15:41:28] ШАГ 1: Получение списка подписок
[15:41:28] ----------------------------------------------
[15:41:30] Статус: 200 (УСПЕШНО), размер: 521 байт
[15:41:30] Содержимое:
[15:41:30]   • https://github.com/lsncococososo-rgb/GRN_VPN/raw/refs/heads/main/config.txt|GRN_VPN
[15:41:30]   • https://31.76.240.234:2096/sub/qrv3n2dptx2n7xdn|Yowet
[15:41:30]   • https://subs.crabby.app/b8cd8e0b2467fd0f45922774d8b68f21b9c76b348d5af80db205a4aa5257efe2|В
[15:41:30]   • https://tinyurl.com/jm4nyfxp|CVEDC_VPN_||_FREE_ПОДПИСК
[15:41:30]   • https://happ.dska.su/https://vless-config.vadimakimov2009.workers.dev/vpn-config?user=5739816977|AstraVPN-PRO
[15:41:30]   • https://vpnsubs.site/api/sub/78-kh52vMQyWHcf6|VpnBezLagov
[15:41:30]   • https://vpnsubs.site/api/sub/z5Pw5YCbPntNqqgM|VpnBezLagovLTE
[15:41:30] 
[15:41:30] ----------------------------------------------
[15:41:30] ШАГ 2: Клонирование репозитория
[15:41:30] ----------------------------------------------
[15:41:31] Статус: УСПЕШНО
[15:41:32] 
[15:41:32] ----------------------------------------------
[15:41:32] ШАГ 3: Обработка подписок
[15:41:32] ----------------------------------------------
[15:41:32] 
[15:41:32] Подписка #1: GRN_VPN
[15:41:32]   Файл: e33835c2_Subscription.txt
[15:41:33]   Загрузка: УСПЕШНО (2416 байт)
[15:41:33]   Формат: готовые vless/заголовки
[15:41:33]   Конфигов: 14
[15:41:33] 
[15:41:33] Подписка #2: Yowet
[15:41:33]   Файл: 7644db88_Subscription.txt
[15:41:34]   Загрузка: УСПЕШНО (12456 байт)
[15:41:34]   Формат: Base64 → vless
[15:41:34]   Конфигов: VL=4 VM=0 TR=0 SS=8 (всего: 12)
[15:41:34] 
[15:41:35] Подписка #3: В
[15:41:35]   Файл: 80edf5ff_Subscription.txt
[15:41:36]   Загрузка: УСПЕШНО (2172 байт)
[15:41:36]   Формат: Base64 → vless
[15:41:36]   Конфигов: VL=6 VM=0 TR=0 SS=12 (всего: 18)
[15:41:36] 
[15:41:36] Подписка #4: CVEDC_VPN_||_FREE_ПОДПИСК
[15:41:36]   Файл: 017b9265_Subscription.txt
[15:41:38]   Загрузка: УСПЕШНО (16609 байт)
[15:41:38]   Формат: готовые vless/заголовки
[15:41:38]   Конфигов: 116
[15:41:38] 
[15:41:38] Подписка #5: AstraVPN-PRO
[15:41:38]   Файл: ea85de74_Subscription.txt
[15:41:39]   Загрузка: УСПЕШНО (11905 байт)
[15:41:39]   Формат: JSON
[15:41:39]   Конфигов (JSON): 11
[15:41:39] 
[15:41:39] Подписка #6: VpnBezLagov
[15:41:39]   Файл: 2247dd1d_Subscription.txt
[15:41:40]   Загрузка: УСПЕШНО (14757 байт)
[15:41:40]   Формат: JSON
[15:41:40]   Конфигов (JSON): 7
[15:41:41] 
[15:41:41] Подписка #7: VpnBezLagovLTE
[15:41:41]   Файл: e45f4f15_Subscription.txt
[15:41:41]   Загрузка: ОШИБКА HTTP 502
[15:41:41]   ⚠ Пусто — оставляю старую копию
[15:41:41] 
[15:41:41] ----------------------------------------------
[15:41:41] ШАГ 4: Сводный файл
[15:41:41] ----------------------------------------------
[15:41:42] Ссылки в GotovVpn.txt:
[15:41:42]   • https://raw.githubusercontent.com/po5p/TgBot/main/e33835c2_Subscription.txt
[15:41:42]   • https://raw.githubusercontent.com/po5p/TgBot/main/7644db88_Subscription.txt
[15:41:42]   • https://raw.githubusercontent.com/po5p/TgBot/main/80edf5ff_Subscription.txt
[15:41:42]   • https://raw.githubusercontent.com/po5p/TgBot/main/017b9265_Subscription.txt
[15:41:42]   • https://raw.githubusercontent.com/po5p/TgBot/main/ea85de74_Subscription.txt
[15:41:42]   • https://raw.githubusercontent.com/po5p/TgBot/main/2247dd1d_Subscription.txt
[15:41:42]   • https://raw.githubusercontent.com/po5p/TgBot/main/e45f4f15_Subscription.txt
[15:41:42] 
[15:41:42] ----------------------------------------------
[15:41:42] ШАГ 5: Отправка в GitHub
[15:41:42] ----------------------------------------------
[15:41:44] Результат: УСПЕШНО
[15:41:44] 
[15:41:44] ==============================================
[15:41:44] ИТОГИ
[15:41:44] ==============================================
[15:41:44] Обработано: 6 | Пропущено: 1
[15:41:44]   VLESS:  10
[15:41:44]   SS:     20
[15:41:44]   JSON:   18
[15:41:44]   ─────────────────
[15:41:44]   ВСЕГО:  48
[15:41:44] Сводный файл: https://raw.githubusercontent.com/po5p/TgBot/main/GotovVpn.txt
[15:41:44] ==============================================
