[21:45:14] ==============================================
[21:45:14] ЗАПУСК ОБНОВЛЕНИЯ VPN
[21:45:14] ==============================================
[21:45:14] Дата: 28.06.2026 21:45:14
[21:45:14] GitHub: po5p/TgBot
[21:45:14] 
[21:45:14] ----------------------------------------------
[21:45:14] ШАГ 1: Получение списка подписок
[21:45:14] ----------------------------------------------
[21:45:15] Статус: 200 (УСПЕШНО), размер: 507 байт
[21:45:15] Содержимое:
[21:45:15]   • https://github.com/lsncococososo-rgb/GRN_VPN/raw/refs/heads/main/config.txt|GRN_VPN
[21:45:15]   • https://subs.crabby.app/b8cd8e0b2467fd0f45922774d8b68f21b9c76b348d5af80db205a4aa5257efe2|В
[21:45:15]   • https://tinyurl.com/jm4nyfxp|CVEDC_VPN_||_FREE_ПОДПИСК
[21:45:15]   • https://happ.dska.su/https://vless-config.vadimakimov2009.workers.dev/vpn-config?user=5739816977|AstraVPN-PRO
[21:45:15]   • https://vpnsubs.site/api/sub/78-kh52vMQyWHcf6|VpnBezLagov
[21:45:15]   • https://vpnsubs.site/api/sub/WmpDVF2fhx495v_8|vpn
[21:45:15]   • https://sub.chunkyvpn.shop/mNNdKFpSa8axa3F5|vpn098
[21:45:15] 
[21:45:15] ----------------------------------------------
[21:45:15] ШАГ 2: Клонирование репозитория
[21:45:15] ----------------------------------------------
[21:45:17] Статус: УСПЕШНО
[21:45:17] 
[21:45:17] ----------------------------------------------
[21:45:17] ШАГ 3: Обработка подписок
[21:45:17] ----------------------------------------------
[21:45:17] 
[21:45:17] Подписка #1: GRN_VPN
[21:45:17]   Файл: e33835c2_Subscription.txt
[21:45:19]   Загрузка: УСПЕШНО (2416 байт)
[21:45:19]   Формат: готовые vless/заголовки
[21:45:19]   Конфигов: 14
[21:45:19] 
[21:45:19] Подписка #2: В
[21:45:19]   Файл: 80edf5ff_Subscription.txt
[21:45:20]   Загрузка: УСПЕШНО (2172 байт)
[21:45:20]   Формат: Base64 → vless
[21:45:21]   Конфигов: VL=6 VM=0 TR=0 SS=12 (всего: 18)
[21:45:21] 
[21:45:21] Подписка #3: CVEDC_VPN_||_FREE_ПОДПИСК
[21:45:21]   Файл: 017b9265_Subscription.txt
[21:45:22]   Загрузка: УСПЕШНО (16609 байт)
[21:45:22]   Формат: готовые vless/заголовки
[21:45:22]   Конфигов: 116
[21:45:22] 
[21:45:22] Подписка #4: AstraVPN-PRO
[21:45:23]   Файл: ea85de74_Subscription.txt
[21:45:24]   Загрузка: УСПЕШНО (11905 байт)
[21:45:24]   Формат: JSON
[21:45:24]   Конфигов (JSON): 11
[21:45:24] 
[21:45:24] Подписка #5: VpnBezLagov
[21:45:24]   Файл: 2247dd1d_Subscription.txt
[21:45:25]   Загрузка: УСПЕШНО (26413 байт)
[21:45:25]   Формат: JSON
[21:45:25]   Конфигов (JSON): 17
[21:45:25] 
[21:45:25] Подписка #6: vpn
[21:45:25]   Файл: ac4e9d53_Subscription.txt
[21:45:26]   Загрузка: УСПЕШНО (26413 байт)
[21:45:26]   Формат: JSON
[21:45:26]   Конфигов (JSON): 17
[21:45:26] 
[21:45:26] Подписка #7: vpn098
[21:45:26]   Файл: 62fb54fd_Subscription.txt
[21:45:27]   Загрузка: УСПЕШНО (16672 байт)
[21:45:27]   Формат: Base64 → vless
[21:45:34]   Конфигов: VL=0 VM=0 TR=0 SS=0 (всего: 0)
[21:45:34] 
[21:45:34] ----------------------------------------------
[21:45:34] ШАГ 4: Сводный файл
[21:45:34] ----------------------------------------------
[21:45:34] Ссылки в GotovVpn.txt:
[21:45:34]   • https://raw.githubusercontent.com/po5p/TgBot/main/e33835c2_Subscription.txt
[21:45:34]   • https://raw.githubusercontent.com/po5p/TgBot/main/80edf5ff_Subscription.txt
[21:45:34]   • https://raw.githubusercontent.com/po5p/TgBot/main/017b9265_Subscription.txt
[21:45:34]   • https://raw.githubusercontent.com/po5p/TgBot/main/ea85de74_Subscription.txt
[21:45:34]   • https://raw.githubusercontent.com/po5p/TgBot/main/2247dd1d_Subscription.txt
[21:45:35]   • https://raw.githubusercontent.com/po5p/TgBot/main/ac4e9d53_Subscription.txt
[21:45:35]   • https://raw.githubusercontent.com/po5p/TgBot/main/62fb54fd_Subscription.txt
[21:45:35] 
[21:45:35] ----------------------------------------------
[21:45:35] ШАГ 5: Отправка в GitHub
[21:45:35] ----------------------------------------------
[21:45:37] Результат: УСПЕШНО
[21:45:37] 
[21:45:37] ==============================================
[21:45:37] ИТОГИ
[21:45:37] ==============================================
[21:45:37] Обработано: 7 | Пропущено: 0
[21:45:37]   VLESS:  6
[21:45:37]   SS:     12
[21:45:37]   JSON:   45
[21:45:37]   ─────────────────
[21:45:37]   ВСЕГО:  63
[21:45:37] Сводный файл: https://raw.githubusercontent.com/po5p/TgBot/main/GotovVpn.txt
[21:45:37] ==============================================
