[21:51:58] ==============================================
[21:51:58] ЗАПУСК ОБНОВЛЕНИЯ VPN
[21:51:58] ==============================================
[21:51:58] Дата: 26.06.2026 21:51:58
[21:51:59] GitHub: po5p/TgBot
[21:51:59] 
[21:51:59] ----------------------------------------------
[21:51:59] ШАГ 1: Получение списка подписок
[21:51:59] ----------------------------------------------
[21:52:00] Статус: 200 (УСПЕШНО), размер: 534 байт
[21:52:00] Содержимое:
[21:52:00]   • https://github.com/lsncococososo-rgb/GRN_VPN/raw/refs/heads/main/config.txt|GRN_VPN
[21:52:00]   • https://31.76.240.234:2096/sub/qrv3n2dptx2n7xdn|Yowet
[21:52:00]   • https://vless-config.vadimakimov2009.workers.dev/vpn-config?user=5739816977|BamBukVPN
[21:52:00]   • https://mawtunnel.onrender.com/sub/WpqtBEilhthDB7tedo|Бастакарапузики
[21:52:00]   • https://subs.crabby.app/b8cd8e0b2467fd0f45922774d8b68f21b9c76b348d5af80db205a4aa5257efe2|В
[21:52:00]   • https://tinyurl.com/jm4nyfxp|CVEDC_VPN_||_FREE_ПОДПИСК
[21:52:00]   • https://tonsrivals.online/apx/VnH4dCLbQH1KvgGg|Пердусран_VPN
[21:52:00] 
[21:52:00] ----------------------------------------------
[21:52:00] ШАГ 2: Клонирование репозитория
[21:52:00] ----------------------------------------------
[21:52:03] Статус: УСПЕШНО
[21:52:03] 
[21:52:03] ----------------------------------------------
[21:52:03] ШАГ 3: Обработка подписок
[21:52:03] ----------------------------------------------
[21:52:03] 
[21:52:03] Подписка #2: GRN_VPN
[21:52:03]   Файл: e33835c2_Subscription.txt
[21:52:04]   Загрузка: УСПЕШНО (2416 байт)
[21:52:04]   Формат: готовые vless/заголовки
[21:52:04]   Конфигов: 14
[21:52:04] 
[21:52:04] Подписка #3: Yowet
[21:52:04]   Файл: 7644db88_Subscription.txt
[21:52:06]   Загрузка: УСПЕШНО (12488 байт)
[21:52:06]   Формат: Base64 → vless
[21:52:07]   Конфигов: VL=4 VM=0 TR=0 SS=8 (всего: 12)
[21:52:07] 
[21:52:07] Подписка #4: BamBukVPN
[21:52:07]   Файл: 9bea4c44_Subscription.txt
[21:52:07]   Загрузка: ОШИБКА HTTP 404
[21:52:07]   Формат: JSON
[21:52:07]   Конфигов (JSON): 1
[21:52:08] 
[21:52:08] Подписка #5: Бастакарапузики
[21:52:08]   Файл: 12ad9a86_Subscription.txt
[21:52:10]   Загрузка: УСПЕШНО (38973 байт)
[21:52:10]   Формат: Base64 → vless
[21:52:33]   Конфигов: VL=0 VM=0 TR=0 SS=0 (всего: 0)
[21:52:33] 
[21:52:33] Подписка #6: В
[21:52:33]   Файл: 80edf5ff_Subscription.txt
[21:52:34]   Загрузка: УСПЕШНО (2172 байт)
[21:52:34]   Формат: Base64 → vless
[21:52:35]   Конфигов: VL=6 VM=0 TR=0 SS=12 (всего: 18)
[21:52:35] 
[21:52:35] Подписка #7: CVEDC_VPN_||_FREE_ПОДПИСК
[21:52:35]   Файл: 017b9265_Subscription.txt
[21:52:37]   Загрузка: УСПЕШНО (16609 байт)
[21:52:37]   Формат: готовые vless/заголовки
[21:52:37]   Конфигов: 116
[21:52:38] 
[21:52:38] Подписка #8: Пердусран_VPN
[21:52:38]   Файл: 3ca910ce_Subscription.txt
[21:52:39]   Загрузка: УСПЕШНО (533065 байт)
[21:52:39]   Формат: JSON
[21:52:39]   Конфигов (JSON): 10
[21:52:39] 
[21:52:39] ----------------------------------------------
[21:52:39] ШАГ 4: Сводный файл
[21:52:39] ----------------------------------------------
[21:52:39] Ссылки в GotovVpn.txt:
[21:52:39]   • https://raw.githubusercontent.com/po5p/TgBot/main/e33835c2_Subscription.txt
[21:52:39]   • https://raw.githubusercontent.com/po5p/TgBot/main/7644db88_Subscription.txt
[21:52:39]   • https://raw.githubusercontent.com/po5p/TgBot/main/9bea4c44_Subscription.txt
[21:52:39]   • https://raw.githubusercontent.com/po5p/TgBot/main/12ad9a86_Subscription.txt
[21:52:39]   • https://raw.githubusercontent.com/po5p/TgBot/main/80edf5ff_Subscription.txt
[21:52:39]   • https://raw.githubusercontent.com/po5p/TgBot/main/017b9265_Subscription.txt
[21:52:39]   • https://raw.githubusercontent.com/po5p/TgBot/main/3ca910ce_Subscription.txt
[21:52:39] 
[21:52:39] ----------------------------------------------
[21:52:39] ШАГ 5: Отправка в GitHub
[21:52:39] ----------------------------------------------
[21:52:41] Результат: УСПЕШНО
[21:52:41] 
[21:52:41] ==============================================
[21:52:41] ИТОГИ
[21:52:41] ==============================================
[21:52:41] Обработано: 7 | Пропущено: 0
[21:52:41]   VLESS:  10
[21:52:41]   SS:     20
[21:52:41]   JSON:   11
[21:52:41]   ─────────────────
[21:52:41]   ВСЕГО:  41
[21:52:41] Сводный файл: https://raw.githubusercontent.com/po5p/TgBot/main/GotovVpn.txt
[21:52:41] ==============================================
