[17:57:12] ==============================================
[17:57:12] ЗАПУСК ОБНОВЛЕНИЯ VPN
[17:57:12] ==============================================
[17:57:12] Дата: 27.06.2026 17:57:12
[17:57:12] GitHub: po5p/TgBot
[17:57:12] 
[17:57:12] ----------------------------------------------
[17:57:12] ШАГ 1: Получение списка подписок
[17:57:12] ----------------------------------------------
[17:57:13] Статус: 200 (УСПЕШНО), размер: 402 байт
[17:57:13] Содержимое:
[17:57:13]   • https://github.com/lsncococososo-rgb/GRN_VPN/raw/refs/heads/main/config.txt|GRN_VPN
[17:57:13]   • https://31.76.240.234:2096/sub/qrv3n2dptx2n7xdn|Yowet
[17:57:13]   • https://subs.crabby.app/b8cd8e0b2467fd0f45922774d8b68f21b9c76b348d5af80db205a4aa5257efe2|В
[17:57:13]   • https://tinyurl.com/jm4nyfxp|CVEDC_VPN_||_FREE_ПОДПИСК
[17:57:13]   • https://happ.dska.su/https://vless-config.vadimakimov2009.workers.dev/vpn-config?user=5739816977|AstraVPN-PRO
[17:57:13] 
[17:57:13] ----------------------------------------------
[17:57:13] ШАГ 2: Клонирование репозитория
[17:57:13] ----------------------------------------------
[17:57:15] Статус: УСПЕШНО
[17:57:15] 
[17:57:15] ----------------------------------------------
[17:57:15] ШАГ 3: Обработка подписок
[17:57:15] ----------------------------------------------
[17:57:15] 
[17:57:15] Подписка #1: GRN_VPN
[17:57:15]   Файл: e33835c2_Subscription.txt
[17:57:17]   Загрузка: УСПЕШНО (2416 байт)
[17:57:17]   Формат: готовые vless/заголовки
[17:57:17]   Конфигов: 14
[17:57:17] 
[17:57:17] Подписка #2: Yowet
[17:57:17]   Файл: 7644db88_Subscription.txt
[17:57:18]   Загрузка: УСПЕШНО (12468 байт)
[17:57:18]   Формат: Base64 → vless
[17:57:18]   Конфигов: VL=4 VM=0 TR=0 SS=8 (всего: 12)
[17:57:18] 
[17:57:18] Подписка #3: В
[17:57:18]   Файл: 80edf5ff_Subscription.txt
[17:57:20]   Загрузка: УСПЕШНО (2172 байт)
[17:57:20]   Формат: Base64 → vless
[17:57:20]   Конфигов: VL=6 VM=0 TR=0 SS=12 (всего: 18)
[17:57:20] 
[17:57:20] Подписка #4: CVEDC_VPN_||_FREE_ПОДПИСК
[17:57:20]   Файл: 017b9265_Subscription.txt
[17:57:22]   Загрузка: УСПЕШНО (16609 байт)
[17:57:22]   Формат: готовые vless/заголовки
[17:57:22]   Конфигов: 116
[17:57:22] 
[17:57:22] Подписка #5: AstraVPN-PRO
[17:57:22]   Файл: ea85de74_Subscription.txt
[17:57:23]   Загрузка: УСПЕШНО (11905 байт)
[17:57:23]   Формат: JSON
[17:57:23]   Конфигов (JSON): 11
[17:57:23] 
[17:57:23] ----------------------------------------------
[17:57:23] ШАГ 4: Сводный файл
[17:57:23] ----------------------------------------------
[17:57:23] Ссылки в GotovVpn.txt:
[17:57:23]   • https://raw.githubusercontent.com/po5p/TgBot/main/e33835c2_Subscription.txt
[17:57:23]   • https://raw.githubusercontent.com/po5p/TgBot/main/7644db88_Subscription.txt
[17:57:23]   • https://raw.githubusercontent.com/po5p/TgBot/main/80edf5ff_Subscription.txt
[17:57:24]   • https://raw.githubusercontent.com/po5p/TgBot/main/017b9265_Subscription.txt
[17:57:24]   • https://raw.githubusercontent.com/po5p/TgBot/main/ea85de74_Subscription.txt
[17:57:24] 
[17:57:24] ----------------------------------------------
[17:57:24] ШАГ 5: Отправка в GitHub
[17:57:24] ----------------------------------------------
[17:57:26] Результат: УСПЕШНО
[17:57:26] 
[17:57:26] ==============================================
[17:57:26] ИТОГИ
[17:57:26] ==============================================
[17:57:26] Обработано: 5 | Пропущено: 0
[17:57:26]   VLESS:  10
[17:57:26]   SS:     20
[17:57:26]   JSON:   11
[17:57:26]   ─────────────────
[17:57:26]   ВСЕГО:  41
[17:57:26] Сводный файл: https://raw.githubusercontent.com/po5p/TgBot/main/GotovVpn.txt
[17:57:26] ==============================================
