[21:10:53] ==============================================
[21:10:53] ЗАПУСК ОБНОВЛЕНИЯ VPN
[21:10:53] ==============================================
[21:10:53] Дата: 28.06.2026 21:10:53
[21:10:53] GitHub: po5p/TgBot
[21:10:53] 
[21:10:53] ----------------------------------------------
[21:10:53] ШАГ 1: Получение списка подписок
[21:10:53] ----------------------------------------------
[21:10:54] Статус: 200 (УСПЕШНО), размер: 456 байт
[21:10:54] Содержимое:
[21:10:54]   • https://github.com/lsncococososo-rgb/GRN_VPN/raw/refs/heads/main/config.txt|GRN_VPN
[21:10:54]   • https://subs.crabby.app/b8cd8e0b2467fd0f45922774d8b68f21b9c76b348d5af80db205a4aa5257efe2|В
[21:10:54]   • https://tinyurl.com/jm4nyfxp|CVEDC_VPN_||_FREE_ПОДПИСК
[21:10:54]   • https://happ.dska.su/https://vless-config.vadimakimov2009.workers.dev/vpn-config?user=5739816977|AstraVPN-PRO
[21:10:54]   • https://vpnsubs.site/api/sub/78-kh52vMQyWHcf6|VpnBezLagov
[21:10:54]   • https://vpnsubs.site/api/sub/WmpDVF2fhx495v_8|vpn
[21:10:54] 
[21:10:54] ----------------------------------------------
[21:10:54] ШАГ 2: Клонирование репозитория
[21:10:54] ----------------------------------------------
[21:10:55] Статус: УСПЕШНО
[21:10:55] 
[21:10:55] ----------------------------------------------
[21:10:55] ШАГ 3: Обработка подписок
[21:10:55] ----------------------------------------------
[21:10:55] 
[21:10:56] Подписка #1: GRN_VPN
[21:10:56]   Файл: e33835c2_Subscription.txt
[21:10:57]   Загрузка: УСПЕШНО (2416 байт)
[21:10:57]   Формат: готовые vless/заголовки
[21:10:57]   Конфигов: 14
[21:10:57] 
[21:10:57] Подписка #2: В
[21:10:57]   Файл: 80edf5ff_Subscription.txt
[21:10:59]   Загрузка: УСПЕШНО (2172 байт)
[21:10:59]   Формат: Base64 → vless
[21:10:59]   Конфигов: VL=6 VM=0 TR=0 SS=12 (всего: 18)
[21:10:59] 
[21:10:59] Подписка #3: CVEDC_VPN_||_FREE_ПОДПИСК
[21:10:59]   Файл: 017b9265_Subscription.txt
[21:11:01]   Загрузка: УСПЕШНО (16609 байт)
[21:11:01]   Формат: готовые vless/заголовки
[21:11:01]   Конфигов: 116
[21:11:01] 
[21:11:01] Подписка #4: AstraVPN-PRO
[21:11:01]   Файл: ea85de74_Subscription.txt
[21:11:02]   Загрузка: УСПЕШНО (11905 байт)
[21:11:02]   Формат: JSON
[21:11:02]   Конфигов (JSON): 11
[21:11:02] 
[21:11:02] Подписка #5: VpnBezLagov
[21:11:02]   Файл: 2247dd1d_Subscription.txt
[21:11:03]   Загрузка: УСПЕШНО (26413 байт)
[21:11:03]   Формат: JSON
[21:11:03]   Конфигов (JSON): 17
[21:11:03] 
[21:11:03] Подписка #6: vpn
[21:11:03]   Файл: ac4e9d53_Subscription.txt
[21:11:04]   Загрузка: УСПЕШНО (26413 байт)
[21:11:04]   Формат: JSON
[21:11:04]   Конфигов (JSON): 17
[21:11:04] 
[21:11:04] ----------------------------------------------
[21:11:04] ШАГ 4: Сводный файл
[21:11:04] ----------------------------------------------
[21:11:04] Ссылки в GotovVpn.txt:
[21:11:04]   • https://raw.githubusercontent.com/po5p/TgBot/main/e33835c2_Subscription.txt
[21:11:04]   • https://raw.githubusercontent.com/po5p/TgBot/main/80edf5ff_Subscription.txt
[21:11:05]   • https://raw.githubusercontent.com/po5p/TgBot/main/017b9265_Subscription.txt
[21:11:05]   • https://raw.githubusercontent.com/po5p/TgBot/main/ea85de74_Subscription.txt
[21:11:05]   • https://raw.githubusercontent.com/po5p/TgBot/main/2247dd1d_Subscription.txt
[21:11:05]   • https://raw.githubusercontent.com/po5p/TgBot/main/ac4e9d53_Subscription.txt
[21:11:05] 
[21:11:05] ----------------------------------------------
[21:11:05] ШАГ 5: Отправка в GitHub
[21:11:05] ----------------------------------------------
[21:11:07] Результат: УСПЕШНО
[21:11:07] 
[21:11:07] ==============================================
[21:11:07] ИТОГИ
[21:11:07] ==============================================
[21:11:07] Обработано: 6 | Пропущено: 0
[21:11:07]   VLESS:  6
[21:11:07]   SS:     12
[21:11:07]   JSON:   45
[21:11:07]   ─────────────────
[21:11:07]   ВСЕГО:  63
[21:11:07] Сводный файл: https://raw.githubusercontent.com/po5p/TgBot/main/GotovVpn.txt
[21:11:07] ==============================================
