[22:03:58] ==============================================
[22:03:58] ЗАПУСК ОБНОВЛЕНИЯ VPN
[22:03:58] ==============================================
[22:03:58] Дата: 19.06.2026 22:03:58
[22:03:58] GitHub: po5p/TgBot
[22:03:58] 
[22:03:58] ----------------------------------------------
[22:03:58] ШАГ 1: Получение списка подписок
[22:03:58] ----------------------------------------------
[22:03:59] Статус: 200 (УСПЕШНО), размер: 342 байт
[22:03:59] Содержимое:
[22:03:59]   • https://yax.nenadoblokirowatgnidda.ru/exec?url=http%3A%2F%2F77.110.104.181%3A5002%2Fsub%2FVGdydXNzaWEsMTc4MTc4OTk1Mw20zr9u72oH|Vpn
[22:03:59]   • https://sub.smygo.ru/api/sub/rp6VZU5x1KoWqmHe|VPN
[22:03:59]   • https://sub.datanode-internal.net/KzmeGBwzvnW1fHn7|vpn33
[22:03:59]   • https://page2.anotherboring.top/WCdKdF9n8yUUGAPX|ABSVPN
[22:03:59]   • https://cdn.getslay.cc/5DBMhz39k1X6DZYE|StayVpn
[22:03:59] 
[22:03:59] ----------------------------------------------
[22:03:59] ШАГ 2: Клонирование репозитория
[22:03:59] ----------------------------------------------
[22:04:01] Статус: УСПЕШНО
[22:04:01] 
[22:04:01] ----------------------------------------------
[22:04:01] ШАГ 3: Обработка подписок
[22:04:01] ----------------------------------------------
[22:04:01] 
[22:04:01] Подписка #1: Vpn
[22:04:01]   Файл: 8cbda047_Subscription.txt
[22:04:02]   Загрузка: УСПЕШНО (19944 байт)
[22:04:02]   Формат: Base64 → vless
[22:04:02]   Конфигов: VL=34 VM=0 TR=0 SS=68 (всего: 102)
[22:04:02] 
[22:04:02] Подписка #2: VPN
[22:04:02]   Файл: 03a7dba1_Subscription.txt
[22:04:03]   Загрузка: УСПЕШНО (435484 байт)
[22:04:03]   Формат: JSON
[22:04:03]   Конфигов (JSON): 23
[22:04:03] 
[22:04:03] Подписка #3: vpn33
[22:04:03]   Файл: b91d57b9_Subscription.txt
[22:04:04]   Загрузка: УСПЕШНО (36486 байт)
[22:04:04]   Формат: JSON
[22:04:04]   Конфигов (JSON): 15
[22:04:04] 
[22:04:04] Подписка #4: ABSVPN
[22:04:04]   Файл: fae59f39_Subscription.txt
[22:04:05]   Загрузка: УСПЕШНО (9964 байт)
[22:04:05]   Формат: JSON
[22:04:05]   Конфигов (JSON): 6
[22:04:05] 
[22:04:05] Подписка #5: StayVpn
[22:04:05]   Файл: 1bb0e229_Subscription.txt
[22:04:06]   Загрузка: УСПЕШНО (3404 байт)
[22:04:06]   Формат: JSON
[22:04:06]   Конфигов (JSON): 2
[22:04:06] 
[22:04:06] ----------------------------------------------
[22:04:06] ШАГ 4: Сводный файл
[22:04:06] ----------------------------------------------
[22:04:06] Ссылки в GotovVpn.txt:
[22:04:06]   • https://raw.githubusercontent.com/po5p/TgBot/main/8cbda047_Subscription.txt
[22:04:06]   • https://raw.githubusercontent.com/po5p/TgBot/main/03a7dba1_Subscription.txt
[22:04:06]   • https://raw.githubusercontent.com/po5p/TgBot/main/b91d57b9_Subscription.txt
[22:04:07]   • https://raw.githubusercontent.com/po5p/TgBot/main/fae59f39_Subscription.txt
[22:04:07]   • https://raw.githubusercontent.com/po5p/TgBot/main/1bb0e229_Subscription.txt
[22:04:07] 
[22:04:07] ----------------------------------------------
[22:04:07] ШАГ 5: Отправка в GitHub
[22:04:07] ----------------------------------------------
[22:04:08] Результат: УСПЕШНО
[22:04:08] 
[22:04:09] ==============================================
[22:04:09] ИТОГИ
[22:04:09] ==============================================
[22:04:09] Обработано: 5 | Пропущено: 0
[22:04:09]   VLESS:  34
[22:04:09]   SS:     68
[22:04:09]   JSON:   46
[22:04:09]   ─────────────────
[22:04:09]   ВСЕГО:  148
[22:04:09] Сводный файл: https://raw.githubusercontent.com/po5p/TgBot/main/GotovVpn.txt
[22:04:09] ==============================================
