[19:58:05] ==============================================
[19:58:05] ЗАПУСК ОБНОВЛЕНИЯ VPN
[19:58:05] ==============================================
[19:58:05] Дата: 30.06.2026 19:58:05
[19:58:05] GitHub: po5p/TgBot
[19:58:05] 
[19:58:05] ----------------------------------------------
[19:58:05] ШАГ 1: Получение списка подписок
[19:58:05] ----------------------------------------------
[19:58:06] Статус: 200 (УСПЕШНО), размер: 100 байт
[19:58:06] Содержимое:
[19:58:06]   • 5739816977|https://vless-config.vadimakimov2009.workers.dev/vpn-config?user=5739816977|AstraVPN-PRO
[19:58:06] 
[19:58:06] ----------------------------------------------
[19:58:06] ШАГ 2: Клонирование репозитория
[19:58:06] ----------------------------------------------
[19:58:08] Статус: УСПЕШНО
[19:58:08] 
[19:58:08] ----------------------------------------------
[19:58:08] ШАГ 3: Обработка подписок
[19:58:08] ----------------------------------------------
[19:58:08] 
[19:58:08] Подписка #1: AstraVPN-PRO (ID: 5739816977)
[19:58:08]   Файл: users/5739816977/9bea4c44_Subscription.txt
[19:58:18]   Загрузка: ОШИБКА HTTP 000
[19:58:18] 
[19:58:18] ----------------------------------------------
[19:58:18] ШАГ 4: Сводный файл
[19:58:18] ----------------------------------------------
[19:58:18] Ссылки в GotovVpn.txt:
[19:58:18] 
[19:58:18] ----------------------------------------------
[19:58:18] ШАГ 5: Отправка в GitHub
[19:58:18] ----------------------------------------------
[19:58:20] Результат: УСПЕШНО
[19:58:20] 
[19:58:20] ==============================================
[19:58:20] ИТОГИ
[19:58:20] ==============================================
[19:58:21] Обработано: 0 | Пропущено: 1
[19:58:21]   ─────────────────
[19:58:21]   ВСЕГО:  0
[19:58:21] Сводный файл: https://raw.githubusercontent.com/po5p/TgBot/main/GotovVpn.txt
[19:58:21] ==============================================
