[20:43:07] ==============================================
[20:43:07] ЗАПУСК ОБНОВЛЕНИЯ VPN
[20:43:07] ==============================================
[20:43:07] Дата: 19.06.2026 20:43:07
[20:43:07] GitHub: po5p/TgBot
[20:43:07] 
[20:43:07] ----------------------------------------------
[20:43:07] ШАГ 1: Получение списка подписок
[20:43:07] ----------------------------------------------
[20:43:08] Статус: 200 (УСПЕШНО), размер: 238 байт
[20:43:08] Содержимое:
[20:43:08]   • https://yax.nenadoblokirowatgnidda.ru/exec?url=http%3A%2F%2F77.110.104.181%3A5002%2Fsub%2FVGdydXNzaWEsMTc4MTc4OTk1Mw20zr9u72oH|Vpn
[20:43:08]   • https://sub.smygo.ru/api/sub/rp6VZU5x1KoWqmHe|VPN
[20:43:08]   • https://sub.datanode-internal.net/KzmeGBwzvnW1fHn7|vpn33
[20:43:08] 
[20:43:08] ----------------------------------------------
[20:43:08] ШАГ 2: Клонирование репозитория
[20:43:08] ----------------------------------------------
[20:43:10] Статус: УСПЕШНО
[20:43:10] 
[20:43:10] ----------------------------------------------
[20:43:10] ШАГ 3: Обработка подписок
[20:43:10] ----------------------------------------------
[20:43:10] 
[20:43:10] Подписка #1: Vpn
[20:43:10]   Файл: 8cbda047_Subscription.txt
[20:43:11]   Загрузка: УСПЕШНО (17828 байт)
[20:43:11]   Формат: Base64 → vless
[20:43:11]   Конфигов: VL=29 VM=0 TR=0 SS=58 (всего: 87)
[20:43:11] 
[20:43:11] Подписка #2: VPN
[20:43:11]   Файл: 03a7dba1_Subscription.txt
[20:43:13]   Загрузка: УСПЕШНО (435484 байт)
[20:43:13]   Формат: JSON
[20:43:13]   Конфигов (JSON): 23
[20:43:13] 
[20:43:13] Подписка #3: vpn33
[20:43:13]   Файл: b91d57b9_Subscription.txt
[20:43:14]   Загрузка: УСПЕШНО (36478 байт)
[20:43:14]   Формат: JSON
[20:43:14]   Конфигов (JSON): 15
[20:43:14] 
[20:43:14] ----------------------------------------------
[20:43:14] ШАГ 4: Сводный файл
[20:43:14] ----------------------------------------------
[20:43:14] Ссылки в GotovVpn.txt:
[20:43:14]   • https://raw.githubusercontent.com/po5p/TgBot/main/8cbda047_Subscription.txt
[20:43:14]   • https://raw.githubusercontent.com/po5p/TgBot/main/03a7dba1_Subscription.txt
[20:43:14]   • https://raw.githubusercontent.com/po5p/TgBot/main/b91d57b9_Subscription.txt
[20:43:14] 
[20:43:15] ----------------------------------------------
[20:43:15] ШАГ 5: Отправка в GitHub
[20:43:15] ----------------------------------------------
[20:43:17] Результат: УСПЕШНО
[20:43:17] 
[20:43:17] ==============================================
[20:43:17] ИТОГИ
[20:43:17] ==============================================
[20:43:17] Обработано: 3 | Пропущено: 0
[20:43:17]   VLESS:  29
[20:43:17]   SS:     58
[20:43:17]   JSON:   38
[20:43:17]   ─────────────────
[20:43:17]   ВСЕГО:  125
[20:43:17] Сводный файл: https://raw.githubusercontent.com/po5p/TgBot/main/GotovVpn.txt
[20:43:17] ==============================================
