[00:58:47] ==============================================
[00:58:47] ЗАПУСК ОБНОВЛЕНИЯ VPN
[00:58:47] ==============================================
[00:58:47] Дата: 30.06.2026 00:58:47
[00:58:47] GitHub: po5p/TgBot
[00:58:47] 
[00:58:47] ----------------------------------------------
[00:58:47] ШАГ 1: Получение списка подписок
[00:58:47] ----------------------------------------------
[00:58:48] Статус: 200 (УСПЕШНО), размер: 417 байт
[00:58:48] Содержимое:
[00:58:48]   • 5739816977|https://vless-config.vadimakimov2009.workers.dev/vpn-config?user=5739816977|AstraVPN-PRO
[00:58:48]   • 5739816977|https://vpnsubs.site/api/sub/78-kh52vMQyWHcf6|VpnBezLagov
[00:58:48]   • 5739816977|https://vpnsubs.site/api/sub/WmpDVF2fhx495v_8|vpn
[00:58:48]   • 7550216948|https://12w.uk/4bjgny|ВВпн
[00:58:48]   • 7550216948|https://sub.lbrts.org/hz9UvFDVehXtGB-m|Абзябзяблик_ВПН
[00:58:48]   • 8428348407|https://31.76.240.234:2096/sub/qrv3n2dptx2n7xdn|Yowet
[00:58:48] 
[00:58:48] ----------------------------------------------
[00:58:48] ШАГ 2: Клонирование репозитория
[00:58:48] ----------------------------------------------
[00:58:50] Статус: УСПЕШНО
[00:58:50] 
[00:58:50] ----------------------------------------------
[00:58:50] ШАГ 3: Обработка подписок
[00:58:50] ----------------------------------------------
[00:58:50] 
[00:58:50] Подписка #1: AstraVPN-PRO (ID: 5739816977)
[00:58:50]   Файл: users/5739816977/9bea4c44_Subscription.txt
[00:58:51]   Загрузка: УСПЕШНО (10595 байт)
[00:58:51]   Формат: JSON
[00:58:51]   Конфигов (JSON): 10
[00:58:51] 
[00:58:51] Подписка #2: VpnBezLagov (ID: 5739816977)
[00:58:51]   Файл: users/5739816977/2247dd1d_Subscription.txt
[00:59:01]   Загрузка: ОШИБКА HTTP 000
[00:59:01] 
[00:59:01] Подписка #3: vpn (ID: 5739816977)
[00:59:01]   Файл: users/5739816977/ac4e9d53_Subscription.txt
[00:59:11]   Загрузка: ОШИБКА HTTP 000
[00:59:11] 
[00:59:12] Подписка #4: ВВпн (ID: 7550216948)
[00:59:12]   Файл: users/7550216948/5d334869_Subscription.txt
[00:59:13]   Загрузка: УСПЕШНО (1971 байт)
[00:59:13]   Формат: JSON
[00:59:13]   Конфигов (JSON): 2
[00:59:13] 
[00:59:13] Подписка #5: Абзябзяблик_ВПН (ID: 7550216948)
[00:59:13]   Файл: users/7550216948/5942b582_Subscription.txt
[00:59:14]   Загрузка: УСПЕШНО (187404 байт)
[00:59:14]   Формат: JSON
[00:59:14]   Конфигов (JSON): 26
[00:59:14] 
[00:59:14] Подписка #6: Yowet (ID: 8428348407)
[00:59:14]   Файл: users/8428348407/7644db88_Subscription.txt
[00:59:14]   Загрузка: ОШИБКА HTTP 404
[00:59:14] 
[00:59:14] ----------------------------------------------
[00:59:14] ШАГ 4: Сводный файл
[00:59:15] ----------------------------------------------
[00:59:15] Ссылки в GotovVpn.txt:
[00:59:15]   • https://raw.githubusercontent.com/po5p/TgBot/main/users/5739816977/9bea4c44_Subscription.txt
[00:59:15]   • https://raw.githubusercontent.com/po5p/TgBot/main/users/7550216948/5d334869_Subscription.txt
[00:59:15]   • https://raw.githubusercontent.com/po5p/TgBot/main/users/7550216948/5942b582_Subscription.txt
[00:59:15] 
[00:59:15] ----------------------------------------------
[00:59:15] ШАГ 5: Отправка в GitHub
[00:59:15] ----------------------------------------------
[00:59:17] Результат: УСПЕШНО
[00:59:17] 
[00:59:17] ==============================================
[00:59:17] ИТОГИ
[00:59:17] ==============================================
[00:59:17] Обработано: 3 | Пропущено: 3
[00:59:17]   JSON:   38
[00:59:17]   ─────────────────
[00:59:17]   ВСЕГО:  38
[00:59:17] Сводный файл: https://raw.githubusercontent.com/po5p/TgBot/main/GotovVpn.txt
[00:59:17] ==============================================
