[16:42:08] ==============================================
[16:42:08] ЗАПУСК ОБНОВЛЕНИЯ VPN
[16:42:08] ==============================================
[16:42:08] Дата: 19.06.2026 16:42:08
[16:42:08] GitHub: po5p/TgBot
[16:42:08] 
[16:42:08] ----------------------------------------------
[16:42:09] ШАГ 1: Получение списка подписок
[16:42:09] ----------------------------------------------
[16:42:09] Статус: 200 (УСПЕШНО), размер: 238 байт
[16:42:09] Содержимое:
[16:42:09]   • https://yax.nenadoblokirowatgnidda.ru/exec?url=http%3A%2F%2F77.110.104.181%3A5002%2Fsub%2FVGdydXNzaWEsMTc4MTc4OTk1Mw20zr9u72oH|Vpn
[16:42:09]   • https://sub.smygo.ru/api/sub/rp6VZU5x1KoWqmHe|VPN
[16:42:09]   • https://sub.datanode-internal.net/KzmeGBwzvnW1fHn7|vpn33
[16:42:09] 
[16:42:09] ----------------------------------------------
[16:42:09] ШАГ 2: Клонирование репозитория
[16:42:09] ----------------------------------------------
[16:42:11] Статус: УСПЕШНО
[16:42:11] 
[16:42:11] ----------------------------------------------
[16:42:11] ШАГ 3: Обработка подписок
[16:42:11] ----------------------------------------------
[16:42:11] 
[16:42:11] Подписка #1: Vpn
[16:42:11]   Файл: 8cbda047_Subscription.txt
[16:42:12]   Загрузка: УСПЕШНО (14228 байт)
[16:42:12]   Формат: Base64 → vless
[16:42:12]   Конфигов: VL=24 VM=0 TR=0 SS=48 (всего: 72)
[16:42:12] 
[16:42:12] Подписка #2: VPN
[16:42:12]   Файл: 03a7dba1_Subscription.txt
[16:42:13]   Загрузка: УСПЕШНО (435484 байт)
[16:42:13]   Формат: JSON
[16:42:14]   Конфигов (JSON): 23
[16:42:14] 
[16:42:14] Подписка #3: vpn33
[16:42:14]   Файл: b91d57b9_Subscription.txt
[16:42:14]   Загрузка: УСПЕШНО (36481 байт)
[16:42:14]   Формат: JSON
[16:42:14]   Конфигов (JSON): 15
[16:42:14] 
[16:42:15] ----------------------------------------------
[16:42:15] ШАГ 4: Сводный файл
[16:42:15] ----------------------------------------------
[16:42:15] Ссылки в GotovVpn.txt:
[16:42:15]   • https://raw.githubusercontent.com/po5p/TgBot/main/8cbda047_Subscription.txt
[16:42:15]   • https://raw.githubusercontent.com/po5p/TgBot/main/03a7dba1_Subscription.txt
[16:42:15]   • https://raw.githubusercontent.com/po5p/TgBot/main/b91d57b9_Subscription.txt
[16:42:15] 
[16:42:15] ----------------------------------------------
[16:42:15] ШАГ 5: Отправка в GitHub
[16:42:15] ----------------------------------------------
[16:42:17] Результат: УСПЕШНО
[16:42:17] 
[16:42:17] ==============================================
[16:42:17] ИТОГИ
[16:42:17] ==============================================
[16:42:17] Обработано: 3 | Пропущено: 0
[16:42:17]   VLESS:  24
[16:42:17]   SS:     48
[16:42:17]   JSON:   38
[16:42:17]   ─────────────────
[16:42:17]   ВСЕГО:  110
[16:42:17] Сводный файл: https://raw.githubusercontent.com/po5p/TgBot/main/GotovVpn.txt
[16:42:17] ==============================================
