[20:16:42] ==============================================
[20:16:42] ЗАПУСК ОБНОВЛЕНИЯ VPN
[20:16:42] ==============================================
[20:16:42] Дата: 29.06.2026 20:16:42
[20:16:42] GitHub: po5p/TgBot
[20:16:42] 
[20:16:42] ----------------------------------------------
[20:16:42] ШАГ 1: Получение списка подписок
[20:16:42] ----------------------------------------------
[20:16:43] Статус: 200 (УСПЕШНО), размер: 614 байт
[20:16:43] Содержимое:
[20:16:43]   • https://github.com/lsncococososo-rgb/GRN_VPN/raw/refs/heads/main/config.txt|GRN_VPN
[20:16:43]   • https://subs.crabby.app/b8cd8e0b2467fd0f45922774d8b68f21b9c76b348d5af80db205a4aa5257efe2|В
[20:16:43]   • https://tinyurl.com/jm4nyfxp|CVEDC_VPN_||_FREE_ПОДПИСК
[20:16:43]   • https://happ.dska.su/https://vless-config.vadimakimov2009.workers.dev/vpn-config?user=5739816977|AstraVPN-PRO
[20:16:43]   • https://vpnsubs.site/api/sub/78-kh52vMQyWHcf6|VpnBezLagov
[20:16:43]   • https://vpnsubs.site/api/sub/WmpDVF2fhx495v_8|vpn
[20:16:43]   • https://sub.lbrts.org/hz9UvFDVehXtGB-m|Абзябзяблик_ВПН
[20:16:43]   • https://sub.auravpn.cc/k6vPRn1n0sDBaBoC|Дрыга_ВПН
[20:16:43]   • https://12w.uk/4bjgny|ВВпн
[20:16:43] 
[20:16:43] ----------------------------------------------
[20:16:43] ШАГ 2: Клонирование репозитория
[20:16:43] ----------------------------------------------
[20:16:45] Статус: УСПЕШНО
[20:16:45] 
[20:16:45] ----------------------------------------------
[20:16:45] ШАГ 3: Обработка подписок
[20:16:45] ----------------------------------------------
[20:16:45] 
[20:16:45] Подписка #1: GRN_VPN
[20:16:45]   Файл: e33835c2_Subscription.txt
[20:16:46]   Загрузка: УСПЕШНО (2416 байт)
[20:16:46]   Формат: готовые vless/заголовки
[20:16:46]   Конфигов: 14
[20:16:46] 
[20:16:46] Подписка #2: В
[20:16:46]   Файл: 80edf5ff_Subscription.txt
[20:16:48]   Загрузка: УСПЕШНО (2172 байт)
[20:16:48]   Формат: Base64 → vless
[20:16:48]   Конфигов: VL=6 VM=0 TR=0 SS=12 (всего: 18)
[20:16:48] 
[20:16:48] Подписка #3: CVEDC_VPN_||_FREE_ПОДПИСК
[20:16:48]   Файл: 017b9265_Subscription.txt
[20:16:49]   Загрузка: УСПЕШНО (16609 байт)
[20:16:49]   Формат: готовые vless/заголовки
[20:16:49]   Конфигов: 116
[20:16:50] 
[20:16:50] Подписка #4: AstraVPN-PRO
[20:16:50]   Файл: ea85de74_Subscription.txt
[20:16:52]   Загрузка: УСПЕШНО (11744 байт)
[20:16:52]   Формат: JSON
[20:16:52]   Конфигов (JSON): 11
[20:16:52] 
[20:16:52] Подписка #5: VpnBezLagov
[20:16:52]   Файл: 2247dd1d_Subscription.txt
[20:16:53]   Загрузка: УСПЕШНО (1946 байт)
[20:16:53]   Формат: JSON
[20:16:53]   Конфигов (JSON): 2
[20:16:53] 
[20:16:53] Подписка #6: vpn
[20:16:53]   Файл: ac4e9d53_Subscription.txt
[20:16:54]   Загрузка: УСПЕШНО (1946 байт)
[20:16:54]   Формат: JSON
[20:16:54]   Конфигов (JSON): 2
[20:16:54] 
[20:16:54] Подписка #7: Абзябзяблик_ВПН
[20:16:54]   Файл: 5942b582_Subscription.txt
[20:16:55]   Загрузка: УСПЕШНО (187404 байт)
[20:16:55]   Формат: JSON
[20:16:55]   Конфигов (JSON): 26
[20:16:55] 
[20:16:55] Подписка #8: Дрыга_ВПН
[20:16:56]   Файл: 2558949b_Subscription.txt
[20:16:56]   Загрузка: УСПЕШНО (1468 байт)
[20:16:56]   Формат: Base64 → vless
[20:16:57]   Конфигов: VL=4 VM=0 TR=0 SS=8 (всего: 12)
[20:16:57] 
[20:16:57] Подписка #9: ВВпн
[20:16:57]   Файл: 5d334869_Subscription.txt
[20:16:58]   Загрузка: УСПЕШНО (1971 байт)
[20:16:58]   Формат: JSON
[20:16:58]   Конфигов (JSON): 2
[20:16:58] 
[20:16:58] ----------------------------------------------
[20:16:58] ШАГ 4: Сводный файл
[20:16:58] ----------------------------------------------
[20:16:58] Ссылки в GotovVpn.txt:
[20:16:58]   • https://raw.githubusercontent.com/po5p/TgBot/main/e33835c2_Subscription.txt
[20:16:58]   • https://raw.githubusercontent.com/po5p/TgBot/main/80edf5ff_Subscription.txt
[20:16:58]   • https://raw.githubusercontent.com/po5p/TgBot/main/017b9265_Subscription.txt
[20:16:58]   • https://raw.githubusercontent.com/po5p/TgBot/main/ea85de74_Subscription.txt
[20:16:58]   • https://raw.githubusercontent.com/po5p/TgBot/main/2247dd1d_Subscription.txt
[20:16:58]   • https://raw.githubusercontent.com/po5p/TgBot/main/ac4e9d53_Subscription.txt
[20:16:58]   • https://raw.githubusercontent.com/po5p/TgBot/main/5942b582_Subscription.txt
[20:16:58]   • https://raw.githubusercontent.com/po5p/TgBot/main/2558949b_Subscription.txt
[20:16:58]   • https://raw.githubusercontent.com/po5p/TgBot/main/5d334869_Subscription.txt
[20:16:58] 
[20:16:59] ----------------------------------------------
[20:16:59] ШАГ 5: Отправка в GitHub
[20:16:59] ----------------------------------------------
[20:17:00] Результат: УСПЕШНО
[20:17:00] 
[20:17:00] ==============================================
[20:17:00] ИТОГИ
[20:17:01] ==============================================
[20:17:01] Обработано: 9 | Пропущено: 0
[20:17:01]   VLESS:  10
[20:17:01]   SS:     20
[20:17:01]   JSON:   43
[20:17:01]   ─────────────────
[20:17:01]   ВСЕГО:  73
[20:17:01] Сводный файл: https://raw.githubusercontent.com/po5p/TgBot/main/GotovVpn.txt
[20:17:01] ==============================================
