[11:42:41] ==============================================
[11:42:41] ЗАПУСК ОБНОВЛЕНИЯ VPN
[11:42:41] ==============================================
[11:42:41] Дата: 29.06.2026 11:42:41
[11:42:41] GitHub: po5p/TgBot
[11:42:41] 
[11:42:41] ----------------------------------------------
[11:42:41] ШАГ 1: Получение списка подписок
[11:42:41] ----------------------------------------------
[11:42:42] Статус: 200 (УСПЕШНО), размер: 614 байт
[11:42:42] Содержимое:
[11:42:42]   • https://github.com/lsncococososo-rgb/GRN_VPN/raw/refs/heads/main/config.txt|GRN_VPN
[11:42:42]   • https://subs.crabby.app/b8cd8e0b2467fd0f45922774d8b68f21b9c76b348d5af80db205a4aa5257efe2|В
[11:42:42]   • https://tinyurl.com/jm4nyfxp|CVEDC_VPN_||_FREE_ПОДПИСК
[11:42:42]   • https://happ.dska.su/https://vless-config.vadimakimov2009.workers.dev/vpn-config?user=5739816977|AstraVPN-PRO
[11:42:42]   • https://vpnsubs.site/api/sub/78-kh52vMQyWHcf6|VpnBezLagov
[11:42:42]   • https://vpnsubs.site/api/sub/WmpDVF2fhx495v_8|vpn
[11:42:42]   • https://sub.lbrts.org/hz9UvFDVehXtGB-m|Абзябзяблик_ВПН
[11:42:42]   • https://sub.auravpn.cc/k6vPRn1n0sDBaBoC|Дрыга_ВПН
[11:42:42]   • https://12w.uk/4bjgny|ВВпн
[11:42:42] 
[11:42:42] ----------------------------------------------
[11:42:42] ШАГ 2: Клонирование репозитория
[11:42:42] ----------------------------------------------
[11:42:44] Статус: УСПЕШНО
[11:42:44] 
[11:42:44] ----------------------------------------------
[11:42:44] ШАГ 3: Обработка подписок
[11:42:44] ----------------------------------------------
[11:42:44] 
[11:42:44] Подписка #1: GRN_VPN
[11:42:44]   Файл: e33835c2_Subscription.txt
[11:42:45]   Загрузка: УСПЕШНО (2416 байт)
[11:42:45]   Формат: готовые vless/заголовки
[11:42:45]   Конфигов: 14
[11:42:45] 
[11:42:45] Подписка #2: В
[11:42:45]   Файл: 80edf5ff_Subscription.txt
[11:42:47]   Загрузка: УСПЕШНО (2172 байт)
[11:42:47]   Формат: Base64 → vless
[11:42:47]   Конфигов: VL=6 VM=0 TR=0 SS=12 (всего: 18)
[11:42:47] 
[11:42:47] Подписка #3: CVEDC_VPN_||_FREE_ПОДПИСК
[11:42:47]   Файл: 017b9265_Subscription.txt
[11:42:48]   Загрузка: УСПЕШНО (16609 байт)
[11:42:48]   Формат: готовые vless/заголовки
[11:42:49]   Конфигов: 116
[11:42:49] 
[11:42:49] Подписка #4: AstraVPN-PRO
[11:42:49]   Файл: ea85de74_Subscription.txt
[11:42:53]   Загрузка: УСПЕШНО (15959 байт)
[11:42:53]   Формат: JSON
[11:42:53]   Конфигов (JSON): 15
[11:42:53] 
[11:42:53] Подписка #5: VpnBezLagov
[11:42:53]   Файл: 2247dd1d_Subscription.txt
[11:43:03]   Загрузка: ОШИБКА HTTP 000
[11:43:03]   Формат: JSON
[11:43:03]   Конфигов (JSON): 15
[11:43:03] 
[11:43:03] Подписка #6: vpn
[11:43:03]   Файл: ac4e9d53_Subscription.txt
[11:43:14]   Загрузка: ОШИБКА HTTP 000
[11:43:14]   Формат: JSON
[11:43:14]   Конфигов (JSON): 15
[11:43:14] 
[11:43:14] Подписка #7: Абзябзяблик_ВПН
[11:43:14]   Файл: 5942b582_Subscription.txt
[11:43:15]   Загрузка: УСПЕШНО (187404 байт)
[11:43:15]   Формат: JSON
[11:43:15]   Конфигов (JSON): 26
[11:43:15] 
[11:43:15] Подписка #8: Дрыга_ВПН
[11:43:15]   Файл: 2558949b_Subscription.txt
[11:43:16]   Загрузка: УСПЕШНО (1468 байт)
[11:43:16]   Формат: Base64 → vless
[11:43:17]   Конфигов: VL=4 VM=0 TR=0 SS=8 (всего: 12)
[11:43:17] 
[11:43:17] Подписка #9: ВВпн
[11:43:17]   Файл: 5d334869_Subscription.txt
[11:43:18]   Загрузка: УСПЕШНО (1971 байт)
[11:43:18]   Формат: JSON
[11:43:18]   Конфигов (JSON): 2
[11:43:18] 
[11:43:18] ----------------------------------------------
[11:43:18] ШАГ 4: Сводный файл
[11:43:18] ----------------------------------------------
[11:43:18] Ссылки в GotovVpn.txt:
[11:43:18]   • https://raw.githubusercontent.com/po5p/TgBot/main/e33835c2_Subscription.txt
[11:43:18]   • https://raw.githubusercontent.com/po5p/TgBot/main/80edf5ff_Subscription.txt
[11:43:18]   • https://raw.githubusercontent.com/po5p/TgBot/main/017b9265_Subscription.txt
[11:43:18]   • https://raw.githubusercontent.com/po5p/TgBot/main/ea85de74_Subscription.txt
[11:43:18]   • https://raw.githubusercontent.com/po5p/TgBot/main/2247dd1d_Subscription.txt
[11:43:18]   • https://raw.githubusercontent.com/po5p/TgBot/main/ac4e9d53_Subscription.txt
[11:43:18]   • https://raw.githubusercontent.com/po5p/TgBot/main/5942b582_Subscription.txt
[11:43:19]   • https://raw.githubusercontent.com/po5p/TgBot/main/2558949b_Subscription.txt
[11:43:19]   • https://raw.githubusercontent.com/po5p/TgBot/main/5d334869_Subscription.txt
[11:43:19] 
[11:43:19] ----------------------------------------------
[11:43:19] ШАГ 5: Отправка в GitHub
[11:43:19] ----------------------------------------------
[11:43:20] Результат: УСПЕШНО
[11:43:21] 
[11:43:21] ==============================================
[11:43:21] ИТОГИ
[11:43:21] ==============================================
[11:43:21] Обработано: 9 | Пропущено: 0
[11:43:21]   VLESS:  10
[11:43:21]   SS:     20
[11:43:21]   JSON:   73
[11:43:21]   ─────────────────
[11:43:21]   ВСЕГО:  103
[11:43:21] Сводный файл: https://raw.githubusercontent.com/po5p/TgBot/main/GotovVpn.txt
[11:43:21] ==============================================
