[20:36:09] ==============================================
[20:36:09] ЗАПУСК ОБНОВЛЕНИЯ VPN
[20:36:09] ==============================================
[20:36:09] Дата: 28.06.2026 20:36:09
[20:36:09] GitHub: po5p/TgBot
[20:36:09] 
[20:36:09] ----------------------------------------------
[20:36:09] ШАГ 1: Получение списка подписок
[20:36:10] ----------------------------------------------
[20:36:10] Статус: 200 (УСПЕШНО), размер: 618 байт
[20:36:10] Содержимое:
[20:36:10]   • https://github.com/lsncococososo-rgb/GRN_VPN/raw/refs/heads/main/config.txt|GRN_VPN
[20:36:10]   • https://31.76.240.234:2096/sub/qrv3n2dptx2n7xdn|Yowet
[20:36:10]   • https://subs.crabby.app/b8cd8e0b2467fd0f45922774d8b68f21b9c76b348d5af80db205a4aa5257efe2|В
[20:36:10]   • https://tinyurl.com/jm4nyfxp|CVEDC_VPN_||_FREE_ПОДПИСК
[20:36:10]   • https://happ.dska.su/https://vless-config.vadimakimov2009.workers.dev/vpn-config?user=5739816977|AstraVPN-PRO
[20:36:10]   • https://vpnsubs.site/api/sub/78-kh52vMQyWHcf6|VpnBezLagov
[20:36:11]   • https://vpnsubs.site/api/sub/WmpDVF2fhx495v_8|vpn
[20:36:11]   • https://raw.githubusercontent.com/slobodchicov/Hysteria-2-fasterrrr/refs/heads/main/T.me%7CMewCodeVless|tat
[20:36:11] 
[20:36:11] ----------------------------------------------
[20:36:11] ШАГ 2: Клонирование репозитория
[20:36:11] ----------------------------------------------
[20:36:12] Статус: УСПЕШНО
[20:36:12] 
[20:36:12] ----------------------------------------------
[20:36:12] ШАГ 3: Обработка подписок
[20:36:12] ----------------------------------------------
[20:36:12] 
[20:36:12] Подписка #1: GRN_VPN
[20:36:12]   Файл: e33835c2_Subscription.txt
[20:36:13]   Загрузка: УСПЕШНО (2416 байт)
[20:36:14]   Формат: готовые vless/заголовки
[20:36:14]   Конфигов: 14
[20:36:14] 
[20:36:14] Подписка #2: Yowet
[20:36:14]   Файл: 7644db88_Subscription.txt
[20:36:14]   Загрузка: ОШИБКА HTTP 404
[20:36:15]   ⚠ Пусто — оставляю старую копию
[20:36:15] 
[20:36:15] Подписка #3: В
[20:36:15]   Файл: 80edf5ff_Subscription.txt
[20:36:16]   Загрузка: УСПЕШНО (2172 байт)
[20:36:16]   Формат: Base64 → vless
[20:36:16]   Конфигов: VL=6 VM=0 TR=0 SS=12 (всего: 18)
[20:36:16] 
[20:36:17] Подписка #4: CVEDC_VPN_||_FREE_ПОДПИСК
[20:36:17]   Файл: 017b9265_Subscription.txt
[20:36:18]   Загрузка: УСПЕШНО (16609 байт)
[20:36:18]   Формат: готовые vless/заголовки
[20:36:18]   Конфигов: 116
[20:36:18] 
[20:36:18] Подписка #5: AstraVPN-PRO
[20:36:18]   Файл: ea85de74_Subscription.txt
[20:36:19]   Загрузка: УСПЕШНО (11905 байт)
[20:36:19]   Формат: JSON
[20:36:19]   Конфигов (JSON): 11
[20:36:20] 
[20:36:20] Подписка #6: VpnBezLagov
[20:36:20]   Файл: 2247dd1d_Subscription.txt
[20:36:20]   Загрузка: УСПЕШНО (26413 байт)
[20:36:21]   Формат: JSON
[20:36:21]   Конфигов (JSON): 17
[20:36:21] 
[20:36:21] Подписка #7: vpn
[20:36:21]   Файл: ac4e9d53_Subscription.txt
[20:36:21]   Загрузка: УСПЕШНО (26413 байт)
[20:36:22]   Формат: JSON
[20:36:22]   Конфигов (JSON): 17
[20:36:22] 
[20:36:22] Подписка #8: tat
[20:36:22]   Файл: 99e62ca5_Subscription.txt
[20:36:22]   Загрузка: УСПЕШНО (36766 байт)
[20:36:23]   Формат: JSON
[20:36:23]   Конфигов (JSON): 9
[20:36:23] 
[20:36:23] ----------------------------------------------
[20:36:23] ШАГ 4: Сводный файл
[20:36:23] ----------------------------------------------
[20:36:23] Ссылки в GotovVpn.txt:
[20:36:23]   • https://raw.githubusercontent.com/po5p/TgBot/main/e33835c2_Subscription.txt
[20:36:23]   • https://raw.githubusercontent.com/po5p/TgBot/main/7644db88_Subscription.txt
[20:36:23]   • https://raw.githubusercontent.com/po5p/TgBot/main/80edf5ff_Subscription.txt
[20:36:23]   • https://raw.githubusercontent.com/po5p/TgBot/main/017b9265_Subscription.txt
[20:36:23]   • https://raw.githubusercontent.com/po5p/TgBot/main/ea85de74_Subscription.txt
[20:36:23]   • https://raw.githubusercontent.com/po5p/TgBot/main/2247dd1d_Subscription.txt
[20:36:23]   • https://raw.githubusercontent.com/po5p/TgBot/main/ac4e9d53_Subscription.txt
[20:36:23]   • https://raw.githubusercontent.com/po5p/TgBot/main/99e62ca5_Subscription.txt
[20:36:23] 
[20:36:23] ----------------------------------------------
[20:36:23] ШАГ 5: Отправка в GitHub
[20:36:23] ----------------------------------------------
[20:36:25] Результат: УСПЕШНО
[20:36:25] 
[20:36:25] ==============================================
[20:36:25] ИТОГИ
[20:36:25] ==============================================
[20:36:25] Обработано: 7 | Пропущено: 1
[20:36:25]   VLESS:  6
[20:36:25]   SS:     12
[20:36:25]   JSON:   54
[20:36:25]   ─────────────────
[20:36:25]   ВСЕГО:  72
[20:36:25] Сводный файл: https://raw.githubusercontent.com/po5p/TgBot/main/GotovVpn.txt
[20:36:25] ==============================================
