[22:58:47] ==============================================
[22:58:47] ЗАПУСК ОБНОВЛЕНИЯ VPN
[22:58:47] ==============================================
[22:58:47] Дата: 20.06.2026 22:58:47
[22:58:47] GitHub: po5p/TgBot
[22:58:47] 
[22:58:48] ----------------------------------------------
[22:58:48] ШАГ 1: Получение списка подписок
[22:58:48] ----------------------------------------------
[22:58:48] Статус: 200 (УСПЕШНО), размер: 252 байт
[22:58:48] Содержимое:
[22:58:48]   • https://yax.nenadoblokirowatgnidda.ru/exec?url=http%3A%2F%2F77.110.104.181%3A5002%2Fsub%2FVGdydXNzaWEsMTc4MTc4OTk1Mw20zr9u72oH|Vpn
[22:58:48]   • https://sub.smygo.ru/api/sub/rp6VZU5x1KoWqmHe|VPN
[22:58:48]   • https://akonit.tech/sub/a0cc22c1-312b-47a1-99bb-bb62fd39df0e|AkonitVPN
[22:58:48] 
[22:58:49] ----------------------------------------------
[22:58:49] ШАГ 2: Клонирование репозитория
[22:58:49] ----------------------------------------------
[22:58:50] Статус: УСПЕШНО
[22:58:50] 
[22:58:50] ----------------------------------------------
[22:58:50] ШАГ 3: Обработка подписок
[22:58:50] ----------------------------------------------
[22:58:50] 
[22:58:50] Подписка #1: Vpn
[22:58:50]   Файл: 8cbda047_Subscription.txt
[22:58:51]   Загрузка: УСПЕШНО (21616 байт)
[22:58:51]   Формат: Base64 → vless
[22:58:51]   Конфигов: VL=42 VM=0 TR=0 SS=84 (всего: 126)
[22:58:52] 
[22:58:52] Подписка #2: VPN
[22:58:52]   Файл: 03a7dba1_Subscription.txt
[22:58:53]   Загрузка: УСПЕШНО (628070 байт)
[22:58:53]   Формат: JSON
[22:58:53]   Конфигов (JSON): 33
[22:58:53] 
[22:58:53] Подписка #3: AkonitVPN
[22:58:53]   Файл: 1c89ecb2_Subscription.txt
[22:58:55]   Загрузка: УСПЕШНО (6048 байт)
[22:58:55]   Формат: Base64 → vless
[22:58:55]   Конфигов: VL=9 VM=0 TR=0 SS=18 (всего: 27)
[22:58:55] 
[22:58:55] ----------------------------------------------
[22:58:55] ШАГ 4: Сводный файл
[22:58:55] ----------------------------------------------
[22:59:02] Ссылки в GotovVpn.txt:
[22:59:02]   • https://raw.githubusercontent.com/po5p/TgBot/main/8cbda047_Subscription.txt
[22:59:02]   • https://raw.githubusercontent.com/po5p/TgBot/main/03a7dba1_Subscription.txt
[22:59:05]   • https://raw.githubusercontent.com/po5p/TgBot/main/1c89ecb2_Subscription.txt
[22:59:05] 
[22:59:05] ----------------------------------------------
[22:59:05] ШАГ 5: Отправка в GitHub
[22:59:05] ----------------------------------------------
[22:59:07] Результат: УСПЕШНО
[22:59:07] 
[22:59:07] ==============================================
[22:59:07] ИТОГИ
[22:59:07] ==============================================
[22:59:07] Обработано: 3 | Пропущено: 0
[22:59:07]   VLESS:  51
[22:59:07]   SS:     102
[22:59:07]   JSON:   33
[22:59:07]   ─────────────────
[22:59:07]   ВСЕГО:  186
[22:59:08] Сводный файл: https://raw.githubusercontent.com/po5p/TgBot/main/GotovVpn.txt
[22:59:08] ==============================================
