[16:12:58] ==============================================
[16:12:58] ЗАПУСК ОБНОВЛЕНИЯ VPN
[16:12:58] ==============================================
[16:12:58] Дата: 26.06.2026 16:12:58
[16:12:58] GitHub: po5p/TgBot
[16:12:58] 
[16:12:58] ----------------------------------------------
[16:12:58] ШАГ 1: Получение списка подписок
[16:12:58] ----------------------------------------------
[16:12:58] Статус: 200 (УСПЕШНО), размер: 225 байт
[16:12:59] Содержимое:
[16:12:59]   • https://github.com/lsncococososo-rgb/GRN_VPN/raw/refs/heads/main/config.txt|GRN_VPN
[16:12:59]   • https://31.76.240.234:2096/sub/qrv3n2dptx2n7xdn|Yowet
[16:12:59]   • https://vless-config.vadimakimov2009.workers.dev/vpn-config?user=5739816977|BamBukVPN
[16:12:59] 
[16:12:59] ----------------------------------------------
[16:12:59] ШАГ 2: Клонирование репозитория
[16:12:59] ----------------------------------------------
[16:13:01] Статус: УСПЕШНО
[16:13:01] 
[16:13:01] ----------------------------------------------
[16:13:01] ШАГ 3: Обработка подписок
[16:13:01] ----------------------------------------------
[16:13:01] 
[16:13:01] Подписка #2: GRN_VPN
[16:13:01]   Файл: e33835c2_Subscription.txt
[16:13:03]   Загрузка: УСПЕШНО (2416 байт)
[16:13:03]   Формат: готовые vless/заголовки
[16:13:03]   Конфигов: 14
[16:13:03] 
[16:13:03] Подписка #3: Yowet
[16:13:03]   Файл: 7644db88_Subscription.txt
[16:13:05]   Загрузка: УСПЕШНО (12468 байт)
[16:13:05]   Формат: Base64 → vless
[16:13:05]   Конфигов: VL=4 VM=0 TR=0 SS=8 (всего: 12)
[16:13:05] 
[16:13:05] Подписка #4: BamBukVPN
[16:13:05]   Файл: 9bea4c44_Subscription.txt
[16:13:06]   Загрузка: УСПЕШНО (6073 байт)
[16:13:06]   Формат: JSON
[16:13:06]   Конфигов (JSON): 7
[16:13:06] 
[16:13:06] ----------------------------------------------
[16:13:06] ШАГ 4: Сводный файл
[16:13:06] ----------------------------------------------
[16:13:06] Ссылки в GotovVpn.txt:
[16:13:06]   • https://raw.githubusercontent.com/po5p/TgBot/main/e33835c2_Subscription.txt
[16:13:07]   • https://raw.githubusercontent.com/po5p/TgBot/main/7644db88_Subscription.txt
[16:13:07]   • https://raw.githubusercontent.com/po5p/TgBot/main/9bea4c44_Subscription.txt
[16:13:07] 
[16:13:07] ----------------------------------------------
[16:13:07] ШАГ 5: Отправка в GitHub
[16:13:07] ----------------------------------------------
