[12:39:14] ==============================================
[12:39:15] ЗАПУСК ОБНОВЛЕНИЯ VPN
[12:39:15] ==============================================
[12:39:15] Дата: 30.06.2026 12:39:15
[12:39:15] GitHub: po5p/TgBot
[12:39:15] 
[12:39:15] ----------------------------------------------
[12:39:15] ШАГ 1: Получение списка подписок
[12:39:15] ----------------------------------------------
[12:39:16] Статус: 200 (УСПЕШНО), размер: 417 байт
[12:39:16] Содержимое:
[12:39:16]   • 5739816977|https://vless-config.vadimakimov2009.workers.dev/vpn-config?user=5739816977|AstraVPN-PRO
[12:39:16]   • 5739816977|https://vpnsubs.site/api/sub/78-kh52vMQyWHcf6|VpnBezLagov
[12:39:16]   • 5739816977|https://vpnsubs.site/api/sub/WmpDVF2fhx495v_8|vpn
[12:39:16]   • 7550216948|https://12w.uk/4bjgny|ВВпн
[12:39:16]   • 7550216948|https://sub.lbrts.org/hz9UvFDVehXtGB-m|Абзябзяблик_ВПН
[12:39:16]   • 8428348407|https://31.76.240.234:2096/sub/qrv3n2dptx2n7xdn|Yowet
[12:39:16] 
[12:39:16] ----------------------------------------------
[12:39:16] ШАГ 2: Клонирование репозитория
[12:39:16] ----------------------------------------------
[12:39:17] Статус: УСПЕШНО
[12:39:17] 
[12:39:17] ----------------------------------------------
[12:39:17] ШАГ 3: Обработка подписок
[12:39:17] ----------------------------------------------
[12:39:18] 
[12:39:18] Подписка #1: AstraVPN-PRO (ID: 5739816977)
[12:39:18]   Файл: users/5739816977/9bea4c44_Subscription.txt
[12:39:18]   Загрузка: УСПЕШНО (10595 байт)
[12:39:18]   Формат: JSON
[12:39:19]   Конфигов (JSON): 10
[12:39:19] 
[12:39:19] Подписка #2: VpnBezLagov (ID: 5739816977)
[12:39:19]   Файл: users/5739816977/2247dd1d_Subscription.txt
[12:39:29]   Загрузка: ОШИБКА HTTP 000
[12:39:29] 
[12:39:29] Подписка #3: vpn (ID: 5739816977)
[12:39:29]   Файл: users/5739816977/ac4e9d53_Subscription.txt
[12:39:39]   Загрузка: ОШИБКА HTTP 000
[12:39:39] 
[12:39:39] Подписка #4: ВВпн (ID: 7550216948)
[12:39:39]   Файл: users/7550216948/5d334869_Subscription.txt
[12:39:41]   Загрузка: УСПЕШНО (1971 байт)
[12:39:41]   Формат: JSON
[12:39:41]   Конфигов (JSON): 2
[12:39:41] 
[12:39:41] Подписка #5: Абзябзяблик_ВПН (ID: 7550216948)
[12:39:41]   Файл: users/7550216948/5942b582_Subscription.txt
[12:39:42]   Загрузка: УСПЕШНО (187404 байт)
[12:39:42]   Формат: JSON
[12:39:42]   Конфигов (JSON): 26
[12:39:42] 
[12:39:42] Подписка #6: Yowet (ID: 8428348407)
[12:39:42]   Файл: users/8428348407/7644db88_Subscription.txt
[12:39:43]   Загрузка: ОШИБКА HTTP 404
[12:39:43] 
[12:39:43] ----------------------------------------------
[12:39:43] ШАГ 4: Сводный файл
[12:39:43] ----------------------------------------------
[12:39:43] Ссылки в GotovVpn.txt:
[12:39:43]   • https://raw.githubusercontent.com/po5p/TgBot/main/users/5739816977/9bea4c44_Subscription.txt
[12:39:43]   • https://raw.githubusercontent.com/po5p/TgBot/main/users/7550216948/5d334869_Subscription.txt
[12:39:43]   • https://raw.githubusercontent.com/po5p/TgBot/main/users/7550216948/5942b582_Subscription.txt
[12:39:43] 
[12:39:43] ----------------------------------------------
[12:39:43] ШАГ 5: Отправка в GitHub
[12:39:43] ----------------------------------------------
[12:39:45] Результат: УСПЕШНО
[12:39:45] 
[12:39:45] ==============================================
[12:39:45] ИТОГИ
[12:39:45] ==============================================
[12:39:45] Обработано: 3 | Пропущено: 3
[12:39:45]   JSON:   38
[12:39:45]   ─────────────────
[12:39:45]   ВСЕГО:  38
[12:39:45] Сводный файл: https://raw.githubusercontent.com/po5p/TgBot/main/GotovVpn.txt
[12:39:45] ==============================================
