[21:09:59] ==============================================
[21:09:59] ЗАПУСК ОБНОВЛЕНИЯ VPN
[21:09:59] ==============================================
[21:09:59] Дата: 26.06.2026 21:09:59
[21:09:59] GitHub: po5p/TgBot
[21:09:59] 
[21:09:59] ----------------------------------------------
[21:09:59] ШАГ 1: Получение списка подписок
[21:09:59] ----------------------------------------------
[21:10:00] Статус: 200 (УСПЕШНО), размер: 534 байт
[21:10:00] Содержимое:
[21:10:00]   • https://github.com/lsncococososo-rgb/GRN_VPN/raw/refs/heads/main/config.txt|GRN_VPN
[21:10:00]   • https://31.76.240.234:2096/sub/qrv3n2dptx2n7xdn|Yowet
[21:10:00]   • https://vless-config.vadimakimov2009.workers.dev/vpn-config?user=5739816977|BamBukVPN
[21:10:00]   • https://mawtunnel.onrender.com/sub/WpqtBEilhthDB7tedo|Бастакарапузики
[21:10:00]   • https://subs.crabby.app/b8cd8e0b2467fd0f45922774d8b68f21b9c76b348d5af80db205a4aa5257efe2|В
[21:10:00]   • https://tinyurl.com/jm4nyfxp|CVEDC_VPN_||_FREE_ПОДПИСК
[21:10:00]   • https://tonsrivals.online/apx/VnH4dCLbQH1KvgGg|Пердусран_VPN
[21:10:00] 
[21:10:00] ----------------------------------------------
[21:10:00] ШАГ 2: Клонирование репозитория
[21:10:00] ----------------------------------------------
[21:10:03] Статус: УСПЕШНО
[21:10:03] 
[21:10:03] ----------------------------------------------
[21:10:03] ШАГ 3: Обработка подписок
[21:10:03] ----------------------------------------------
[21:10:03] 
[21:10:03] Подписка #2: GRN_VPN
[21:10:03]   Файл: e33835c2_Subscription.txt
[21:10:05]   Загрузка: УСПЕШНО (2416 байт)
[21:10:06]   Формат: готовые vless/заголовки
[21:10:06]   Конфигов: 14
[21:10:06] 
[21:10:06] Подписка #3: Yowet
[21:10:06]   Файл: 7644db88_Subscription.txt
[21:10:08]   Загрузка: УСПЕШНО (12472 байт)
[21:10:08]   Формат: Base64 → vless
[21:10:08]   Конфигов: VL=4 VM=0 TR=0 SS=8 (всего: 12)
[21:10:08] 
[21:10:08] Подписка #4: BamBukVPN
[21:10:08]   Файл: 9bea4c44_Subscription.txt
[21:10:09]   Загрузка: УСПЕШНО (6073 байт)
[21:10:09]   Формат: JSON
[21:10:09]   Конфигов (JSON): 7
[21:10:09] 
[21:10:09] Подписка #5: Бастакарапузики
[21:10:09]   Файл: 12ad9a86_Subscription.txt
[21:10:11]   Загрузка: УСПЕШНО (38973 байт)
[21:10:11]   Формат: Base64 → vless
[21:10:35]   Конфигов: VL=0 VM=0 TR=0 SS=0 (всего: 0)
[21:10:35] 
[21:10:35] Подписка #6: В
[21:10:35]   Файл: 80edf5ff_Subscription.txt
[21:10:38]   Загрузка: УСПЕШНО (2172 байт)
[21:10:38]   Формат: Base64 → vless
[21:10:39]   Конфигов: VL=6 VM=0 TR=0 SS=12 (всего: 18)
[21:10:39] 
[21:10:39] Подписка #7: CVEDC_VPN_||_FREE_ПОДПИСК
[21:10:39]   Файл: 017b9265_Subscription.txt
[21:10:41]   Загрузка: УСПЕШНО (16609 байт)
[21:10:41]   Формат: готовые vless/заголовки
[21:10:41]   Конфигов: 116
[21:10:42] 
[21:10:42] Подписка #8: Пердусран_VPN
[21:10:42]   Файл: 3ca910ce_Subscription.txt
[21:10:43]   Загрузка: УСПЕШНО (533065 байт)
[21:10:43]   Формат: JSON
[21:10:44]   Конфигов (JSON): 10
[21:10:44] 
[21:10:44] ----------------------------------------------
[21:10:44] ШАГ 4: Сводный файл
[21:10:44] ----------------------------------------------
[21:10:44] Ссылки в GotovVpn.txt:
[21:10:44]   • https://raw.githubusercontent.com/po5p/TgBot/main/e33835c2_Subscription.txt
[21:10:44]   • https://raw.githubusercontent.com/po5p/TgBot/main/7644db88_Subscription.txt
[21:10:44]   • https://raw.githubusercontent.com/po5p/TgBot/main/9bea4c44_Subscription.txt
[21:10:44]   • https://raw.githubusercontent.com/po5p/TgBot/main/12ad9a86_Subscription.txt
[21:10:44]   • https://raw.githubusercontent.com/po5p/TgBot/main/80edf5ff_Subscription.txt
[21:10:44]   • https://raw.githubusercontent.com/po5p/TgBot/main/017b9265_Subscription.txt
[21:10:44]   • https://raw.githubusercontent.com/po5p/TgBot/main/3ca910ce_Subscription.txt
[21:10:44] 
[21:10:44] ----------------------------------------------
[21:10:44] ШАГ 5: Отправка в GitHub
[21:10:44] ----------------------------------------------
[21:10:46] Результат: УСПЕШНО
[21:10:46] 
[21:10:46] ==============================================
[21:10:46] ИТОГИ
[21:10:46] ==============================================
[21:10:46] Обработано: 7 | Пропущено: 0
[21:10:46]   VLESS:  10
[21:10:46]   SS:     20
[21:10:46]   JSON:   17
[21:10:46]   ─────────────────
[21:10:46]   ВСЕГО:  47
[21:10:46] Сводный файл: https://raw.githubusercontent.com/po5p/TgBot/main/GotovVpn.txt
[21:10:46] ==============================================
