[21:53:34] ==============================================
[21:53:34] ЗАПУСК ОБНОВЛЕНИЯ VPN
[21:53:34] ==============================================
[21:53:34] Дата: 26.06.2026 21:53:34
[21:53:34] GitHub: po5p/TgBot
[21:53:34] 
[21:53:34] ----------------------------------------------
[21:53:34] ШАГ 1: Получение списка подписок
[21:53:34] ----------------------------------------------
[21:53:35] Статус: 200 (УСПЕШНО), размер: 533 байт
[21:53:35] Содержимое:
[21:53:35]   • https://github.com/lsncococososo-rgb/GRN_VPN/raw/refs/heads/main/config.txt|GRN_VPN
[21:53:35]   • https://31.76.240.234:2096/sub/qrv3n2dptx2n7xdn|Yowet
[21:53:35]   • https://bambukvpn.apruxdomain.xyz/sub/e06e1d6d-8d43-40c7-8dce-869bcc88421c|BamBukVPN
[21:53:35]   • https://mawtunnel.onrender.com/sub/WpqtBEilhthDB7tedo|Бастакарапузики
[21:53:35]   • https://subs.crabby.app/b8cd8e0b2467fd0f45922774d8b68f21b9c76b348d5af80db205a4aa5257efe2|В
[21:53:35]   • https://tinyurl.com/jm4nyfxp|CVEDC_VPN_||_FREE_ПОДПИСК
[21:53:35]   • https://tonsrivals.online/apx/VnH4dCLbQH1KvgGg|Пердусран_VPN
[21:53:35] 
[21:53:35] ----------------------------------------------
[21:53:35] ШАГ 2: Клонирование репозитория
[21:53:35] ----------------------------------------------
[21:53:36] Статус: УСПЕШНО
[21:53:36] 
[21:53:36] ----------------------------------------------
[21:53:36] ШАГ 3: Обработка подписок
[21:53:36] ----------------------------------------------
[21:53:37] 
[21:53:37] Подписка #2: GRN_VPN
[21:53:37]   Файл: e33835c2_Subscription.txt
[21:53:38]   Загрузка: УСПЕШНО (2416 байт)
[21:53:38]   Формат: готовые vless/заголовки
[21:53:38]   Конфигов: 14
[21:53:38] 
[21:53:38] Подписка #3: Yowet
[21:53:38]   Файл: 7644db88_Subscription.txt
[21:53:39]   Загрузка: УСПЕШНО (12444 байт)
[21:53:39]   Формат: Base64 → vless
[21:53:39]   Конфигов: VL=4 VM=0 TR=0 SS=8 (всего: 12)
[21:53:39] 
[21:53:39] Подписка #4: BamBukVPN
[21:53:39]   Файл: 3564fcd3_Subscription.txt
[21:53:40]   Загрузка: УСПЕШНО (1769 байт)
[21:53:40]   Формат: готовые vless/заголовки
[21:53:40]   Конфигов: 10
[21:53:40] 
[21:53:40] Подписка #5: Бастакарапузики
[21:53:40]   Файл: 12ad9a86_Subscription.txt
[21:53:42]   Загрузка: УСПЕШНО (38973 байт)
[21:53:42]   Формат: Base64 → vless
[21:54:05]   Конфигов: VL=0 VM=0 TR=0 SS=0 (всего: 0)
[21:54:05] 
[21:54:05] Подписка #6: В
[21:54:05]   Файл: 80edf5ff_Subscription.txt
[21:54:07]   Загрузка: УСПЕШНО (2172 байт)
[21:54:07]   Формат: Base64 → vless
[21:54:07]   Конфигов: VL=6 VM=0 TR=0 SS=12 (всего: 18)
[21:54:07] 
[21:54:07] Подписка #7: CVEDC_VPN_||_FREE_ПОДПИСК
[21:54:07]   Файл: 017b9265_Subscription.txt
[21:54:08]   Загрузка: УСПЕШНО (16609 байт)
[21:54:08]   Формат: готовые vless/заголовки
[21:54:09]   Конфигов: 116
[21:54:09] 
[21:54:09] Подписка #8: Пердусран_VPN
[21:54:09]   Файл: 3ca910ce_Subscription.txt
[21:54:09]   Загрузка: УСПЕШНО (533065 байт)
[21:54:09]   Формат: JSON
[21:54:10]   Конфигов (JSON): 10
[21:54:10] 
[21:54:10] ----------------------------------------------
[21:54:10] ШАГ 4: Сводный файл
[21:54:10] ----------------------------------------------
[21:54:10] Ссылки в GotovVpn.txt:
[21:54:10]   • https://raw.githubusercontent.com/po5p/TgBot/main/e33835c2_Subscription.txt
[21:54:10]   • https://raw.githubusercontent.com/po5p/TgBot/main/7644db88_Subscription.txt
[21:54:10]   • https://raw.githubusercontent.com/po5p/TgBot/main/3564fcd3_Subscription.txt
[21:54:10]   • https://raw.githubusercontent.com/po5p/TgBot/main/12ad9a86_Subscription.txt
[21:54:10]   • https://raw.githubusercontent.com/po5p/TgBot/main/80edf5ff_Subscription.txt
[21:54:10]   • https://raw.githubusercontent.com/po5p/TgBot/main/017b9265_Subscription.txt
[21:54:10]   • https://raw.githubusercontent.com/po5p/TgBot/main/3ca910ce_Subscription.txt
[21:54:10] 
[21:54:10] ----------------------------------------------
[21:54:10] ШАГ 5: Отправка в GitHub
[21:54:10] ----------------------------------------------
[21:54:12] Результат: УСПЕШНО
[21:54:12] 
[21:54:12] ==============================================
[21:54:12] ИТОГИ
[21:54:12] ==============================================
[21:54:12] Обработано: 7 | Пропущено: 0
[21:54:12]   VLESS:  10
[21:54:12]   SS:     20
[21:54:12]   JSON:   10
[21:54:12]   ─────────────────
[21:54:12]   ВСЕГО:  40
[21:54:12] Сводный файл: https://raw.githubusercontent.com/po5p/TgBot/main/GotovVpn.txt
[21:54:12] ==============================================
