[16:48:45] ==============================================
[16:48:45] ЗАПУСК ОБНОВЛЕНИЯ VPN
[16:48:45] ==============================================
[16:48:45] Дата: 30.06.2026 16:48:45
[16:48:45] GitHub: po5p/TgBot
[16:48:45] 
[16:48:45] ----------------------------------------------
[16:48:45] ШАГ 1: Получение списка подписок
[16:48:45] ----------------------------------------------
[16:48:45] Статус: 200 (УСПЕШНО), размер: 142 байт
[16:48:45] Содержимое:
[16:48:46]   • 5739816977|https://vless-config.vadimakimov2009.workers.dev/vpn-config?user=5739816977|AstraVPN-PRO
[16:48:46]   • 7550216948|https://12w.uk/4bjgny|ВВпн
[16:48:46] 
[16:48:46] ----------------------------------------------
[16:48:46] ШАГ 2: Клонирование репозитория
[16:48:46] ----------------------------------------------
[16:48:47] Статус: УСПЕШНО
[16:48:47] 
[16:48:47] ----------------------------------------------
[16:48:47] ШАГ 3: Обработка подписок
[16:48:47] ----------------------------------------------
[16:48:47] 
[16:48:47] Подписка #1: AstraVPN-PRO (ID: 5739816977)
[16:48:47]   Файл: users/5739816977/9bea4c44_Subscription.txt
[16:48:48]   Загрузка: УСПЕШНО (12301 байт)
[16:48:48]   Формат: JSON
[16:48:48]   Конфигов (JSON): 13
[16:48:48] 
[16:48:48] Подписка #2: ВВпн (ID: 7550216948)
[16:48:48]   Файл: users/7550216948/5d334869_Subscription.txt
[16:48:52]   Загрузка: УСПЕШНО (1971 байт)
[16:48:52]   Формат: JSON
[16:48:52]   Конфигов (JSON): 2
[16:48:52] 
[16:48:52] ----------------------------------------------
[16:48:52] ШАГ 4: Сводный файл
[16:48:52] ----------------------------------------------
[16:48:52] Ссылки в GotovVpn.txt:
[16:48:52]   • https://raw.githubusercontent.com/po5p/TgBot/main/users/5739816977/9bea4c44_Subscription.txt
[16:48:52]   • https://raw.githubusercontent.com/po5p/TgBot/main/users/7550216948/5d334869_Subscription.txt
[16:48:52] 
[16:48:52] ----------------------------------------------
[16:48:52] ШАГ 5: Отправка в GitHub
[16:48:52] ----------------------------------------------
[16:48:53] Результат: УСПЕШНО
[16:48:53] 
[16:48:53] ==============================================
[16:48:53] ИТОГИ
[16:48:53] ==============================================
[16:48:53] Обработано: 2 | Пропущено: 0
[16:48:53]   JSON:   15
[16:48:53]   ─────────────────
[16:48:54]   ВСЕГО:  15
[16:48:54] Сводный файл: https://raw.githubusercontent.com/po5p/TgBot/main/GotovVpn.txt
[16:48:54] ==============================================
