[21:49:26] ==============================================
[21:49:26] ЗАПУСК ОБНОВЛЕНИЯ VPN
[21:49:26] ==============================================
[21:49:26] Дата: 19.06.2026 21:49:26
[21:49:26] GitHub: po5p/TgBot
[21:49:26] 
[21:49:26] ----------------------------------------------
[21:49:26] ШАГ 1: Получение списка подписок
[21:49:26] ----------------------------------------------
[21:49:26] Статус: 200 (УСПЕШНО), размер: 294 байт
[21:49:26] Содержимое:
[21:49:26]   • https://yax.nenadoblokirowatgnidda.ru/exec?url=http%3A%2F%2F77.110.104.181%3A5002%2Fsub%2FVGdydXNzaWEsMTc4MTc4OTk1Mw20zr9u72oH|Vpn
[21:49:26]   • https://sub.smygo.ru/api/sub/rp6VZU5x1KoWqmHe|VPN
[21:49:26]   • https://sub.datanode-internal.net/KzmeGBwzvnW1fHn7|vpn33
[21:49:26]   • https://page2.anotherboring.top/WCdKdF9n8yUUGAPX|ABSVPN
[21:49:27] 
[21:49:27] ----------------------------------------------
[21:49:27] ШАГ 2: Клонирование репозитория
[21:49:27] ----------------------------------------------
[21:49:28] Статус: УСПЕШНО
[21:49:28] 
[21:49:28] ----------------------------------------------
[21:49:28] ШАГ 3: Обработка подписок
[21:49:28] ----------------------------------------------
[21:49:28] 
[21:49:28] Подписка #1: Vpn
[21:49:28]   Файл: 8cbda047_Subscription.txt
[21:49:29]   Загрузка: УСПЕШНО (19880 байт)
[21:49:29]   Формат: Base64 → vless
[21:49:29]   Конфигов: VL=34 VM=0 TR=0 SS=68 (всего: 102)
[21:49:29] 
[21:49:29] Подписка #2: VPN
[21:49:29]   Файл: 03a7dba1_Subscription.txt
[21:49:30]   Загрузка: УСПЕШНО (435484 байт)
[21:49:30]   Формат: JSON
[21:49:31]   Конфигов (JSON): 23
[21:49:31] 
[21:49:31] Подписка #3: vpn33
[21:49:31]   Файл: b91d57b9_Subscription.txt
[21:49:31]   Загрузка: УСПЕШНО (36490 байт)
[21:49:31]   Формат: JSON
[21:49:31]   Конфигов (JSON): 15
[21:49:31] 
[21:49:32] Подписка #4: ABSVPN
[21:49:32]   Файл: fae59f39_Subscription.txt
[21:49:32]   Загрузка: УСПЕШНО (9964 байт)
[21:49:33]   Формат: JSON
[21:49:33]   Конфигов (JSON): 6
[21:49:33] 
[21:49:33] ----------------------------------------------
[21:49:33] ШАГ 4: Сводный файл
[21:49:33] ----------------------------------------------
[21:49:33] Ссылки в GotovVpn.txt:
[21:49:33]   • https://raw.githubusercontent.com/po5p/TgBot/main/8cbda047_Subscription.txt
[21:49:33]   • https://raw.githubusercontent.com/po5p/TgBot/main/03a7dba1_Subscription.txt
[21:49:33]   • https://raw.githubusercontent.com/po5p/TgBot/main/b91d57b9_Subscription.txt
[21:49:33]   • https://raw.githubusercontent.com/po5p/TgBot/main/fae59f39_Subscription.txt
[21:49:33] 
[21:49:33] ----------------------------------------------
[21:49:33] ШАГ 5: Отправка в GitHub
[21:49:33] ----------------------------------------------
[21:49:35] Результат: УСПЕШНО
[21:49:35] 
[21:49:35] ==============================================
[21:49:35] ИТОГИ
[21:49:35] ==============================================
[21:49:35] Обработано: 4 | Пропущено: 0
[21:49:35]   VLESS:  34
[21:49:35]   SS:     68
[21:49:35]   JSON:   44
[21:49:35]   ─────────────────
[21:49:35]   ВСЕГО:  146
[21:49:35] Сводный файл: https://raw.githubusercontent.com/po5p/TgBot/main/GotovVpn.txt
[21:49:36] ==============================================
