[00:08:08] ==============================================
[00:08:08] ЗАПУСК ОБНОВЛЕНИЯ VPN
[00:08:08] ==============================================
[00:08:08] Дата: 27.06.2026 00:08:08
[00:08:08] GitHub: po5p/TgBot
[00:08:08] 
[00:08:09] ----------------------------------------------
[00:08:09] ШАГ 1: Получение списка подписок
[00:08:09] ----------------------------------------------
[00:08:09] Статус: 200 (УСПЕШНО), размер: 537 байт
[00:08:09] Содержимое:
[00:08:09]   • https://github.com/lsncococososo-rgb/GRN_VPN/raw/refs/heads/main/config.txt|GRN_VPN
[00:08:09]   • https://31.76.240.234:2096/sub/qrv3n2dptx2n7xdn|Yowet
[00:08:09]   • https://mawtunnel.onrender.com/sub/WpqtBEilhthDB7tedo|Бастакарапузики
[00:08:09]   • https://subs.crabby.app/b8cd8e0b2467fd0f45922774d8b68f21b9c76b348d5af80db205a4aa5257efe2|В
[00:08:09]   • https://tinyurl.com/jm4nyfxp|CVEDC_VPN_||_FREE_ПОДПИСК
[00:08:09]   • https://tonsrivals.online/apx/VnH4dCLbQH1KvgGg|Пердусран_VPN
[00:08:09]   • https://vless-config.vadimakimov2009.workers.dev/vpn-config?user=5739816977|AstraVPN-PRO
[00:08:09] 
[00:08:09] ----------------------------------------------
[00:08:09] ШАГ 2: Клонирование репозитория
[00:08:09] ----------------------------------------------
[00:08:11] Статус: УСПЕШНО
[00:08:11] 
[00:08:11] ----------------------------------------------
[00:08:11] ШАГ 3: Обработка подписок
[00:08:11] ----------------------------------------------
[00:08:11] 
[00:08:11] Подписка #2: GRN_VPN
[00:08:11]   Файл: e33835c2_Subscription.txt
[00:08:13]   Загрузка: УСПЕШНО (2416 байт)
[00:08:13]   Формат: готовые vless/заголовки
[00:08:13]   Конфигов: 14
[00:08:13] 
[00:08:13] Подписка #3: Yowet
[00:08:13]   Файл: 7644db88_Subscription.txt
[00:08:13]   Загрузка: УСПЕШНО (12484 байт)
[00:08:14]   Формат: Base64 → vless
[00:08:14]   Конфигов: VL=4 VM=0 TR=0 SS=8 (всего: 12)
[00:08:14] 
[00:08:14] Подписка #4: Бастакарапузики
[00:08:14]   Файл: 12ad9a86_Subscription.txt
[00:08:15]   Загрузка: УСПЕШНО (38973 байт)
[00:08:15]   Формат: Base64 → vless
[00:08:38]   Конфигов: VL=0 VM=0 TR=0 SS=0 (всего: 0)
[00:08:38] 
[00:08:38] Подписка #5: В
[00:08:38]   Файл: 80edf5ff_Subscription.txt
[00:08:40]   Загрузка: УСПЕШНО (2172 байт)
[00:08:40]   Формат: Base64 → vless
[00:08:40]   Конфигов: VL=6 VM=0 TR=0 SS=12 (всего: 18)
[00:08:40] 
[00:08:40] Подписка #6: CVEDC_VPN_||_FREE_ПОДПИСК
[00:08:40]   Файл: 017b9265_Subscription.txt
[00:08:41]   Загрузка: УСПЕШНО (16609 байт)
[00:08:41]   Формат: готовые vless/заголовки
[00:08:41]   Конфигов: 116
[00:08:41] 
[00:08:41] Подписка #7: Пердусран_VPN
[00:08:42]   Файл: 3ca910ce_Subscription.txt
[00:08:42]   Загрузка: УСПЕШНО (1947 байт)
[00:08:42]   Формат: JSON
[00:08:42]   Конфигов (JSON): 2
[00:08:42] 
[00:08:42] Подписка #8: AstraVPN-PRO
[00:08:42]   Файл: 9bea4c44_Subscription.txt
[00:08:43]   Загрузка: УСПЕШНО (7505 байт)
[00:08:43]   Формат: JSON
[00:08:43]   Конфигов (JSON): 8
[00:08:43] 
[00:08:44] ----------------------------------------------
[00:08:44] ШАГ 4: Сводный файл
[00:08:44] ----------------------------------------------
[00:08:44] Ссылки в GotovVpn.txt:
[00:08:44]   • https://raw.githubusercontent.com/po5p/TgBot/main/e33835c2_Subscription.txt
[00:08:44]   • https://raw.githubusercontent.com/po5p/TgBot/main/7644db88_Subscription.txt
[00:08:44]   • https://raw.githubusercontent.com/po5p/TgBot/main/12ad9a86_Subscription.txt
[00:08:44]   • https://raw.githubusercontent.com/po5p/TgBot/main/80edf5ff_Subscription.txt
[00:08:44]   • https://raw.githubusercontent.com/po5p/TgBot/main/017b9265_Subscription.txt
[00:08:44]   • https://raw.githubusercontent.com/po5p/TgBot/main/3ca910ce_Subscription.txt
[00:08:44]   • https://raw.githubusercontent.com/po5p/TgBot/main/9bea4c44_Subscription.txt
[00:08:44] 
[00:08:44] ----------------------------------------------
[00:08:44] ШАГ 5: Отправка в GitHub
[00:08:44] ----------------------------------------------
[00:08:46] Результат: УСПЕШНО
[00:08:46] 
[00:08:46] ==============================================
[00:08:46] ИТОГИ
[00:08:46] ==============================================
[00:08:46] Обработано: 7 | Пропущено: 0
[00:08:46]   VLESS:  10
[00:08:46]   SS:     20
[00:08:46]   JSON:   10
[00:08:46]   ─────────────────
[00:08:46]   ВСЕГО:  40
[00:08:46] Сводный файл: https://raw.githubusercontent.com/po5p/TgBot/main/GotovVpn.txt
[00:08:46] ==============================================
