[18:25:25] ==============================================
[18:25:26] ЗАПУСК ОБНОВЛЕНИЯ VPN
[18:25:26] ==============================================
[18:25:26] Дата: 26.06.2026 18:25:26
[18:25:26] GitHub: po5p/TgBot
[18:25:26] 
[18:25:26] ----------------------------------------------
[18:25:26] ШАГ 1: Получение списка подписок
[18:25:26] ----------------------------------------------
[18:25:26] Статус: 200 (УСПЕШНО), размер: 310 байт
[18:25:26] Содержимое:
[18:25:26]   • https://github.com/lsncococososo-rgb/GRN_VPN/raw/refs/heads/main/config.txt|GRN_VPN
[18:25:27]   • https://31.76.240.234:2096/sub/qrv3n2dptx2n7xdn|Yowet
[18:25:27]   • https://vless-config.vadimakimov2009.workers.dev/vpn-config?user=5739816977|BamBukVPN
[18:25:27]   • https://mawtunnel.onrender.com/sub/WpqtBEilhthDB7tedo|Бастакарапузики
[18:25:27] 
[18:25:27] ----------------------------------------------
[18:25:27] ШАГ 2: Клонирование репозитория
[18:25:27] ----------------------------------------------
[18:25:28] Статус: УСПЕШНО
[18:25:28] 
[18:25:28] ----------------------------------------------
[18:25:28] ШАГ 3: Обработка подписок
[18:25:28] ----------------------------------------------
[18:25:28] 
[18:25:28] Подписка #2: GRN_VPN
[18:25:28]   Файл: e33835c2_Subscription.txt
[18:25:29]   Загрузка: УСПЕШНО (2416 байт)
[18:25:30]   Формат: готовые vless/заголовки
[18:25:30]   Конфигов: 14
[18:25:30] 
[18:25:30] Подписка #3: Yowet
[18:25:30]   Файл: 7644db88_Subscription.txt
[18:25:32]   Загрузка: УСПЕШНО (12460 байт)
[18:25:32]   Формат: Base64 → vless
[18:25:32]   Конфигов: VL=4 VM=0 TR=0 SS=8 (всего: 12)
[18:25:32] 
[18:25:32] Подписка #4: BamBukVPN
[18:25:32]   Файл: 9bea4c44_Subscription.txt
[18:25:33]   Загрузка: УСПЕШНО (6073 байт)
[18:25:33]   Формат: JSON
[18:25:33]   Конфигов (JSON): 7
[18:25:33] 
[18:25:33] Подписка #5: Бастакарапузики
[18:25:33]   Файл: 12ad9a86_Subscription.txt
[18:25:34]   Загрузка: УСПЕШНО (38973 байт)
[18:25:34]   Формат: Base64 → vless
[18:25:57]   Конфигов: VL=0 VM=0 TR=0 SS=0 (всего: 0)
[18:25:57] 
[18:25:57] ----------------------------------------------
[18:25:57] ШАГ 4: Сводный файл
[18:25:57] ----------------------------------------------
[18:25:57] Ссылки в GotovVpn.txt:
[18:25:57]   • https://raw.githubusercontent.com/po5p/TgBot/main/e33835c2_Subscription.txt
[18:25:57]   • https://raw.githubusercontent.com/po5p/TgBot/main/7644db88_Subscription.txt
[18:25:58]   • https://raw.githubusercontent.com/po5p/TgBot/main/9bea4c44_Subscription.txt
[18:25:58]   • https://raw.githubusercontent.com/po5p/TgBot/main/12ad9a86_Subscription.txt
[18:25:58] 
[18:25:58] ----------------------------------------------
[18:25:58] ШАГ 5: Отправка в GitHub
[18:25:58] ----------------------------------------------
[18:25:59] Результат: УСПЕШНО
[18:26:00] 
[18:26:00] ==============================================
[18:26:00] ИТОГИ
[18:26:00] ==============================================
[18:26:00] Обработано: 4 | Пропущено: 0
[18:26:00]   VLESS:  4
[18:26:00]   SS:     8
[18:26:00]   JSON:   7
[18:26:00]   ─────────────────
[18:26:00]   ВСЕГО:  19
[18:26:00] Сводный файл: https://raw.githubusercontent.com/po5p/TgBot/main/GotovVpn.txt
[18:26:00] ==============================================
