[21:56:26] ==============================================
[21:56:26] ЗАПУСК ОБНОВЛЕНИЯ VPN
[21:56:26] ==============================================
[21:56:26] Дата: 30.06.2026 21:56:26
[21:56:26] GitHub: po5p/TgBot
[21:56:26] 
[21:56:27] ----------------------------------------------
[21:56:27] ШАГ 1: Получение списка подписок
[21:56:27] ----------------------------------------------
[21:56:27] Статус: 200 (УСПЕШНО), размер: 100 байт
[21:56:27] Содержимое:
[21:56:27]   • 5739816977|https://vless-config.vadimakimov2009.workers.dev/vpn-config?user=5739816977|AstraVPN-PRO
[21:56:28] 
[21:56:28] ----------------------------------------------
[21:56:28] ШАГ 2: Клонирование репозитория
[21:56:28] ----------------------------------------------
[21:56:29] Статус: УСПЕШНО
[21:56:29] 
[21:56:29] ----------------------------------------------
[21:56:29] ШАГ 3: Обработка подписок
[21:56:29] ----------------------------------------------
[21:56:29] 
[21:56:29] Подписка #1: AstraVPN-PRO (ID: 5739816977)
[21:56:29]   Файл: users/5739816977/9bea4c44_Subscription.txt
[21:56:30]   Загрузка: УСПЕШНО (15642 байт)
[21:56:30]   Формат: JSON
[21:56:30]   Конфигов (JSON): 15
[21:56:30] 
[21:56:30] ----------------------------------------------
[21:56:30] ШАГ 4: Сводный файл
[21:56:30] ----------------------------------------------
[21:56:30] Ссылки в GotovVpn.txt:
[21:56:30]   • https://raw.githubusercontent.com/po5p/TgBot/main/users/5739816977/9bea4c44_Subscription.txt
[21:56:30] 
[21:56:30] ----------------------------------------------
[21:56:31] ШАГ 5: Отправка в GitHub
[21:56:31] ----------------------------------------------
[21:56:32] Результат: УСПЕШНО
[21:56:32] 
[21:56:32] ==============================================
[21:56:32] ИТОГИ
[21:56:32] ==============================================
[21:56:33] Обработано: 1 | Пропущено: 0
[21:56:33]   JSON:   15
[21:56:33]   ─────────────────
[21:56:33]   ВСЕГО:  15
[21:56:33] Сводный файл: https://raw.githubusercontent.com/po5p/TgBot/main/GotovVpn.txt
[21:56:33] ==============================================
