[19:34:29] ==============================================
[19:34:29] ЗАПУСК ОБНОВЛЕНИЯ VPN
[19:34:29] ==============================================
[19:34:29] Дата: 20.06.2026 19:34:29
[19:34:29] GitHub: po5p/TgBot
[19:34:29] 
[19:34:29] ----------------------------------------------
[19:34:29] ШАГ 1: Получение списка подписок
[19:34:29] ----------------------------------------------
[19:34:30] Статус: 200 (УСПЕШНО), размер: 355 байт
[19:34:30] Содержимое:
[19:34:30]   • https://yax.nenadoblokirowatgnidda.ru/exec?url=http%3A%2F%2F77.110.104.181%3A5002%2Fsub%2FVGdydXNzaWEsMTc4MTc4OTk1Mw20zr9u72oH|Vpn
[19:34:30]   • https://sub.smygo.ru/api/sub/rp6VZU5x1KoWqmHe|VPN
[19:34:30]   • https://sub.datanode-internal.net/KzmeGBwzvnW1fHn7|vpn33
[19:34:30]   • https://perecsub.com/8oa7eXJFQpzPMfJk|Perchik
[19:34:30]   • https://akonit.tech/sub/a0cc22c1-312b-47a1-99bb-bb62fd39df0e|AkonitVPN
[19:34:30] 
[19:34:30] ----------------------------------------------
[19:34:30] ШАГ 2: Клонирование репозитория
[19:34:30] ----------------------------------------------
[19:34:32] Статус: УСПЕШНО
[19:34:32] 
[19:34:32] ----------------------------------------------
[19:34:32] ШАГ 3: Обработка подписок
[19:34:32] ----------------------------------------------
[19:34:32] 
[19:34:32] Подписка #1: Vpn
[19:34:32]   Файл: 8cbda047_Subscription.txt
[19:34:32]   Загрузка: УСПЕШНО (22264 байт)
[19:34:33]   Формат: Base64 → vless
[19:34:33]   Конфигов: VL=42 VM=0 TR=0 SS=84 (всего: 126)
[19:34:33] 
[19:34:33] Подписка #2: VPN
[19:34:33]   Файл: 03a7dba1_Subscription.txt
[19:34:34]   Загрузка: УСПЕШНО (455202 байт)
[19:34:34]   Формат: JSON
[19:34:34]   Конфигов (JSON): 24
[19:34:34] 
[19:34:34] Подписка #3: vpn33
[19:34:34]   Файл: b91d57b9_Subscription.txt
[19:34:35]   Загрузка: УСПЕШНО (36490 байт)
[19:34:35]   Формат: JSON
[19:34:35]   Конфигов (JSON): 15
[19:34:35] 
[19:34:35] Подписка #4: Perchik
[19:34:35]   Файл: e74b18c3_Subscription.txt
[19:34:36]   Загрузка: УСПЕШНО (3068 байт)
[19:34:36]   Формат: JSON
[19:34:36]   Конфигов (JSON): 3
[19:34:36] 
[19:34:36] Подписка #5: AkonitVPN
[19:34:36]   Файл: 1c89ecb2_Subscription.txt
[19:34:37]   Загрузка: УСПЕШНО (6048 байт)
[19:34:37]   Формат: Base64 → vless
[19:34:37]   Конфигов: VL=9 VM=0 TR=0 SS=18 (всего: 27)
[19:34:37] 
[19:34:37] ----------------------------------------------
[19:34:37] ШАГ 4: Сводный файл
[19:34:37] ----------------------------------------------
[19:34:37] Ссылки в GotovVpn.txt:
[19:34:37]   • https://raw.githubusercontent.com/po5p/TgBot/main/8cbda047_Subscription.txt
[19:34:37]   • https://raw.githubusercontent.com/po5p/TgBot/main/03a7dba1_Subscription.txt
[19:34:37]   • https://raw.githubusercontent.com/po5p/TgBot/main/b91d57b9_Subscription.txt
[19:34:37]   • https://raw.githubusercontent.com/po5p/TgBot/main/e74b18c3_Subscription.txt
[19:34:37]   • https://raw.githubusercontent.com/po5p/TgBot/main/1c89ecb2_Subscription.txt
[19:34:37] 
[19:34:37] ----------------------------------------------
[19:34:37] ШАГ 5: Отправка в GitHub
[19:34:37] ----------------------------------------------
[19:34:40] Результат: УСПЕШНО
[19:34:40] 
[19:34:40] ==============================================
[19:34:40] ИТОГИ
[19:34:40] ==============================================
[19:34:40] Обработано: 5 | Пропущено: 0
[19:34:40]   VLESS:  51
[19:34:40]   SS:     102
[19:34:40]   JSON:   42
[19:34:40]   ─────────────────
[19:34:40]   ВСЕГО:  195
[19:34:40] Сводный файл: https://raw.githubusercontent.com/po5p/TgBot/main/GotovVpn.txt
[19:34:40] ==============================================
