[23:39:28] ==============================================
[23:39:28] ЗАПУСК ОБНОВЛЕНИЯ VPN
[23:39:28] ==============================================
[23:39:28] Дата: 21.06.2026 23:39:28
[23:39:28] GitHub: po5p/TgBot
[23:39:28] 
[23:39:28] ----------------------------------------------
[23:39:28] ШАГ 1: Получение списка подписок
[23:39:28] ----------------------------------------------
[23:39:29] Статус: 200 (УСПЕШНО), размер: 466 байт
[23:39:29] Содержимое:
[23:39:29]   • https://yax.nenadoblokirowatgnidda.ru/exec?url=http%3A%2F%2F77.110.104.181%3A5002%2Fsub%2FVGdydXNzaWEsMTc4MTc4OTk1Mw20zr9u72oH|Vpn
[23:39:29]   • https://sub.smygo.ru/api/sub/rp6VZU5x1KoWqmHe|VPN
[23:39:29]   • https://akonit.tech/sub/a0cc22c1-312b-47a1-99bb-bb62fd39df0e|AkonitVPN
[23:39:29]   • https://sub.cvedcvpn.ru/e-LF_rZTKbPzyANj|garelmakrel
[23:39:29]   • https://raw.githubusercontent.com/hiztin/VLESS-PO-GRIBI/main/deploy/subscriptions/1.txt|90
[23:39:29]   • https://mawtunnel.onrender.com/sub/WpqtBEilhthDB7tedo|ЯЕбланVPN
[23:39:29] 
[23:39:29] ----------------------------------------------
[23:39:29] ШАГ 2: Клонирование репозитория
[23:39:29] ----------------------------------------------
[23:39:30] Статус: УСПЕШНО
[23:39:31] 
[23:39:31] ----------------------------------------------
[23:39:31] ШАГ 3: Обработка подписок
[23:39:31] ----------------------------------------------
[23:39:31] 
[23:39:31] Подписка #1: Vpn
[23:39:31]   Файл: 8cbda047_Subscription.txt
[23:39:31]   Загрузка: ОШИБКА HTTP 502
[23:39:31]   Формат: Base64 → vless
[23:39:32]   Конфигов: VL=0 VM=0 TR=0 SS=0 (всего: 0)
[23:39:32] 
[23:39:32] Подписка #2: VPN
[23:39:32]   Файл: 03a7dba1_Subscription.txt
[23:39:32]   Загрузка: ОШИБКА HTTP 404
[23:39:32]   Формат: JSON
[23:39:33]   Конфигов (JSON): 3
[23:39:33] 
[23:39:33] Подписка #3: AkonitVPN
[23:39:33]   Файл: 1c89ecb2_Subscription.txt
[23:39:33]   Загрузка: ОШИБКА HTTP 404
[23:39:33]   Формат: JSON
[23:39:33]   Конфигов (JSON): 1
[23:39:33] 
[23:39:33] Подписка #4: garelmakrel
[23:39:33]   Файл: 77ae023c_Subscription.txt
[23:39:34]   Загрузка: УСПЕШНО (15115 байт)
[23:39:34]   Формат: JSON
[23:39:34]   Конфигов (JSON): 13
[23:39:34] 
[23:39:34] Подписка #5: 90
[23:39:35]   Файл: dc763289_Subscription.txt
[23:39:35]   Загрузка: УСПЕШНО (51990 байт)
[23:39:35]   Формат: готовые vless/заголовки
[23:39:35]   Конфигов: 380
[23:39:35] 
[23:39:35] Подписка #6: ЯЕбланVPN
[23:39:35]   Файл: 12ad9a86_Subscription.txt
[23:39:36]   Загрузка: УСПЕШНО (38480 байт)
[23:39:36]   Формат: Base64 → vless
[23:39:58]   Конфигов: VL=0 VM=0 TR=0 SS=0 (всего: 0)
[23:39:58] 
[23:39:58] ----------------------------------------------
[23:39:58] ШАГ 4: Сводный файл
[23:39:58] ----------------------------------------------
[23:39:58] Ссылки в GotovVpn.txt:
[23:39:58]   • https://raw.githubusercontent.com/po5p/TgBot/main/8cbda047_Subscription.txt
[23:39:58]   • https://raw.githubusercontent.com/po5p/TgBot/main/03a7dba1_Subscription.txt
[23:39:58]   • https://raw.githubusercontent.com/po5p/TgBot/main/1c89ecb2_Subscription.txt
[23:39:58]   • https://raw.githubusercontent.com/po5p/TgBot/main/77ae023c_Subscription.txt
[23:39:58]   • https://raw.githubusercontent.com/po5p/TgBot/main/dc763289_Subscription.txt
[23:39:58]   • https://raw.githubusercontent.com/po5p/TgBot/main/12ad9a86_Subscription.txt
[23:39:58] 
[23:39:58] ----------------------------------------------
[23:39:58] ШАГ 5: Отправка в GitHub
[23:39:58] ----------------------------------------------
[23:40:00] Результат: УСПЕШНО
[23:40:00] 
[23:40:00] ==============================================
[23:40:00] ИТОГИ
[23:40:00] ==============================================
[23:40:00] Обработано: 6 | Пропущено: 0
[23:40:00]   JSON:   17
[23:40:00]   ─────────────────
[23:40:00]   ВСЕГО:  17
[23:40:00] Сводный файл: https://raw.githubusercontent.com/po5p/TgBot/main/GotovVpn.txt
[23:40:00] ==============================================
