[13:17:27] ==============================================
[13:17:27] ЗАПУСК ОБНОВЛЕНИЯ VPN
[13:17:27] ==============================================
[13:17:27] Дата: 30.06.2026 13:17:27
[13:17:27] GitHub: po5p/TgBot
[13:17:27] 
[13:17:27] ----------------------------------------------
[13:17:27] ШАГ 1: Получение списка подписок
[13:17:27] ----------------------------------------------
[13:17:28] Статус: 200 (УСПЕШНО), размер: 142 байт
[13:17:28] Содержимое:
[13:17:28]   • 5739816977|https://vless-config.vadimakimov2009.workers.dev/vpn-config?user=5739816977|AstraVPN-PRO
[13:17:28]   • 7550216948|https://12w.uk/4bjgny|ВВпн
[13:17:28] 
[13:17:28] ----------------------------------------------
[13:17:28] ШАГ 2: Клонирование репозитория
[13:17:28] ----------------------------------------------
[13:17:30] Статус: УСПЕШНО
[13:17:30] 
[13:17:30] ----------------------------------------------
[13:17:30] ШАГ 3: Обработка подписок
[13:17:30] ----------------------------------------------
[13:17:30] 
[13:17:30] Подписка #1: AstraVPN-PRO (ID: 5739816977)
[13:17:30]   Файл: users/5739816977/9bea4c44_Subscription.txt
[13:17:31]   Загрузка: УСПЕШНО (12301 байт)
[13:17:31]   Формат: JSON
[13:17:31]   Конфигов (JSON): 13
[13:17:31] 
[13:17:31] Подписка #2: ВВпн (ID: 7550216948)
[13:17:31]   Файл: users/7550216948/5d334869_Subscription.txt
[13:17:32]   Загрузка: УСПЕШНО (1971 байт)
[13:17:32]   Формат: JSON
[13:17:32]   Конфигов (JSON): 2
[13:17:32] 
[13:17:32] ----------------------------------------------
[13:17:32] ШАГ 4: Сводный файл
[13:17:32] ----------------------------------------------
[13:17:33] Ссылки в GotovVpn.txt:
[13:17:33]   • https://raw.githubusercontent.com/po5p/TgBot/main/users/5739816977/9bea4c44_Subscription.txt
[13:17:33]   • https://raw.githubusercontent.com/po5p/TgBot/main/users/7550216948/5d334869_Subscription.txt
[13:17:33] 
[13:17:33] ----------------------------------------------
[13:17:33] ШАГ 5: Отправка в GitHub
[13:17:33] ----------------------------------------------
[13:17:34] Результат: УСПЕШНО
[13:17:34] 
[13:17:35] ==============================================
[13:17:35] ИТОГИ
[13:17:35] ==============================================
[13:17:35] Обработано: 2 | Пропущено: 0
[13:17:35]   JSON:   15
[13:17:35]   ─────────────────
[13:17:35]   ВСЕГО:  15
[13:17:35] Сводный файл: https://raw.githubusercontent.com/po5p/TgBot/main/GotovVpn.txt
[13:17:35] ==============================================
