[14:39:32] ==============================================
[14:39:32] ЗАПУСК ОБНОВЛЕНИЯ VPN
[14:39:32] ==============================================
[14:39:32] Дата: 19.06.2026 14:39:32
[14:39:32] GitHub: po5p/TgBot
[14:39:32] 
[14:39:32] ----------------------------------------------
[14:39:32] ШАГ 1: Получение списка подписок
[14:39:32] ----------------------------------------------
[14:39:33] Статус: 200 (УСПЕШНО), размер: 181 байт
[14:39:33] Содержимое:
[14:39:33]   • https://yax.nenadoblokirowatgnidda.ru/exec?url=http%3A%2F%2F77.110.104.181%3A5002%2Fsub%2FVGdydXNzaWEsMTc4MTc4OTk1Mw20zr9u72oH|Vpn
[14:39:33]   • https://sub.smygo.ru/api/sub/rp6VZU5x1KoWqmHe|VPN
[14:39:33] 
[14:39:33] ----------------------------------------------
[14:39:33] ШАГ 2: Клонирование репозитория
[14:39:33] ----------------------------------------------
[14:39:34] Статус: УСПЕШНО
[14:39:34] 
[14:39:34] ----------------------------------------------
[14:39:35] ШАГ 3: Обработка подписок
[14:39:35] ----------------------------------------------
[14:39:35] 
[14:39:35] Подписка #1: Vpn
[14:39:35]   Файл: 8cbda047_Subscription.txt
[14:39:35]   Загрузка: УСПЕШНО (13696 байт)
[14:39:35]   Формат: Base64 → vless
[14:39:36]   Конфигов: VL=23 VM=0 TR=0 SS=46 (всего: 69)
[14:39:36] 
[14:39:36] Подписка #2: VPN
[14:39:36]   Файл: 03a7dba1_Subscription.txt
[14:39:36]   Загрузка: УСПЕШНО (435484 байт)
[14:39:37]   Формат: JSON
[14:39:37]   Конфигов (JSON): 23
[14:39:37] 
[14:39:37] ----------------------------------------------
[14:39:37] ШАГ 4: Сводный файл
[14:39:37] ----------------------------------------------
[14:39:37] Ссылки в GotovVpn.txt:
[14:39:37]   • https://raw.githubusercontent.com/po5p/TgBot/main/8cbda047_Subscription.txt
[14:39:37]   • https://raw.githubusercontent.com/po5p/TgBot/main/03a7dba1_Subscription.txt
[14:39:37] 
[14:39:37] ----------------------------------------------
[14:39:37] ШАГ 5: Отправка в GitHub
[14:39:37] ----------------------------------------------
[14:39:50] Результат: УСПЕШНО
[14:39:50] 
[14:39:50] ==============================================
[14:39:50] ИТОГИ
[14:39:50] ==============================================
[14:39:50] Обработано: 2 | Пропущено: 0
[14:39:50]   VLESS:  23
[14:39:50]   SS:     46
[14:39:50]   JSON:   23
[14:39:50]   ─────────────────
[14:39:50]   ВСЕГО:  92
[14:39:50] Сводный файл: https://raw.githubusercontent.com/po5p/TgBot/main/GotovVpn.txt
[14:39:50] ==============================================
