[21:59:44] ==============================================
[21:59:44] ЗАПУСК ОБНОВЛЕНИЯ VPN
[21:59:44] ==============================================
[21:59:44] Дата: 19.06.2026 21:59:44
[21:59:44] GitHub: po5p/TgBot
[21:59:45] 
[21:59:45] ----------------------------------------------
[21:59:45] ШАГ 1: Получение списка подписок
[21:59:45] ----------------------------------------------
[21:59:45] Статус: 200 (УСПЕШНО), размер: 342 байт
[21:59:46] Содержимое:
[21:59:46]   • https://yax.nenadoblokirowatgnidda.ru/exec?url=http%3A%2F%2F77.110.104.181%3A5002%2Fsub%2FVGdydXNzaWEsMTc4MTc4OTk1Mw20zr9u72oH|Vpn
[21:59:46]   • https://sub.smygo.ru/api/sub/rp6VZU5x1KoWqmHe|VPN
[21:59:46]   • https://sub.datanode-internal.net/KzmeGBwzvnW1fHn7|vpn33
[21:59:46]   • https://page2.anotherboring.top/WCdKdF9n8yUUGAPX|ABSVPN
[21:59:46]   • https://cdn.getslay.cc/5DBMhz39k1X6DZYE|StayVpn
[21:59:46] 
[21:59:46] ----------------------------------------------
[21:59:46] ШАГ 2: Клонирование репозитория
[21:59:46] ----------------------------------------------
[21:59:47] Статус: УСПЕШНО
[21:59:47] 
[21:59:47] ----------------------------------------------
[21:59:47] ШАГ 3: Обработка подписок
[21:59:47] ----------------------------------------------
[21:59:47] 
[21:59:47] Подписка #1: Vpn
[21:59:47]   Файл: 8cbda047_Subscription.txt
[21:59:48]   Загрузка: УСПЕШНО (19904 байт)
[21:59:48]   Формат: Base64 → vless
[21:59:48]   Конфигов: VL=34 VM=0 TR=0 SS=68 (всего: 102)
[21:59:48] 
[21:59:48] Подписка #2: VPN
[21:59:48]   Файл: 03a7dba1_Subscription.txt
[21:59:49]   Загрузка: УСПЕШНО (435484 байт)
[21:59:50]   Формат: JSON
[21:59:50]   Конфигов (JSON): 23
[21:59:50] 
[21:59:50] Подписка #3: vpn33
[21:59:50]   Файл: b91d57b9_Subscription.txt
[21:59:50]   Загрузка: УСПЕШНО (36506 байт)
[21:59:51]   Формат: JSON
[21:59:51]   Конфигов (JSON): 15
[21:59:51] 
[21:59:51] Подписка #4: ABSVPN
[21:59:51]   Файл: fae59f39_Subscription.txt
[21:59:51]   Загрузка: УСПЕШНО (9964 байт)
[21:59:51]   Формат: JSON
[21:59:52]   Конфигов (JSON): 6
[21:59:52] 
[21:59:52] Подписка #5: StayVpn
[21:59:52]   Файл: 1bb0e229_Subscription.txt
[21:59:52]   Загрузка: УСПЕШНО (3404 байт)
[21:59:52]   ⚠ Заглушка — оставляю старую копию
[21:59:52] 
[21:59:52] ----------------------------------------------
[21:59:52] ШАГ 4: Сводный файл
[21:59:53] ----------------------------------------------
[21:59:53] Ссылки в GotovVpn.txt:
[21:59:53]   • https://raw.githubusercontent.com/po5p/TgBot/main/8cbda047_Subscription.txt
[21:59:53]   • https://raw.githubusercontent.com/po5p/TgBot/main/03a7dba1_Subscription.txt
[21:59:53]   • https://raw.githubusercontent.com/po5p/TgBot/main/b91d57b9_Subscription.txt
[21:59:53]   • https://raw.githubusercontent.com/po5p/TgBot/main/fae59f39_Subscription.txt
[21:59:53] 
[21:59:53] ----------------------------------------------
[21:59:53] ШАГ 5: Отправка в GitHub
[21:59:53] ----------------------------------------------
[21:59:55] Результат: УСПЕШНО
[21:59:55] 
[21:59:55] ==============================================
[21:59:55] ИТОГИ
[21:59:55] ==============================================
[21:59:55] Обработано: 4 | Пропущено: 1
[21:59:55]   VLESS:  34
[21:59:55]   SS:     68
[21:59:55]   JSON:   44
[21:59:55]   ─────────────────
[21:59:55]   ВСЕГО:  146
[21:59:55] Сводный файл: https://raw.githubusercontent.com/po5p/TgBot/main/GotovVpn.txt
[21:59:55] ==============================================
