[18:32:31] ==============================================
[18:32:31] ЗАПУСК ОБНОВЛЕНИЯ VPN
[18:32:32] ==============================================
[18:32:32] Дата: 26.06.2026 18:32:32
[18:32:32] GitHub: po5p/TgBot
[18:32:32] 
[18:32:32] ----------------------------------------------
[18:32:32] ШАГ 1: Получение списка подписок
[18:32:32] ----------------------------------------------
[18:32:32] Статус: 200 (УСПЕШНО), размер: 402 байт
[18:32:32] Содержимое:
[18:32:32]   • https://github.com/lsncococososo-rgb/GRN_VPN/raw/refs/heads/main/config.txt|GRN_VPN
[18:32:33]   • https://31.76.240.234:2096/sub/qrv3n2dptx2n7xdn|Yowet
[18:32:33]   • https://vless-config.vadimakimov2009.workers.dev/vpn-config?user=5739816977|BamBukVPN
[18:32:33]   • https://mawtunnel.onrender.com/sub/WpqtBEilhthDB7tedo|Бастакарапузики
[18:32:33]   • https://subs.crabby.app/b8cd8e0b2467fd0f45922774d8b68f21b9c76b348d5af80db205a4aa5257efe2|В
[18:32:33] 
[18:32:33] ----------------------------------------------
[18:32:33] ШАГ 2: Клонирование репозитория
[18:32:33] ----------------------------------------------
[18:32:35] Статус: УСПЕШНО
[18:32:35] 
[18:32:35] ----------------------------------------------
[18:32:35] ШАГ 3: Обработка подписок
[18:32:35] ----------------------------------------------
[18:32:35] 
[18:32:35] Подписка #2: GRN_VPN
[18:32:35]   Файл: e33835c2_Subscription.txt
[18:32:36]   Загрузка: УСПЕШНО (2416 байт)
[18:32:36]   Формат: готовые vless/заголовки
[18:32:37]   Конфигов: 14
[18:32:37] 
[18:32:37] Подписка #3: Yowet
[18:32:37]   Файл: 7644db88_Subscription.txt
[18:32:38]   Загрузка: УСПЕШНО (12472 байт)
[18:32:39]   Формат: Base64 → vless
[18:32:39]   Конфигов: VL=4 VM=0 TR=0 SS=8 (всего: 12)
[18:32:39] 
[18:32:39] Подписка #4: BamBukVPN
[18:32:39]   Файл: 9bea4c44_Subscription.txt
[18:32:40]   Загрузка: УСПЕШНО (6073 байт)
[18:32:40]   Формат: JSON
[18:32:40]   Конфигов (JSON): 7
[18:32:40] 
[18:32:40] Подписка #5: Бастакарапузики
[18:32:40]   Файл: 12ad9a86_Subscription.txt
[18:32:44]   Загрузка: УСПЕШНО (38973 байт)
[18:32:44]   Формат: Base64 → vless
[18:33:08]   Конфигов: VL=0 VM=0 TR=0 SS=0 (всего: 0)
[18:33:08] 
[18:33:08] Подписка #6: В
[18:33:08]   Файл: 80edf5ff_Subscription.txt
[18:33:18]   Загрузка: ОШИБКА HTTP 000
[18:33:18]   Формат: Base64 → vless
[18:33:42]   Конфигов: VL=0 VM=0 TR=0 SS=0 (всего: 0)
[18:33:42] 
[18:33:42] ----------------------------------------------
[18:33:42] ШАГ 4: Сводный файл
[18:33:42] ----------------------------------------------
[18:33:42] Ссылки в GotovVpn.txt:
[18:33:42]   • https://raw.githubusercontent.com/po5p/TgBot/main/e33835c2_Subscription.txt
[18:33:42]   • https://raw.githubusercontent.com/po5p/TgBot/main/7644db88_Subscription.txt
[18:33:42]   • https://raw.githubusercontent.com/po5p/TgBot/main/9bea4c44_Subscription.txt
[18:33:42]   • https://raw.githubusercontent.com/po5p/TgBot/main/12ad9a86_Subscription.txt
[18:33:42]   • https://raw.githubusercontent.com/po5p/TgBot/main/80edf5ff_Subscription.txt
[18:33:42] 
[18:33:42] ----------------------------------------------
[18:33:42] ШАГ 5: Отправка в GitHub
[18:33:42] ----------------------------------------------
[18:33:45] Результат: УСПЕШНО
[18:33:45] 
[18:33:45] ==============================================
[18:33:45] ИТОГИ
[18:33:45] ==============================================
[18:33:45] Обработано: 5 | Пропущено: 0
[18:33:45]   VLESS:  4
[18:33:45]   SS:     8
[18:33:45]   JSON:   7
[18:33:45]   ─────────────────
[18:33:46]   ВСЕГО:  19
[18:33:46] Сводный файл: https://raw.githubusercontent.com/po5p/TgBot/main/GotovVpn.txt
[18:33:46] ==============================================
