[17:39:11] ==============================================
[17:39:11] ЗАПУСК ОБНОВЛЕНИЯ VPN
[17:39:12] ==============================================
[17:39:12] Дата: 19.06.2026 17:39:12
[17:39:12] GitHub: po5p/TgBot
[17:39:12] 
[17:39:12] ----------------------------------------------
[17:39:12] ШАГ 1: Получение списка подписок
[17:39:12] ----------------------------------------------
[17:39:13] Статус: 200 (УСПЕШНО), размер: 238 байт
[17:39:13] Содержимое:
[17:39:13]   • https://yax.nenadoblokirowatgnidda.ru/exec?url=http%3A%2F%2F77.110.104.181%3A5002%2Fsub%2FVGdydXNzaWEsMTc4MTc4OTk1Mw20zr9u72oH|Vpn
[17:39:13]   • https://sub.smygo.ru/api/sub/rp6VZU5x1KoWqmHe|VPN
[17:39:13]   • https://sub.datanode-internal.net/KzmeGBwzvnW1fHn7|vpn33
[17:39:13] 
[17:39:13] ----------------------------------------------
[17:39:13] ШАГ 2: Клонирование репозитория
[17:39:13] ----------------------------------------------
[17:39:15] Статус: УСПЕШНО
[17:39:15] 
[17:39:15] ----------------------------------------------
[17:39:15] ШАГ 3: Обработка подписок
[17:39:15] ----------------------------------------------
[17:39:15] 
[17:39:15] Подписка #1: Vpn
[17:39:15]   Файл: 8cbda047_Subscription.txt
[17:39:16]   Загрузка: УСПЕШНО (26168 байт)
[17:39:16]   Формат: Base64 → vless
[17:39:16]   Конфигов: VL=48 VM=0 TR=0 SS=96 (всего: 144)
[17:39:16] 
[17:39:16] Подписка #2: VPN
[17:39:16]   Файл: 03a7dba1_Subscription.txt
[17:39:18]   Загрузка: УСПЕШНО (435484 байт)
[17:39:18]   Формат: JSON
[17:39:18]   Конфигов (JSON): 23
[17:39:18] 
[17:39:18] Подписка #3: vpn33
[17:39:18]   Файл: b91d57b9_Subscription.txt
[17:39:19]   Загрузка: УСПЕШНО (36493 байт)
[17:39:19]   Формат: JSON
[17:39:19]   Конфигов (JSON): 15
[17:39:19] 
[17:39:19] ----------------------------------------------
[17:39:19] ШАГ 4: Сводный файл
[17:39:19] ----------------------------------------------
[17:39:19] Ссылки в GotovVpn.txt:
[17:39:19]   • https://raw.githubusercontent.com/po5p/TgBot/main/8cbda047_Subscription.txt
[17:39:19]   • https://raw.githubusercontent.com/po5p/TgBot/main/03a7dba1_Subscription.txt
[17:39:19]   • https://raw.githubusercontent.com/po5p/TgBot/main/b91d57b9_Subscription.txt
[17:39:20] 
[17:39:20] ----------------------------------------------
[17:39:20] ШАГ 5: Отправка в GitHub
[17:39:20] ----------------------------------------------
[17:39:22] Результат: УСПЕШНО
[17:39:22] 
[17:39:22] ==============================================
[17:39:22] ИТОГИ
[17:39:22] ==============================================
[17:39:22] Обработано: 3 | Пропущено: 0
[17:39:22]   VLESS:  48
[17:39:22]   SS:     96
[17:39:22]   JSON:   38
[17:39:22]   ─────────────────
[17:39:22]   ВСЕГО:  182
[17:39:22] Сводный файл: https://raw.githubusercontent.com/po5p/TgBot/main/GotovVpn.txt
[17:39:22] ==============================================
