[16:44:40] ==============================================
[16:44:40] ЗАПУСК ОБНОВЛЕНИЯ VPN
[16:44:40] ==============================================
[16:44:40] Дата: 02.07.2026 16:44:40
[16:44:40] GitHub: po5p/TgBot
[16:44:40] 
[16:44:40] ----------------------------------------------
[16:44:40] ШАГ 1: Получение списка подписок
[16:44:40] ----------------------------------------------
[16:44:41] Статус: 200 (УСПЕШНО), размер: 159 байт
[16:44:41] Содержимое:
[16:44:41]   • 5739816977|https://vless-config.vadimakimov2009.workers.dev/vpn-config?user=5739816977|AstraVPN-PRO
[16:44:41]   • 8428348407|https://net4.su/keys/8203516109/NNXEK|Stela_VPN
[16:44:41] 
[16:44:41] ----------------------------------------------
[16:44:41] ШАГ 2: Клонирование репозитория
[16:44:41] ----------------------------------------------
[16:44:42] Статус: УСПЕШНО
[16:44:42] 
[16:44:42] ----------------------------------------------
[16:44:42] ШАГ 3: Обработка подписок
[16:44:43] ----------------------------------------------
[16:44:43] 
[16:44:43] Подписка #1: AstraVPN-PRO (ID: 5739816977)
[16:44:43]   Файл: users/5739816977/9bea4c44_Subscription.txt
[16:44:43]   Загрузка: УСПЕШНО (17914 байт)
[16:44:44]   Формат: JSON
[16:44:44]   Конфигов (JSON): 16
[16:44:44] 
[16:44:44] Подписка #2: Stela_VPN (ID: 8428348407)
[16:44:44]   Файл: users/8428348407/664ca811_Subscription.txt
[16:44:44]   Загрузка: УСПЕШНО (62192 байт)
[16:44:44]   Формат: JSON
[16:44:45]   Конфигов (JSON): 25
[16:44:45] 
[16:44:45] ----------------------------------------------
[16:44:45] ШАГ 4: Сводный файл
[16:44:45] ----------------------------------------------
[16:44:45] Ссылки в GotovVpn.txt:
[16:44:45]   • https://raw.githubusercontent.com/po5p/TgBot/main/users/5739816977/9bea4c44_Subscription.txt
[16:44:45]   • https://raw.githubusercontent.com/po5p/TgBot/main/users/8428348407/664ca811_Subscription.txt
[16:44:45] 
[16:44:45] ----------------------------------------------
[16:44:45] ШАГ 5: Отправка в GitHub
[16:44:45] ----------------------------------------------
[16:44:47] Результат: УСПЕШНО
[16:44:47] 
[16:44:47] ==============================================
[16:44:47] ИТОГИ
[16:44:47] ==============================================
[16:44:47] Обработано: 2 | Пропущено: 0
[16:44:47]   JSON:   41
[16:44:47]   ─────────────────
[16:44:47]   ВСЕГО:  41
[16:44:47] Сводный файл: https://raw.githubusercontent.com/po5p/TgBot/main/GotovVpn.txt
[16:44:47] ==============================================
