[14:34:01] ==============================================
[14:34:01] ЗАПУСК ОБНОВЛЕНИЯ VPN
[14:34:01] ==============================================
[14:34:01] Дата: 19.06.2026 14:34:01
[14:34:01] GitHub: po5p/TgBot
[14:34:01] 
[14:34:01] ----------------------------------------------
[14:34:01] ШАГ 1: Получение списка подписок
[14:34:01] ----------------------------------------------
[14:34:02] Статус: 200 (УСПЕШНО), размер: 262 байт
[14:34:02] Содержимое:
[14:34:02]   • https://yax.nenadoblokirowatgnidda.ru/exec?url=http%3A%2F%2F77.110.104.181%3A5002%2Fsub%2FVGdydXNzaWEsMTc4MTc4OTk1Mw20zr9u72oH|Vpn
[14:34:02]   • https://yax.nenadoblokirowatgnidda.ru/exec?url=http%3A%2F%2F77.110.104.181%3A5002%2Fsub%2FVGdydXNzaWEsMTc4MTc4OTk1Mw20zr9u72oH|VPN
[14:34:02] 
[14:34:02] ----------------------------------------------
[14:34:02] ШАГ 2: Клонирование репозитория
[14:34:02] ----------------------------------------------
[14:34:03] Статус: УСПЕШНО
[14:34:03] 
[14:34:03] ----------------------------------------------
[14:34:03] ШАГ 3: Обработка подписок
[14:34:03] ----------------------------------------------
[14:34:03] 
[14:34:03] Подписка #1: Vpn
[14:34:03]   Файл: 8cbda047_Subscription.txt
[14:34:04]   Загрузка: УСПЕШНО (13272 байт)
[14:34:04]   Формат: Base64 → vless
[14:34:04]   Конфигов: VL=22 VM=0 TR=0 SS=44 (всего: 66)
[14:34:04] 
[14:34:04] Подписка #2: VPN
[14:34:04]   Файл: 8cbda047_Subscription.txt
[14:34:05]   Загрузка: УСПЕШНО (13272 байт)
[14:34:05]   Формат: Base64 → vless
[14:34:05]   Конфигов: VL=22 VM=0 TR=0 SS=44 (всего: 66)
[14:34:05] 
[14:34:05] ----------------------------------------------
[14:34:05] ШАГ 4: Сводный файл
[14:34:06] ----------------------------------------------
[14:34:06] Ссылки в GotovVpn.txt:
[14:34:06]   • https://raw.githubusercontent.com/po5p/TgBot/main/8cbda047_Subscription.txt
[14:34:06]   • https://raw.githubusercontent.com/po5p/TgBot/main/8cbda047_Subscription.txt
[14:34:06] 
[14:34:06] ----------------------------------------------
[14:34:06] ШАГ 5: Отправка в GitHub
[14:34:06] ----------------------------------------------
[14:34:07] Результат: УСПЕШНО
[14:34:07] 
[14:34:08] ==============================================
[14:34:08] ИТОГИ
[14:34:08] ==============================================
[14:34:08] Обработано: 2 | Пропущено: 0
[14:34:08]   VLESS:  44
[14:34:08]   SS:     88
[14:34:08]   ─────────────────
[14:34:08]   ВСЕГО:  132
[14:34:08] Сводный файл: https://raw.githubusercontent.com/po5p/TgBot/main/GotovVpn.txt
[14:34:08] ==============================================
