[17:47:39] ==============================================
[17:47:39] ЗАПУСК ОБНОВЛЕНИЯ VPN
[17:47:39] ==============================================
[17:47:39] Дата: 26.06.2026 17:47:39
[17:47:39] GitHub: po5p/TgBot
[17:47:39] 
[17:47:39] ----------------------------------------------
[17:47:39] ШАГ 1: Получение списка подписок
[17:47:39] ----------------------------------------------
[17:47:40] Статус: 200 (УСПЕШНО), размер: 225 байт
[17:47:40] Содержимое:
[17:47:40]   • https://github.com/lsncococososo-rgb/GRN_VPN/raw/refs/heads/main/config.txt|GRN_VPN
[17:47:40]   • https://31.76.240.234:2096/sub/qrv3n2dptx2n7xdn|Yowet
[17:47:40]   • https://vless-config.vadimakimov2009.workers.dev/vpn-config?user=5739816977|BamBukVPN
[17:47:40] 
[17:47:40] ----------------------------------------------
[17:47:40] ШАГ 2: Клонирование репозитория
[17:47:40] ----------------------------------------------
[17:47:42] Статус: УСПЕШНО
[17:47:42] 
[17:47:42] ----------------------------------------------
[17:47:42] ШАГ 3: Обработка подписок
[17:47:43] ----------------------------------------------
[17:47:43] 
[17:47:43] Подписка #2: GRN_VPN
[17:47:43]   Файл: e33835c2_Subscription.txt
[17:47:45]   Загрузка: УСПЕШНО (2416 байт)
[17:47:45]   Формат: готовые vless/заголовки
[17:47:45]   Конфигов: 14
[17:47:45] 
[17:47:45] Подписка #3: Yowet
[17:47:45]   Файл: 7644db88_Subscription.txt
[17:47:47]   Загрузка: УСПЕШНО (12452 байт)
[17:47:47]   Формат: Base64 → vless
[17:47:47]   Конфигов: VL=4 VM=0 TR=0 SS=8 (всего: 12)
[17:47:47] 
[17:47:47] Подписка #4: BamBukVPN
[17:47:47]   Файл: 9bea4c44_Subscription.txt
[17:47:52]   Загрузка: УСПЕШНО (6073 байт)
[17:47:52]   Формат: JSON
[17:47:52]   Конфигов (JSON): 7
[17:47:53] 
[17:47:53] ----------------------------------------------
[17:47:53] ШАГ 4: Сводный файл
[17:47:53] ----------------------------------------------
[17:47:53] Ссылки в GotovVpn.txt:
[17:47:53]   • https://raw.githubusercontent.com/po5p/TgBot/main/e33835c2_Subscription.txt
[17:47:53]   • https://raw.githubusercontent.com/po5p/TgBot/main/7644db88_Subscription.txt
[17:47:53]   • https://raw.githubusercontent.com/po5p/TgBot/main/9bea4c44_Subscription.txt
[17:47:53] 
[17:47:53] ----------------------------------------------
[17:47:53] ШАГ 5: Отправка в GitHub
[17:47:53] ----------------------------------------------
[17:47:56] Результат: УСПЕШНО
[17:47:56] 
[17:47:56] ==============================================
[17:47:56] ИТОГИ
[17:47:56] ==============================================
[17:47:56] Обработано: 3 | Пропущено: 0
[17:47:56]   VLESS:  4
[17:47:56]   SS:     8
[17:47:56]   JSON:   7
[17:47:56]   ─────────────────
[17:47:56]   ВСЕГО:  19
[17:47:56] Сводный файл: https://raw.githubusercontent.com/po5p/TgBot/main/GotovVpn.txt
[17:47:56] ==============================================
