[17:31:39] ==============================================
[17:31:39] ЗАПУСК ОБНОВЛЕНИЯ VPN
[17:31:39] ==============================================
[17:31:39] Дата: 21.06.2026 17:31:39
[17:31:39] GitHub: po5p/TgBot
[17:31:39] 
[17:31:39] ----------------------------------------------
[17:31:39] ШАГ 1: Получение списка подписок
[17:31:39] ----------------------------------------------
[17:31:40] Статус: 200 (УСПЕШНО), размер: 466 байт
[17:31:40] Содержимое:
[17:31:40]   • https://yax.nenadoblokirowatgnidda.ru/exec?url=http%3A%2F%2F77.110.104.181%3A5002%2Fsub%2FVGdydXNzaWEsMTc4MTc4OTk1Mw20zr9u72oH|Vpn
[17:31:40]   • https://sub.smygo.ru/api/sub/rp6VZU5x1KoWqmHe|VPN
[17:31:40]   • https://akonit.tech/sub/a0cc22c1-312b-47a1-99bb-bb62fd39df0e|AkonitVPN
[17:31:40]   • https://sub.cvedcvpn.ru/e-LF_rZTKbPzyANj|garelmakrel
[17:31:40]   • https://raw.githubusercontent.com/hiztin/VLESS-PO-GRIBI/main/deploy/subscriptions/1.txt|90
[17:31:40]   • https://mawtunnel.onrender.com/sub/WpqtBEilhthDB7tedo|ЯЕбланVPN
[17:31:40] 
[17:31:40] ----------------------------------------------
[17:31:40] ШАГ 2: Клонирование репозитория
[17:31:40] ----------------------------------------------
[17:31:42] Статус: УСПЕШНО
[17:31:42] 
[17:31:42] ----------------------------------------------
[17:31:42] ШАГ 3: Обработка подписок
[17:31:42] ----------------------------------------------
[17:31:42] 
[17:31:42] Подписка #1: Vpn
[17:31:42]   Файл: 8cbda047_Subscription.txt
[17:31:43]   Загрузка: ОШИБКА HTTP 502
[17:31:43]   Формат: Base64 → vless
[17:31:43]   Конфигов: VL=0 VM=0 TR=0 SS=0 (всего: 0)
[17:31:44] 
[17:31:44] Подписка #2: VPN
[17:31:44]   Файл: 03a7dba1_Subscription.txt
[17:31:45]   Загрузка: ОШИБКА HTTP 404
[17:31:45]   Формат: JSON
[17:31:45]   Конфигов (JSON): 3
[17:31:45] 
[17:31:45] Подписка #3: AkonitVPN
[17:31:45]   Файл: 1c89ecb2_Subscription.txt
[17:31:45]   Загрузка: ОШИБКА HTTP 404
[17:31:46]   Формат: JSON
[17:31:46]   Конфигов (JSON): 1
[17:31:46] 
[17:31:46] Подписка #4: garelmakrel
[17:31:46]   Файл: 77ae023c_Subscription.txt
[17:31:47]   Загрузка: УСПЕШНО (5926 байт)
[17:31:47]   Формат: JSON
[17:31:47]   Конфигов (JSON): 5
[17:31:47] 
[17:31:47] Подписка #5: 90
[17:31:47]   Файл: dc763289_Subscription.txt
[17:31:48]   Загрузка: УСПЕШНО (51990 байт)
[17:31:48]   Формат: готовые vless/заголовки
[17:31:48]   Конфигов: 380
[17:31:48] 
[17:31:48] Подписка #6: ЯЕбланVPN
[17:31:48]   Файл: 12ad9a86_Subscription.txt
[17:31:49]   Загрузка: УСПЕШНО (38398 байт)
[17:31:49]   Формат: Base64 → vless
[17:34:58]   Конфигов: VL=0 VM=0 TR=0 SS=0 (всего: 0)
[17:34:58] 
[17:34:58] ----------------------------------------------
[17:34:58] ШАГ 4: Сводный файл
[17:34:58] ----------------------------------------------
[17:34:58] Ссылки в GotovVpn.txt:
[17:34:58]   • https://raw.githubusercontent.com/po5p/TgBot/main/8cbda047_Subscription.txt
[17:34:58]   • https://raw.githubusercontent.com/po5p/TgBot/main/03a7dba1_Subscription.txt
[17:34:58]   • https://raw.githubusercontent.com/po5p/TgBot/main/1c89ecb2_Subscription.txt
[17:34:58]   • https://raw.githubusercontent.com/po5p/TgBot/main/77ae023c_Subscription.txt
[17:34:58]   • https://raw.githubusercontent.com/po5p/TgBot/main/dc763289_Subscription.txt
[17:34:58]   • https://raw.githubusercontent.com/po5p/TgBot/main/12ad9a86_Subscription.txt
[17:34:58] 
[17:34:58] ----------------------------------------------
[17:34:58] ШАГ 5: Отправка в GitHub
[17:34:59] ----------------------------------------------
[17:35:01] Результат: УСПЕШНО
[17:35:01] 
[17:35:01] ==============================================
[17:35:01] ИТОГИ
[17:35:01] ==============================================
[17:35:01] Обработано: 6 | Пропущено: 0
[17:35:01]   JSON:   9
[17:35:01]   ─────────────────
[17:35:01]   ВСЕГО:  9
[17:35:01] Сводный файл: https://raw.githubusercontent.com/po5p/TgBot/main/GotovVpn.txt
[17:35:01] ==============================================
