[20:52:37] ==============================================
[20:52:37] ЗАПУСК ОБНОВЛЕНИЯ VPN
[20:52:37] ==============================================
[20:52:37] Дата: 28.06.2026 20:52:37
[20:52:37] GitHub: po5p/TgBot
[20:52:37] 
[20:52:37] ----------------------------------------------
[20:52:37] ШАГ 1: Получение списка подписок
[20:52:37] ----------------------------------------------
[20:52:38] Статус: 200 (УСПЕШНО), размер: 618 байт
[20:52:38] Содержимое:
[20:52:38]   • https://github.com/lsncococososo-rgb/GRN_VPN/raw/refs/heads/main/config.txt|GRN_VPN
[20:52:38]   • https://31.76.240.234:2096/sub/qrv3n2dptx2n7xdn|Yowet
[20:52:38]   • https://subs.crabby.app/b8cd8e0b2467fd0f45922774d8b68f21b9c76b348d5af80db205a4aa5257efe2|В
[20:52:38]   • https://tinyurl.com/jm4nyfxp|CVEDC_VPN_||_FREE_ПОДПИСК
[20:52:38]   • https://happ.dska.su/https://vless-config.vadimakimov2009.workers.dev/vpn-config?user=5739816977|AstraVPN-PRO
[20:52:38]   • https://vpnsubs.site/api/sub/78-kh52vMQyWHcf6|VpnBezLagov
[20:52:38]   • https://vpnsubs.site/api/sub/WmpDVF2fhx495v_8|vpn
[20:52:38]   • https://raw.githubusercontent.com/slobodchicov/Hysteria-2-fasterrrr/refs/heads/main/T.me%7CMewCodeVless|tat
[20:52:38] 
[20:52:38] ----------------------------------------------
[20:52:38] ШАГ 2: Клонирование репозитория
[20:52:38] ----------------------------------------------
[20:52:39] Статус: УСПЕШНО
[20:52:39] 
[20:52:39] ----------------------------------------------
[20:52:40] ШАГ 3: Обработка подписок
[20:52:40] ----------------------------------------------
[20:52:40] 
[20:52:40] Подписка #1: GRN_VPN
[20:52:40]   Файл: e33835c2_Subscription.txt
[20:52:41]   Загрузка: УСПЕШНО (2416 байт)
[20:52:41]   Формат: готовые vless/заголовки
[20:52:41]   Конфигов: 14
[20:52:41] 
[20:52:41] Подписка #2: Yowet
[20:52:41]   Файл: 7644db88_Subscription.txt
[20:52:42]   Загрузка: ОШИБКА HTTP 404
[20:52:42]   ⚠ Пусто — оставляю старую копию
[20:52:42] 
[20:52:42] Подписка #3: В
[20:52:42]   Файл: 80edf5ff_Subscription.txt
[20:52:43]   Загрузка: УСПЕШНО (2172 байт)
[20:52:44]   Формат: Base64 → vless
[20:52:44]   Конфигов: VL=6 VM=0 TR=0 SS=12 (всего: 18)
[20:52:44] 
[20:52:44] Подписка #4: CVEDC_VPN_||_FREE_ПОДПИСК
[20:52:44]   Файл: 017b9265_Subscription.txt
[20:52:45]   Загрузка: УСПЕШНО (16609 байт)
[20:52:45]   Формат: готовые vless/заголовки
[20:52:46]   Конфигов: 116
[20:52:46] 
[20:52:46] Подписка #5: AstraVPN-PRO
[20:52:46]   Файл: ea85de74_Subscription.txt
[20:52:48]   Загрузка: УСПЕШНО (11905 байт)
[20:52:48]   Формат: JSON
[20:52:48]   Конфигов (JSON): 11
[20:52:48] 
[20:52:48] Подписка #6: VpnBezLagov
[20:52:48]   Файл: 2247dd1d_Subscription.txt
[20:52:49]   Загрузка: УСПЕШНО (26413 байт)
[20:52:49]   Формат: JSON
[20:52:49]   Конфигов (JSON): 17
[20:52:49] 
[20:52:49] Подписка #7: vpn
[20:52:49]   Файл: ac4e9d53_Subscription.txt
[20:52:50]   Загрузка: УСПЕШНО (26413 байт)
[20:52:50]   Формат: JSON
[20:52:50]   Конфигов (JSON): 17
[20:52:50] 
[20:52:50] Подписка #8: tat
[20:52:50]   Файл: 99e62ca5_Subscription.txt
[20:52:51]   Загрузка: УСПЕШНО (36766 байт)
[20:52:51]   Формат: JSON
[20:52:51]   Конфигов (JSON): 9
[20:52:51] 
[20:52:51] ----------------------------------------------
[20:52:51] ШАГ 4: Сводный файл
[20:52:52] ----------------------------------------------
[20:52:52] Ссылки в GotovVpn.txt:
[20:52:52]   • https://raw.githubusercontent.com/po5p/TgBot/main/e33835c2_Subscription.txt
[20:52:52]   • https://raw.githubusercontent.com/po5p/TgBot/main/7644db88_Subscription.txt
[20:52:52]   • https://raw.githubusercontent.com/po5p/TgBot/main/80edf5ff_Subscription.txt
[20:52:52]   • https://raw.githubusercontent.com/po5p/TgBot/main/017b9265_Subscription.txt
[20:52:52]   • https://raw.githubusercontent.com/po5p/TgBot/main/ea85de74_Subscription.txt
[20:52:52]   • https://raw.githubusercontent.com/po5p/TgBot/main/2247dd1d_Subscription.txt
[20:52:52]   • https://raw.githubusercontent.com/po5p/TgBot/main/ac4e9d53_Subscription.txt
[20:52:52]   • https://raw.githubusercontent.com/po5p/TgBot/main/99e62ca5_Subscription.txt
[20:52:52] 
[20:52:52] ----------------------------------------------
[20:52:52] ШАГ 5: Отправка в GitHub
[20:52:52] ----------------------------------------------
[20:52:53] Результат: УСПЕШНО
[20:52:53] 
[20:52:53] ==============================================
[20:52:53] ИТОГИ
[20:52:53] ==============================================
[20:52:53] Обработано: 7 | Пропущено: 1
[20:52:53]   VLESS:  6
[20:52:53]   SS:     12
[20:52:53]   JSON:   54
[20:52:53]   ─────────────────
[20:52:53]   ВСЕГО:  72
[20:52:53] Сводный файл: https://raw.githubusercontent.com/po5p/TgBot/main/GotovVpn.txt
[20:52:53] ==============================================
