[12:18:59] ==============================================
[12:18:59] ЗАПУСК ОБНОВЛЕНИЯ VPN
[12:18:59] ==============================================
[12:18:59] Дата: 26.06.2026 12:18:59
[12:19:00] GitHub: po5p/TgBot
[12:19:00] 
[12:19:00] ----------------------------------------------
[12:19:00] ШАГ 1: Получение списка подписок
[12:19:00] ----------------------------------------------
[12:19:00] Статус: 200 (УСПЕШНО), размер: 731 байт
[12:19:00] Содержимое:
[12:19:00]   • https://yax.nenadoblokirowatgnidda.ru/exec?url=http%3A%2F%2F77.110.104.181%3A5002%2Fsub%2FVGdydXNzaWEsMTc4MTc4OTk1Mw20zr9u72oH|Vpn
[12:19:00]   • https://sub.smygo.ru/api/sub/rp6VZU5x1KoWqmHe|VPN
[12:19:00]   • https://akonit.tech/sub/a0cc22c1-312b-47a1-99bb-bb62fd39df0e|AkonitVPN
[12:19:00]   • https://sub.cvedcvpn.ru/e-LF_rZTKbPzyANj|garelmakrel
[12:19:01]   • https://raw.githubusercontent.com/hiztin/VLESS-PO-GRIBI/main/deploy/subscriptions/1.txt|90
[12:19:01]   • https://mawtunnel.onrender.com/sub/WpqtBEilhthDB7tedo|ЯЕбланVPN
[12:19:01]   • https://github.com/lsncococososo-rgb/GRN_VPN/raw/refs/heads/main/config.txt|GRN_VPN
[12:19:01]   • https://31.76.240.234:2096/sub/qrv3n2dptx2n7xdn|Yowet
[12:19:01]   • https://panel.haizvpn.pw/api/sub/NbU-R-3HMUwERtwQ|Haizvpn
[12:19:01]   • https://vless-config.vadimakimov2009.workers.dev/?user=5739816977|nn
[12:19:01] 
[12:19:01] ----------------------------------------------
[12:19:01] ШАГ 2: Клонирование репозитория
[12:19:01] ----------------------------------------------
[12:19:02] Статус: УСПЕШНО
[12:19:02] 
[12:19:02] ----------------------------------------------
[12:19:02] ШАГ 3: Обработка подписок
[12:19:02] ----------------------------------------------
[12:19:02] 
[12:19:02] Подписка #1: Vpn
[12:19:03]   Файл: 8cbda047_Subscription.txt
[12:19:03]   Загрузка: ОШИБКА HTTP 502
[12:19:03]   Формат: Base64 → vless
[12:19:04]   Конфигов: VL=0 VM=0 TR=0 SS=0 (всего: 0)
[12:19:04] 
[12:19:04] Подписка #2: VPN
[12:19:04]   Файл: 03a7dba1_Subscription.txt
[12:19:04]   Загрузка: ОШИБКА HTTP 404
[12:19:04]   Формат: JSON
[12:19:05]   Конфигов (JSON): 3
[12:19:05] 
[12:19:05] Подписка #3: AkonitVPN
[12:19:05]   Файл: 1c89ecb2_Subscription.txt
[12:19:05]   Загрузка: ОШИБКА HTTP 404
[12:19:05]   Формат: JSON
[12:19:05]   Конфигов (JSON): 1
[12:19:05] 
[12:19:05] Подписка #4: garelmakrel
[12:19:06]   Файл: 77ae023c_Subscription.txt
[12:19:06]   Загрузка: УСПЕШНО (1947 байт)
[12:19:06]   Формат: JSON
[12:19:06]   Конфигов (JSON): 2
[12:19:06] 
[12:19:06] Подписка #5: 90
[12:19:06]   Файл: dc763289_Subscription.txt
[12:19:07]   Загрузка: УСПЕШНО (49164 байт)
[12:19:07]   Формат: готовые vless/заголовки
[12:19:07]   Конфигов: 345
[12:19:07] 
[12:19:07] Подписка #6: ЯЕбланVPN
[12:19:07]   Файл: 12ad9a86_Subscription.txt
[12:19:08]   Загрузка: УСПЕШНО (38973 байт)
[12:19:09]   Формат: Base64 → vless
[12:19:31]   Конфигов: VL=0 VM=0 TR=0 SS=0 (всего: 0)
[12:19:31] 
[12:19:31] Подписка #7: GRN_VPN
[12:19:31]   Файл: e33835c2_Subscription.txt
[12:19:33]   Загрузка: УСПЕШНО (2416 байт)
[12:19:33]   Формат: готовые vless/заголовки
[12:19:33]   Конфигов: 14
[12:19:33] 
[12:19:33] Подписка #8: Yowet
[12:19:33]   Файл: 7644db88_Subscription.txt
[12:19:34]   Загрузка: УСПЕШНО (12464 байт)
[12:19:34]   Формат: Base64 → vless
[12:19:34]   Конфигов: VL=4 VM=0 TR=0 SS=8 (всего: 12)
[12:19:34] 
[12:19:34] Подписка #9: Haizvpn
[12:19:34]   Файл: e546cf1e_Subscription.txt
[12:19:35]   Загрузка: УСПЕШНО (985 байт)
[12:19:35]   ⚠ Заглушка — оставляю старую копию
[12:19:35] 
[12:19:35] Подписка #10: nn
[12:19:35]   Файл: 3b325403_Subscription.txt
[12:19:36]   Загрузка: УСПЕШНО (6073 байт)
[12:19:36]   Формат: JSON
[12:19:36]   Конфигов (JSON): 7
[12:19:36] 
[12:19:36] ----------------------------------------------
[12:19:36] ШАГ 4: Сводный файл
[12:19:36] ----------------------------------------------
[12:19:36] Ссылки в GotovVpn.txt:
[12:19:36]   • https://raw.githubusercontent.com/po5p/TgBot/main/8cbda047_Subscription.txt
[12:19:36]   • https://raw.githubusercontent.com/po5p/TgBot/main/03a7dba1_Subscription.txt
[12:19:36]   • https://raw.githubusercontent.com/po5p/TgBot/main/1c89ecb2_Subscription.txt
[12:19:36]   • https://raw.githubusercontent.com/po5p/TgBot/main/77ae023c_Subscription.txt
[12:19:36]   • https://raw.githubusercontent.com/po5p/TgBot/main/dc763289_Subscription.txt
[12:19:36]   • https://raw.githubusercontent.com/po5p/TgBot/main/12ad9a86_Subscription.txt
[12:19:36]   • https://raw.githubusercontent.com/po5p/TgBot/main/e33835c2_Subscription.txt
[12:19:36]   • https://raw.githubusercontent.com/po5p/TgBot/main/7644db88_Subscription.txt
[12:19:36]   • https://raw.githubusercontent.com/po5p/TgBot/main/e546cf1e_Subscription.txt
[12:19:36]   • https://raw.githubusercontent.com/po5p/TgBot/main/3b325403_Subscription.txt
[12:19:36] 
[12:19:37] ----------------------------------------------
[12:19:37] ШАГ 5: Отправка в GitHub
[12:19:37] ----------------------------------------------
[12:19:38] Результат: УСПЕШНО
[12:19:39] 
[12:19:39] ==============================================
[12:19:39] ИТОГИ
[12:19:39] ==============================================
[12:19:39] Обработано: 9 | Пропущено: 1
[12:19:39]   VLESS:  4
[12:19:39]   SS:     8
[12:19:39]   JSON:   13
[12:19:39]   ─────────────────
[12:19:39]   ВСЕГО:  25
[12:19:39] Сводный файл: https://raw.githubusercontent.com/po5p/TgBot/main/GotovVpn.txt
[12:19:39] ==============================================
