[15:47:14] ==============================================
[15:47:14] ЗАПУСК ОБНОВЛЕНИЯ VPN
[15:47:14] ==============================================
[15:47:14] Дата: 28.06.2026 15:47:14
[15:47:14] GitHub: po5p/TgBot
[15:47:14] 
[15:47:14] ----------------------------------------------
[15:47:14] ШАГ 1: Получение списка подписок
[15:47:14] ----------------------------------------------
[15:47:15] Статус: 200 (УСПЕШНО), размер: 571 байт
[15:47:15] Содержимое:
[15:47:15]   • https://github.com/lsncococososo-rgb/GRN_VPN/raw/refs/heads/main/config.txt|GRN_VPN
[15:47:15]   • https://31.76.240.234:2096/sub/qrv3n2dptx2n7xdn|Yowet
[15:47:15]   • https://subs.crabby.app/b8cd8e0b2467fd0f45922774d8b68f21b9c76b348d5af80db205a4aa5257efe2|В
[15:47:15]   • https://tinyurl.com/jm4nyfxp|CVEDC_VPN_||_FREE_ПОДПИСК
[15:47:15]   • https://happ.dska.su/https://vless-config.vadimakimov2009.workers.dev/vpn-config?user=5739816977|AstraVPN-PRO
[15:47:15]   • https://vpnsubs.site/api/sub/78-kh52vMQyWHcf6|VpnBezLagov
[15:47:15]   • https://vpnsubs.site/api/sub/z5Pw5YCbPntNqqgM|VpnBezLagovLTE
[15:47:15]   • https://vpnsubs.site/api/sub/WmpDVF2fhx495v_8|vpn
[15:47:15] 
[15:47:15] ----------------------------------------------
[15:47:15] ШАГ 2: Клонирование репозитория
[15:47:15] ----------------------------------------------
[15:47:17] Статус: УСПЕШНО
[15:47:17] 
[15:47:17] ----------------------------------------------
[15:47:17] ШАГ 3: Обработка подписок
[15:47:17] ----------------------------------------------
[15:47:17] 
[15:47:17] Подписка #1: GRN_VPN
[15:47:17]   Файл: e33835c2_Subscription.txt
[15:47:18]   Загрузка: УСПЕШНО (2416 байт)
[15:47:18]   Формат: готовые vless/заголовки
[15:47:18]   Конфигов: 14
[15:47:18] 
[15:47:18] Подписка #2: Yowet
[15:47:18]   Файл: 7644db88_Subscription.txt
[15:47:19]   Загрузка: УСПЕШНО (12464 байт)
[15:47:19]   Формат: Base64 → vless
[15:47:19]   Конфигов: VL=4 VM=0 TR=0 SS=8 (всего: 12)
[15:47:20] 
[15:47:20] Подписка #3: В
[15:47:20]   Файл: 80edf5ff_Subscription.txt
[15:47:21]   Загрузка: УСПЕШНО (2172 байт)
[15:47:21]   Формат: Base64 → vless
[15:47:21]   Конфигов: VL=6 VM=0 TR=0 SS=12 (всего: 18)
[15:47:21] 
[15:47:21] Подписка #4: CVEDC_VPN_||_FREE_ПОДПИСК
[15:47:21]   Файл: 017b9265_Subscription.txt
[15:47:23]   Загрузка: УСПЕШНО (16609 байт)
[15:47:23]   Формат: готовые vless/заголовки
[15:47:23]   Конфигов: 116
[15:47:23] 
[15:47:23] Подписка #5: AstraVPN-PRO
[15:47:23]   Файл: ea85de74_Subscription.txt
[15:47:24]   Загрузка: УСПЕШНО (11905 байт)
[15:47:24]   Формат: JSON
[15:47:24]   Конфигов (JSON): 11
[15:47:25] 
[15:47:25] Подписка #6: VpnBezLagov
[15:47:25]   Файл: 2247dd1d_Subscription.txt
[15:47:25]   Загрузка: УСПЕШНО (14757 байт)
[15:47:25]   Формат: JSON
[15:47:25]   Конфигов (JSON): 7
[15:47:25] 
[15:47:26] Подписка #7: VpnBezLagovLTE
[15:47:26]   Файл: e45f4f15_Subscription.txt
[15:47:26]   Загрузка: ОШИБКА HTTP 502
[15:47:26]   ⚠ Пусто — оставляю старую копию
[15:47:26] 
[15:47:26] Подписка #8: vpn
[15:47:26]   Файл: ac4e9d53_Subscription.txt
[15:47:27]   Загрузка: УСПЕШНО (23912 байт)
[15:47:27]   Формат: JSON
[15:47:28]   Конфигов (JSON): 17
[15:47:28] 
[15:47:28] ----------------------------------------------
[15:47:28] ШАГ 4: Сводный файл
[15:47:28] ----------------------------------------------
[15:47:28] Ссылки в GotovVpn.txt:
[15:47:28]   • https://raw.githubusercontent.com/po5p/TgBot/main/e33835c2_Subscription.txt
[15:47:28]   • https://raw.githubusercontent.com/po5p/TgBot/main/7644db88_Subscription.txt
[15:47:28]   • https://raw.githubusercontent.com/po5p/TgBot/main/80edf5ff_Subscription.txt
[15:47:28]   • https://raw.githubusercontent.com/po5p/TgBot/main/017b9265_Subscription.txt
[15:47:28]   • https://raw.githubusercontent.com/po5p/TgBot/main/ea85de74_Subscription.txt
[15:47:28]   • https://raw.githubusercontent.com/po5p/TgBot/main/2247dd1d_Subscription.txt
[15:47:28]   • https://raw.githubusercontent.com/po5p/TgBot/main/e45f4f15_Subscription.txt
[15:47:28]   • https://raw.githubusercontent.com/po5p/TgBot/main/ac4e9d53_Subscription.txt
[15:47:28] 
[15:47:28] ----------------------------------------------
[15:47:28] ШАГ 5: Отправка в GitHub
[15:47:28] ----------------------------------------------
[15:47:30] Результат: УСПЕШНО
[15:47:30] 
[15:47:30] ==============================================
[15:47:30] ИТОГИ
[15:47:30] ==============================================
[15:47:30] Обработано: 7 | Пропущено: 1
[15:47:30]   VLESS:  10
[15:47:30]   SS:     20
[15:47:30]   JSON:   35
[15:47:30]   ─────────────────
[15:47:30]   ВСЕГО:  65
[15:47:30] Сводный файл: https://raw.githubusercontent.com/po5p/TgBot/main/GotovVpn.txt
[15:47:30] ==============================================
