[23:16:25] ==============================================
[23:16:25] ЗАПУСК ОБНОВЛЕНИЯ VPN
[23:16:25] ==============================================
[23:16:25] Дата: 28.06.2026 23:16:25
[23:16:25] GitHub: po5p/TgBot
[23:16:25] 
[23:16:25] ----------------------------------------------
[23:16:25] ШАГ 1: Получение списка подписок
[23:16:25] ----------------------------------------------
[23:16:26] Статус: 200 (УСПЕШНО), размер: 614 байт
[23:16:26] Содержимое:
[23:16:26]   • https://github.com/lsncococososo-rgb/GRN_VPN/raw/refs/heads/main/config.txt|GRN_VPN
[23:16:26]   • https://subs.crabby.app/b8cd8e0b2467fd0f45922774d8b68f21b9c76b348d5af80db205a4aa5257efe2|В
[23:16:26]   • https://tinyurl.com/jm4nyfxp|CVEDC_VPN_||_FREE_ПОДПИСК
[23:16:26]   • https://happ.dska.su/https://vless-config.vadimakimov2009.workers.dev/vpn-config?user=5739816977|AstraVPN-PRO
[23:16:26]   • https://vpnsubs.site/api/sub/78-kh52vMQyWHcf6|VpnBezLagov
[23:16:26]   • https://vpnsubs.site/api/sub/WmpDVF2fhx495v_8|vpn
[23:16:26]   • https://sub.lbrts.org/hz9UvFDVehXtGB-m|Абзябзяблик_ВПН
[23:16:26]   • https://sub.auravpn.cc/k6vPRn1n0sDBaBoC|Дрыга_ВПН
[23:16:26]   • https://12w.uk/4bjgny|ВВпн
[23:16:26] 
[23:16:26] ----------------------------------------------
[23:16:26] ШАГ 2: Клонирование репозитория
[23:16:26] ----------------------------------------------
[23:16:27] Статус: УСПЕШНО
[23:16:28] 
[23:16:28] ----------------------------------------------
[23:16:28] ШАГ 3: Обработка подписок
[23:16:28] ----------------------------------------------
[23:16:28] 
[23:16:28] Подписка #1: GRN_VPN
[23:16:28]   Файл: e33835c2_Subscription.txt
[23:16:29]   Загрузка: УСПЕШНО (2416 байт)
[23:16:29]   Формат: готовые vless/заголовки
[23:16:29]   Конфигов: 14
[23:16:29] 
[23:16:29] Подписка #2: В
[23:16:29]   Файл: 80edf5ff_Subscription.txt
[23:16:31]   Загрузка: УСПЕШНО (2172 байт)
[23:16:31]   Формат: Base64 → vless
[23:16:31]   Конфигов: VL=6 VM=0 TR=0 SS=12 (всего: 18)
[23:16:31] 
[23:16:31] Подписка #3: CVEDC_VPN_||_FREE_ПОДПИСК
[23:16:31]   Файл: 017b9265_Subscription.txt
[23:16:33]   Загрузка: УСПЕШНО (16609 байт)
[23:16:33]   Формат: готовые vless/заголовки
[23:16:33]   Конфигов: 116
[23:16:33] 
[23:16:33] Подписка #4: AstraVPN-PRO
[23:16:33]   Файл: ea85de74_Subscription.txt
[23:16:34]   Загрузка: УСПЕШНО (11905 байт)
[23:16:34]   Формат: JSON
[23:16:34]   Конфигов (JSON): 11
[23:16:34] 
[23:16:34] Подписка #5: VpnBezLagov
[23:16:34]   Файл: 2247dd1d_Subscription.txt
[23:16:35]   Загрузка: УСПЕШНО (1946 байт)
[23:16:35]   Формат: JSON
[23:16:35]   Конфигов (JSON): 2
[23:16:35] 
[23:16:35] Подписка #6: vpn
[23:16:35]   Файл: ac4e9d53_Subscription.txt
[23:16:36]   Загрузка: УСПЕШНО (1946 байт)
[23:16:36]   Формат: JSON
[23:16:36]   Конфигов (JSON): 2
[23:16:36] 
[23:16:36] Подписка #7: Абзябзяблик_ВПН
[23:16:36]   Файл: 5942b582_Subscription.txt
[23:16:37]   Загрузка: УСПЕШНО (187404 байт)
[23:16:37]   Формат: JSON
[23:16:37]   Конфигов (JSON): 26
[23:16:37] 
[23:16:37] Подписка #8: Дрыга_ВПН
[23:16:37]   Файл: 2558949b_Subscription.txt
[23:16:38]   Загрузка: УСПЕШНО (1468 байт)
[23:16:38]   Формат: Base64 → vless
[23:16:38]   Конфигов: VL=4 VM=0 TR=0 SS=8 (всего: 12)
[23:16:38] 
[23:16:38] Подписка #9: ВВпн
[23:16:38]   Файл: 5d334869_Subscription.txt
[23:16:40]   Загрузка: УСПЕШНО (25077 байт)
[23:16:40]   Формат: JSON
[23:16:40]   Конфигов (JSON): 21
[23:16:40] 
[23:16:40] ----------------------------------------------
[23:16:40] ШАГ 4: Сводный файл
[23:16:40] ----------------------------------------------
[23:16:40] Ссылки в GotovVpn.txt:
[23:16:40]   • https://raw.githubusercontent.com/po5p/TgBot/main/e33835c2_Subscription.txt
[23:16:40]   • https://raw.githubusercontent.com/po5p/TgBot/main/80edf5ff_Subscription.txt
[23:16:40]   • https://raw.githubusercontent.com/po5p/TgBot/main/017b9265_Subscription.txt
[23:16:40]   • https://raw.githubusercontent.com/po5p/TgBot/main/ea85de74_Subscription.txt
[23:16:40]   • https://raw.githubusercontent.com/po5p/TgBot/main/2247dd1d_Subscription.txt
[23:16:40]   • https://raw.githubusercontent.com/po5p/TgBot/main/ac4e9d53_Subscription.txt
[23:16:40]   • https://raw.githubusercontent.com/po5p/TgBot/main/5942b582_Subscription.txt
[23:16:40]   • https://raw.githubusercontent.com/po5p/TgBot/main/2558949b_Subscription.txt
[23:16:40]   • https://raw.githubusercontent.com/po5p/TgBot/main/5d334869_Subscription.txt
[23:16:40] 
[23:16:40] ----------------------------------------------
[23:16:40] ШАГ 5: Отправка в GitHub
[23:16:40] ----------------------------------------------
[23:16:42] Результат: УСПЕШНО
[23:16:42] 
[23:16:42] ==============================================
[23:16:42] ИТОГИ
[23:16:42] ==============================================
[23:16:42] Обработано: 9 | Пропущено: 0
[23:16:42]   VLESS:  10
[23:16:42]   SS:     20
[23:16:42]   JSON:   62
[23:16:42]   ─────────────────
[23:16:42]   ВСЕГО:  92
[23:16:42] Сводный файл: https://raw.githubusercontent.com/po5p/TgBot/main/GotovVpn.txt
[23:16:42] ==============================================
