[21:47:47] ==============================================
[21:47:47] ЗАПУСК ОБНОВЛЕНИЯ VPN
[21:47:47] ==============================================
[21:47:48] Дата: 26.06.2026 21:47:47
[21:47:48] GitHub: po5p/TgBot
[21:47:48] 
[21:47:48] ----------------------------------------------
[21:47:48] ШАГ 1: Получение списка подписок
[21:47:48] ----------------------------------------------
[21:47:48] Статус: 200 (УСПЕШНО), размер: 534 байт
[21:47:48] Содержимое:
[21:47:49]   • https://github.com/lsncococososo-rgb/GRN_VPN/raw/refs/heads/main/config.txt|GRN_VPN
[21:47:49]   • https://31.76.240.234:2096/sub/qrv3n2dptx2n7xdn|Yowet
[21:47:49]   • https://vless-config.vadimakimov2009.workers.dev/vpn-config?user=5739816977|BamBukVPN
[21:47:49]   • https://mawtunnel.onrender.com/sub/WpqtBEilhthDB7tedo|Бастакарапузики
[21:47:49]   • https://subs.crabby.app/b8cd8e0b2467fd0f45922774d8b68f21b9c76b348d5af80db205a4aa5257efe2|В
[21:47:49]   • https://tinyurl.com/jm4nyfxp|CVEDC_VPN_||_FREE_ПОДПИСК
[21:47:49]   • https://tonsrivals.online/apx/VnH4dCLbQH1KvgGg|Пердусран_VPN
[21:47:49] 
[21:47:49] ----------------------------------------------
[21:47:49] ШАГ 2: Клонирование репозитория
[21:47:49] ----------------------------------------------
[21:47:51] Статус: УСПЕШНО
[21:47:51] 
[21:47:51] ----------------------------------------------
[21:47:51] ШАГ 3: Обработка подписок
[21:47:51] ----------------------------------------------
[21:47:52] 
[21:47:52] Подписка #2: GRN_VPN
[21:47:52]   Файл: e33835c2_Subscription.txt
[21:47:54]   Загрузка: УСПЕШНО (2416 байт)
[21:47:54]   Формат: готовые vless/заголовки
[21:47:54]   Конфигов: 14
[21:47:54] 
[21:47:54] Подписка #3: Yowet
[21:47:54]   Файл: 7644db88_Subscription.txt
[21:47:56]   Загрузка: УСПЕШНО (12480 байт)
[21:47:56]   Формат: Base64 → vless
[21:47:56]   Конфигов: VL=4 VM=0 TR=0 SS=8 (всего: 12)
[21:47:57] 
[21:47:57] Подписка #4: BamBukVPN
[21:47:57]   Файл: 9bea4c44_Subscription.txt
[21:47:57]   Загрузка: ОШИБКА HTTP 404
[21:47:57]   Формат: JSON
[21:47:57]   Конфигов (JSON): 1
[21:47:58] 
[21:47:58] Подписка #5: Бастакарапузики
[21:47:58]   Файл: 12ad9a86_Subscription.txt
[21:48:00]   Загрузка: УСПЕШНО (38973 байт)
[21:48:00]   Формат: Base64 → vless
[21:48:23]   Конфигов: VL=0 VM=0 TR=0 SS=0 (всего: 0)
[21:48:23] 
[21:48:23] Подписка #6: В
[21:48:23]   Файл: 80edf5ff_Subscription.txt
[21:48:27]   Загрузка: УСПЕШНО (2172 байт)
[21:48:27]   Формат: Base64 → vless
[21:48:27]   Конфигов: VL=6 VM=0 TR=0 SS=12 (всего: 18)
[21:48:27] 
[21:48:27] Подписка #7: CVEDC_VPN_||_FREE_ПОДПИСК
[21:48:27]   Файл: 017b9265_Subscription.txt
[21:48:30]   Загрузка: УСПЕШНО (16609 байт)
[21:48:30]   Формат: готовые vless/заголовки
[21:48:30]   Конфигов: 116
[21:48:30] 
[21:48:30] Подписка #8: Пердусран_VPN
[21:48:30]   Файл: 3ca910ce_Subscription.txt
[21:48:32]   Загрузка: УСПЕШНО (533065 байт)
[21:48:32]   Формат: JSON
[21:48:32]   Конфигов (JSON): 10
[21:48:32] 
[21:48:32] ----------------------------------------------
[21:48:32] ШАГ 4: Сводный файл
[21:48:32] ----------------------------------------------
[21:48:32] Ссылки в GotovVpn.txt:
[21:48:32]   • https://raw.githubusercontent.com/po5p/TgBot/main/e33835c2_Subscription.txt
[21:48:32]   • https://raw.githubusercontent.com/po5p/TgBot/main/7644db88_Subscription.txt
[21:48:32]   • https://raw.githubusercontent.com/po5p/TgBot/main/9bea4c44_Subscription.txt
[21:48:32]   • https://raw.githubusercontent.com/po5p/TgBot/main/12ad9a86_Subscription.txt
[21:48:32]   • https://raw.githubusercontent.com/po5p/TgBot/main/80edf5ff_Subscription.txt
[21:48:32]   • https://raw.githubusercontent.com/po5p/TgBot/main/017b9265_Subscription.txt
[21:48:32]   • https://raw.githubusercontent.com/po5p/TgBot/main/3ca910ce_Subscription.txt
[21:48:32] 
[21:48:32] ----------------------------------------------
[21:48:33] ШАГ 5: Отправка в GitHub
[21:48:33] ----------------------------------------------
[21:48:34] Результат: УСПЕШНО
[21:48:34] 
[21:48:35] ==============================================
[21:48:35] ИТОГИ
[21:48:35] ==============================================
[21:48:35] Обработано: 7 | Пропущено: 0
[21:48:35]   VLESS:  10
[21:48:35]   SS:     20
[21:48:35]   JSON:   11
[21:48:35]   ─────────────────
[21:48:35]   ВСЕГО:  41
[21:48:35] Сводный файл: https://raw.githubusercontent.com/po5p/TgBot/main/GotovVpn.txt
[21:48:35] ==============================================
