[22:41:40] ==============================================
[22:41:40] ЗАПУСК ОБНОВЛЕНИЯ VPN
[22:41:40] ==============================================
[22:41:40] Дата: 23.06.2026 22:41:40
[22:41:40] GitHub: po5p/TgBot
[22:41:40] 
[22:41:40] ----------------------------------------------
[22:41:40] ШАГ 1: Получение списка подписок
[22:41:40] ----------------------------------------------
[22:41:40] Статус: 200 (УСПЕШНО), размер: 550 байт
[22:41:40] Содержимое:
[22:41:41]   • https://yax.nenadoblokirowatgnidda.ru/exec?url=http%3A%2F%2F77.110.104.181%3A5002%2Fsub%2FVGdydXNzaWEsMTc4MTc4OTk1Mw20zr9u72oH|Vpn
[22:41:41]   • https://sub.smygo.ru/api/sub/rp6VZU5x1KoWqmHe|VPN
[22:41:41]   • https://akonit.tech/sub/a0cc22c1-312b-47a1-99bb-bb62fd39df0e|AkonitVPN
[22:41:41]   • https://sub.cvedcvpn.ru/e-LF_rZTKbPzyANj|garelmakrel
[22:41:41]   • https://raw.githubusercontent.com/hiztin/VLESS-PO-GRIBI/main/deploy/subscriptions/1.txt|90
[22:41:41]   • https://mawtunnel.onrender.com/sub/WpqtBEilhthDB7tedo|ЯЕбланVPN
[22:41:41]   • https://github.com/lsncococososo-rgb/GRN_VPN/raw/refs/heads/main/config.txt|GRN_VPN
[22:41:41] 
[22:41:41] ----------------------------------------------
[22:41:41] ШАГ 2: Клонирование репозитория
[22:41:41] ----------------------------------------------
[22:41:42] Статус: УСПЕШНО
[22:41:42] 
[22:41:42] ----------------------------------------------
[22:41:42] ШАГ 3: Обработка подписок
[22:41:42] ----------------------------------------------
[22:41:42] 
[22:41:42] Подписка #1: Vpn
[22:41:42]   Файл: 8cbda047_Subscription.txt
[22:41:43]   Загрузка: ОШИБКА HTTP 502
[22:41:43]   Формат: Base64 → vless
[22:41:44]   Конфигов: VL=0 VM=0 TR=0 SS=0 (всего: 0)
[22:41:44] 
[22:41:44] Подписка #2: VPN
[22:41:44]   Файл: 03a7dba1_Subscription.txt
[22:41:44]   Загрузка: ОШИБКА HTTP 404
[22:41:44]   Формат: JSON
[22:41:45]   Конфигов (JSON): 3
[22:41:45] 
[22:41:45] Подписка #3: AkonitVPN
[22:41:45]   Файл: 1c89ecb2_Subscription.txt
[22:41:45]   Загрузка: ОШИБКА HTTP 404
[22:41:45]   Формат: JSON
[22:41:45]   Конфигов (JSON): 1
[22:41:45] 
[22:41:45] Подписка #4: garelmakrel
[22:41:45]   Файл: 77ae023c_Subscription.txt
[22:41:46]   Загрузка: УСПЕШНО (17432 байт)
[22:41:46]   Формат: JSON
[22:41:46]   Конфигов (JSON): 15
[22:41:46] 
[22:41:46] Подписка #5: 90
[22:41:46]   Файл: dc763289_Subscription.txt
[22:41:47]   Загрузка: УСПЕШНО (51777 байт)
[22:41:47]   Формат: готовые vless/заголовки
[22:41:47]   Конфигов: 392
[22:41:47] 
[22:41:48] Подписка #6: ЯЕбланVPN
[22:41:48]   Файл: 12ad9a86_Subscription.txt
[22:41:49]   Загрузка: УСПЕШНО (38727 байт)
[22:41:49]   Формат: Base64 → vless
[22:42:12]   Конфигов: VL=0 VM=0 TR=0 SS=0 (всего: 0)
[22:42:12] 
[22:42:12] Подписка #7: GRN_VPN
[22:42:12]   Файл: e33835c2_Subscription.txt
[22:42:13]   Загрузка: УСПЕШНО (2416 байт)
[22:42:13]   Формат: готовые vless/заголовки
[22:42:13]   Конфигов: 14
[22:42:13] 
[22:42:13] ----------------------------------------------
[22:42:13] ШАГ 4: Сводный файл
[22:42:13] ----------------------------------------------
[22:42:13] Ссылки в GotovVpn.txt:
[22:42:13]   • https://raw.githubusercontent.com/po5p/TgBot/main/8cbda047_Subscription.txt
[22:42:13]   • https://raw.githubusercontent.com/po5p/TgBot/main/03a7dba1_Subscription.txt
[22:42:13]   • https://raw.githubusercontent.com/po5p/TgBot/main/1c89ecb2_Subscription.txt
[22:42:13]   • https://raw.githubusercontent.com/po5p/TgBot/main/77ae023c_Subscription.txt
[22:42:13]   • https://raw.githubusercontent.com/po5p/TgBot/main/dc763289_Subscription.txt
[22:42:13]   • https://raw.githubusercontent.com/po5p/TgBot/main/12ad9a86_Subscription.txt
[22:42:13]   • https://raw.githubusercontent.com/po5p/TgBot/main/e33835c2_Subscription.txt
[22:42:13] 
[22:42:13] ----------------------------------------------
[22:42:13] ШАГ 5: Отправка в GitHub
[22:42:13] ----------------------------------------------
[22:42:15] Результат: УСПЕШНО
[22:42:15] 
[22:42:15] ==============================================
[22:42:15] ИТОГИ
[22:42:15] ==============================================
[22:42:15] Обработано: 7 | Пропущено: 0
[22:42:15]   JSON:   19
[22:42:16]   ─────────────────
[22:42:16]   ВСЕГО:  19
[22:42:16] Сводный файл: https://raw.githubusercontent.com/po5p/TgBot/main/GotovVpn.txt
[22:42:16] ==============================================
