[23:23:35] ==============================================
[23:23:35] ЗАПУСК ОБНОВЛЕНИЯ VPN
[23:23:35] ==============================================
[23:23:35] Дата: 30.06.2026 23:23:35
[23:23:35] GitHub: po5p/TgBot
[23:23:35] 
[23:23:36] ----------------------------------------------
[23:23:36] ШАГ 1: Получение списка подписок
[23:23:36] ----------------------------------------------
[23:23:36] Статус: 200 (УСПЕШНО), размер: 100 байт
[23:23:36] Содержимое:
[23:23:37]   • 5739816977|https://vless-config.vadimakimov2009.workers.dev/vpn-config?user=5739816977|AstraVPN-PRO
[23:23:37] 
[23:23:37] ----------------------------------------------
[23:23:37] ШАГ 2: Клонирование репозитория
[23:23:37] ----------------------------------------------
[23:23:38] Статус: УСПЕШНО
[23:23:38] 
[23:23:38] ----------------------------------------------
[23:23:38] ШАГ 3: Обработка подписок
[23:23:38] ----------------------------------------------
[23:23:38] 
[23:23:38] Подписка #1: AstraVPN-PRO (ID: 5739816977)
[23:23:38]   Файл: users/5739816977/9bea4c44_Subscription.txt
[23:23:39]   Загрузка: УСПЕШНО (18979 байт)
[23:23:39]   Формат: JSON
[23:23:39]   Конфигов (JSON): 17
[23:23:39] 
[23:23:39] ----------------------------------------------
[23:23:39] ШАГ 4: Сводный файл
[23:23:39] ----------------------------------------------
[23:23:39] Ссылки в GotovVpn.txt:
[23:23:39]   • https://raw.githubusercontent.com/po5p/TgBot/main/users/5739816977/9bea4c44_Subscription.txt
[23:23:39] 
[23:23:39] ----------------------------------------------
[23:23:39] ШАГ 5: Отправка в GitHub
[23:23:39] ----------------------------------------------
[23:23:40] Результат: УСПЕШНО
[23:23:40] 
[23:23:40] ==============================================
[23:23:40] ИТОГИ
[23:23:40] ==============================================
[23:23:40] Обработано: 1 | Пропущено: 0
[23:23:40]   JSON:   17
[23:23:40]   ─────────────────
[23:23:41]   ВСЕГО:  17
[23:23:41] Сводный файл: https://raw.githubusercontent.com/po5p/TgBot/main/GotovVpn.txt
[23:23:41] ==============================================
