[22:28:19] ==============================================
[22:28:19] ЗАПУСК ОБНОВЛЕНИЯ VPN
[22:28:19] ==============================================
[22:28:20] Дата: 01.07.2026 22:28:20
[22:28:20] GitHub: po5p/TgBot
[22:28:20] 
[22:28:20] ----------------------------------------------
[22:28:20] ШАГ 1: Получение списка подписок
[22:28:20] ----------------------------------------------
[22:28:20] Статус: 200 (УСПЕШНО), размер: 100 байт
[22:28:20] Содержимое:
[22:28:20]   • 5739816977|https://vless-config.vadimakimov2009.workers.dev/vpn-config?user=5739816977|AstraVPN-PRO
[22:28:20] 
[22:28:21] ----------------------------------------------
[22:28:21] ШАГ 2: Клонирование репозитория
[22:28:21] ----------------------------------------------
[22:28:22] Статус: УСПЕШНО
[22:28:22] 
[22:28:22] ----------------------------------------------
[22:28:22] ШАГ 3: Обработка подписок
[22:28:22] ----------------------------------------------
[22:28:22] 
[22:28:22] Подписка #1: AstraVPN-PRO (ID: 5739816977)
[22:28:22]   Файл: users/5739816977/9bea4c44_Subscription.txt
[22:28:23]   Загрузка: УСПЕШНО (17914 байт)
[22:28:23]   Формат: JSON
[22:28:23]   Конфигов (JSON): 16
[22:28:23] 
[22:28:23] ----------------------------------------------
[22:28:23] ШАГ 4: Сводный файл
[22:28:23] ----------------------------------------------
[22:28:23] Ссылки в GotovVpn.txt:
[22:28:23]   • https://raw.githubusercontent.com/po5p/TgBot/main/users/5739816977/9bea4c44_Subscription.txt
[22:28:23] 
[22:28:23] ----------------------------------------------
[22:28:23] ШАГ 5: Отправка в GitHub
[22:28:24] ----------------------------------------------
[22:28:25] Результат: УСПЕШНО
[22:28:25] 
[22:28:25] ==============================================
[22:28:25] ИТОГИ
[22:28:25] ==============================================
[22:28:25] Обработано: 1 | Пропущено: 0
[22:28:25]   JSON:   16
[22:28:26]   ─────────────────
[22:28:26]   ВСЕГО:  16
[22:28:26] Сводный файл: https://raw.githubusercontent.com/po5p/TgBot/main/GotovVpn.txt
[22:28:26] ==============================================
