[14:55:25] ==============================================
[14:55:25] ЗАПУСК ОБНОВЛЕНИЯ VPN
[14:55:25] ==============================================
[14:55:25] Дата: 02.07.2026 14:55:25
[14:55:25] GitHub: po5p/TgBot
[14:55:25] 
[14:55:25] ----------------------------------------------
[14:55:25] ШАГ 1: Получение списка подписок
[14:55:25] ----------------------------------------------
[14:55:26] Статус: 200 (УСПЕШНО), размер: 100 байт
[14:55:26] Содержимое:
[14:55:26]   • 5739816977|https://vless-config.vadimakimov2009.workers.dev/vpn-config?user=5739816977|AstraVPN-PRO
[14:55:26] 
[14:55:26] ----------------------------------------------
[14:55:26] ШАГ 2: Клонирование репозитория
[14:55:26] ----------------------------------------------
[14:55:27] Статус: УСПЕШНО
[14:55:27] 
[14:55:27] ----------------------------------------------
[14:55:27] ШАГ 3: Обработка подписок
[14:55:28] ----------------------------------------------
[14:55:28] 
[14:55:28] Подписка #1: AstraVPN-PRO (ID: 5739816977)
[14:55:28]   Файл: users/5739816977/9bea4c44_Subscription.txt
[14:55:29]   Загрузка: УСПЕШНО (17914 байт)
[14:55:29]   Формат: JSON
[14:55:29]   Конфигов (JSON): 16
[14:55:29] 
[14:55:29] ----------------------------------------------
[14:55:29] ШАГ 4: Сводный файл
[14:55:29] ----------------------------------------------
[14:55:29] Ссылки в GotovVpn.txt:
[14:55:29]   • https://raw.githubusercontent.com/po5p/TgBot/main/users/5739816977/9bea4c44_Subscription.txt
[14:55:29] 
[14:55:29] ----------------------------------------------
[14:55:29] ШАГ 5: Отправка в GitHub
[14:55:29] ----------------------------------------------
[14:55:30] Результат: УСПЕШНО
[14:55:30] 
[14:55:30] ==============================================
[14:55:30] ИТОГИ
[14:55:30] ==============================================
[14:55:30] Обработано: 1 | Пропущено: 0
[14:55:30]   JSON:   16
[14:55:30]   ─────────────────
[14:55:30]   ВСЕГО:  16
[14:55:30] Сводный файл: https://raw.githubusercontent.com/po5p/TgBot/main/GotovVpn.txt
[14:55:30] ==============================================
