[21:33:27] ==============================================
[21:33:27] ЗАПУСК ОБНОВЛЕНИЯ VPN
[21:33:27] ==============================================
[21:33:27] Дата: 28.06.2026 21:33:27
[21:33:27] GitHub: po5p/TgBot
[21:33:27] 
[21:33:27] ----------------------------------------------
[21:33:27] ШАГ 1: Получение списка подписок
[21:33:27] ----------------------------------------------
[21:33:28] Статус: 200 (УСПЕШНО), размер: 648 байт
[21:33:28] Содержимое:
[21:33:28]   • https://github.com/lsncococososo-rgb/GRN_VPN/raw/refs/heads/main/config.txt|GRN_VPN
[21:33:28]   • https://subs.crabby.app/b8cd8e0b2467fd0f45922774d8b68f21b9c76b348d5af80db205a4aa5257efe2|В
[21:33:28]   • https://tinyurl.com/jm4nyfxp|CVEDC_VPN_||_FREE_ПОДПИСК
[21:33:28]   • https://happ.dska.su/https://vless-config.vadimakimov2009.workers.dev/vpn-config?user=5739816977|AstraVPN-PRO
[21:33:28]   • https://vpnsubs.site/api/sub/78-kh52vMQyWHcf6|VpnBezLagov
[21:33:28]   • https://vpnsubs.site/api/sub/WmpDVF2fhx495v_8|vpn
[21:33:28]   • https://is.wepogp.gay/bypass-hwid-lock-3z5O6BFAaJQzGlamvtSo?payload=nWGyM9rpLZbSBmDhixvQFboZlOCAMUaksZbbd3ogEniEgPnuvZXtqWLSrhfHtK%2BuY2DN320PeyzN%2Bz%2Bdl9m14j3L%2B%2BlcmvuJZFNhZbaCzls%3D|о
[21:33:28] 
[21:33:28] ----------------------------------------------
[21:33:28] ШАГ 2: Клонирование репозитория
[21:33:28] ----------------------------------------------
[21:33:29] Статус: УСПЕШНО
[21:33:30] 
[21:33:30] ----------------------------------------------
[21:33:30] ШАГ 3: Обработка подписок
[21:33:30] ----------------------------------------------
[21:33:30] 
[21:33:30] Подписка #1: GRN_VPN
[21:33:30]   Файл: e33835c2_Subscription.txt
[21:33:31]   Загрузка: УСПЕШНО (2416 байт)
[21:33:31]   Формат: готовые vless/заголовки
[21:33:31]   Конфигов: 14
[21:33:31] 
[21:33:31] Подписка #2: В
[21:33:31]   Файл: 80edf5ff_Subscription.txt
[21:33:32]   Загрузка: УСПЕШНО (2172 байт)
[21:33:33]   Формат: Base64 → vless
[21:33:33]   Конфигов: VL=6 VM=0 TR=0 SS=12 (всего: 18)
[21:33:33] 
[21:33:33] Подписка #3: CVEDC_VPN_||_FREE_ПОДПИСК
[21:33:33]   Файл: 017b9265_Subscription.txt
[21:33:34]   Загрузка: УСПЕШНО (16609 байт)
[21:33:34]   Формат: готовые vless/заголовки
[21:33:34]   Конфигов: 116
[21:33:34] 
[21:33:34] Подписка #4: AstraVPN-PRO
[21:33:34]   Файл: ea85de74_Subscription.txt
[21:33:35]   Загрузка: УСПЕШНО (11905 байт)
[21:33:35]   Формат: JSON
[21:33:35]   Конфигов (JSON): 11
[21:33:35] 
[21:33:35] Подписка #5: VpnBezLagov
[21:33:35]   Файл: 2247dd1d_Subscription.txt
[21:33:36]   Загрузка: УСПЕШНО (26413 байт)
[21:33:36]   Формат: JSON
[21:33:36]   Конфигов (JSON): 17
[21:33:36] 
[21:33:36] Подписка #6: vpn
[21:33:36]   Файл: ac4e9d53_Subscription.txt
[21:33:37]   Загрузка: УСПЕШНО (26413 байт)
[21:33:37]   Формат: JSON
[21:33:37]   Конфигов (JSON): 17
[21:33:37] 
[21:33:38] Подписка #7: о
[21:33:38]   Файл: d475cce7_Subscription.txt
[21:33:38]   Загрузка: УСПЕШНО (1005 байт)
[21:33:38]   Формат: JSON
[21:33:38]   Конфигов (JSON): 1
[21:33:38] 
[21:33:39] ----------------------------------------------
[21:33:39] ШАГ 4: Сводный файл
[21:33:39] ----------------------------------------------
[21:33:39] Ссылки в GotovVpn.txt:
[21:33:39]   • https://raw.githubusercontent.com/po5p/TgBot/main/e33835c2_Subscription.txt
[21:33:39]   • https://raw.githubusercontent.com/po5p/TgBot/main/80edf5ff_Subscription.txt
[21:33:39]   • https://raw.githubusercontent.com/po5p/TgBot/main/017b9265_Subscription.txt
[21:33:39]   • https://raw.githubusercontent.com/po5p/TgBot/main/ea85de74_Subscription.txt
[21:33:39]   • https://raw.githubusercontent.com/po5p/TgBot/main/2247dd1d_Subscription.txt
[21:33:39]   • https://raw.githubusercontent.com/po5p/TgBot/main/ac4e9d53_Subscription.txt
[21:33:39]   • https://raw.githubusercontent.com/po5p/TgBot/main/d475cce7_Subscription.txt
[21:33:39] 
[21:33:39] ----------------------------------------------
[21:33:39] ШАГ 5: Отправка в GitHub
[21:33:39] ----------------------------------------------
[21:33:40] Результат: УСПЕШНО
[21:33:40] 
[21:33:40] ==============================================
[21:33:40] ИТОГИ
[21:33:40] ==============================================
[21:33:40] Обработано: 7 | Пропущено: 0
[21:33:40]   VLESS:  6
[21:33:40]   SS:     12
[21:33:40]   JSON:   46
[21:33:40]   ─────────────────
[21:33:40]   ВСЕГО:  64
[21:33:40] Сводный файл: https://raw.githubusercontent.com/po5p/TgBot/main/GotovVpn.txt
[21:33:40] ==============================================
