[21:35:41] ==============================================
[21:35:41] ЗАПУСК ОБНОВЛЕНИЯ VPN
[21:35:41] ==============================================
[21:35:41] Дата: 28.06.2026 21:35:41
[21:35:41] GitHub: po5p/TgBot
[21:35:41] 
[21:35:41] ----------------------------------------------
[21:35:41] ШАГ 1: Получение списка подписок
[21:35:41] ----------------------------------------------
[21:35:42] Статус: 200 (УСПЕШНО), размер: 648 байт
[21:35:42] Содержимое:
[21:35:42]   • https://github.com/lsncococososo-rgb/GRN_VPN/raw/refs/heads/main/config.txt|GRN_VPN
[21:35:42]   • https://subs.crabby.app/b8cd8e0b2467fd0f45922774d8b68f21b9c76b348d5af80db205a4aa5257efe2|В
[21:35:42]   • https://tinyurl.com/jm4nyfxp|CVEDC_VPN_||_FREE_ПОДПИСК
[21:35:42]   • https://happ.dska.su/https://vless-config.vadimakimov2009.workers.dev/vpn-config?user=5739816977|AstraVPN-PRO
[21:35:42]   • https://vpnsubs.site/api/sub/78-kh52vMQyWHcf6|VpnBezLagov
[21:35:42]   • https://vpnsubs.site/api/sub/WmpDVF2fhx495v_8|vpn
[21:35:42]   • https://is.wepogp.gay/bypass-hwid-lock-3z5O6BFAaJQzGlamvtSo?payload=nWGyM9rpLZbSBmDhixvQFboZlOCAMUaksZbbd3ogEniEgPnuvZXtqWLSrhfHtK%2BuY2DN320PeyzN%2Bz%2Bdl9m14j3L%2B%2BlcmvuJZFNhZbaCzls%3D|о
[21:35:42] 
[21:35:42] ----------------------------------------------
[21:35:42] ШАГ 2: Клонирование репозитория
[21:35:42] ----------------------------------------------
[21:35:44] Статус: УСПЕШНО
[21:35:44] 
[21:35:44] ----------------------------------------------
[21:35:44] ШАГ 3: Обработка подписок
[21:35:44] ----------------------------------------------
[21:35:44] 
[21:35:44] Подписка #1: GRN_VPN
[21:35:44]   Файл: e33835c2_Subscription.txt
[21:35:45]   Загрузка: УСПЕШНО (2416 байт)
[21:35:45]   Формат: готовые vless/заголовки
[21:35:45]   Конфигов: 14
[21:35:45] 
[21:35:45] Подписка #2: В
[21:35:45]   Файл: 80edf5ff_Subscription.txt
[21:35:47]   Загрузка: УСПЕШНО (2172 байт)
[21:35:47]   Формат: Base64 → vless
[21:35:47]   Конфигов: VL=6 VM=0 TR=0 SS=12 (всего: 18)
[21:35:47] 
[21:35:47] Подписка #3: CVEDC_VPN_||_FREE_ПОДПИСК
[21:35:47]   Файл: 017b9265_Subscription.txt
[21:35:48]   Загрузка: УСПЕШНО (16609 байт)
[21:35:49]   Формат: готовые vless/заголовки
[21:35:49]   Конфигов: 116
[21:35:49] 
[21:35:49] Подписка #4: AstraVPN-PRO
[21:35:49]   Файл: ea85de74_Subscription.txt
[21:35:50]   Загрузка: УСПЕШНО (11905 байт)
[21:35:50]   Формат: JSON
[21:35:50]   Конфигов (JSON): 11
[21:35:50] 
[21:35:50] Подписка #5: VpnBezLagov
[21:35:50]   Файл: 2247dd1d_Subscription.txt
[21:35:51]   Загрузка: УСПЕШНО (26413 байт)
[21:35:51]   Формат: JSON
[21:35:51]   Конфигов (JSON): 17
[21:35:51] 
[21:35:51] Подписка #6: vpn
[21:35:51]   Файл: ac4e9d53_Subscription.txt
[21:35:52]   Загрузка: УСПЕШНО (26413 байт)
[21:35:52]   Формат: JSON
[21:35:52]   Конфигов (JSON): 17
[21:35:52] 
[21:35:52] Подписка #7: о
[21:35:52]   Файл: d475cce7_Subscription.txt
[21:35:53]   Загрузка: УСПЕШНО (1005 байт)
[21:35:53]   Формат: JSON
[21:35:53]   Конфигов (JSON): 1
[21:35:53] 
[21:35:53] ----------------------------------------------
[21:35:53] ШАГ 4: Сводный файл
[21:35:53] ----------------------------------------------
[21:35:53] Ссылки в GotovVpn.txt:
[21:35:53]   • https://raw.githubusercontent.com/po5p/TgBot/main/e33835c2_Subscription.txt
[21:35:53]   • https://raw.githubusercontent.com/po5p/TgBot/main/80edf5ff_Subscription.txt
[21:35:53]   • https://raw.githubusercontent.com/po5p/TgBot/main/017b9265_Subscription.txt
[21:35:53]   • https://raw.githubusercontent.com/po5p/TgBot/main/ea85de74_Subscription.txt
[21:35:53]   • https://raw.githubusercontent.com/po5p/TgBot/main/2247dd1d_Subscription.txt
[21:35:53]   • https://raw.githubusercontent.com/po5p/TgBot/main/ac4e9d53_Subscription.txt
[21:35:53]   • https://raw.githubusercontent.com/po5p/TgBot/main/d475cce7_Subscription.txt
[21:35:53] 
[21:35:53] ----------------------------------------------
[21:35:53] ШАГ 5: Отправка в GitHub
[21:35:53] ----------------------------------------------
[21:35:55] Результат: УСПЕШНО
[21:35:55] 
[21:35:55] ==============================================
[21:35:55] ИТОГИ
[21:35:55] ==============================================
[21:35:55] Обработано: 7 | Пропущено: 0
[21:35:55]   VLESS:  6
[21:35:55]   SS:     12
[21:35:55]   JSON:   46
[21:35:55]   ─────────────────
[21:35:56]   ВСЕГО:  64
[21:35:56] Сводный файл: https://raw.githubusercontent.com/po5p/TgBot/main/GotovVpn.txt
[21:35:56] ==============================================
