[21:28:44] ==============================================
[21:28:44] ЗАПУСК ОБНОВЛЕНИЯ VPN
[21:28:44] ==============================================
[21:28:44] Дата: 28.06.2026 21:28:44
[21:28:44] GitHub: po5p/TgBot
[21:28:44] 
[21:28:44] ----------------------------------------------
[21:28:44] ШАГ 1: Получение списка подписок
[21:28:44] ----------------------------------------------
[21:28:45] Статус: 200 (УСПЕШНО), размер: 648 байт
[21:28:45] Содержимое:
[21:28:45]   • https://github.com/lsncococososo-rgb/GRN_VPN/raw/refs/heads/main/config.txt|GRN_VPN
[21:28:45]   • https://subs.crabby.app/b8cd8e0b2467fd0f45922774d8b68f21b9c76b348d5af80db205a4aa5257efe2|В
[21:28:45]   • https://tinyurl.com/jm4nyfxp|CVEDC_VPN_||_FREE_ПОДПИСК
[21:28:45]   • https://happ.dska.su/https://vless-config.vadimakimov2009.workers.dev/vpn-config?user=5739816977|AstraVPN-PRO
[21:28:45]   • https://vpnsubs.site/api/sub/78-kh52vMQyWHcf6|VpnBezLagov
[21:28:45]   • https://vpnsubs.site/api/sub/WmpDVF2fhx495v_8|vpn
[21:28:45]   • https://is.wepogp.gay/bypass-hwid-lock-3z5O6BFAaJQzGlamvtSo?payload=nWGyM9rpLZbSBmDhixvQFboZlOCAMUaksZbbd3ogEniEgPnuvZXtqWLSrhfHtK%2BuY2DN320PeyzN%2Bz%2Bdl9m14j3L%2B%2BlcmvuJZFNhZbaCzls%3D|о
[21:28:45] 
[21:28:45] ----------------------------------------------
[21:28:45] ШАГ 2: Клонирование репозитория
[21:28:45] ----------------------------------------------
[21:28:46] Статус: УСПЕШНО
[21:28:47] 
[21:28:47] ----------------------------------------------
[21:28:47] ШАГ 3: Обработка подписок
[21:28:47] ----------------------------------------------
[21:28:47] 
[21:28:47] Подписка #1: GRN_VPN
[21:28:47]   Файл: e33835c2_Subscription.txt
[21:28:48]   Загрузка: УСПЕШНО (2416 байт)
[21:28:48]   Формат: готовые vless/заголовки
[21:28:48]   Конфигов: 14
[21:28:48] 
[21:28:49] Подписка #2: В
[21:28:49]   Файл: 80edf5ff_Subscription.txt
[21:28:50]   Загрузка: УСПЕШНО (2172 байт)
[21:28:50]   Формат: Base64 → vless
[21:28:51]   Конфигов: VL=6 VM=0 TR=0 SS=12 (всего: 18)
[21:28:51] 
[21:28:51] Подписка #3: CVEDC_VPN_||_FREE_ПОДПИСК
[21:28:51]   Файл: 017b9265_Subscription.txt
[21:28:52]   Загрузка: УСПЕШНО (16609 байт)
[21:28:52]   Формат: готовые vless/заголовки
[21:28:52]   Конфигов: 116
[21:28:53] 
[21:28:53] Подписка #4: AstraVPN-PRO
[21:28:53]   Файл: ea85de74_Subscription.txt
[21:28:54]   Загрузка: УСПЕШНО (11905 байт)
[21:28:54]   Формат: JSON
[21:28:54]   Конфигов (JSON): 11
[21:28:54] 
[21:28:54] Подписка #5: VpnBezLagov
[21:28:54]   Файл: 2247dd1d_Subscription.txt
[21:28:55]   Загрузка: УСПЕШНО (26413 байт)
[21:28:55]   Формат: JSON
[21:28:55]   Конфигов (JSON): 17
[21:28:55] 
[21:28:55] Подписка #6: vpn
[21:28:55]   Файл: ac4e9d53_Subscription.txt
[21:28:56]   Загрузка: УСПЕШНО (26413 байт)
[21:28:56]   Формат: JSON
[21:28:56]   Конфигов (JSON): 17
[21:28:56] 
[21:28:56] Подписка #7: о
[21:28:57]   Файл: d475cce7_Subscription.txt
[21:28:57]   Загрузка: УСПЕШНО (1005 байт)
[21:28:57]   Формат: JSON
[21:28:57]   Конфигов (JSON): 1
[21:28:57] 
[21:28:57] ----------------------------------------------
[21:28:57] ШАГ 4: Сводный файл
[21:28:57] ----------------------------------------------
[21:28:58] Ссылки в GotovVpn.txt:
[21:28:58]   • https://raw.githubusercontent.com/po5p/TgBot/main/e33835c2_Subscription.txt
[21:28:58]   • https://raw.githubusercontent.com/po5p/TgBot/main/80edf5ff_Subscription.txt
[21:28:58]   • https://raw.githubusercontent.com/po5p/TgBot/main/017b9265_Subscription.txt
[21:28:58]   • https://raw.githubusercontent.com/po5p/TgBot/main/ea85de74_Subscription.txt
[21:28:58]   • https://raw.githubusercontent.com/po5p/TgBot/main/2247dd1d_Subscription.txt
[21:28:58]   • https://raw.githubusercontent.com/po5p/TgBot/main/ac4e9d53_Subscription.txt
[21:28:58]   • https://raw.githubusercontent.com/po5p/TgBot/main/d475cce7_Subscription.txt
[21:28:58] 
[21:28:58] ----------------------------------------------
[21:28:58] ШАГ 5: Отправка в GitHub
[21:28:58] ----------------------------------------------
[21:29:00] Результат: УСПЕШНО
[21:29:00] 
[21:29:00] ==============================================
[21:29:00] ИТОГИ
[21:29:00] ==============================================
[21:29:00] Обработано: 7 | Пропущено: 0
[21:29:00]   VLESS:  6
[21:29:00]   SS:     12
[21:29:00]   JSON:   46
[21:29:00]   ─────────────────
[21:29:00]   ВСЕГО:  64
[21:29:00] Сводный файл: https://raw.githubusercontent.com/po5p/TgBot/main/GotovVpn.txt
[21:29:00] ==============================================
