[18:55:32] ==============================================
[18:55:32] ЗАПУСК ОБНОВЛЕНИЯ VPN
[18:55:32] ==============================================
[18:55:32] Дата: 19.06.2026 18:55:32
[18:55:32] GitHub: po5p/TgBot
[18:55:32] 
[18:55:32] ----------------------------------------------
[18:55:32] ШАГ 1: Получение списка подписок
[18:55:32] ----------------------------------------------
[18:55:32] Статус: 200 (УСПЕШНО), размер: 238 байт
[18:55:33] Содержимое:
[18:55:33]   • https://yax.nenadoblokirowatgnidda.ru/exec?url=http%3A%2F%2F77.110.104.181%3A5002%2Fsub%2FVGdydXNzaWEsMTc4MTc4OTk1Mw20zr9u72oH|Vpn
[18:55:33]   • https://sub.smygo.ru/api/sub/rp6VZU5x1KoWqmHe|VPN
[18:55:33]   • https://sub.datanode-internal.net/KzmeGBwzvnW1fHn7|vpn33
[18:55:33] 
[18:55:33] ----------------------------------------------
[18:55:33] ШАГ 2: Клонирование репозитория
[18:55:33] ----------------------------------------------
[18:55:34] Статус: УСПЕШНО
[18:55:34] 
[18:55:34] ----------------------------------------------
[18:55:34] ШАГ 3: Обработка подписок
[18:55:34] ----------------------------------------------
[18:55:34] 
[18:55:34] Подписка #1: Vpn
[18:55:34]   Файл: 8cbda047_Subscription.txt
[18:55:35]   Загрузка: УСПЕШНО (17452 байт)
[18:55:35]   Формат: Base64 → vless
[18:55:35]   Конфигов: VL=28 VM=0 TR=0 SS=56 (всего: 84)
[18:55:36] 
[18:55:36] Подписка #2: VPN
[18:55:36]   Файл: 03a7dba1_Subscription.txt
[18:55:37]   Загрузка: УСПЕШНО (435484 байт)
[18:55:37]   Формат: JSON
[18:55:37]   Конфигов (JSON): 23
[18:55:37] 
[18:55:37] Подписка #3: vpn33
[18:55:37]   Файл: b91d57b9_Subscription.txt
[18:55:38]   Загрузка: УСПЕШНО (36485 байт)
[18:55:38]   Формат: JSON
[18:55:38]   Конфигов (JSON): 15
[18:55:38] 
[18:55:38] ----------------------------------------------
[18:55:38] ШАГ 4: Сводный файл
[18:55:38] ----------------------------------------------
[18:55:38] Ссылки в GotovVpn.txt:
[18:55:38]   • https://raw.githubusercontent.com/po5p/TgBot/main/8cbda047_Subscription.txt
[18:55:38]   • https://raw.githubusercontent.com/po5p/TgBot/main/03a7dba1_Subscription.txt
[18:55:38]   • https://raw.githubusercontent.com/po5p/TgBot/main/b91d57b9_Subscription.txt
[18:55:38] 
[18:55:38] ----------------------------------------------
[18:55:38] ШАГ 5: Отправка в GitHub
[18:55:38] ----------------------------------------------
[18:55:40] Результат: УСПЕШНО
[18:55:40] 
[18:55:40] ==============================================
[18:55:40] ИТОГИ
[18:55:40] ==============================================
[18:55:40] Обработано: 3 | Пропущено: 0
[18:55:40]   VLESS:  28
[18:55:40]   SS:     56
[18:55:40]   JSON:   38
[18:55:40]   ─────────────────
[18:55:40]   ВСЕГО:  122
[18:55:40] Сводный файл: https://raw.githubusercontent.com/po5p/TgBot/main/GotovVpn.txt
[18:55:41] ==============================================
