[17:42:43] ==============================================
[17:42:43] ЗАПУСК ОБНОВЛЕНИЯ VPN
[17:42:43] ==============================================
[17:42:43] Дата: 27.06.2026 17:42:43
[17:42:43] GitHub: po5p/TgBot
[17:42:43] 
[17:42:43] ----------------------------------------------
[17:42:43] ШАГ 1: Получение списка подписок
[17:42:43] ----------------------------------------------
[17:42:44] Статус: 200 (УСПЕШНО), размер: 558 байт
[17:42:44] Содержимое:
[17:42:44]   • https://github.com/lsncococososo-rgb/GRN_VPN/raw/refs/heads/main/config.txt|GRN_VPN
[17:42:44]   • https://31.76.240.234:2096/sub/qrv3n2dptx2n7xdn|Yowet
[17:42:44]   • https://mawtunnel.onrender.com/sub/WpqtBEilhthDB7tedo|Бастакарапузики
[17:42:44]   • https://subs.crabby.app/b8cd8e0b2467fd0f45922774d8b68f21b9c76b348d5af80db205a4aa5257efe2|В
[17:42:44]   • https://tinyurl.com/jm4nyfxp|CVEDC_VPN_||_FREE_ПОДПИСК
[17:42:44]   • https://tonsrivals.online/apx/VnH4dCLbQH1KvgGg|Пердусран_VPN
[17:42:44]   • https://happ.dska.su/https://vless-config.vadimakimov2009.workers.dev/vpn-config?user=5739816977|AstraVPN-PRO
[17:42:44] 
[17:42:44] ----------------------------------------------
[17:42:44] ШАГ 2: Клонирование репозитория
[17:42:44] ----------------------------------------------
[17:42:46] Статус: УСПЕШНО
[17:42:46] 
[17:42:46] ----------------------------------------------
[17:42:46] ШАГ 3: Обработка подписок
[17:42:46] ----------------------------------------------
[17:42:46] 
[17:42:46] Подписка #2: GRN_VPN
[17:42:46]   Файл: e33835c2_Subscription.txt
[17:42:48]   Загрузка: УСПЕШНО (2416 байт)
[17:42:48]   Формат: готовые vless/заголовки
[17:42:48]   Конфигов: 14
[17:42:48] 
[17:42:48] Подписка #3: Yowet
[17:42:48]   Файл: 7644db88_Subscription.txt
[17:42:49]   Загрузка: УСПЕШНО (12452 байт)
[17:42:49]   Формат: Base64 → vless
[17:42:49]   Конфигов: VL=4 VM=0 TR=0 SS=8 (всего: 12)
[17:42:49] 
[17:42:49] Подписка #4: Бастакарапузики
[17:42:49]   Файл: 12ad9a86_Subscription.txt
[17:42:50]   Загрузка: УСПЕШНО (38973 байт)
[17:42:50]   Формат: Base64 → vless
[17:43:14]   Конфигов: VL=0 VM=0 TR=0 SS=0 (всего: 0)
[17:43:14] 
[17:43:14] Подписка #5: В
[17:43:14]   Файл: 80edf5ff_Subscription.txt
[17:43:16]   Загрузка: УСПЕШНО (2172 байт)
[17:43:16]   Формат: Base64 → vless
[17:43:16]   Конфигов: VL=6 VM=0 TR=0 SS=12 (всего: 18)
[17:43:16] 
[17:43:16] Подписка #6: CVEDC_VPN_||_FREE_ПОДПИСК
[17:43:16]   Файл: 017b9265_Subscription.txt
[17:43:18]   Загрузка: УСПЕШНО (16609 байт)
[17:43:18]   Формат: готовые vless/заголовки
[17:43:18]   Конфигов: 116
[17:43:18] 
[17:43:18] Подписка #7: Пердусран_VPN
[17:43:18]   Файл: 3ca910ce_Subscription.txt
[17:43:19]   Загрузка: УСПЕШНО (1947 байт)
[17:43:19]   Формат: JSON
[17:43:19]   Конфигов (JSON): 2
[17:43:19] 
[17:43:19] Подписка #8: AstraVPN-PRO
[17:43:19]   Файл: ea85de74_Subscription.txt
[17:43:20]   Загрузка: УСПЕШНО (11905 байт)
[17:43:20]   Формат: JSON
[17:43:20]   Конфигов (JSON): 11
[17:43:20] 
[17:43:20] ----------------------------------------------
[17:43:20] ШАГ 4: Сводный файл
[17:43:20] ----------------------------------------------
[17:43:20] Ссылки в GotovVpn.txt:
[17:43:20]   • https://raw.githubusercontent.com/po5p/TgBot/main/e33835c2_Subscription.txt
[17:43:20]   • https://raw.githubusercontent.com/po5p/TgBot/main/7644db88_Subscription.txt
[17:43:20]   • https://raw.githubusercontent.com/po5p/TgBot/main/12ad9a86_Subscription.txt
[17:43:20]   • https://raw.githubusercontent.com/po5p/TgBot/main/80edf5ff_Subscription.txt
[17:43:20]   • https://raw.githubusercontent.com/po5p/TgBot/main/017b9265_Subscription.txt
[17:43:20]   • https://raw.githubusercontent.com/po5p/TgBot/main/3ca910ce_Subscription.txt
[17:43:21]   • https://raw.githubusercontent.com/po5p/TgBot/main/ea85de74_Subscription.txt
[17:43:21] 
[17:43:21] ----------------------------------------------
[17:43:21] ШАГ 5: Отправка в GitHub
[17:43:21] ----------------------------------------------
[17:43:23] Результат: УСПЕШНО
[17:43:23] 
[17:43:23] ==============================================
[17:43:23] ИТОГИ
[17:43:23] ==============================================
[17:43:23] Обработано: 7 | Пропущено: 0
[17:43:23]   VLESS:  10
[17:43:23]   SS:     20
[17:43:23]   JSON:   13
[17:43:23]   ─────────────────
[17:43:23]   ВСЕГО:  43
[17:43:23] Сводный файл: https://raw.githubusercontent.com/po5p/TgBot/main/GotovVpn.txt
[17:43:23] ==============================================
