[12:27:59] ==============================================
[12:27:59] ЗАПУСК ОБНОВЛЕНИЯ VPN
[12:27:59] ==============================================
[12:28:00] Дата: 21.06.2026 12:27:59
[12:28:00] GitHub: po5p/TgBot
[12:28:00] 
[12:28:00] ----------------------------------------------
[12:28:00] ШАГ 1: Получение списка подписок
[12:28:00] ----------------------------------------------
[12:28:00] Статус: 200 (УСПЕШНО), размер: 396 байт
[12:28:00] Содержимое:
[12:28:00]   • https://yax.nenadoblokirowatgnidda.ru/exec?url=http%3A%2F%2F77.110.104.181%3A5002%2Fsub%2FVGdydXNzaWEsMTc4MTc4OTk1Mw20zr9u72oH|Vpn
[12:28:00]   • https://sub.smygo.ru/api/sub/rp6VZU5x1KoWqmHe|VPN
[12:28:00]   • https://akonit.tech/sub/a0cc22c1-312b-47a1-99bb-bb62fd39df0e|AkonitVPN
[12:28:00]   • https://sub.cvedcvpn.ru/e-LF_rZTKbPzyANj|garelmakrel
[12:28:00]   • https://raw.githubusercontent.com/hiztin/VLESS-PO-GRIBI/main/deploy/subscriptions/1.txt|90
[12:28:01] 
[12:28:01] ----------------------------------------------
[12:28:01] ШАГ 2: Клонирование репозитория
[12:28:01] ----------------------------------------------
[12:28:02] Статус: УСПЕШНО
[12:28:02] 
[12:28:02] ----------------------------------------------
[12:28:02] ШАГ 3: Обработка подписок
[12:28:02] ----------------------------------------------
[12:28:02] 
[12:28:02] Подписка #1: Vpn
[12:28:02]   Файл: 8cbda047_Subscription.txt
[12:28:03]   Загрузка: УСПЕШНО (32760 байт)
[12:28:03]   Формат: Base64 → vless
[12:28:03]   Конфигов: VL=63 VM=0 TR=0 SS=126 (всего: 189)
[12:28:03] 
[12:28:03] Подписка #2: VPN
[12:28:03]   Файл: 03a7dba1_Subscription.txt
[12:28:04]   Загрузка: ОШИБКА HTTP 404
[12:28:04]   Формат: JSON
[12:28:04]   Конфигов (JSON): 3
[12:28:04] 
[12:28:04] Подписка #3: AkonitVPN
[12:28:04]   Файл: 1c89ecb2_Subscription.txt
[12:28:05]   Загрузка: УСПЕШНО (6048 байт)
[12:28:05]   Формат: Base64 → vless
[12:28:05]   Конфигов: VL=9 VM=0 TR=0 SS=18 (всего: 27)
[12:28:05] 
[12:28:05] Подписка #4: garelmakrel
[12:28:05]   Файл: 77ae023c_Subscription.txt
[12:28:06]   Загрузка: УСПЕШНО (3800 байт)
[12:28:06]   Формат: Base64 → vless
[12:28:06]   Конфигов: VL=8 VM=0 TR=0 SS=16 (всего: 24)
[12:28:06] 
[12:28:06] Подписка #5: 90
[12:28:06]   Файл: dc763289_Subscription.txt
[12:28:07]   Загрузка: УСПЕШНО (54666 байт)
[12:28:07]   Формат: готовые vless/заголовки
[12:28:07]   Конфигов: 391
[12:28:07] 
[12:28:07] ----------------------------------------------
[12:28:07] ШАГ 4: Сводный файл
[12:28:07] ----------------------------------------------
[12:28:07] Ссылки в GotovVpn.txt:
[12:28:07]   • https://raw.githubusercontent.com/po5p/TgBot/main/8cbda047_Subscription.txt
[12:28:07]   • https://raw.githubusercontent.com/po5p/TgBot/main/03a7dba1_Subscription.txt
[12:28:07]   • https://raw.githubusercontent.com/po5p/TgBot/main/1c89ecb2_Subscription.txt
[12:28:07]   • https://raw.githubusercontent.com/po5p/TgBot/main/77ae023c_Subscription.txt
[12:28:08]   • https://raw.githubusercontent.com/po5p/TgBot/main/dc763289_Subscription.txt
[12:28:08] 
[12:28:08] ----------------------------------------------
[12:28:08] ШАГ 5: Отправка в GitHub
[12:28:08] ----------------------------------------------
[12:28:10] Результат: УСПЕШНО
[12:28:10] 
[12:28:10] ==============================================
[12:28:10] ИТОГИ
[12:28:10] ==============================================
[12:28:10] Обработано: 5 | Пропущено: 0
[12:28:10]   VLESS:  80
[12:28:10]   SS:     160
[12:28:10]   JSON:   3
[12:28:10]   ─────────────────
[12:28:10]   ВСЕГО:  243
[12:28:10] Сводный файл: https://raw.githubusercontent.com/po5p/TgBot/main/GotovVpn.txt
[12:28:10] ==============================================
