[14:15:50] ==============================================
[14:15:50] ЗАПУСК ОБНОВЛЕНИЯ VPN
[14:15:50] ==============================================
[14:15:50] Дата: 26.06.2026 14:15:50
[14:15:50] GitHub: po5p/TgBot
[14:15:50] 
[14:15:50] ----------------------------------------------
[14:15:50] ШАГ 1: Получение списка подписок
[14:15:50] ----------------------------------------------
[14:15:51] Статус: 200 (УСПЕШНО), размер: 748 байт
[14:15:51] Содержимое:
[14:15:51]   • https://yax.nenadoblokirowatgnidda.ru/exec?url=http%3A%2F%2F77.110.104.181%3A5002%2Fsub%2FVGdydXNzaWEsMTc4MTc4OTk1Mw20zr9u72oH|Vpn
[14:15:51]   • https://sub.smygo.ru/api/sub/rp6VZU5x1KoWqmHe|VPN
[14:15:51]   • https://akonit.tech/sub/a0cc22c1-312b-47a1-99bb-bb62fd39df0e|AkonitVPN
[14:15:51]   • https://sub.cvedcvpn.ru/e-LF_rZTKbPzyANj|garelmakrel
[14:15:51]   • https://raw.githubusercontent.com/hiztin/VLESS-PO-GRIBI/main/deploy/subscriptions/1.txt|90
[14:15:51]   • https://mawtunnel.onrender.com/sub/WpqtBEilhthDB7tedo|ЯЕбланVPN
[14:15:51]   • https://github.com/lsncococososo-rgb/GRN_VPN/raw/refs/heads/main/config.txt|GRN_VPN
[14:15:51]   • https://31.76.240.234:2096/sub/qrv3n2dptx2n7xdn|Yowet
[14:15:51]   • https://panel.haizvpn.pw/api/sub/NbU-R-3HMUwERtwQ|Haizvpn
[14:15:51]   • https://vless-config.vadimakimov2009.workers.dev/vpn-config?user=5739816977|BamBukVPN
[14:15:51] 
[14:15:51] ----------------------------------------------
[14:15:51] ШАГ 2: Клонирование репозитория
[14:15:51] ----------------------------------------------
[14:15:52] Статус: УСПЕШНО
[14:15:52] 
[14:15:52] ----------------------------------------------
[14:15:52] ШАГ 3: Обработка подписок
[14:15:53] ----------------------------------------------
[14:15:53] 
[14:15:53] Подписка #1: Vpn
[14:15:53]   Файл: 8cbda047_Subscription.txt
[14:15:53]   Загрузка: ОШИБКА HTTP 502
[14:15:53]   Формат: Base64 → vless
[14:15:54]   Конфигов: VL=0 VM=0 TR=0 SS=0 (всего: 0)
[14:15:54] 
[14:15:54] Подписка #2: VPN
[14:15:54]   Файл: 03a7dba1_Subscription.txt
[14:15:54]   Загрузка: ОШИБКА HTTP 404
[14:15:54]   Формат: JSON
[14:15:55]   Конфигов (JSON): 3
[14:15:55] 
[14:15:55] Подписка #3: AkonitVPN
[14:15:55]   Файл: 1c89ecb2_Subscription.txt
[14:15:55]   Загрузка: ОШИБКА HTTP 404
[14:15:55]   Формат: JSON
[14:15:55]   Конфигов (JSON): 1
[14:15:55] 
[14:15:55] Подписка #4: garelmakrel
[14:15:55]   Файл: 77ae023c_Subscription.txt
[14:15:56]   Загрузка: УСПЕШНО (1947 байт)
[14:15:56]   Формат: JSON
[14:15:56]   Конфигов (JSON): 2
[14:15:56] 
[14:15:56] Подписка #5: 90
[14:15:56]   Файл: dc763289_Subscription.txt
[14:15:57]   Загрузка: УСПЕШНО (56552 байт)
[14:15:57]   Формат: готовые vless/заголовки
[14:15:58]   Конфигов: 368
[14:15:58] 
[14:15:58] Подписка #6: ЯЕбланVPN
[14:15:58]   Файл: 12ad9a86_Subscription.txt
[14:15:59]   Загрузка: УСПЕШНО (38973 байт)
[14:15:59]   Формат: Base64 → vless
[14:16:22]   Конфигов: VL=0 VM=0 TR=0 SS=0 (всего: 0)
[14:16:22] 
[14:16:22] Подписка #7: GRN_VPN
[14:16:22]   Файл: e33835c2_Subscription.txt
[14:16:23]   Загрузка: УСПЕШНО (2416 байт)
[14:16:23]   Формат: готовые vless/заголовки
[14:16:24]   Конфигов: 14
[14:16:24] 
[14:16:24] Подписка #8: Yowet
[14:16:24]   Файл: 7644db88_Subscription.txt
[14:16:24]   Загрузка: УСПЕШНО (12464 байт)
[14:16:24]   Формат: Base64 → vless
[14:16:25]   Конфигов: VL=4 VM=0 TR=0 SS=8 (всего: 12)
[14:16:25] 
[14:16:25] Подписка #9: Haizvpn
[14:16:25]   Файл: e546cf1e_Subscription.txt
[14:16:26]   Загрузка: УСПЕШНО (985 байт)
[14:16:26]   ⚠ Заглушка — оставляю старую копию
[14:16:26] 
[14:16:26] Подписка #10: BamBukVPN
[14:16:26]   Файл: 9bea4c44_Subscription.txt
[14:16:27]   Загрузка: УСПЕШНО (6073 байт)
[14:16:27]   Формат: JSON
[14:16:27]   Конфигов (JSON): 7
[14:16:27] 
[14:16:27] ----------------------------------------------
[14:16:27] ШАГ 4: Сводный файл
[14:16:27] ----------------------------------------------
[14:16:27] Ссылки в GotovVpn.txt:
[14:16:27]   • https://raw.githubusercontent.com/po5p/TgBot/main/8cbda047_Subscription.txt
[14:16:27]   • https://raw.githubusercontent.com/po5p/TgBot/main/03a7dba1_Subscription.txt
[14:16:27]   • https://raw.githubusercontent.com/po5p/TgBot/main/1c89ecb2_Subscription.txt
[14:16:27]   • https://raw.githubusercontent.com/po5p/TgBot/main/77ae023c_Subscription.txt
[14:16:27]   • https://raw.githubusercontent.com/po5p/TgBot/main/dc763289_Subscription.txt
[14:16:27]   • https://raw.githubusercontent.com/po5p/TgBot/main/12ad9a86_Subscription.txt
[14:16:27]   • https://raw.githubusercontent.com/po5p/TgBot/main/e33835c2_Subscription.txt
[14:16:27]   • https://raw.githubusercontent.com/po5p/TgBot/main/7644db88_Subscription.txt
[14:16:27]   • https://raw.githubusercontent.com/po5p/TgBot/main/e546cf1e_Subscription.txt
[14:16:27]   • https://raw.githubusercontent.com/po5p/TgBot/main/9bea4c44_Subscription.txt
[14:16:27] 
[14:16:27] ----------------------------------------------
[14:16:27] ШАГ 5: Отправка в GitHub
[14:16:28] ----------------------------------------------
[14:16:29] Результат: УСПЕШНО
[14:16:29] 
[14:16:29] ==============================================
[14:16:29] ИТОГИ
[14:16:29] ==============================================
[14:16:29] Обработано: 9 | Пропущено: 1
[14:16:30]   VLESS:  4
[14:16:30]   SS:     8
[14:16:30]   JSON:   13
[14:16:30]   ─────────────────
[14:16:30]   ВСЕГО:  25
[14:16:30] Сводный файл: https://raw.githubusercontent.com/po5p/TgBot/main/GotovVpn.txt
[14:16:30] ==============================================
