[22:02:38] ==============================================
[22:02:38] ЗАПУСК ОБНОВЛЕНИЯ VPN
[22:02:38] ==============================================
[22:02:38] Дата: 19.06.2026 22:02:38
[22:02:38] GitHub: po5p/TgBot
[22:02:38] 
[22:02:38] ----------------------------------------------
[22:02:38] ШАГ 1: Получение списка подписок
[22:02:38] ----------------------------------------------
[22:02:38] Статус: 200 (УСПЕШНО), размер: 342 байт
[22:02:39] Содержимое:
[22:02:39]   • https://yax.nenadoblokirowatgnidda.ru/exec?url=http%3A%2F%2F77.110.104.181%3A5002%2Fsub%2FVGdydXNzaWEsMTc4MTc4OTk1Mw20zr9u72oH|Vpn
[22:02:39]   • https://sub.smygo.ru/api/sub/rp6VZU5x1KoWqmHe|VPN
[22:02:39]   • https://sub.datanode-internal.net/KzmeGBwzvnW1fHn7|vpn33
[22:02:39]   • https://page2.anotherboring.top/WCdKdF9n8yUUGAPX|ABSVPN
[22:02:39]   • https://cdn.getslay.cc/5DBMhz39k1X6DZYE|StayVpn
[22:02:39] 
[22:02:39] ----------------------------------------------
[22:02:39] ШАГ 2: Клонирование репозитория
[22:02:39] ----------------------------------------------
[22:02:40] Статус: УСПЕШНО
[22:02:40] 
[22:02:40] ----------------------------------------------
[22:02:40] ШАГ 3: Обработка подписок
[22:02:40] ----------------------------------------------
[22:02:40] 
[22:02:41] Подписка #1: Vpn
[22:02:41]   Файл: 8cbda047_Subscription.txt
[22:02:41]   Загрузка: УСПЕШНО (19944 байт)
[22:02:41]   Формат: Base64 → vless
[22:02:42]   Конфигов: VL=34 VM=0 TR=0 SS=68 (всего: 102)
[22:02:42] 
[22:02:42] Подписка #2: VPN
[22:02:42]   Файл: 03a7dba1_Subscription.txt
[22:02:43]   Загрузка: УСПЕШНО (435484 байт)
[22:02:43]   Формат: JSON
[22:02:43]   Конфигов (JSON): 23
[22:02:43] 
[22:02:43] Подписка #3: vpn33
[22:02:43]   Файл: b91d57b9_Subscription.txt
[22:02:44]   Загрузка: УСПЕШНО (36494 байт)
[22:02:44]   Формат: JSON
[22:02:44]   Конфигов (JSON): 15
[22:02:44] 
[22:02:44] Подписка #4: ABSVPN
[22:02:44]   Файл: fae59f39_Subscription.txt
[22:02:45]   Загрузка: УСПЕШНО (9964 байт)
[22:02:45]   Формат: JSON
[22:02:45]   Конфигов (JSON): 6
[22:02:45] 
[22:02:45] Подписка #5: StayVpn
[22:02:45]   Файл: 1bb0e229_Subscription.txt
[22:02:46]   Загрузка: УСПЕШНО (3404 байт)
[22:02:46]   ⚠ Заглушка — оставляю старую копию
[22:02:46] 
[22:02:46] ----------------------------------------------
[22:02:46] ШАГ 4: Сводный файл
[22:02:46] ----------------------------------------------
[22:02:46] Ссылки в GotovVpn.txt:
[22:02:46]   • https://raw.githubusercontent.com/po5p/TgBot/main/8cbda047_Subscription.txt
[22:02:46]   • https://raw.githubusercontent.com/po5p/TgBot/main/03a7dba1_Subscription.txt
[22:02:46]   • https://raw.githubusercontent.com/po5p/TgBot/main/b91d57b9_Subscription.txt
[22:02:47]   • https://raw.githubusercontent.com/po5p/TgBot/main/fae59f39_Subscription.txt
[22:02:47] 
[22:02:47] ----------------------------------------------
[22:02:47] ШАГ 5: Отправка в GitHub
[22:02:47] ----------------------------------------------
[22:02:49] Результат: УСПЕШНО
[22:02:49] 
[22:02:49] ==============================================
[22:02:49] ИТОГИ
[22:02:49] ==============================================
[22:02:49] Обработано: 4 | Пропущено: 1
[22:02:49]   VLESS:  34
[22:02:49]   SS:     68
[22:02:49]   JSON:   44
[22:02:49]   ─────────────────
[22:02:49]   ВСЕГО:  146
[22:02:49] Сводный файл: https://raw.githubusercontent.com/po5p/TgBot/main/GotovVpn.txt
[22:02:49] ==============================================
