[23:03:52] ==============================================
[23:03:52] ЗАПУСК ОБНОВЛЕНИЯ VPN
[23:03:52] ==============================================
[23:03:52] Дата: 28.06.2026 23:03:52
[23:03:52] GitHub: po5p/TgBot
[23:03:52] 
[23:03:52] ----------------------------------------------
[23:03:52] ШАГ 1: Получение списка подписок
[23:03:52] ----------------------------------------------
[23:03:53] Статус: 200 (УСПЕШНО), размер: 525 байт
[23:03:53] Содержимое:
[23:03:53]   • https://github.com/lsncococososo-rgb/GRN_VPN/raw/refs/heads/main/config.txt|GRN_VPN
[23:03:53]   • https://subs.crabby.app/b8cd8e0b2467fd0f45922774d8b68f21b9c76b348d5af80db205a4aa5257efe2|В
[23:03:53]   • https://tinyurl.com/jm4nyfxp|CVEDC_VPN_||_FREE_ПОДПИСК
[23:03:53]   • https://happ.dska.su/https://vless-config.vadimakimov2009.workers.dev/vpn-config?user=5739816977|AstraVPN-PRO
[23:03:53]   • https://vpnsubs.site/api/sub/78-kh52vMQyWHcf6|VpnBezLagov
[23:03:53]   • https://vpnsubs.site/api/sub/WmpDVF2fhx495v_8|vpn
[23:03:53]   • https://sub.lbrts.org/hz9UvFDVehXtGB-m|Абзябзяблик_ВПН
[23:03:53] 
[23:03:54] ----------------------------------------------
[23:03:54] ШАГ 2: Клонирование репозитория
[23:03:54] ----------------------------------------------
[23:03:55] Статус: УСПЕШНО
[23:03:55] 
[23:03:55] ----------------------------------------------
[23:03:55] ШАГ 3: Обработка подписок
[23:03:55] ----------------------------------------------
[23:03:55] 
[23:03:55] Подписка #1: GRN_VPN
[23:03:55]   Файл: e33835c2_Subscription.txt
[23:03:56]   Загрузка: УСПЕШНО (2416 байт)
[23:03:57]   Формат: готовые vless/заголовки
[23:03:57]   Конфигов: 14
[23:03:57] 
[23:03:57] Подписка #2: В
[23:03:57]   Файл: 80edf5ff_Subscription.txt
[23:03:58]   Загрузка: УСПЕШНО (2172 байт)
[23:03:58]   Формат: Base64 → vless
[23:03:59]   Конфигов: VL=6 VM=0 TR=0 SS=12 (всего: 18)
[23:03:59] 
[23:03:59] Подписка #3: CVEDC_VPN_||_FREE_ПОДПИСК
[23:03:59]   Файл: 017b9265_Subscription.txt
[23:04:00]   Загрузка: УСПЕШНО (16609 байт)
[23:04:00]   Формат: готовые vless/заголовки
[23:04:01]   Конфигов: 116
[23:04:01] 
[23:04:01] Подписка #4: AstraVPN-PRO
[23:04:01]   Файл: ea85de74_Subscription.txt
[23:04:03]   Загрузка: УСПЕШНО (11905 байт)
[23:04:03]   Формат: JSON
[23:04:03]   Конфигов (JSON): 11
[23:04:03] 
[23:04:03] Подписка #5: VpnBezLagov
[23:04:04]   Файл: 2247dd1d_Subscription.txt
[23:04:05]   Загрузка: УСПЕШНО (1946 байт)
[23:04:05]   Формат: JSON
[23:04:05]   Конфигов (JSON): 2
[23:04:05] 
[23:04:05] Подписка #6: vpn
[23:04:05]   Файл: ac4e9d53_Subscription.txt
[23:04:06]   Загрузка: УСПЕШНО (1946 байт)
[23:04:06]   Формат: JSON
[23:04:06]   Конфигов (JSON): 2
[23:04:06] 
[23:04:06] Подписка #7: Абзябзяблик_ВПН
[23:04:06]   Файл: 5942b582_Subscription.txt
[23:04:07]   Загрузка: УСПЕШНО (187404 байт)
[23:04:07]   Формат: JSON
[23:04:07]   Конфигов (JSON): 26
[23:04:07] 
[23:04:07] ----------------------------------------------
[23:04:07] ШАГ 4: Сводный файл
[23:04:08] ----------------------------------------------
[23:04:08] Ссылки в GotovVpn.txt:
[23:04:08]   • https://raw.githubusercontent.com/po5p/TgBot/main/e33835c2_Subscription.txt
[23:04:08]   • https://raw.githubusercontent.com/po5p/TgBot/main/80edf5ff_Subscription.txt
[23:04:08]   • https://raw.githubusercontent.com/po5p/TgBot/main/017b9265_Subscription.txt
[23:04:08]   • https://raw.githubusercontent.com/po5p/TgBot/main/ea85de74_Subscription.txt
[23:04:08]   • https://raw.githubusercontent.com/po5p/TgBot/main/2247dd1d_Subscription.txt
[23:04:08]   • https://raw.githubusercontent.com/po5p/TgBot/main/ac4e9d53_Subscription.txt
[23:04:08]   • https://raw.githubusercontent.com/po5p/TgBot/main/5942b582_Subscription.txt
[23:04:08] 
[23:04:08] ----------------------------------------------
[23:04:08] ШАГ 5: Отправка в GitHub
[23:04:08] ----------------------------------------------
[23:04:10] Результат: УСПЕШНО
[23:04:10] 
[23:04:10] ==============================================
[23:04:10] ИТОГИ
[23:04:10] ==============================================
[23:04:10] Обработано: 7 | Пропущено: 0
[23:04:10]   VLESS:  6
[23:04:10]   SS:     12
[23:04:10]   JSON:   41
[23:04:10]   ─────────────────
[23:04:10]   ВСЕГО:  59
[23:04:10] Сводный файл: https://raw.githubusercontent.com/po5p/TgBot/main/GotovVpn.txt
[23:04:10] ==============================================
