[22:39:34] ==============================================
[22:39:34] ЗАПУСК ОБНОВЛЕНИЯ VPN
[22:39:34] ==============================================
[22:39:34] Дата: 19.06.2026 22:39:34
[22:39:34] GitHub: po5p/TgBot
[22:39:34] 
[22:39:34] ----------------------------------------------
[22:39:34] ШАГ 1: Получение списка подписок
[22:39:34] ----------------------------------------------
[22:39:35] Статус: 200 (УСПЕШНО), размер: 388 байт
[22:39:35] Содержимое:
[22:39:35]   • https://yax.nenadoblokirowatgnidda.ru/exec?url=http%3A%2F%2F77.110.104.181%3A5002%2Fsub%2FVGdydXNzaWEsMTc4MTc4OTk1Mw20zr9u72oH|Vpn
[22:39:35]   • https://sub.smygo.ru/api/sub/rp6VZU5x1KoWqmHe|VPN
[22:39:35]   • https://sub.datanode-internal.net/KzmeGBwzvnW1fHn7|vpn33
[22:39:35]   • https://page2.anotherboring.top/WCdKdF9n8yUUGAPX|ABSVPN
[22:39:35]   • https://cdn.getslay.cc/5DBMhz39k1X6DZYE|StayVpn
[22:39:35]   • https://perecsub.com/8oa7eXJFQpzPMfJk|Perchik
[22:39:35] 
[22:39:35] ----------------------------------------------
[22:39:35] ШАГ 2: Клонирование репозитория
[22:39:35] ----------------------------------------------
[22:39:36] Статус: УСПЕШНО
[22:39:37] 
[22:39:37] ----------------------------------------------
[22:39:37] ШАГ 3: Обработка подписок
[22:39:37] ----------------------------------------------
[22:39:37] 
[22:39:37] Подписка #1: Vpn
[22:39:37]   Файл: 8cbda047_Subscription.txt
[22:39:37]   Загрузка: УСПЕШНО (30112 байт)
[22:39:37]   Формат: Base64 → vless
[22:39:38]   Конфигов: VL=53 VM=0 TR=0 SS=106 (всего: 159)
[22:39:38] 
[22:39:38] Подписка #2: VPN
[22:39:38]   Файл: 03a7dba1_Subscription.txt
[22:39:39]   Загрузка: УСПЕШНО (435484 байт)
[22:39:39]   Формат: JSON
[22:39:39]   Конфигов (JSON): 23
[22:39:39] 
[22:39:39] Подписка #3: vpn33
[22:39:39]   Файл: b91d57b9_Subscription.txt
[22:39:40]   Загрузка: УСПЕШНО (36478 байт)
[22:39:40]   Формат: JSON
[22:39:40]   Конфигов (JSON): 15
[22:39:40] 
[22:39:40] Подписка #4: ABSVPN
[22:39:40]   Файл: fae59f39_Subscription.txt
[22:39:41]   Загрузка: УСПЕШНО (9964 байт)
[22:39:41]   Формат: JSON
[22:39:41]   Конфигов (JSON): 6
[22:39:41] 
[22:39:41] Подписка #5: StayVpn
[22:39:41]   Файл: 1bb0e229_Subscription.txt
[22:39:42]   Загрузка: УСПЕШНО (3404 байт)
[22:39:42]   Формат: JSON
[22:39:42]   Конфигов (JSON): 2
[22:39:42] 
[22:39:42] Подписка #6: Perchik
[22:39:42]   Файл: e74b18c3_Subscription.txt
[22:39:43]   Загрузка: УСПЕШНО (30523 байт)
[22:39:43]   Формат: JSON
[22:39:43]   Конфигов (JSON): 11
[22:39:43] 
[22:39:43] ----------------------------------------------
[22:39:43] ШАГ 4: Сводный файл
[22:39:43] ----------------------------------------------
[22:39:43] Ссылки в GotovVpn.txt:
[22:39:43]   • https://raw.githubusercontent.com/po5p/TgBot/main/8cbda047_Subscription.txt
[22:39:43]   • https://raw.githubusercontent.com/po5p/TgBot/main/03a7dba1_Subscription.txt
[22:39:43]   • https://raw.githubusercontent.com/po5p/TgBot/main/b91d57b9_Subscription.txt
[22:39:43]   • https://raw.githubusercontent.com/po5p/TgBot/main/fae59f39_Subscription.txt
[22:39:43]   • https://raw.githubusercontent.com/po5p/TgBot/main/1bb0e229_Subscription.txt
[22:39:43]   • https://raw.githubusercontent.com/po5p/TgBot/main/e74b18c3_Subscription.txt
[22:39:43] 
[22:39:43] ----------------------------------------------
[22:39:43] ШАГ 5: Отправка в GitHub
[22:39:43] ----------------------------------------------
[22:39:46] Результат: УСПЕШНО
[22:39:46] 
[22:39:46] ==============================================
[22:39:47] ИТОГИ
[22:39:47] ==============================================
[22:39:47] Обработано: 6 | Пропущено: 0
[22:39:47]   VLESS:  53
[22:39:47]   SS:     106
[22:39:47]   JSON:   57
[22:39:47]   ─────────────────
[22:39:47]   ВСЕГО:  216
[22:39:47] Сводный файл: https://raw.githubusercontent.com/po5p/TgBot/main/GotovVpn.txt
[22:39:47] ==============================================
