[00:11:02] ==============================================
[00:11:02] ЗАПУСК ОБНОВЛЕНИЯ VPN
[00:11:02] ==============================================
[00:11:02] Дата: 27.06.2026 00:11:02
[00:11:02] GitHub: po5p/TgBot
[00:11:02] 
[00:11:02] ----------------------------------------------
[00:11:02] ШАГ 1: Получение списка подписок
[00:11:02] ----------------------------------------------
[00:11:03] Статус: 200 (УСПЕШНО), размер: 558 байт
[00:11:03] Содержимое:
[00:11:03]   • https://github.com/lsncococososo-rgb/GRN_VPN/raw/refs/heads/main/config.txt|GRN_VPN
[00:11:03]   • https://31.76.240.234:2096/sub/qrv3n2dptx2n7xdn|Yowet
[00:11:03]   • https://mawtunnel.onrender.com/sub/WpqtBEilhthDB7tedo|Бастакарапузики
[00:11:03]   • https://subs.crabby.app/b8cd8e0b2467fd0f45922774d8b68f21b9c76b348d5af80db205a4aa5257efe2|В
[00:11:03]   • https://tinyurl.com/jm4nyfxp|CVEDC_VPN_||_FREE_ПОДПИСК
[00:11:03]   • https://tonsrivals.online/apx/VnH4dCLbQH1KvgGg|Пердусран_VPN
[00:11:03]   • https://happ.dska.su/https://vless-config.vadimakimov2009.workers.dev/vpn-config?user=5739816977|AstraVPN-PRO
[00:11:03] 
[00:11:03] ----------------------------------------------
[00:11:03] ШАГ 2: Клонирование репозитория
[00:11:03] ----------------------------------------------
[00:11:05] Статус: УСПЕШНО
[00:11:05] 
[00:11:05] ----------------------------------------------
[00:11:05] ШАГ 3: Обработка подписок
[00:11:05] ----------------------------------------------
[00:11:05] 
[00:11:05] Подписка #2: GRN_VPN
[00:11:05]   Файл: e33835c2_Subscription.txt
[00:11:06]   Загрузка: УСПЕШНО (2416 байт)
[00:11:07]   Формат: готовые vless/заголовки
[00:11:07]   Конфигов: 14
[00:11:07] 
[00:11:07] Подписка #3: Yowet
[00:11:07]   Файл: 7644db88_Subscription.txt
[00:11:07]   Загрузка: УСПЕШНО (12480 байт)
[00:11:08]   Формат: Base64 → vless
[00:11:08]   Конфигов: VL=4 VM=0 TR=0 SS=8 (всего: 12)
[00:11:08] 
[00:11:08] Подписка #4: Бастакарапузики
[00:11:08]   Файл: 12ad9a86_Subscription.txt
[00:11:09]   Загрузка: УСПЕШНО (38973 байт)
[00:11:09]   Формат: Base64 → vless
[00:11:32]   Конфигов: VL=0 VM=0 TR=0 SS=0 (всего: 0)
[00:11:32] 
[00:11:32] Подписка #5: В
[00:11:32]   Файл: 80edf5ff_Subscription.txt
[00:11:34]   Загрузка: УСПЕШНО (2172 байт)
[00:11:34]   Формат: Base64 → vless
[00:11:34]   Конфигов: VL=6 VM=0 TR=0 SS=12 (всего: 18)
[00:11:35] 
[00:11:35] Подписка #6: CVEDC_VPN_||_FREE_ПОДПИСК
[00:11:35]   Файл: 017b9265_Subscription.txt
[00:11:36]   Загрузка: УСПЕШНО (16609 байт)
[00:11:36]   Формат: готовые vless/заголовки
[00:11:36]   Конфигов: 116
[00:11:36] 
[00:11:36] Подписка #7: Пердусран_VPN
[00:11:36]   Файл: 3ca910ce_Subscription.txt
[00:11:37]   Загрузка: УСПЕШНО (1947 байт)
[00:11:37]   Формат: JSON
[00:11:37]   Конфигов (JSON): 2
[00:11:37] 
[00:11:37] Подписка #8: AstraVPN-PRO
[00:11:37]   Файл: ea85de74_Subscription.txt
[00:11:38]   Загрузка: УСПЕШНО (8654 байт)
[00:11:38]   Формат: JSON
[00:11:38]   Конфигов (JSON): 9
[00:11:38] 
[00:11:38] ----------------------------------------------
[00:11:38] ШАГ 4: Сводный файл
[00:11:38] ----------------------------------------------
[00:11:38] Ссылки в GotovVpn.txt:
[00:11:38]   • https://raw.githubusercontent.com/po5p/TgBot/main/e33835c2_Subscription.txt
[00:11:38]   • https://raw.githubusercontent.com/po5p/TgBot/main/7644db88_Subscription.txt
[00:11:38]   • https://raw.githubusercontent.com/po5p/TgBot/main/12ad9a86_Subscription.txt
[00:11:38]   • https://raw.githubusercontent.com/po5p/TgBot/main/80edf5ff_Subscription.txt
[00:11:38]   • https://raw.githubusercontent.com/po5p/TgBot/main/017b9265_Subscription.txt
[00:11:38]   • https://raw.githubusercontent.com/po5p/TgBot/main/3ca910ce_Subscription.txt
[00:11:38]   • https://raw.githubusercontent.com/po5p/TgBot/main/ea85de74_Subscription.txt
[00:11:38] 
[00:11:38] ----------------------------------------------
[00:11:39] ШАГ 5: Отправка в GitHub
[00:11:39] ----------------------------------------------
[00:11:40] Результат: УСПЕШНО
[00:11:40] 
[00:11:40] ==============================================
[00:11:40] ИТОГИ
[00:11:40] ==============================================
[00:11:40] Обработано: 7 | Пропущено: 0
[00:11:40]   VLESS:  10
[00:11:40]   SS:     20
[00:11:41]   JSON:   11
[00:11:41]   ─────────────────
[00:11:41]   ВСЕГО:  41
[00:11:41] Сводный файл: https://raw.githubusercontent.com/po5p/TgBot/main/GotovVpn.txt
[00:11:41] ==============================================
