[12:20:39] ==============================================
[12:20:39] ЗАПУСК ОБНОВЛЕНИЯ VPN
[12:20:39] ==============================================
[12:20:40] Дата: 21.06.2026 12:20:39
[12:20:40] GitHub: po5p/TgBot
[12:20:40] 
[12:20:40] ----------------------------------------------
[12:20:40] ШАГ 1: Получение списка подписок
[12:20:40] ----------------------------------------------
[12:20:40] Статус: 200 (УСПЕШНО), размер: 383 байт
[12:20:40] Содержимое:
[12:20:40]   • https://yax.nenadoblokirowatgnidda.ru/exec?url=http%3A%2F%2F77.110.104.181%3A5002%2Fsub%2FVGdydXNzaWEsMTc4MTc4OTk1Mw20zr9u72oH|Vpn
[12:20:40]   • https://sub.smygo.ru/api/sub/rp6VZU5x1KoWqmHe|VPN
[12:20:40]   • https://akonit.tech/sub/a0cc22c1-312b-47a1-99bb-bb62fd39df0e|AkonitVPN
[12:20:40]   • https://sub.cvedcvpn.ru/e-LF_rZTKbPzyANj|garelmakrel
[12:20:40]   • https://raw.githubusercontent.com/po5p/TgBot/main/1c89ecb2_Subscription.txt|9
[12:20:40] 
[12:20:40] ----------------------------------------------
[12:20:40] ШАГ 2: Клонирование репозитория
[12:20:40] ----------------------------------------------
[12:20:42] Статус: УСПЕШНО
[12:20:42] 
[12:20:42] ----------------------------------------------
[12:20:42] ШАГ 3: Обработка подписок
[12:20:42] ----------------------------------------------
[12:20:42] 
[12:20:42] Подписка #1: Vpn
[12:20:42]   Файл: 8cbda047_Subscription.txt
[12:20:42]   Загрузка: УСПЕШНО (32784 байт)
[12:20:42]   Формат: Base64 → vless
[12:20:43]   Конфигов: VL=63 VM=0 TR=0 SS=126 (всего: 189)
[12:20:43] 
[12:20:43] Подписка #2: VPN
[12:20:43]   Файл: 03a7dba1_Subscription.txt
[12:20:43]   Загрузка: ОШИБКА HTTP 404
[12:20:43]   Формат: JSON
[12:20:44]   Конфигов (JSON): 3
[12:20:44] 
[12:20:44] Подписка #3: AkonitVPN
[12:20:44]   Файл: 1c89ecb2_Subscription.txt
[12:20:44]   Загрузка: УСПЕШНО (6048 байт)
[12:20:44]   Формат: Base64 → vless
[12:20:45]   Конфигов: VL=9 VM=0 TR=0 SS=18 (всего: 27)
[12:20:45] 
[12:20:45] Подписка #4: garelmakrel
[12:20:45]   Файл: 77ae023c_Subscription.txt
[12:20:45]   Загрузка: УСПЕШНО (3800 байт)
[12:20:45]   Формат: Base64 → vless
[12:20:46]   Конфигов: VL=8 VM=0 TR=0 SS=16 (всего: 24)
[12:20:46] 
[12:20:46] Подписка #5: 9
[12:20:46]   Файл: 98ee5455_Subscription.txt
[12:20:46]   Загрузка: УСПЕШНО (7206 байт)
[12:20:46]   Формат: готовые vless/заголовки
[12:20:46]   Конфигов: 27
[12:20:47] 
[12:20:47] ----------------------------------------------
[12:20:47] ШАГ 4: Сводный файл
[12:20:47] ----------------------------------------------
[12:20:47] Ссылки в GotovVpn.txt:
[12:20:47]   • https://raw.githubusercontent.com/po5p/TgBot/main/8cbda047_Subscription.txt
[12:20:47]   • https://raw.githubusercontent.com/po5p/TgBot/main/03a7dba1_Subscription.txt
[12:20:47]   • https://raw.githubusercontent.com/po5p/TgBot/main/1c89ecb2_Subscription.txt
[12:20:47]   • https://raw.githubusercontent.com/po5p/TgBot/main/77ae023c_Subscription.txt
[12:20:47]   • https://raw.githubusercontent.com/po5p/TgBot/main/98ee5455_Subscription.txt
[12:20:47] 
[12:20:47] ----------------------------------------------
[12:20:47] ШАГ 5: Отправка в GitHub
[12:20:47] ----------------------------------------------
[12:20:49] Результат: УСПЕШНО
[12:20:49] 
[12:20:49] ==============================================
[12:20:49] ИТОГИ
[12:20:49] ==============================================
[12:20:49] Обработано: 5 | Пропущено: 0
[12:20:49]   VLESS:  80
[12:20:49]   SS:     160
[12:20:49]   JSON:   3
[12:20:49]   ─────────────────
[12:20:49]   ВСЕГО:  243
[12:20:49] Сводный файл: https://raw.githubusercontent.com/po5p/TgBot/main/GotovVpn.txt
[12:20:49] ==============================================
