[19:59:41] ==============================================
[19:59:41] ЗАПУСК ОБНОВЛЕНИЯ VPN
[19:59:41] ==============================================
[19:59:41] Дата: 30.06.2026 19:59:41
[19:59:41] GitHub: po5p/TgBot
[19:59:41] 
[19:59:41] ----------------------------------------------
[19:59:41] ШАГ 1: Получение списка подписок
[19:59:41] ----------------------------------------------
[19:59:42] Статус: 200 (УСПЕШНО), размер: 100 байт
[19:59:42] Содержимое:
[19:59:42]   • 5739816977|https://vless-config.vadimakimov2009.workers.dev/vpn-config?user=5739816977|AstraVPN-PRO
[19:59:42] 
[19:59:42] ----------------------------------------------
[19:59:42] ШАГ 2: Клонирование репозитория
[19:59:42] ----------------------------------------------
[19:59:43] Статус: УСПЕШНО
[19:59:43] 
[19:59:43] ----------------------------------------------
[19:59:43] ШАГ 3: Обработка подписок
[19:59:43] ----------------------------------------------
[19:59:43] 
[19:59:43] Подписка #1: AstraVPN-PRO (ID: 5739816977)
[19:59:43]   Файл: users/5739816977/9bea4c44_Subscription.txt
[19:59:44]   Загрузка: УСПЕШНО (12301 байт)
[19:59:44]   Формат: JSON
[19:59:44]   Конфигов (JSON): 13
[19:59:44] 
[19:59:44] ----------------------------------------------
[19:59:44] ШАГ 4: Сводный файл
[19:59:45] ----------------------------------------------
[19:59:45] Ссылки в GotovVpn.txt:
[19:59:45]   • https://raw.githubusercontent.com/po5p/TgBot/main/users/5739816977/9bea4c44_Subscription.txt
[19:59:45] 
[19:59:45] ----------------------------------------------
[19:59:45] ШАГ 5: Отправка в GitHub
[19:59:45] ----------------------------------------------
[19:59:46] Результат: УСПЕШНО
[19:59:46] 
[19:59:46] ==============================================
[19:59:47] ИТОГИ
[19:59:47] ==============================================
[19:59:47] Обработано: 1 | Пропущено: 0
[19:59:47]   JSON:   13
[19:59:47]   ─────────────────
[19:59:47]   ВСЕГО:  13
[19:59:47] Сводный файл: https://raw.githubusercontent.com/po5p/TgBot/main/GotovVpn.txt
[19:59:47] ==============================================
