[17:30:22] ==============================================
[17:30:22] ЗАПУСК ОБНОВЛЕНИЯ VPN
[17:30:22] ==============================================
[17:30:22] Дата: 26.06.2026 17:30:22
[17:30:22] GitHub: po5p/TgBot
[17:30:22] 
[17:30:22] ----------------------------------------------
[17:30:22] ШАГ 1: Получение списка подписок
[17:30:22] ----------------------------------------------
[17:30:23] Статус: 200 (УСПЕШНО), размер: 225 байт
[17:30:23] Содержимое:
[17:30:23]   • https://github.com/lsncococososo-rgb/GRN_VPN/raw/refs/heads/main/config.txt|GRN_VPN
[17:30:23]   • https://31.76.240.234:2096/sub/qrv3n2dptx2n7xdn|Yowet
[17:30:23]   • https://vless-config.vadimakimov2009.workers.dev/vpn-config?user=5739816977|BamBukVPN
[17:30:23] 
[17:30:23] ----------------------------------------------
[17:30:23] ШАГ 2: Клонирование репозитория
[17:30:23] ----------------------------------------------
[17:30:24] Статус: УСПЕШНО
[17:30:25] 
[17:30:25] ----------------------------------------------
[17:30:25] ШАГ 3: Обработка подписок
[17:30:25] ----------------------------------------------
[17:30:25] 
[17:30:25] Подписка #2: GRN_VPN
[17:30:25]   Файл: e33835c2_Subscription.txt
[17:30:27]   Загрузка: УСПЕШНО (2416 байт)
[17:30:27]   Формат: готовые vless/заголовки
[17:30:27]   Конфигов: 14
[17:30:27] 
[17:30:27] Подписка #3: Yowet
[17:30:27]   Файл: 7644db88_Subscription.txt
[17:30:29]   Загрузка: УСПЕШНО (12468 байт)
[17:30:29]   Формат: Base64 → vless
[17:30:29]   Конфигов: VL=4 VM=0 TR=0 SS=8 (всего: 12)
[17:30:30] 
[17:30:30] Подписка #4: BamBukVPN
[17:30:30]   Файл: 9bea4c44_Subscription.txt
[17:30:30]   Загрузка: УСПЕШНО (6073 байт)
[17:30:30]   Формат: JSON
[17:30:30]   Конфигов (JSON): 7
[17:30:31] 
[17:30:31] ----------------------------------------------
[17:30:31] ШАГ 4: Сводный файл
[17:30:31] ----------------------------------------------
[17:30:31] Ссылки в GotovVpn.txt:
[17:30:31]   • https://raw.githubusercontent.com/po5p/TgBot/main/e33835c2_Subscription.txt
[17:30:31]   • https://raw.githubusercontent.com/po5p/TgBot/main/7644db88_Subscription.txt
[17:30:31]   • https://raw.githubusercontent.com/po5p/TgBot/main/9bea4c44_Subscription.txt
[17:30:31] 
[17:30:31] ----------------------------------------------
[17:30:31] ШАГ 5: Отправка в GitHub
[17:30:31] ----------------------------------------------
[17:30:33] Результат: УСПЕШНО
[17:30:33] 
[17:30:33] ==============================================
[17:30:33] ИТОГИ
[17:30:33] ==============================================
[17:30:33] Обработано: 3 | Пропущено: 0
[17:30:33]   VLESS:  4
[17:30:33]   SS:     8
[17:30:33]   JSON:   7
[17:30:33]   ─────────────────
[17:30:33]   ВСЕГО:  19
[17:30:33] Сводный файл: https://raw.githubusercontent.com/po5p/TgBot/main/GotovVpn.txt
[17:30:33] ==============================================
