[21:51:37] ==============================================
[21:51:37] ЗАПУСК ОБНОВЛЕНИЯ VPN
[21:51:37] ==============================================
[21:51:37] Дата: 19.06.2026 21:51:37
[21:51:37] GitHub: po5p/TgBot
[21:51:37] 
[21:51:37] ----------------------------------------------
[21:51:37] ШАГ 1: Получение списка подписок
[21:51:37] ----------------------------------------------
[21:51:38] Статус: 200 (УСПЕШНО), размер: 294 байт
[21:51:38] Содержимое:
[21:51:38]   • https://yax.nenadoblokirowatgnidda.ru/exec?url=http%3A%2F%2F77.110.104.181%3A5002%2Fsub%2FVGdydXNzaWEsMTc4MTc4OTk1Mw20zr9u72oH|Vpn
[21:51:38]   • https://sub.smygo.ru/api/sub/rp6VZU5x1KoWqmHe|VPN
[21:51:38]   • https://sub.datanode-internal.net/KzmeGBwzvnW1fHn7|vpn33
[21:51:38]   • https://page2.anotherboring.top/WCdKdF9n8yUUGAPX|ABSVPN
[21:51:38] 
[21:51:38] ----------------------------------------------
[21:51:38] ШАГ 2: Клонирование репозитория
[21:51:38] ----------------------------------------------
[21:51:40] Статус: УСПЕШНО
[21:51:40] 
[21:51:40] ----------------------------------------------
[21:51:40] ШАГ 3: Обработка подписок
[21:51:40] ----------------------------------------------
[21:51:40] 
[21:51:40] Подписка #1: Vpn
[21:51:40]   Файл: 8cbda047_Subscription.txt
[21:51:41]   Загрузка: УСПЕШНО (22060 байт)
[21:51:41]   Формат: Base64 → vless
[21:51:41]   Конфигов: VL=39 VM=0 TR=0 SS=78 (всего: 117)
[21:51:41] 
[21:51:41] Подписка #2: VPN
[21:51:41]   Файл: 03a7dba1_Subscription.txt
[21:51:42]   Загрузка: УСПЕШНО (435484 байт)
[21:51:42]   Формат: JSON
[21:51:42]   Конфигов (JSON): 23
[21:51:42] 
[21:51:42] Подписка #3: vpn33
[21:51:42]   Файл: b91d57b9_Subscription.txt
[21:51:44]   Загрузка: УСПЕШНО (36494 байт)
[21:51:44]   Формат: JSON
[21:51:44]   Конфигов (JSON): 15
[21:51:44] 
[21:51:44] Подписка #4: ABSVPN
[21:51:44]   Файл: fae59f39_Subscription.txt
[21:51:45]   Загрузка: УСПЕШНО (9964 байт)
[21:51:45]   Формат: JSON
[21:51:45]   Конфигов (JSON): 6
[21:51:45] 
[21:51:46] ----------------------------------------------
[21:51:46] ШАГ 4: Сводный файл
[21:51:46] ----------------------------------------------
[21:51:46] Ссылки в GotovVpn.txt:
[21:51:46]   • https://raw.githubusercontent.com/po5p/TgBot/main/8cbda047_Subscription.txt
[21:51:46]   • https://raw.githubusercontent.com/po5p/TgBot/main/03a7dba1_Subscription.txt
[21:51:46]   • https://raw.githubusercontent.com/po5p/TgBot/main/b91d57b9_Subscription.txt
[21:51:46]   • https://raw.githubusercontent.com/po5p/TgBot/main/fae59f39_Subscription.txt
[21:51:46] 
[21:51:46] ----------------------------------------------
[21:51:46] ШАГ 5: Отправка в GitHub
[21:51:46] ----------------------------------------------
[21:51:49] Результат: УСПЕШНО
[21:51:49] 
[21:51:49] ==============================================
[21:51:49] ИТОГИ
[21:51:49] ==============================================
[21:51:49] Обработано: 4 | Пропущено: 0
[21:51:49]   VLESS:  39
[21:51:49]   SS:     78
[21:51:49]   JSON:   44
[21:51:49]   ─────────────────
[21:51:49]   ВСЕГО:  161
[21:51:49] Сводный файл: https://raw.githubusercontent.com/po5p/TgBot/main/GotovVpn.txt
[21:51:49] ==============================================
