[11:41:54] ==============================================
[11:41:54] ЗАПУСК ОБНОВЛЕНИЯ VPN
[11:41:54] ==============================================
[11:41:54] Дата: 21.06.2026 11:41:54
[11:41:54] GitHub: po5p/TgBot
[11:41:54] 
[11:41:54] ----------------------------------------------
[11:41:54] ШАГ 1: Получение списка подписок
[11:41:54] ----------------------------------------------
[11:41:55] Статус: 200 (УСПЕШНО), размер: 305 байт
[11:41:55] Содержимое:
[11:41:55]   • https://yax.nenadoblokirowatgnidda.ru/exec?url=http%3A%2F%2F77.110.104.181%3A5002%2Fsub%2FVGdydXNzaWEsMTc4MTc4OTk1Mw20zr9u72oH|Vpn
[11:41:55]   • https://sub.smygo.ru/api/sub/rp6VZU5x1KoWqmHe|VPN
[11:41:55]   • https://akonit.tech/sub/a0cc22c1-312b-47a1-99bb-bb62fd39df0e|AkonitVPN
[11:41:55]   • https://sub.cvedcvpn.ru/e-LF_rZTKbPzyANj|garelmakrel
[11:41:55] 
[11:41:55] ----------------------------------------------
[11:41:55] ШАГ 2: Клонирование репозитория
[11:41:55] ----------------------------------------------
[11:41:57] Статус: УСПЕШНО
[11:41:57] 
[11:41:57] ----------------------------------------------
[11:41:57] ШАГ 3: Обработка подписок
[11:41:57] ----------------------------------------------
[11:41:57] 
[11:41:57] Подписка #1: Vpn
[11:41:57]   Файл: 8cbda047_Subscription.txt
[11:41:58]   Загрузка: УСПЕШНО (17992 байт)
[11:41:58]   Формат: Base64 → vless
[11:41:58]   Конфигов: VL=33 VM=0 TR=0 SS=66 (всего: 99)
[11:41:58] 
[11:41:58] Подписка #2: VPN
[11:41:58]   Файл: 03a7dba1_Subscription.txt
[11:41:59]   Загрузка: ОШИБКА HTTP 404
[11:41:59]   Формат: JSON
[11:41:59]   Конфигов (JSON): 3
[11:41:59] 
[11:41:59] Подписка #3: AkonitVPN
[11:41:59]   Файл: 1c89ecb2_Subscription.txt
[11:42:00]   Загрузка: УСПЕШНО (6048 байт)
[11:42:00]   Формат: Base64 → vless
[11:42:00]   Конфигов: VL=9 VM=0 TR=0 SS=18 (всего: 27)
[11:42:00] 
[11:42:00] Подписка #4: garelmakrel
[11:42:06]   Файл: 77ae023c_Subscription.txt
[11:42:06]   Загрузка: УСПЕШНО (3800 байт)
[11:42:06]   Формат: Base64 → vless
[11:42:07]   Конфигов: VL=8 VM=0 TR=0 SS=16 (всего: 24)
[11:42:07] 
[11:42:07] ----------------------------------------------
[11:42:07] ШАГ 4: Сводный файл
[11:42:07] ----------------------------------------------
[11:42:08] Ссылки в GotovVpn.txt:
[11:42:08]   • https://raw.githubusercontent.com/po5p/TgBot/main/8cbda047_Subscription.txt
[11:42:08]   • https://raw.githubusercontent.com/po5p/TgBot/main/03a7dba1_Subscription.txt
[11:42:08]   • https://raw.githubusercontent.com/po5p/TgBot/main/1c89ecb2_Subscription.txt
[11:42:08]   • https://raw.githubusercontent.com/po5p/TgBot/main/77ae023c_Subscription.txt
[11:42:08] 
[11:42:08] ----------------------------------------------
[11:42:08] ШАГ 5: Отправка в GitHub
[11:42:08] ----------------------------------------------
[11:42:11] Результат: УСПЕШНО
[11:42:11] 
[11:42:11] ==============================================
[11:42:12] ИТОГИ
[11:42:12] ==============================================
[11:42:12] Обработано: 4 | Пропущено: 0
[11:42:12]   VLESS:  50
[11:42:12]   SS:     100
[11:42:12]   JSON:   3
[11:42:12]   ─────────────────
[11:42:12]   ВСЕГО:  153
[11:42:12] Сводный файл: https://raw.githubusercontent.com/po5p/TgBot/main/GotovVpn.txt
[11:42:12] ==============================================
