[12:23:14] ==============================================
[12:23:14] ЗАПУСК ОБНОВЛЕНИЯ VPN
[12:23:14] ==============================================
[12:23:14] Дата: 20.06.2026 12:23:14
[12:23:14] GitHub: po5p/TgBot
[12:23:14] 
[12:23:14] ----------------------------------------------
[12:23:14] ШАГ 1: Получение списка подписок
[12:23:14] ----------------------------------------------
[12:23:15] Статус: 200 (УСПЕШНО), размер: 284 байт
[12:23:15] Содержимое:
[12:23:15]   • https://yax.nenadoblokirowatgnidda.ru/exec?url=http%3A%2F%2F77.110.104.181%3A5002%2Fsub%2FVGdydXNzaWEsMTc4MTc4OTk1Mw20zr9u72oH|Vpn
[12:23:15]   • https://sub.smygo.ru/api/sub/rp6VZU5x1KoWqmHe|VPN
[12:23:15]   • https://sub.datanode-internal.net/KzmeGBwzvnW1fHn7|vpn33
[12:23:15]   • https://perecsub.com/8oa7eXJFQpzPMfJk|Perchik
[12:23:15] 
[12:23:15] ----------------------------------------------
[12:23:15] ШАГ 2: Клонирование репозитория
[12:23:15] ----------------------------------------------
[12:23:18] Статус: УСПЕШНО
[12:23:18] 
[12:23:18] ----------------------------------------------
[12:23:18] ШАГ 3: Обработка подписок
[12:23:18] ----------------------------------------------
[12:23:18] 
[12:23:18] Подписка #1: Vpn
[12:23:18]   Файл: 8cbda047_Subscription.txt
[12:23:20]   Загрузка: УСПЕШНО (37336 байт)
[12:23:20]   Формат: Base64 → vless
[12:23:20]   Конфигов: VL=66 VM=0 TR=0 SS=132 (всего: 198)
[12:23:20] 
[12:23:20] Подписка #2: VPN
[12:23:20]   Файл: 03a7dba1_Subscription.txt
[12:23:23]   Загрузка: УСПЕШНО (435484 байт)
[12:23:23]   Формат: JSON
[12:23:23]   Конфигов (JSON): 23
[12:23:23] 
[12:23:23] Подписка #3: vpn33
[12:23:23]   Файл: b91d57b9_Subscription.txt
[12:23:24]   Загрузка: УСПЕШНО (36494 байт)
[12:23:24]   Формат: JSON
[12:23:24]   Конфигов (JSON): 15
[12:23:24] 
[12:23:24] Подписка #4: Perchik
[12:23:24]   Файл: e74b18c3_Subscription.txt
[12:23:25]   Загрузка: УСПЕШНО (30522 байт)
[12:23:26]   Формат: JSON
[12:23:26]   Конфигов (JSON): 11
[12:23:26] 
[12:23:26] ----------------------------------------------
[12:23:26] ШАГ 4: Сводный файл
[12:23:26] ----------------------------------------------
[12:23:26] Ссылки в GotovVpn.txt:
[12:23:26]   • https://raw.githubusercontent.com/po5p/TgBot/main/8cbda047_Subscription.txt
[12:23:26]   • https://raw.githubusercontent.com/po5p/TgBot/main/03a7dba1_Subscription.txt
[12:23:26]   • https://raw.githubusercontent.com/po5p/TgBot/main/b91d57b9_Subscription.txt
[12:23:26]   • https://raw.githubusercontent.com/po5p/TgBot/main/e74b18c3_Subscription.txt
[12:23:26] 
[12:23:26] ----------------------------------------------
[12:23:26] ШАГ 5: Отправка в GitHub
[12:23:26] ----------------------------------------------
[12:23:28] Результат: УСПЕШНО
[12:23:28] 
[12:23:28] ==============================================
[12:23:28] ИТОГИ
[12:23:28] ==============================================
[12:23:28] Обработано: 4 | Пропущено: 0
[12:23:28]   VLESS:  66
[12:23:28]   SS:     132
[12:23:28]   JSON:   49
[12:23:28]   ─────────────────
[12:23:28]   ВСЕГО:  247
[12:23:28] Сводный файл: https://raw.githubusercontent.com/po5p/TgBot/main/GotovVpn.txt
[12:23:28] ==============================================
