[18:46:21] ==============================================
[18:46:21] ЗАПУСК ОБНОВЛЕНИЯ VPN
[18:46:21] ==============================================
[18:46:21] Дата: 26.06.2026 18:46:21
[18:46:21] GitHub: po5p/TgBot
[18:46:21] 
[18:46:21] ----------------------------------------------
[18:46:21] ШАГ 1: Получение списка подписок
[18:46:21] ----------------------------------------------
[18:46:22] Статус: 200 (УСПЕШНО), размер: 534 байт
[18:46:22] Содержимое:
[18:46:22]   • https://github.com/lsncococososo-rgb/GRN_VPN/raw/refs/heads/main/config.txt|GRN_VPN
[18:46:22]   • https://31.76.240.234:2096/sub/qrv3n2dptx2n7xdn|Yowet
[18:46:22]   • https://vless-config.vadimakimov2009.workers.dev/vpn-config?user=5739816977|BamBukVPN
[18:46:22]   • https://mawtunnel.onrender.com/sub/WpqtBEilhthDB7tedo|Бастакарапузики
[18:46:22]   • https://subs.crabby.app/b8cd8e0b2467fd0f45922774d8b68f21b9c76b348d5af80db205a4aa5257efe2|В
[18:46:22]   • https://tinyurl.com/jm4nyfxp|CVEDC_VPN_||_FREE_ПОДПИСК
[18:46:22]   • https://tonsrivals.online/apx/VnH4dCLbQH1KvgGg|Пердусран_VPN
[18:46:22] 
[18:46:22] ----------------------------------------------
[18:46:22] ШАГ 2: Клонирование репозитория
[18:46:22] ----------------------------------------------
[18:46:24] Статус: УСПЕШНО
[18:46:24] 
[18:46:24] ----------------------------------------------
[18:46:24] ШАГ 3: Обработка подписок
[18:46:25] ----------------------------------------------
[18:46:25] 
[18:46:25] Подписка #2: GRN_VPN
[18:46:25]   Файл: e33835c2_Subscription.txt
[18:46:26]   Загрузка: УСПЕШНО (2416 байт)
[18:46:26]   Формат: готовые vless/заголовки
[18:46:26]   Конфигов: 14
[18:46:26] 
[18:46:26] Подписка #3: Yowet
[18:46:26]   Файл: 7644db88_Subscription.txt
[18:46:28]   Загрузка: УСПЕШНО (12448 байт)
[18:46:28]   Формат: Base64 → vless
[18:46:28]   Конфигов: VL=4 VM=0 TR=0 SS=8 (всего: 12)
[18:46:28] 
[18:46:28] Подписка #4: BamBukVPN
[18:46:28]   Файл: 9bea4c44_Subscription.txt
[18:46:29]   Загрузка: УСПЕШНО (6073 байт)
[18:46:30]   Формат: JSON
[18:46:30]   Конфигов (JSON): 7
[18:46:30] 
[18:46:30] Подписка #5: Бастакарапузики
[18:46:30]   Файл: 12ad9a86_Subscription.txt
[18:46:39]   Загрузка: ОШИБКА HTTP 000
[18:46:39]   Формат: JSON
[18:46:39]   Конфигов (JSON): 7
[18:46:39] 
[18:46:39] Подписка #6: В
[18:46:39]   Файл: 80edf5ff_Subscription.txt
[18:46:49]   Загрузка: ОШИБКА HTTP 000
[18:46:49]   Формат: JSON
[18:46:49]   Конфигов (JSON): 7
[18:46:49] 
[18:46:49] Подписка #7: CVEDC_VPN_||_FREE_ПОДПИСК
[18:46:49]   Файл: 017b9265_Subscription.txt
[18:46:52]   Загрузка: УСПЕШНО (16609 байт)
[18:46:52]   Формат: готовые vless/заголовки
[18:46:52]   Конфигов: 116
[18:46:52] 
[18:46:52] Подписка #8: Пердусран_VPN
[18:46:52]   Файл: 3ca910ce_Subscription.txt
[18:46:53]   Загрузка: УСПЕШНО (533065 байт)
[18:46:53]   Формат: JSON
[18:46:53]   Конфигов (JSON): 10
[18:46:53] 
[18:46:53] ----------------------------------------------
[18:46:53] ШАГ 4: Сводный файл
[18:46:53] ----------------------------------------------
[18:46:53] Ссылки в GotovVpn.txt:
[18:46:53]   • https://raw.githubusercontent.com/po5p/TgBot/main/e33835c2_Subscription.txt
[18:46:53]   • https://raw.githubusercontent.com/po5p/TgBot/main/7644db88_Subscription.txt
[18:46:53]   • https://raw.githubusercontent.com/po5p/TgBot/main/9bea4c44_Subscription.txt
[18:46:53]   • https://raw.githubusercontent.com/po5p/TgBot/main/12ad9a86_Subscription.txt
[18:46:54]   • https://raw.githubusercontent.com/po5p/TgBot/main/80edf5ff_Subscription.txt
[18:46:54]   • https://raw.githubusercontent.com/po5p/TgBot/main/017b9265_Subscription.txt
[18:46:54]   • https://raw.githubusercontent.com/po5p/TgBot/main/3ca910ce_Subscription.txt
[18:46:54] 
[18:46:54] ----------------------------------------------
[18:46:54] ШАГ 5: Отправка в GitHub
[18:46:54] ----------------------------------------------
[18:46:57] Результат: УСПЕШНО
[18:46:57] 
[18:46:57] ==============================================
[18:46:57] ИТОГИ
[18:46:57] ==============================================
[18:46:57] Обработано: 7 | Пропущено: 0
[18:46:57]   VLESS:  4
[18:46:57]   SS:     8
[18:46:57]   JSON:   31
[18:46:57]   ─────────────────
[18:46:57]   ВСЕГО:  43
[18:46:57] Сводный файл: https://raw.githubusercontent.com/po5p/TgBot/main/GotovVpn.txt
[18:46:57] ==============================================
