[14:29:19] ==============================================
[14:29:19] ЗАПУСК ОБНОВЛЕНИЯ VPN
[14:29:20] ==============================================
[14:29:20] Дата: 19.06.2026 14:29:20
[14:29:20] GitHub: po5p/TgBot
[14:29:20] 
[14:29:20] ----------------------------------------------
[14:29:20] ШАГ 1: Получение списка подписок
[14:29:20] ----------------------------------------------
[14:29:21] Статус: 200 (УСПЕШНО), размер: 131 байт
[14:29:21] Содержимое:
[14:29:21]   • https://yax.nenadoblokirowatgnidda.ru/exec?url=http%3A%2F%2F77.110.104.181%3A5002%2Fsub%2FVGdydXNzaWEsMTc4MTc4OTk1Mw20zr9u72oH|Vpn
[14:29:21] 
[14:29:21] ----------------------------------------------
[14:29:21] ШАГ 2: Клонирование репозитория
[14:29:21] ----------------------------------------------
[14:29:22] Статус: УСПЕШНО
[14:29:22] 
[14:29:22] ----------------------------------------------
[14:29:22] ШАГ 3: Обработка подписок
[14:29:22] ----------------------------------------------
[14:29:22] 
[14:29:22] Подписка #1: Vpn
[14:29:22]   Файл: 8cbda047_Subscription.txt
[14:29:23]   Загрузка: УСПЕШНО (13720 байт)
[14:29:23]   Формат: Base64 → vless
[14:29:23]   Конфигов: VL=23 VM=0 TR=0 SS=46 (всего: 69)
[14:29:23] 
[14:29:23] ----------------------------------------------
[14:29:23] ШАГ 4: Сводный файл
[14:29:23] ----------------------------------------------
[14:29:23] Ссылки в GotovVpn.txt:
[14:29:23]   • https://raw.githubusercontent.com/po5p/TgBot/main/8cbda047_Subscription.txt
[14:29:23] 
[14:29:23] ----------------------------------------------
[14:29:23] ШАГ 5: Отправка в GitHub
[14:29:23] ----------------------------------------------
[14:29:25] Результат: УСПЕШНО
[14:29:25] 
[14:29:25] ==============================================
[14:29:25] ИТОГИ
[14:29:25] ==============================================
[14:29:25] Обработано: 1 | Пропущено: 0
[14:29:25]   VLESS:  23
[14:29:25]   SS:     46
[14:29:25]   ─────────────────
[14:29:25]   ВСЕГО:  69
[14:29:25] Сводный файл: https://raw.githubusercontent.com/po5p/TgBot/main/GotovVpn.txt
[14:29:25] ==============================================
