[20:40:26] ==============================================
[20:40:26] ЗАПУСК ОБНОВЛЕНИЯ VPN
[20:40:26] ==============================================
[20:40:26] Дата: 28.06.2026 20:40:26
[20:40:26] GitHub: po5p/TgBot
[20:40:26] 
[20:40:26] ----------------------------------------------
[20:40:26] ШАГ 1: Получение списка подписок
[20:40:26] ----------------------------------------------
[20:40:26] Статус: 200 (УСПЕШНО), размер: 618 байт
[20:40:27] Содержимое:
[20:40:27]   • https://github.com/lsncococososo-rgb/GRN_VPN/raw/refs/heads/main/config.txt|GRN_VPN
[20:40:27]   • https://31.76.240.234:2096/sub/qrv3n2dptx2n7xdn|Yowet
[20:40:27]   • https://subs.crabby.app/b8cd8e0b2467fd0f45922774d8b68f21b9c76b348d5af80db205a4aa5257efe2|В
[20:40:27]   • https://tinyurl.com/jm4nyfxp|CVEDC_VPN_||_FREE_ПОДПИСК
[20:40:27]   • https://happ.dska.su/https://vless-config.vadimakimov2009.workers.dev/vpn-config?user=5739816977|AstraVPN-PRO
[20:40:27]   • https://vpnsubs.site/api/sub/78-kh52vMQyWHcf6|VpnBezLagov
[20:40:27]   • https://vpnsubs.site/api/sub/WmpDVF2fhx495v_8|vpn
[20:40:27]   • https://raw.githubusercontent.com/slobodchicov/Hysteria-2-fasterrrr/refs/heads/main/T.me%7CMewCodeVless|tat
[20:40:27] 
[20:40:27] ----------------------------------------------
[20:40:27] ШАГ 2: Клонирование репозитория
[20:40:27] ----------------------------------------------
[20:40:28] Статус: УСПЕШНО
[20:40:28] 
[20:40:28] ----------------------------------------------
[20:40:28] ШАГ 3: Обработка подписок
[20:40:28] ----------------------------------------------
[20:40:28] 
[20:40:28] Подписка #1: GRN_VPN
[20:40:28]   Файл: e33835c2_Subscription.txt
[20:40:30]   Загрузка: УСПЕШНО (2416 байт)
[20:40:30]   Формат: готовые vless/заголовки
[20:40:30]   Конфигов: 14
[20:40:30] 
[20:40:30] Подписка #2: Yowet
[20:40:30]   Файл: 7644db88_Subscription.txt
[20:40:31]   Загрузка: ОШИБКА HTTP 404
[20:40:31]   ⚠ Пусто — оставляю старую копию
[20:40:31] 
[20:40:31] Подписка #3: В
[20:40:31]   Файл: 80edf5ff_Subscription.txt
[20:40:32]   Загрузка: УСПЕШНО (2172 байт)
[20:40:32]   Формат: Base64 → vless
[20:40:32]   Конфигов: VL=6 VM=0 TR=0 SS=12 (всего: 18)
[20:40:33] 
[20:40:33] Подписка #4: CVEDC_VPN_||_FREE_ПОДПИСК
[20:40:33]   Файл: 017b9265_Subscription.txt
[20:40:34]   Загрузка: УСПЕШНО (16609 байт)
[20:40:34]   Формат: готовые vless/заголовки
[20:40:34]   Конфигов: 116
[20:40:34] 
[20:40:35] Подписка #5: AstraVPN-PRO
[20:40:35]   Файл: ea85de74_Subscription.txt
[20:40:35]   Загрузка: УСПЕШНО (11905 байт)
[20:40:35]   Формат: JSON
[20:40:35]   Конфигов (JSON): 11
[20:40:36] 
[20:40:36] Подписка #6: VpnBezLagov
[20:40:36]   Файл: 2247dd1d_Subscription.txt
[20:40:36]   Загрузка: УСПЕШНО (26413 байт)
[20:40:36]   Формат: JSON
[20:40:37]   Конфигов (JSON): 17
[20:40:37] 
[20:40:37] Подписка #7: vpn
[20:40:37]   Файл: ac4e9d53_Subscription.txt
[20:40:37]   Загрузка: УСПЕШНО (26413 байт)
[20:40:37]   Формат: JSON
[20:40:38]   Конфигов (JSON): 17
[20:40:38] 
[20:40:38] Подписка #8: tat
[20:40:38]   Файл: 99e62ca5_Subscription.txt
[20:40:38]   Загрузка: УСПЕШНО (36766 байт)
[20:40:38]   Формат: JSON
[20:40:39]   Конфигов (JSON): 9
[20:40:39] 
[20:40:39] ----------------------------------------------
[20:40:39] ШАГ 4: Сводный файл
[20:40:39] ----------------------------------------------
[20:40:39] Ссылки в GotovVpn.txt:
[20:40:39]   • https://raw.githubusercontent.com/po5p/TgBot/main/e33835c2_Subscription.txt
[20:40:39]   • https://raw.githubusercontent.com/po5p/TgBot/main/7644db88_Subscription.txt
[20:40:39]   • https://raw.githubusercontent.com/po5p/TgBot/main/80edf5ff_Subscription.txt
[20:40:39]   • https://raw.githubusercontent.com/po5p/TgBot/main/017b9265_Subscription.txt
[20:40:39]   • https://raw.githubusercontent.com/po5p/TgBot/main/ea85de74_Subscription.txt
[20:40:39]   • https://raw.githubusercontent.com/po5p/TgBot/main/2247dd1d_Subscription.txt
[20:40:39]   • https://raw.githubusercontent.com/po5p/TgBot/main/ac4e9d53_Subscription.txt
[20:40:39]   • https://raw.githubusercontent.com/po5p/TgBot/main/99e62ca5_Subscription.txt
[20:40:39] 
[20:40:39] ----------------------------------------------
[20:40:39] ШАГ 5: Отправка в GitHub
[20:40:39] ----------------------------------------------
[20:40:41] Результат: УСПЕШНО
[20:40:41] 
[20:40:41] ==============================================
[20:40:41] ИТОГИ
[20:40:41] ==============================================
[20:40:41] Обработано: 7 | Пропущено: 1
[20:40:41]   VLESS:  6
[20:40:41]   SS:     12
[20:40:41]   JSON:   54
[20:40:41]   ─────────────────
[20:40:41]   ВСЕГО:  72
[20:40:41] Сводный файл: https://raw.githubusercontent.com/po5p/TgBot/main/GotovVpn.txt
[20:40:41] ==============================================
