[23:34:05] ==============================================
[23:34:05] ЗАПУСК ОБНОВЛЕНИЯ VPN
[23:34:05] ==============================================
[23:34:05] Дата: 21.06.2026 23:34:05
[23:34:05] GitHub: po5p/TgBot
[23:34:05] 
[23:34:05] ----------------------------------------------
[23:34:05] ШАГ 1: Получение списка подписок
[23:34:05] ----------------------------------------------
[23:34:06] Статус: 200 (УСПЕШНО), размер: 466 байт
[23:34:06] Содержимое:
[23:34:06]   • https://yax.nenadoblokirowatgnidda.ru/exec?url=http%3A%2F%2F77.110.104.181%3A5002%2Fsub%2FVGdydXNzaWEsMTc4MTc4OTk1Mw20zr9u72oH|Vpn
[23:34:06]   • https://sub.smygo.ru/api/sub/rp6VZU5x1KoWqmHe|VPN
[23:34:06]   • https://akonit.tech/sub/a0cc22c1-312b-47a1-99bb-bb62fd39df0e|AkonitVPN
[23:34:06]   • https://sub.cvedcvpn.ru/e-LF_rZTKbPzyANj|garelmakrel
[23:34:06]   • https://raw.githubusercontent.com/hiztin/VLESS-PO-GRIBI/main/deploy/subscriptions/1.txt|90
[23:34:06]   • https://mawtunnel.onrender.com/sub/WpqtBEilhthDB7tedo|ЯЕбланVPN
[23:34:06] 
[23:34:06] ----------------------------------------------
[23:34:06] ШАГ 2: Клонирование репозитория
[23:34:06] ----------------------------------------------
[23:34:07] Статус: УСПЕШНО
[23:34:08] 
[23:34:08] ----------------------------------------------
[23:34:08] ШАГ 3: Обработка подписок
[23:34:08] ----------------------------------------------
[23:34:08] 
[23:34:08] Подписка #1: Vpn
[23:34:08]   Файл: 8cbda047_Subscription.txt
[23:34:08]   Загрузка: ОШИБКА HTTP 502
[23:34:08]   Формат: Base64 → vless
[23:34:09]   Конфигов: VL=0 VM=0 TR=0 SS=0 (всего: 0)
[23:34:09] 
[23:34:09] Подписка #2: VPN
[23:34:09]   Файл: 03a7dba1_Subscription.txt
[23:34:09]   Загрузка: ОШИБКА HTTP 404
[23:34:09]   Формат: JSON
[23:34:10]   Конфигов (JSON): 3
[23:34:10] 
[23:34:10] Подписка #3: AkonitVPN
[23:34:10]   Файл: 1c89ecb2_Subscription.txt
[23:34:10]   Загрузка: ОШИБКА HTTP 404
[23:34:10]   Формат: JSON
[23:34:10]   Конфигов (JSON): 1
[23:34:10] 
[23:34:10] Подписка #4: garelmakrel
[23:34:10]   Файл: 77ae023c_Subscription.txt
[23:34:11]   Загрузка: УСПЕШНО (15115 байт)
[23:34:11]   Формат: JSON
[23:34:11]   Конфигов (JSON): 13
[23:34:11] 
[23:34:11] Подписка #5: 90
[23:34:11]   Файл: dc763289_Subscription.txt
[23:34:12]   Загрузка: УСПЕШНО (51990 байт)
[23:34:12]   Формат: готовые vless/заголовки
[23:34:12]   Конфигов: 380
[23:34:12] 
[23:34:12] Подписка #6: ЯЕбланVPN
[23:34:12]   Файл: 12ad9a86_Subscription.txt
[23:34:13]   Загрузка: УСПЕШНО (38480 байт)
[23:34:13]   Формат: Base64 → vless
[23:34:40]   Конфигов: VL=0 VM=0 TR=0 SS=0 (всего: 0)
[23:34:40] 
[23:34:40] ----------------------------------------------
[23:34:40] ШАГ 4: Сводный файл
[23:34:40] ----------------------------------------------
[23:34:40] Ссылки в GotovVpn.txt:
[23:34:40]   • https://raw.githubusercontent.com/po5p/TgBot/main/8cbda047_Subscription.txt
[23:34:40]   • https://raw.githubusercontent.com/po5p/TgBot/main/03a7dba1_Subscription.txt
[23:34:40]   • https://raw.githubusercontent.com/po5p/TgBot/main/1c89ecb2_Subscription.txt
[23:34:40]   • https://raw.githubusercontent.com/po5p/TgBot/main/77ae023c_Subscription.txt
[23:34:40]   • https://raw.githubusercontent.com/po5p/TgBot/main/dc763289_Subscription.txt
[23:34:40]   • https://raw.githubusercontent.com/po5p/TgBot/main/12ad9a86_Subscription.txt
[23:34:40] 
[23:34:40] ----------------------------------------------
[23:34:40] ШАГ 5: Отправка в GitHub
[23:34:40] ----------------------------------------------
[23:34:42] Результат: УСПЕШНО
[23:34:42] 
[23:34:42] ==============================================
[23:34:42] ИТОГИ
[23:34:42] ==============================================
[23:34:42] Обработано: 6 | Пропущено: 0
[23:34:42]   JSON:   17
[23:34:42]   ─────────────────
[23:34:42]   ВСЕГО:  17
[23:34:42] Сводный файл: https://raw.githubusercontent.com/po5p/TgBot/main/GotovVpn.txt
[23:34:42] ==============================================
