[22:52:18] ==============================================
[22:52:18] ЗАПУСК ОБНОВЛЕНИЯ VPN
[22:52:18] ==============================================
[22:52:18] Дата: 30.06.2026 22:52:18
[22:52:18] GitHub: po5p/TgBot
[22:52:18] 
[22:52:18] ----------------------------------------------
[22:52:18] ШАГ 1: Получение списка подписок
[22:52:19] ----------------------------------------------
[22:52:19] Статус: 200 (УСПЕШНО), размер: 100 байт
[22:52:19] Содержимое:
[22:52:19]   • 5739816977|https://vless-config.vadimakimov2009.workers.dev/vpn-config?user=5739816977|AstraVPN-PRO
[22:52:19] 
[22:52:19] ----------------------------------------------
[22:52:19] ШАГ 2: Клонирование репозитория
[22:52:19] ----------------------------------------------
[22:52:21] Статус: УСПЕШНО
[22:52:21] 
[22:52:21] ----------------------------------------------
[22:52:21] ШАГ 3: Обработка подписок
[22:52:21] ----------------------------------------------
[22:52:21] 
[22:52:21] Подписка #1: AstraVPN-PRO (ID: 5739816977)
[22:52:21]   Файл: users/5739816977/9bea4c44_Subscription.txt
[22:52:22]   Загрузка: УСПЕШНО (18979 байт)
[22:52:22]   Формат: JSON
[22:52:22]   Конфигов (JSON): 17
[22:52:22] 
[22:52:22] ----------------------------------------------
[22:52:22] ШАГ 4: Сводный файл
[22:52:22] ----------------------------------------------
[22:52:22] Ссылки в GotovVpn.txt:
[22:52:22]   • https://raw.githubusercontent.com/po5p/TgBot/main/users/5739816977/9bea4c44_Subscription.txt
[22:52:22] 
[22:52:22] ----------------------------------------------
[22:52:22] ШАГ 5: Отправка в GitHub
[22:52:22] ----------------------------------------------
[22:52:24] Результат: УСПЕШНО
[22:52:24] 
[22:52:24] ==============================================
[22:52:24] ИТОГИ
[22:52:24] ==============================================
[22:52:24] Обработано: 1 | Пропущено: 0
[22:52:24]   JSON:   17
[22:52:24]   ─────────────────
[22:52:24]   ВСЕГО:  17
[22:52:24] Сводный файл: https://raw.githubusercontent.com/po5p/TgBot/main/GotovVpn.txt
[22:52:24] ==============================================
