[00:19:47] ==============================================
[00:19:47] ЗАПУСК ОБНОВЛЕНИЯ VPN
[00:19:47] ==============================================
[00:19:47] Дата: 24.06.2026 00:19:47
[00:19:47] GitHub: po5p/TgBot
[00:19:47] 
[00:19:47] ----------------------------------------------
[00:19:47] ШАГ 1: Получение списка подписок
[00:19:47] ----------------------------------------------
[00:19:48] Статус: 200 (УСПЕШНО), размер: 604 байт
[00:19:48] Содержимое:
[00:19:48]   • https://yax.nenadoblokirowatgnidda.ru/exec?url=http%3A%2F%2F77.110.104.181%3A5002%2Fsub%2FVGdydXNzaWEsMTc4MTc4OTk1Mw20zr9u72oH|Vpn
[00:19:48]   • https://sub.smygo.ru/api/sub/rp6VZU5x1KoWqmHe|VPN
[00:19:48]   • https://akonit.tech/sub/a0cc22c1-312b-47a1-99bb-bb62fd39df0e|AkonitVPN
[00:19:48]   • https://sub.cvedcvpn.ru/e-LF_rZTKbPzyANj|garelmakrel
[00:19:48]   • https://raw.githubusercontent.com/hiztin/VLESS-PO-GRIBI/main/deploy/subscriptions/1.txt|90
[00:19:48]   • https://mawtunnel.onrender.com/sub/WpqtBEilhthDB7tedo|ЯЕбланVPN
[00:19:48]   • https://github.com/lsncococososo-rgb/GRN_VPN/raw/refs/heads/main/config.txt|GRN_VPN
[00:19:48]   • https://31.76.240.234:2096/sub/qrv3n2dptx2n7xdn|Yowet
[00:19:48] 
[00:19:48] ----------------------------------------------
[00:19:48] ШАГ 2: Клонирование репозитория
[00:19:48] ----------------------------------------------
[00:19:50] Статус: УСПЕШНО
[00:19:50] 
[00:19:50] ----------------------------------------------
[00:19:50] ШАГ 3: Обработка подписок
[00:19:50] ----------------------------------------------
[00:19:50] 
[00:19:50] Подписка #1: Vpn
[00:19:50]   Файл: 8cbda047_Subscription.txt
[00:19:51]   Загрузка: ОШИБКА HTTP 502
[00:19:51]   Формат: Base64 → vless
[00:19:51]   Конфигов: VL=0 VM=0 TR=0 SS=0 (всего: 0)
[00:19:51] 
[00:19:51] Подписка #2: VPN
[00:19:51]   Файл: 03a7dba1_Subscription.txt
[00:19:52]   Загрузка: ОШИБКА HTTP 404
[00:19:52]   Формат: JSON
[00:19:52]   Конфигов (JSON): 3
[00:19:52] 
[00:19:52] Подписка #3: AkonitVPN
[00:19:52]   Файл: 1c89ecb2_Subscription.txt
[00:19:53]   Загрузка: ОШИБКА HTTP 404
[00:19:53]   Формат: JSON
[00:19:53]   Конфигов (JSON): 1
[00:19:53] 
[00:19:53] Подписка #4: garelmakrel
[00:19:53]   Файл: 77ae023c_Subscription.txt
[00:19:54]   Загрузка: УСПЕШНО (17432 байт)
[00:19:54]   Формат: JSON
[00:19:54]   Конфигов (JSON): 15
[00:19:54] 
[00:19:54] Подписка #5: 90
[00:19:54]   Файл: dc763289_Subscription.txt
[00:19:55]   Загрузка: УСПЕШНО (51777 байт)
[00:19:55]   Формат: готовые vless/заголовки
[00:19:55]   Конфигов: 392
[00:19:55] 
[00:19:55] Подписка #6: ЯЕбланVPN
[00:19:55]   Файл: 12ad9a86_Subscription.txt
[00:19:56]   Загрузка: УСПЕШНО (38727 байт)
[00:19:56]   Формат: Base64 → vless
[00:20:19]   Конфигов: VL=0 VM=0 TR=0 SS=0 (всего: 0)
[00:20:19] 
[00:20:19] Подписка #7: GRN_VPN
[00:20:19]   Файл: e33835c2_Subscription.txt
[00:20:20]   Загрузка: УСПЕШНО (2416 байт)
[00:20:20]   Формат: готовые vless/заголовки
[00:20:20]   Конфигов: 14
[00:20:20] 
[00:20:20] Подписка #8: Yowet
[00:20:20]   Файл: 7644db88_Subscription.txt
[00:20:21]   Загрузка: УСПЕШНО (6224 байт)
[00:20:21]   Формат: Base64 → vless
[00:20:21]   Конфигов: VL=3 VM=0 TR=0 SS=6 (всего: 9)
[00:20:21] 
[00:20:21] ----------------------------------------------
[00:20:21] ШАГ 4: Сводный файл
[00:20:21] ----------------------------------------------
[00:20:21] Ссылки в GotovVpn.txt:
[00:20:21]   • https://raw.githubusercontent.com/po5p/TgBot/main/8cbda047_Subscription.txt
[00:20:21]   • https://raw.githubusercontent.com/po5p/TgBot/main/03a7dba1_Subscription.txt
[00:20:21]   • https://raw.githubusercontent.com/po5p/TgBot/main/1c89ecb2_Subscription.txt
[00:20:21]   • https://raw.githubusercontent.com/po5p/TgBot/main/77ae023c_Subscription.txt
[00:20:21]   • https://raw.githubusercontent.com/po5p/TgBot/main/dc763289_Subscription.txt
[00:20:22]   • https://raw.githubusercontent.com/po5p/TgBot/main/12ad9a86_Subscription.txt
[00:20:22]   • https://raw.githubusercontent.com/po5p/TgBot/main/e33835c2_Subscription.txt
[00:20:22]   • https://raw.githubusercontent.com/po5p/TgBot/main/7644db88_Subscription.txt
[00:20:22] 
[00:20:22] ----------------------------------------------
[00:20:22] ШАГ 5: Отправка в GitHub
[00:20:22] ----------------------------------------------
[00:20:23] Результат: УСПЕШНО
[00:20:23] 
[00:20:24] ==============================================
[00:20:24] ИТОГИ
[00:20:24] ==============================================
[00:20:24] Обработано: 8 | Пропущено: 0
[00:20:24]   VLESS:  3
[00:20:24]   SS:     6
[00:20:24]   JSON:   19
[00:20:24]   ─────────────────
[00:20:24]   ВСЕГО:  28
[00:20:24] Сводный файл: https://raw.githubusercontent.com/po5p/TgBot/main/GotovVpn.txt
[00:20:24] ==============================================
