[23:29:42] ==============================================
[23:29:42] ЗАПУСК ОБНОВЛЕНИЯ VPN
[23:29:42] ==============================================
[23:29:42] Дата: 27.06.2026 23:29:42
[23:29:42] GitHub: po5p/TgBot
[23:29:42] 
[23:29:42] ----------------------------------------------
[23:29:42] ШАГ 1: Получение списка подписок
[23:29:42] ----------------------------------------------
[23:29:43] Статус: 200 (УСПЕШНО), размер: 521 байт
[23:29:43] Содержимое:
[23:29:43]   • https://github.com/lsncococososo-rgb/GRN_VPN/raw/refs/heads/main/config.txt|GRN_VPN
[23:29:43]   • https://31.76.240.234:2096/sub/qrv3n2dptx2n7xdn|Yowet
[23:29:43]   • https://subs.crabby.app/b8cd8e0b2467fd0f45922774d8b68f21b9c76b348d5af80db205a4aa5257efe2|В
[23:29:43]   • https://tinyurl.com/jm4nyfxp|CVEDC_VPN_||_FREE_ПОДПИСК
[23:29:43]   • https://happ.dska.su/https://vless-config.vadimakimov2009.workers.dev/vpn-config?user=5739816977|AstraVPN-PRO
[23:29:43]   • https://vpnsubs.site/api/sub/78-kh52vMQyWHcf6|VpnBezLagov
[23:29:43]   • https://vpnsubs.site/api/sub/z5Pw5YCbPntNqqgM|VpnBezLagovLTE
[23:29:43] 
[23:29:43] ----------------------------------------------
[23:29:43] ШАГ 2: Клонирование репозитория
[23:29:43] ----------------------------------------------
[23:29:44] Статус: УСПЕШНО
[23:29:44] 
[23:29:44] ----------------------------------------------
[23:29:44] ШАГ 3: Обработка подписок
[23:29:44] ----------------------------------------------
[23:29:45] 
[23:29:45] Подписка #1: GRN_VPN
[23:29:45]   Файл: e33835c2_Subscription.txt
[23:29:46]   Загрузка: УСПЕШНО (2416 байт)
[23:29:46]   Формат: готовые vless/заголовки
[23:29:46]   Конфигов: 14
[23:29:46] 
[23:29:46] Подписка #2: Yowet
[23:29:46]   Файл: 7644db88_Subscription.txt
[23:29:47]   Загрузка: УСПЕШНО (12460 байт)
[23:29:47]   Формат: Base64 → vless
[23:29:47]   Конфигов: VL=4 VM=0 TR=0 SS=8 (всего: 12)
[23:29:47] 
[23:29:47] Подписка #3: В
[23:29:47]   Файл: 80edf5ff_Subscription.txt
[23:29:49]   Загрузка: УСПЕШНО (2172 байт)
[23:29:49]   Формат: Base64 → vless
[23:29:49]   Конфигов: VL=6 VM=0 TR=0 SS=12 (всего: 18)
[23:29:49] 
[23:29:49] Подписка #4: CVEDC_VPN_||_FREE_ПОДПИСК
[23:29:49]   Файл: 017b9265_Subscription.txt
[23:29:51]   Загрузка: УСПЕШНО (16609 байт)
[23:29:51]   Формат: готовые vless/заголовки
[23:29:51]   Конфигов: 116
[23:29:51] 
[23:29:51] Подписка #5: AstraVPN-PRO
[23:29:51]   Файл: ea85de74_Subscription.txt
[23:29:52]   Загрузка: УСПЕШНО (11905 байт)
[23:29:52]   Формат: JSON
[23:29:52]   Конфигов (JSON): 11
[23:29:52] 
[23:29:52] Подписка #6: VpnBezLagov
[23:29:52]   Файл: 2247dd1d_Subscription.txt
[23:29:53]   Загрузка: УСПЕШНО (39100 байт)
[23:29:53]   Формат: JSON
[23:29:53]   Конфигов (JSON): 30
[23:29:53] 
[23:29:53] Подписка #7: VpnBezLagovLTE
[23:29:53]   Файл: e45f4f15_Subscription.txt
[23:29:54]   Загрузка: УСПЕШНО (8966 байт)
[23:29:54]   Формат: JSON
[23:29:54]   Конфигов (JSON): 4
[23:29:54] 
[23:29:54] ----------------------------------------------
[23:29:54] ШАГ 4: Сводный файл
[23:29:54] ----------------------------------------------
[23:29:54] Ссылки в GotovVpn.txt:
[23:29:54]   • https://raw.githubusercontent.com/po5p/TgBot/main/e33835c2_Subscription.txt
[23:29:54]   • https://raw.githubusercontent.com/po5p/TgBot/main/7644db88_Subscription.txt
[23:29:54]   • https://raw.githubusercontent.com/po5p/TgBot/main/80edf5ff_Subscription.txt
[23:29:54]   • https://raw.githubusercontent.com/po5p/TgBot/main/017b9265_Subscription.txt
[23:29:54]   • https://raw.githubusercontent.com/po5p/TgBot/main/ea85de74_Subscription.txt
[23:29:54]   • https://raw.githubusercontent.com/po5p/TgBot/main/2247dd1d_Subscription.txt
[23:29:54]   • https://raw.githubusercontent.com/po5p/TgBot/main/e45f4f15_Subscription.txt
[23:29:54] 
[23:29:54] ----------------------------------------------
[23:29:54] ШАГ 5: Отправка в GitHub
[23:29:55] ----------------------------------------------
[23:29:56] Результат: УСПЕШНО
[23:29:56] 
[23:29:56] ==============================================
[23:29:56] ИТОГИ
[23:29:56] ==============================================
[23:29:57] Обработано: 7 | Пропущено: 0
[23:29:57]   VLESS:  10
[23:29:57]   SS:     20
[23:29:57]   JSON:   45
[23:29:57]   ─────────────────
[23:29:57]   ВСЕГО:  75
[23:29:57] Сводный файл: https://raw.githubusercontent.com/po5p/TgBot/main/GotovVpn.txt
[23:29:57] ==============================================
