[21:33:58] ==============================================
[21:33:58] ЗАПУСК ОБНОВЛЕНИЯ VPN
[21:33:58] ==============================================
[21:33:58] Дата: 28.06.2026 21:33:58
[21:33:58] GitHub: po5p/TgBot
[21:33:58] 
[21:33:58] ----------------------------------------------
[21:33:58] ШАГ 1: Получение списка подписок
[21:33:58] ----------------------------------------------
[21:33:59] Статус: 200 (УСПЕШНО), размер: 648 байт
[21:33:59] Содержимое:
[21:33:59]   • https://github.com/lsncococososo-rgb/GRN_VPN/raw/refs/heads/main/config.txt|GRN_VPN
[21:33:59]   • https://subs.crabby.app/b8cd8e0b2467fd0f45922774d8b68f21b9c76b348d5af80db205a4aa5257efe2|В
[21:33:59]   • https://tinyurl.com/jm4nyfxp|CVEDC_VPN_||_FREE_ПОДПИСК
[21:33:59]   • https://happ.dska.su/https://vless-config.vadimakimov2009.workers.dev/vpn-config?user=5739816977|AstraVPN-PRO
[21:33:59]   • https://vpnsubs.site/api/sub/78-kh52vMQyWHcf6|VpnBezLagov
[21:33:59]   • https://vpnsubs.site/api/sub/WmpDVF2fhx495v_8|vpn
[21:33:59]   • https://is.wepogp.gay/bypass-hwid-lock-3z5O6BFAaJQzGlamvtSo?payload=nWGyM9rpLZbSBmDhixvQFboZlOCAMUaksZbbd3ogEniEgPnuvZXtqWLSrhfHtK%2BuY2DN320PeyzN%2Bz%2Bdl9m14j3L%2B%2BlcmvuJZFNhZbaCzls%3D|о
[21:33:59] 
[21:33:59] ----------------------------------------------
[21:33:59] ШАГ 2: Клонирование репозитория
[21:33:59] ----------------------------------------------
[21:34:01] Статус: УСПЕШНО
[21:34:01] 
[21:34:01] ----------------------------------------------
[21:34:01] ШАГ 3: Обработка подписок
[21:34:01] ----------------------------------------------
[21:34:01] 
[21:34:01] Подписка #1: GRN_VPN
[21:34:01]   Файл: e33835c2_Subscription.txt
[21:34:03]   Загрузка: УСПЕШНО (2416 байт)
[21:34:03]   Формат: готовые vless/заголовки
[21:34:03]   Конфигов: 14
[21:34:03] 
[21:34:03] Подписка #2: В
[21:34:03]   Файл: 80edf5ff_Subscription.txt
[21:34:04]   Загрузка: УСПЕШНО (2172 байт)
[21:34:04]   Формат: Base64 → vless
[21:34:05]   Конфигов: VL=6 VM=0 TR=0 SS=12 (всего: 18)
[21:34:05] 
[21:34:05] Подписка #3: CVEDC_VPN_||_FREE_ПОДПИСК
[21:34:05]   Файл: 017b9265_Subscription.txt
[21:34:06]   Загрузка: ОШИБКА HTTP 400
[21:34:07]   Формат: Base64 → vless
[21:34:07]   Конфигов: VL=0 VM=0 TR=0 SS=0 (всего: 0)
[21:34:07] 
[21:34:07] Подписка #4: AstraVPN-PRO
[21:34:07]   Файл: ea85de74_Subscription.txt
[21:34:08]   Загрузка: УСПЕШНО (11905 байт)
[21:34:08]   Формат: JSON
[21:34:08]   Конфигов (JSON): 11
[21:34:08] 
[21:34:08] Подписка #5: VpnBezLagov
[21:34:08]   Файл: 2247dd1d_Subscription.txt
[21:34:09]   Загрузка: УСПЕШНО (26413 байт)
[21:34:09]   Формат: JSON
[21:34:09]   Конфигов (JSON): 17
[21:34:09] 
[21:34:09] Подписка #6: vpn
[21:34:09]   Файл: ac4e9d53_Subscription.txt
[21:34:10]   Загрузка: УСПЕШНО (26413 байт)
[21:34:10]   Формат: JSON
[21:34:10]   Конфигов (JSON): 17
[21:34:10] 
[21:34:10] Подписка #7: о
[21:34:10]   Файл: d475cce7_Subscription.txt
[21:34:11]   Загрузка: УСПЕШНО (1005 байт)
[21:34:11]   Формат: JSON
[21:34:11]   Конфигов (JSON): 1
[21:34:11] 
[21:34:11] ----------------------------------------------
[21:34:11] ШАГ 4: Сводный файл
[21:34:11] ----------------------------------------------
[21:34:11] Ссылки в GotovVpn.txt:
[21:34:11]   • https://raw.githubusercontent.com/po5p/TgBot/main/e33835c2_Subscription.txt
[21:34:11]   • https://raw.githubusercontent.com/po5p/TgBot/main/80edf5ff_Subscription.txt
[21:34:11]   • https://raw.githubusercontent.com/po5p/TgBot/main/017b9265_Subscription.txt
[21:34:11]   • https://raw.githubusercontent.com/po5p/TgBot/main/ea85de74_Subscription.txt
[21:34:11]   • https://raw.githubusercontent.com/po5p/TgBot/main/2247dd1d_Subscription.txt
[21:34:11]   • https://raw.githubusercontent.com/po5p/TgBot/main/ac4e9d53_Subscription.txt
[21:34:11]   • https://raw.githubusercontent.com/po5p/TgBot/main/d475cce7_Subscription.txt
[21:34:11] 
[21:34:11] ----------------------------------------------
[21:34:11] ШАГ 5: Отправка в GitHub
[21:34:11] ----------------------------------------------
[21:34:13] Результат: УСПЕШНО
[21:34:13] 
[21:34:13] ==============================================
[21:34:13] ИТОГИ
[21:34:13] ==============================================
[21:34:13] Обработано: 7 | Пропущено: 0
[21:34:13]   VLESS:  6
[21:34:13]   SS:     12
[21:34:13]   JSON:   46
[21:34:14]   ─────────────────
[21:34:14]   ВСЕГО:  64
[21:34:14] Сводный файл: https://raw.githubusercontent.com/po5p/TgBot/main/GotovVpn.txt
[21:34:14] ==============================================
