[12:22:15] ==============================================
[12:22:15] ЗАПУСК ОБНОВЛЕНИЯ VPN
[12:22:15] ==============================================
[12:22:15] Дата: 21.06.2026 12:22:15
[12:22:15] GitHub: po5p/TgBot
[12:22:15] 
[12:22:15] ----------------------------------------------
[12:22:15] ШАГ 1: Получение списка подписок
[12:22:15] ----------------------------------------------
[12:22:16] Статус: 200 (УСПЕШНО), размер: 383 байт
[12:22:16] Содержимое:
[12:22:16]   • https://yax.nenadoblokirowatgnidda.ru/exec?url=http%3A%2F%2F77.110.104.181%3A5002%2Fsub%2FVGdydXNzaWEsMTc4MTc4OTk1Mw20zr9u72oH|Vpn
[12:22:16]   • https://sub.smygo.ru/api/sub/rp6VZU5x1KoWqmHe|VPN
[12:22:16]   • https://akonit.tech/sub/a0cc22c1-312b-47a1-99bb-bb62fd39df0e|AkonitVPN
[12:22:16]   • https://sub.cvedcvpn.ru/e-LF_rZTKbPzyANj|garelmakrel
[12:22:16]   • https://raw.githubusercontent.com/po5p/TgBot/main/1c89ecb2_Subscription.txt|9
[12:22:16] 
[12:22:16] ----------------------------------------------
[12:22:16] ШАГ 2: Клонирование репозитория
[12:22:16] ----------------------------------------------
[12:22:17] Статус: УСПЕШНО
[12:22:17] 
[12:22:17] ----------------------------------------------
[12:22:17] ШАГ 3: Обработка подписок
[12:22:17] ----------------------------------------------
[12:22:18] 
[12:22:18] Подписка #1: Vpn
[12:22:18]   Файл: 8cbda047_Subscription.txt
[12:22:18]   Загрузка: УСПЕШНО (32784 байт)
[12:22:18]   Формат: Base64 → vless
[12:22:18]   Конфигов: VL=63 VM=0 TR=0 SS=126 (всего: 189)
[12:22:18] 
[12:22:19] Подписка #2: VPN
[12:22:19]   Файл: 03a7dba1_Subscription.txt
[12:22:19]   Загрузка: ОШИБКА HTTP 404
[12:22:19]   Формат: JSON
[12:22:19]   Конфигов (JSON): 3
[12:22:19] 
[12:22:19] Подписка #3: AkonitVPN
[12:22:19]   Файл: 1c89ecb2_Subscription.txt
[12:22:20]   Загрузка: УСПЕШНО (6048 байт)
[12:22:20]   Формат: Base64 → vless
[12:22:20]   Конфигов: VL=9 VM=0 TR=0 SS=18 (всего: 27)
[12:22:20] 
[12:22:20] Подписка #4: garelmakrel
[12:22:20]   Файл: 77ae023c_Subscription.txt
[12:22:21]   Загрузка: УСПЕШНО (3800 байт)
[12:22:21]   Формат: Base64 → vless
[12:22:21]   Конфигов: VL=8 VM=0 TR=0 SS=16 (всего: 24)
[12:22:21] 
[12:22:21] Подписка #5: 9
[12:22:21]   Файл: 98ee5455_Subscription.txt
[12:22:22]   Загрузка: УСПЕШНО (7206 байт)
[12:22:22]   Формат: готовые vless/заголовки
[12:22:22]   Конфигов: 27
[12:22:22] 
[12:22:22] ----------------------------------------------
[12:22:22] ШАГ 4: Сводный файл
[12:22:23] ----------------------------------------------
[12:22:23] Ссылки в GotovVpn.txt:
[12:22:23]   • https://raw.githubusercontent.com/po5p/TgBot/main/8cbda047_Subscription.txt
[12:22:23]   • https://raw.githubusercontent.com/po5p/TgBot/main/03a7dba1_Subscription.txt
[12:22:23]   • https://raw.githubusercontent.com/po5p/TgBot/main/1c89ecb2_Subscription.txt
[12:22:23]   • https://raw.githubusercontent.com/po5p/TgBot/main/77ae023c_Subscription.txt
[12:22:23]   • https://raw.githubusercontent.com/po5p/TgBot/main/98ee5455_Subscription.txt
[12:22:23] 
[12:22:23] ----------------------------------------------
[12:22:23] ШАГ 5: Отправка в GitHub
[12:22:23] ----------------------------------------------
[12:22:24] Результат: УСПЕШНО
[12:22:25] 
[12:22:25] ==============================================
[12:22:25] ИТОГИ
[12:22:25] ==============================================
[12:22:25] Обработано: 5 | Пропущено: 0
[12:22:25]   VLESS:  80
[12:22:25]   SS:     160
[12:22:25]   JSON:   3
[12:22:25]   ─────────────────
[12:22:25]   ВСЕГО:  243
[12:22:25] Сводный файл: https://raw.githubusercontent.com/po5p/TgBot/main/GotovVpn.txt
[12:22:25] ==============================================
