[22:36:04] ==============================================
[22:36:04] ЗАПУСК ОБНОВЛЕНИЯ VPN
[22:36:04] ==============================================
[22:36:04] Дата: 27.06.2026 22:36:04
[22:36:04] GitHub: po5p/TgBot
[22:36:04] 
[22:36:04] ----------------------------------------------
[22:36:05] ШАГ 1: Получение списка подписок
[22:36:05] ----------------------------------------------
[22:36:06] Статус: 200 (УСПЕШНО), размер: 402 байт
[22:36:06] Содержимое:
[22:36:06]   • https://github.com/lsncococososo-rgb/GRN_VPN/raw/refs/heads/main/config.txt|GRN_VPN
[22:36:06]   • https://31.76.240.234:2096/sub/qrv3n2dptx2n7xdn|Yowet
[22:36:06]   • https://subs.crabby.app/b8cd8e0b2467fd0f45922774d8b68f21b9c76b348d5af80db205a4aa5257efe2|В
[22:36:06]   • https://tinyurl.com/jm4nyfxp|CVEDC_VPN_||_FREE_ПОДПИСК
[22:36:06]   • https://happ.dska.su/https://vless-config.vadimakimov2009.workers.dev/vpn-config?user=5739816977|AstraVPN-PRO
[22:36:06] 
[22:36:06] ----------------------------------------------
[22:36:06] ШАГ 2: Клонирование репозитория
[22:36:06] ----------------------------------------------
[22:36:07] Статус: УСПЕШНО
[22:36:08] 
[22:36:08] ----------------------------------------------
[22:36:08] ШАГ 3: Обработка подписок
[22:36:08] ----------------------------------------------
[22:36:08] 
[22:36:08] Подписка #1: GRN_VPN
[22:36:08]   Файл: e33835c2_Subscription.txt
[22:36:09]   Загрузка: УСПЕШНО (2416 байт)
[22:36:09]   Формат: готовые vless/заголовки
[22:36:10]   Конфигов: 14
[22:36:10] 
[22:36:10] Подписка #2: Yowet
[22:36:10]   Файл: 7644db88_Subscription.txt
[22:36:10]   Загрузка: УСПЕШНО (12468 байт)
[22:36:10]   Формат: Base64 → vless
[22:36:11]   Конфигов: VL=4 VM=0 TR=0 SS=8 (всего: 12)
[22:36:11] 
[22:36:11] Подписка #3: В
[22:36:11]   Файл: 80edf5ff_Subscription.txt
[22:36:12]   Загрузка: УСПЕШНО (2172 байт)
[22:36:12]   Формат: Base64 → vless
[22:36:12]   Конфигов: VL=6 VM=0 TR=0 SS=12 (всего: 18)
[22:36:13] 
[22:36:13] Подписка #4: CVEDC_VPN_||_FREE_ПОДПИСК
[22:36:13]   Файл: 017b9265_Subscription.txt
[22:36:14]   Загрузка: УСПЕШНО (16609 байт)
[22:36:14]   Формат: готовые vless/заголовки
[22:36:14]   Конфигов: 116
[22:36:14] 
[22:36:14] Подписка #5: AstraVPN-PRO
[22:36:14]   Файл: ea85de74_Subscription.txt
[22:36:20]   Загрузка: УСПЕШНО (11905 байт)
[22:36:20]   Формат: JSON
[22:36:20]   Конфигов (JSON): 11
[22:36:20] 
[22:36:20] ----------------------------------------------
[22:36:20] ШАГ 4: Сводный файл
[22:36:20] ----------------------------------------------
[22:36:20] Ссылки в GotovVpn.txt:
[22:36:20]   • https://raw.githubusercontent.com/po5p/TgBot/main/e33835c2_Subscription.txt
[22:36:20]   • https://raw.githubusercontent.com/po5p/TgBot/main/7644db88_Subscription.txt
[22:36:20]   • https://raw.githubusercontent.com/po5p/TgBot/main/80edf5ff_Subscription.txt
[22:36:20]   • https://raw.githubusercontent.com/po5p/TgBot/main/017b9265_Subscription.txt
[22:36:20]   • https://raw.githubusercontent.com/po5p/TgBot/main/ea85de74_Subscription.txt
[22:36:20] 
[22:36:20] ----------------------------------------------
[22:36:20] ШАГ 5: Отправка в GitHub
[22:36:20] ----------------------------------------------
[22:36:22] Результат: УСПЕШНО
[22:36:22] 
[22:36:22] ==============================================
[22:36:22] ИТОГИ
[22:36:22] ==============================================
[22:36:22] Обработано: 5 | Пропущено: 0
[22:36:22]   VLESS:  10
[22:36:22]   SS:     20
[22:36:22]   JSON:   11
[22:36:23]   ─────────────────
[22:36:23]   ВСЕГО:  41
[22:36:23] Сводный файл: https://raw.githubusercontent.com/po5p/TgBot/main/GotovVpn.txt
[22:36:23] ==============================================
