[23:09:13] ==============================================
[23:09:13] ЗАПУСК ОБНОВЛЕНИЯ VPN
[23:09:13] ==============================================
[23:09:13] Дата: 28.06.2026 23:09:13
[23:09:13] GitHub: po5p/TgBot
[23:09:13] 
[23:09:13] ----------------------------------------------
[23:09:13] ШАГ 1: Получение списка подписок
[23:09:14] ----------------------------------------------
[23:09:14] Статус: 200 (УСПЕШНО), размер: 583 байт
[23:09:14] Содержимое:
[23:09:14]   • https://github.com/lsncococososo-rgb/GRN_VPN/raw/refs/heads/main/config.txt|GRN_VPN
[23:09:14]   • https://subs.crabby.app/b8cd8e0b2467fd0f45922774d8b68f21b9c76b348d5af80db205a4aa5257efe2|В
[23:09:14]   • https://tinyurl.com/jm4nyfxp|CVEDC_VPN_||_FREE_ПОДПИСК
[23:09:14]   • https://happ.dska.su/https://vless-config.vadimakimov2009.workers.dev/vpn-config?user=5739816977|AstraVPN-PRO
[23:09:14]   • https://vpnsubs.site/api/sub/78-kh52vMQyWHcf6|VpnBezLagov
[23:09:15]   • https://vpnsubs.site/api/sub/WmpDVF2fhx495v_8|vpn
[23:09:15]   • https://sub.lbrts.org/hz9UvFDVehXtGB-m|Абзябзяблик_ВПН
[23:09:15]   • https://sub.auravpn.cc/k6vPRn1n0sDBaBoC|Дрыга_ВПН
[23:09:15] 
[23:09:15] ----------------------------------------------
[23:09:15] ШАГ 2: Клонирование репозитория
[23:09:15] ----------------------------------------------
[23:09:16] Статус: УСПЕШНО
[23:09:16] 
[23:09:16] ----------------------------------------------
[23:09:16] ШАГ 3: Обработка подписок
[23:09:16] ----------------------------------------------
[23:09:16] 
[23:09:16] Подписка #1: GRN_VPN
[23:09:16]   Файл: e33835c2_Subscription.txt
[23:09:18]   Загрузка: УСПЕШНО (2416 байт)
[23:09:18]   Формат: готовые vless/заголовки
[23:09:18]   Конфигов: 14
[23:09:18] 
[23:09:18] Подписка #2: В
[23:09:18]   Файл: 80edf5ff_Subscription.txt
[23:09:20]   Загрузка: УСПЕШНО (2172 байт)
[23:09:20]   Формат: Base64 → vless
[23:09:20]   Конфигов: VL=6 VM=0 TR=0 SS=12 (всего: 18)
[23:09:20] 
[23:09:20] Подписка #3: CVEDC_VPN_||_FREE_ПОДПИСК
[23:09:20]   Файл: 017b9265_Subscription.txt
[23:09:21]   Загрузка: УСПЕШНО (16609 байт)
[23:09:21]   Формат: готовые vless/заголовки
[23:09:22]   Конфигов: 116
[23:09:22] 
[23:09:22] Подписка #4: AstraVPN-PRO
[23:09:22]   Файл: ea85de74_Subscription.txt
[23:09:23]   Загрузка: УСПЕШНО (11905 байт)
[23:09:23]   Формат: JSON
[23:09:23]   Конфигов (JSON): 11
[23:09:23] 
[23:09:23] Подписка #5: VpnBezLagov
[23:09:23]   Файл: 2247dd1d_Subscription.txt
[23:09:24]   Загрузка: УСПЕШНО (1946 байт)
[23:09:24]   Формат: JSON
[23:09:24]   Конфигов (JSON): 2
[23:09:24] 
[23:09:24] Подписка #6: vpn
[23:09:24]   Файл: ac4e9d53_Subscription.txt
[23:09:25]   Загрузка: УСПЕШНО (1946 байт)
[23:09:25]   Формат: JSON
[23:09:25]   Конфигов (JSON): 2
[23:09:25] 
[23:09:25] Подписка #7: Абзябзяблик_ВПН
[23:09:25]   Файл: 5942b582_Subscription.txt
[23:09:26]   Загрузка: УСПЕШНО (187404 байт)
[23:09:26]   Формат: JSON
[23:09:26]   Конфигов (JSON): 26
[23:09:26] 
[23:09:26] Подписка #8: Дрыга_ВПН
[23:09:26]   Файл: 2558949b_Subscription.txt
[23:09:27]   Загрузка: УСПЕШНО (1468 байт)
[23:09:27]   Формат: Base64 → vless
[23:09:27]   Конфигов: VL=4 VM=0 TR=0 SS=8 (всего: 12)
[23:09:27] 
[23:09:27] ----------------------------------------------
[23:09:28] ШАГ 4: Сводный файл
[23:09:28] ----------------------------------------------
[23:09:28] Ссылки в GotovVpn.txt:
[23:09:28]   • https://raw.githubusercontent.com/po5p/TgBot/main/e33835c2_Subscription.txt
[23:09:28]   • https://raw.githubusercontent.com/po5p/TgBot/main/80edf5ff_Subscription.txt
[23:09:28]   • https://raw.githubusercontent.com/po5p/TgBot/main/017b9265_Subscription.txt
[23:09:28]   • https://raw.githubusercontent.com/po5p/TgBot/main/ea85de74_Subscription.txt
[23:09:28]   • https://raw.githubusercontent.com/po5p/TgBot/main/2247dd1d_Subscription.txt
[23:09:28]   • https://raw.githubusercontent.com/po5p/TgBot/main/ac4e9d53_Subscription.txt
[23:09:28]   • https://raw.githubusercontent.com/po5p/TgBot/main/5942b582_Subscription.txt
[23:09:28]   • https://raw.githubusercontent.com/po5p/TgBot/main/2558949b_Subscription.txt
[23:09:28] 
[23:09:28] ----------------------------------------------
[23:09:28] ШАГ 5: Отправка в GitHub
[23:09:28] ----------------------------------------------
[23:09:30] Результат: УСПЕШНО
[23:09:30] 
[23:09:30] ==============================================
[23:09:30] ИТОГИ
[23:09:30] ==============================================
[23:09:30] Обработано: 8 | Пропущено: 0
[23:09:30]   VLESS:  10
[23:09:30]   SS:     20
[23:09:30]   JSON:   41
[23:09:30]   ─────────────────
[23:09:30]   ВСЕГО:  71
[23:09:30] Сводный файл: https://raw.githubusercontent.com/po5p/TgBot/main/GotovVpn.txt
[23:09:30] ==============================================
