[14:32:01] ==============================================
[14:32:01] ЗАПУСК ОБНОВЛЕНИЯ VPN
[14:32:01] ==============================================
[14:32:01] Дата: 20.06.2026 14:32:01
[14:32:01] GitHub: po5p/TgBot
[14:32:01] 
[14:32:01] ----------------------------------------------
[14:32:01] ШАГ 1: Получение списка подписок
[14:32:01] ----------------------------------------------
[14:32:02] Статус: 200 (УСПЕШНО), размер: 284 байт
[14:32:02] Содержимое:
[14:32:02]   • https://yax.nenadoblokirowatgnidda.ru/exec?url=http%3A%2F%2F77.110.104.181%3A5002%2Fsub%2FVGdydXNzaWEsMTc4MTc4OTk1Mw20zr9u72oH|Vpn
[14:32:02]   • https://sub.smygo.ru/api/sub/rp6VZU5x1KoWqmHe|VPN
[14:32:02]   • https://sub.datanode-internal.net/KzmeGBwzvnW1fHn7|vpn33
[14:32:02]   • https://perecsub.com/8oa7eXJFQpzPMfJk|Perchik
[14:32:02] 
[14:32:02] ----------------------------------------------
[14:32:02] ШАГ 2: Клонирование репозитория
[14:32:02] ----------------------------------------------
[14:32:03] Статус: УСПЕШНО
[14:32:03] 
[14:32:04] ----------------------------------------------
[14:32:04] ШАГ 3: Обработка подписок
[14:32:04] ----------------------------------------------
[14:32:04] 
[14:32:04] Подписка #1: Vpn
[14:32:04]   Файл: 8cbda047_Subscription.txt
[14:32:04]   Загрузка: УСПЕШНО (22664 байт)
[14:32:04]   Формат: Base64 → vless
[14:32:05]   Конфигов: VL=40 VM=0 TR=0 SS=80 (всего: 120)
[14:32:05] 
[14:32:05] Подписка #2: VPN
[14:32:05]   Файл: 03a7dba1_Subscription.txt
[14:32:06]   Загрузка: УСПЕШНО (455202 байт)
[14:32:06]   Формат: JSON
[14:32:06]   Конфигов (JSON): 24
[14:32:06] 
[14:32:06] Подписка #3: vpn33
[14:32:06]   Файл: b91d57b9_Subscription.txt
[14:32:07]   Загрузка: УСПЕШНО (36494 байт)
[14:32:07]   Формат: JSON
[14:32:07]   Конфигов (JSON): 15
[14:32:07] 
[14:32:07] Подписка #4: Perchik
[14:32:07]   Файл: e74b18c3_Subscription.txt
[14:32:07]   Загрузка: УСПЕШНО (3068 байт)
[14:32:07]   Формат: JSON
[14:32:07]   Конфигов (JSON): 3
[14:32:08] 
[14:32:08] ----------------------------------------------
[14:32:08] ШАГ 4: Сводный файл
[14:32:08] ----------------------------------------------
[14:32:08] Ссылки в GotovVpn.txt:
[14:32:08]   • https://raw.githubusercontent.com/po5p/TgBot/main/8cbda047_Subscription.txt
[14:32:08]   • https://raw.githubusercontent.com/po5p/TgBot/main/03a7dba1_Subscription.txt
[14:32:08]   • https://raw.githubusercontent.com/po5p/TgBot/main/b91d57b9_Subscription.txt
[14:32:08]   • https://raw.githubusercontent.com/po5p/TgBot/main/e74b18c3_Subscription.txt
[14:32:08] 
[14:32:08] ----------------------------------------------
[14:32:08] ШАГ 5: Отправка в GitHub
[14:32:08] ----------------------------------------------
[14:32:11] Результат: УСПЕШНО
[14:32:11] 
[14:32:11] ==============================================
[14:32:11] ИТОГИ
[14:32:11] ==============================================
[14:32:11] Обработано: 4 | Пропущено: 0
[14:32:11]   VLESS:  40
[14:32:11]   SS:     80
[14:32:11]   JSON:   42
[14:32:11]   ─────────────────
[14:32:11]   ВСЕГО:  162
[14:32:11] Сводный файл: https://raw.githubusercontent.com/po5p/TgBot/main/GotovVpn.txt
[14:32:12] ==============================================
