[14:50:47] ==============================================
[14:50:47] ЗАПУСК ОБНОВЛЕНИЯ VPN
[14:50:47] ==============================================
[14:50:47] Дата: 26.06.2026 14:50:47
[14:50:47] GitHub: po5p/TgBot
[14:50:47] 
[14:50:47] ----------------------------------------------
[14:50:48] ШАГ 1: Получение списка подписок
[14:50:48] ----------------------------------------------
[14:50:48] Статус: 200 (УСПЕШНО), размер: 225 байт
[14:50:48] Содержимое:
[14:50:48]   • https://github.com/lsncococososo-rgb/GRN_VPN/raw/refs/heads/main/config.txt|GRN_VPN
[14:50:48]   • https://31.76.240.234:2096/sub/qrv3n2dptx2n7xdn|Yowet
[14:50:48]   • https://vless-config.vadimakimov2009.workers.dev/vpn-config?user=5739816977|BamBukVPN
[14:50:48] 
[14:50:48] ----------------------------------------------
[14:50:48] ШАГ 2: Клонирование репозитория
[14:50:48] ----------------------------------------------
[14:50:50] Статус: УСПЕШНО
[14:50:50] 
[14:50:50] ----------------------------------------------
[14:50:50] ШАГ 3: Обработка подписок
[14:50:50] ----------------------------------------------
[14:50:50] 
[14:50:50] Подписка #2: GRN_VPN
[14:50:50]   Файл: e33835c2_Subscription.txt
[14:50:51]   Загрузка: УСПЕШНО (2416 байт)
[14:50:52]   Формат: готовые vless/заголовки
[14:50:52]   Конфигов: 14
[14:50:52] 
[14:50:52] Подписка #3: Yowet
[14:50:52]   Файл: 7644db88_Subscription.txt
[14:50:52]   Загрузка: УСПЕШНО (12468 байт)
[14:50:52]   Формат: Base64 → vless
[14:50:53]   Конфигов: VL=4 VM=0 TR=0 SS=8 (всего: 12)
[14:50:53] 
[14:50:53] Подписка #4: BamBukVPN
[14:50:53]   Файл: 9bea4c44_Subscription.txt
[14:50:54]   Загрузка: УСПЕШНО (6073 байт)
[14:50:54]   Формат: JSON
[14:50:54]   Конфигов (JSON): 7
[14:50:54] 
[14:50:54] ----------------------------------------------
[14:50:54] ШАГ 4: Сводный файл
[14:50:54] ----------------------------------------------
[14:50:54] Ссылки в GotovVpn.txt:
[14:50:54]   • https://raw.githubusercontent.com/po5p/TgBot/main/e33835c2_Subscription.txt
[14:50:54]   • https://raw.githubusercontent.com/po5p/TgBot/main/7644db88_Subscription.txt
[14:50:54]   • https://raw.githubusercontent.com/po5p/TgBot/main/9bea4c44_Subscription.txt
[14:50:54] 
[14:50:54] ----------------------------------------------
[14:50:54] ШАГ 5: Отправка в GitHub
[14:50:54] ----------------------------------------------
[14:50:56] Результат: УСПЕШНО
[14:50:56] 
[14:50:56] ==============================================
[14:50:56] ИТОГИ
[14:50:56] ==============================================
[14:50:56] Обработано: 3 | Пропущено: 0
[14:50:56]   VLESS:  4
[14:50:56]   SS:     8
[14:50:56]   JSON:   7
[14:50:56]   ─────────────────
[14:50:56]   ВСЕГО:  19
[14:50:56] Сводный файл: https://raw.githubusercontent.com/po5p/TgBot/main/GotovVpn.txt
[14:50:56] ==============================================
