[00:21:05] ==============================================
[00:21:05] ЗАПУСК ОБНОВЛЕНИЯ VPN
[00:21:05] ==============================================
[00:21:05] Дата: 21.06.2026 00:21:05
[00:21:06] GitHub: po5p/TgBot
[00:21:06] 
[00:21:06] ----------------------------------------------
[00:21:06] ШАГ 1: Получение списка подписок
[00:21:06] ----------------------------------------------
[00:21:06] Статус: 200 (УСПЕШНО), размер: 252 байт
[00:21:06] Содержимое:
[00:21:07]   • https://yax.nenadoblokirowatgnidda.ru/exec?url=http%3A%2F%2F77.110.104.181%3A5002%2Fsub%2FVGdydXNzaWEsMTc4MTc4OTk1Mw20zr9u72oH|Vpn
[00:21:07]   • https://sub.smygo.ru/api/sub/rp6VZU5x1KoWqmHe|VPN
[00:21:07]   • https://akonit.tech/sub/a0cc22c1-312b-47a1-99bb-bb62fd39df0e|AkonitVPN
[00:21:07] 
[00:21:07] ----------------------------------------------
[00:21:07] ШАГ 2: Клонирование репозитория
[00:21:07] ----------------------------------------------
[00:21:08] Статус: УСПЕШНО
[00:21:08] 
[00:21:08] ----------------------------------------------
[00:21:08] ШАГ 3: Обработка подписок
[00:21:08] ----------------------------------------------
[00:21:08] 
[00:21:08] Подписка #1: Vpn
[00:21:08]   Файл: 8cbda047_Subscription.txt
[00:21:09]   Загрузка: УСПЕШНО (38056 байт)
[00:21:09]   Формат: Base64 → vless
[00:21:10]   Конфигов: VL=69 VM=0 TR=0 SS=138 (всего: 207)
[00:21:10] 
[00:21:10] Подписка #2: VPN
[00:21:10]   Файл: 03a7dba1_Subscription.txt
[00:21:12]   Загрузка: УСПЕШНО (628070 байт)
[00:21:12]   Формат: JSON
[00:21:12]   Конфигов (JSON): 33
[00:21:12] 
[00:21:12] Подписка #3: AkonitVPN
[00:21:12]   Файл: 1c89ecb2_Subscription.txt
[00:21:12]   Загрузка: УСПЕШНО (6048 байт)
[00:21:13]   Формат: Base64 → vless
[00:21:13]   Конфигов: VL=9 VM=0 TR=0 SS=18 (всего: 27)
[00:21:13] 
[00:21:13] ----------------------------------------------
[00:21:13] ШАГ 4: Сводный файл
[00:21:13] ----------------------------------------------
[00:21:25] Ссылки в GotovVpn.txt:
[00:21:25]   • https://raw.githubusercontent.com/po5p/TgBot/main/8cbda047_Subscription.txt
[00:21:25]   • https://raw.githubusercontent.com/po5p/TgBot/main/03a7dba1_Subscription.txt
[00:21:25]   • https://raw.githubusercontent.com/po5p/TgBot/main/1c89ecb2_Subscription.txt
[00:21:25] 
[00:21:25] ----------------------------------------------
[00:21:25] ШАГ 5: Отправка в GitHub
[00:21:25] ----------------------------------------------
[00:21:27] Результат: УСПЕШНО
[00:21:27] 
[00:21:27] ==============================================
[00:21:27] ИТОГИ
[00:21:27] ==============================================
[00:21:27] Обработано: 3 | Пропущено: 0
[00:21:27]   VLESS:  78
[00:21:27]   SS:     156
[00:21:27]   JSON:   33
[00:21:27]   ─────────────────
[00:21:27]   ВСЕГО:  267
[00:21:27] Сводный файл: https://raw.githubusercontent.com/po5p/TgBot/main/GotovVpn.txt
[00:21:27] ==============================================
