[09:54:02] ==============================================
[09:54:02] ЗАПУСК ОБНОВЛЕНИЯ VPN
[09:54:02] ==============================================
[09:54:02] Дата: 21.06.2026 09:54:02
[09:54:02] GitHub: po5p/TgBot
[09:54:02] 
[09:54:02] ----------------------------------------------
[09:54:02] ШАГ 1: Получение списка подписок
[09:54:02] ----------------------------------------------
[09:54:03] Статус: 200 (УСПЕШНО), размер: 252 байт
[09:54:03] Содержимое:
[09:54:03]   • https://yax.nenadoblokirowatgnidda.ru/exec?url=http%3A%2F%2F77.110.104.181%3A5002%2Fsub%2FVGdydXNzaWEsMTc4MTc4OTk1Mw20zr9u72oH|Vpn
[09:54:03]   • https://sub.smygo.ru/api/sub/rp6VZU5x1KoWqmHe|VPN
[09:54:03]   • https://akonit.tech/sub/a0cc22c1-312b-47a1-99bb-bb62fd39df0e|AkonitVPN
[09:54:03] 
[09:54:03] ----------------------------------------------
[09:54:03] ШАГ 2: Клонирование репозитория
[09:54:03] ----------------------------------------------
[09:54:05] Статус: УСПЕШНО
[09:54:05] 
[09:54:05] ----------------------------------------------
[09:54:05] ШАГ 3: Обработка подписок
[09:54:05] ----------------------------------------------
[09:54:05] 
[09:54:05] Подписка #1: Vpn
[09:54:05]   Файл: 8cbda047_Subscription.txt
[09:54:06]   Загрузка: УСПЕШНО (20696 байт)
[09:54:06]   Формат: Base64 → vless
[09:54:06]   Конфигов: VL=36 VM=0 TR=0 SS=72 (всего: 108)
[09:54:06] 
[09:54:06] Подписка #2: VPN
[09:54:07]   Файл: 03a7dba1_Subscription.txt
[09:54:07]   Загрузка: ОШИБКА HTTP 404
[09:54:08]   Формат: JSON
[09:54:08]   Конфигов (JSON): 3
[09:54:08] 
[09:54:08] Подписка #3: AkonitVPN
[09:54:08]   Файл: 1c89ecb2_Subscription.txt
[09:54:09]   Загрузка: УСПЕШНО (6048 байт)
[09:54:09]   Формат: Base64 → vless
[09:54:09]   Конфигов: VL=9 VM=0 TR=0 SS=18 (всего: 27)
[09:54:09] 
[09:54:09] ----------------------------------------------
[09:54:09] ШАГ 4: Сводный файл
[09:54:09] ----------------------------------------------
[09:54:09] Ссылки в GotovVpn.txt:
[09:54:09]   • https://raw.githubusercontent.com/po5p/TgBot/main/8cbda047_Subscription.txt
[09:54:09]   • https://raw.githubusercontent.com/po5p/TgBot/main/03a7dba1_Subscription.txt
[09:54:09]   • https://raw.githubusercontent.com/po5p/TgBot/main/1c89ecb2_Subscription.txt
[09:54:09] 
[09:54:09] ----------------------------------------------
[09:54:09] ШАГ 5: Отправка в GitHub
[09:54:09] ----------------------------------------------
[09:54:12] Результат: УСПЕШНО
[09:54:12] 
[09:54:12] ==============================================
[09:54:12] ИТОГИ
[09:54:12] ==============================================
[09:54:12] Обработано: 3 | Пропущено: 0
[09:54:12]   VLESS:  45
[09:54:12]   SS:     90
[09:54:13]   JSON:   3
[09:54:13]   ─────────────────
[09:54:13]   ВСЕГО:  138
[09:54:13] Сводный файл: https://raw.githubusercontent.com/po5p/TgBot/main/GotovVpn.txt
[09:54:13] ==============================================
