[15:15:31] ==============================================
[15:15:31] ЗАПУСК ОБНОВЛЕНИЯ VPN
[15:15:31] ==============================================
[15:15:31] Дата: 26.06.2026 15:15:31
[15:15:31] GitHub: po5p/TgBot
[15:15:31] 
[15:15:31] ----------------------------------------------
[15:15:31] ШАГ 1: Получение списка подписок
[15:15:31] ----------------------------------------------
[15:15:32] Статус: 200 (УСПЕШНО), размер: 225 байт
[15:15:32] Содержимое:
[15:15:32]   • https://github.com/lsncococososo-rgb/GRN_VPN/raw/refs/heads/main/config.txt|GRN_VPN
[15:15:32]   • https://31.76.240.234:2096/sub/qrv3n2dptx2n7xdn|Yowet
[15:15:32]   • https://vless-config.vadimakimov2009.workers.dev/vpn-config?user=5739816977|BamBukVPN
[15:15:32] 
[15:15:32] ----------------------------------------------
[15:15:32] ШАГ 2: Клонирование репозитория
[15:15:32] ----------------------------------------------
[15:15:34] Статус: УСПЕШНО
[15:15:34] 
[15:15:34] ----------------------------------------------
[15:15:34] ШАГ 3: Обработка подписок
[15:15:34] ----------------------------------------------
[15:15:34] 
[15:15:34] Подписка #2: GRN_VPN
[15:15:34]   Файл: e33835c2_Subscription.txt
[15:15:35]   Загрузка: УСПЕШНО (2416 байт)
[15:15:35]   Формат: готовые vless/заголовки
[15:15:35]   Конфигов: 14
[15:15:36] 
[15:15:36] Подписка #3: Yowet
[15:15:36]   Файл: 7644db88_Subscription.txt
[15:15:36]   Загрузка: УСПЕШНО (12476 байт)
[15:15:36]   Формат: Base64 → vless
[15:15:36]   Конфигов: VL=4 VM=0 TR=0 SS=8 (всего: 12)
[15:15:37] 
[15:15:37] Подписка #4: BamBukVPN
[15:15:37]   Файл: 9bea4c44_Subscription.txt
[15:15:37]   Загрузка: УСПЕШНО (6073 байт)
[15:15:38]   Формат: JSON
[15:15:38]   Конфигов (JSON): 7
[15:15:38] 
[15:15:38] ----------------------------------------------
[15:15:38] ШАГ 4: Сводный файл
[15:15:38] ----------------------------------------------
[15:15:38] Ссылки в GotovVpn.txt:
[15:15:38]   • https://raw.githubusercontent.com/po5p/TgBot/main/e33835c2_Subscription.txt
[15:15:38]   • https://raw.githubusercontent.com/po5p/TgBot/main/7644db88_Subscription.txt
[15:15:38]   • https://raw.githubusercontent.com/po5p/TgBot/main/9bea4c44_Subscription.txt
[15:15:38] 
[15:15:38] ----------------------------------------------
[15:15:38] ШАГ 5: Отправка в GitHub
[15:15:38] ----------------------------------------------
[15:15:40] Результат: УСПЕШНО
[15:15:40] 
[15:15:40] ==============================================
[15:15:40] ИТОГИ
[15:15:40] ==============================================
[15:15:40] Обработано: 3 | Пропущено: 0
[15:15:40]   VLESS:  4
[15:15:40]   SS:     8
[15:15:40]   JSON:   7
[15:15:40]   ─────────────────
[15:15:40]   ВСЕГО:  19
[15:15:40] Сводный файл: https://raw.githubusercontent.com/po5p/TgBot/main/GotovVpn.txt
[15:15:40] ==============================================
