[14:52:29] ==============================================
[14:52:29] ЗАПУСК ОБНОВЛЕНИЯ VPN
[14:52:29] ==============================================
[14:52:29] Дата: 19.06.2026 14:52:29
[14:52:29] GitHub: po5p/TgBot
[14:52:29] 
[14:52:29] ----------------------------------------------
[14:52:29] ШАГ 1: Получение списка подписок
[14:52:29] ----------------------------------------------
[14:52:30] Статус: 200 (УСПЕШНО), размер: 238 байт
[14:52:30] Содержимое:
[14:52:30]   • https://yax.nenadoblokirowatgnidda.ru/exec?url=http%3A%2F%2F77.110.104.181%3A5002%2Fsub%2FVGdydXNzaWEsMTc4MTc4OTk1Mw20zr9u72oH|Vpn
[14:52:30]   • https://sub.smygo.ru/api/sub/rp6VZU5x1KoWqmHe|VPN
[14:52:30]   • https://sub.datanode-internal.net/KzmeGBwzvnW1fHn7|vpn33
[14:52:30] 
[14:52:30] ----------------------------------------------
[14:52:30] ШАГ 2: Клонирование репозитория
[14:52:30] ----------------------------------------------
[14:52:31] Статус: УСПЕШНО
[14:52:31] 
[14:52:31] ----------------------------------------------
[14:52:31] ШАГ 3: Обработка подписок
[14:52:31] ----------------------------------------------
[14:52:32] 
[14:52:32] Подписка #1: Vpn
[14:52:32]   Файл: 8cbda047_Subscription.txt
[14:52:32]   Загрузка: УСПЕШНО (14144 байт)
[14:52:32]   Формат: Base64 → vless
[14:52:32]   Конфигов: VL=24 VM=0 TR=0 SS=48 (всего: 72)
[14:52:33] 
[14:52:33] Подписка #2: VPN
[14:52:33]   Файл: 03a7dba1_Subscription.txt
[14:52:34]   Загрузка: УСПЕШНО (435484 байт)
[14:52:34]   Формат: JSON
[14:52:34]   Конфигов (JSON): 23
[14:52:34] 
[14:52:34] Подписка #3: vpn33
[14:52:34]   Файл: b91d57b9_Subscription.txt
[14:52:34]   Загрузка: УСПЕШНО (36481 байт)
[14:52:34]   Формат: JSON
[14:52:35]   Конфигов (JSON): 15
[14:52:35] 
[14:52:35] ----------------------------------------------
[14:52:35] ШАГ 4: Сводный файл
[14:52:35] ----------------------------------------------
[14:52:35] Ссылки в GotovVpn.txt:
[14:52:35]   • https://raw.githubusercontent.com/po5p/TgBot/main/8cbda047_Subscription.txt
[14:52:35]   • https://raw.githubusercontent.com/po5p/TgBot/main/03a7dba1_Subscription.txt
[14:52:35]   • https://raw.githubusercontent.com/po5p/TgBot/main/b91d57b9_Subscription.txt
[14:52:35] 
[14:52:35] ----------------------------------------------
[14:52:35] ШАГ 5: Отправка в GitHub
[14:52:35] ----------------------------------------------
[14:52:37] Результат: УСПЕШНО
[14:52:37] 
[14:52:37] ==============================================
[14:52:37] ИТОГИ
[14:52:37] ==============================================
[14:52:37] Обработано: 3 | Пропущено: 0
[14:52:37]   VLESS:  24
[14:52:37]   SS:     48
[14:52:38]   JSON:   38
[14:52:38]   ─────────────────
[14:52:38]   ВСЕГО:  110
[14:52:38] Сводный файл: https://raw.githubusercontent.com/po5p/TgBot/main/GotovVpn.txt
[14:52:38] ==============================================
