[23:13:13] ==============================================
[23:13:13] ЗАПУСК ОБНОВЛЕНИЯ VPN
[23:13:13] ==============================================
[23:13:14] Дата: 19.06.2026 23:13:14
[23:13:14] GitHub: po5p/TgBot
[23:13:14] 
[23:13:14] ----------------------------------------------
[23:13:14] ШАГ 1: Получение списка подписок
[23:13:14] ----------------------------------------------
[23:13:14] Статус: 200 (УСПЕШНО), размер: 284 байт
[23:13:14] Содержимое:
[23:13:14]   • https://yax.nenadoblokirowatgnidda.ru/exec?url=http%3A%2F%2F77.110.104.181%3A5002%2Fsub%2FVGdydXNzaWEsMTc4MTc4OTk1Mw20zr9u72oH|Vpn
[23:13:15]   • https://sub.smygo.ru/api/sub/rp6VZU5x1KoWqmHe|VPN
[23:13:15]   • https://sub.datanode-internal.net/KzmeGBwzvnW1fHn7|vpn33
[23:13:15]   • https://perecsub.com/8oa7eXJFQpzPMfJk|Perchik
[23:13:15] 
[23:13:15] ----------------------------------------------
[23:13:15] ШАГ 2: Клонирование репозитория
[23:13:15] ----------------------------------------------
[23:13:16] Статус: УСПЕШНО
[23:13:16] 
[23:13:16] ----------------------------------------------
[23:13:16] ШАГ 3: Обработка подписок
[23:13:16] ----------------------------------------------
[23:13:16] 
[23:13:16] Подписка #1: Vpn
[23:13:16]   Файл: 8cbda047_Subscription.txt
[23:13:17]   Загрузка: УСПЕШНО (30516 байт)
[23:13:17]   Формат: Base64 → vless
[23:13:17]   Конфигов: VL=60 VM=0 TR=0 SS=120 (всего: 180)
[23:13:17] 
[23:13:17] Подписка #2: VPN
[23:13:17]   Файл: 03a7dba1_Subscription.txt
[23:13:19]   Загрузка: УСПЕШНО (435484 байт)
[23:13:19]   Формат: JSON
[23:13:19]   Конфигов (JSON): 23
[23:13:19] 
[23:13:19] Подписка #3: vpn33
[23:13:19]   Файл: b91d57b9_Subscription.txt
[23:13:20]   Загрузка: УСПЕШНО (36494 байт)
[23:13:20]   Формат: JSON
[23:13:20]   Конфигов (JSON): 15
[23:13:20] 
[23:13:20] Подписка #4: Perchik
[23:13:20]   Файл: e74b18c3_Subscription.txt
[23:13:21]   Загрузка: УСПЕШНО (30518 байт)
[23:13:21]   Формат: JSON
[23:13:21]   Конфигов (JSON): 11
[23:13:21] 
[23:13:21] ----------------------------------------------
[23:13:21] ШАГ 4: Сводный файл
[23:13:21] ----------------------------------------------
[23:13:21] Ссылки в GotovVpn.txt:
[23:13:21]   • https://raw.githubusercontent.com/po5p/TgBot/main/8cbda047_Subscription.txt
[23:13:21]   • https://raw.githubusercontent.com/po5p/TgBot/main/03a7dba1_Subscription.txt
[23:13:21]   • https://raw.githubusercontent.com/po5p/TgBot/main/b91d57b9_Subscription.txt
[23:13:21]   • https://raw.githubusercontent.com/po5p/TgBot/main/e74b18c3_Subscription.txt
[23:13:21] 
[23:13:21] ----------------------------------------------
[23:13:21] ШАГ 5: Отправка в GitHub
[23:13:21] ----------------------------------------------
[23:13:24] Результат: УСПЕШНО
[23:13:24] 
[23:13:24] ==============================================
[23:13:24] ИТОГИ
[23:13:24] ==============================================
[23:13:24] Обработано: 4 | Пропущено: 0
[23:13:24]   VLESS:  60
[23:13:24]   SS:     120
[23:13:25]   JSON:   49
[23:13:25]   ─────────────────
[23:13:25]   ВСЕГО:  229
[23:13:25] Сводный файл: https://raw.githubusercontent.com/po5p/TgBot/main/GotovVpn.txt
[23:13:25] ==============================================
