[23:24:16] ==============================================
[23:24:16] ЗАПУСК ОБНОВЛЕНИЯ VPN
[23:24:16] ==============================================
[23:24:16] Дата: 27.06.2026 23:24:16
[23:24:16] GitHub: po5p/TgBot
[23:24:16] 
[23:24:16] ----------------------------------------------
[23:24:16] ШАГ 1: Получение списка подписок
[23:24:16] ----------------------------------------------
[23:24:17] Статус: 200 (УСПЕШНО), размер: 460 байт
[23:24:17] Содержимое:
[23:24:17]   • https://github.com/lsncococososo-rgb/GRN_VPN/raw/refs/heads/main/config.txt|GRN_VPN
[23:24:17]   • https://31.76.240.234:2096/sub/qrv3n2dptx2n7xdn|Yowet
[23:24:17]   • https://subs.crabby.app/b8cd8e0b2467fd0f45922774d8b68f21b9c76b348d5af80db205a4aa5257efe2|В
[23:24:17]   • https://tinyurl.com/jm4nyfxp|CVEDC_VPN_||_FREE_ПОДПИСК
[23:24:17]   • https://happ.dska.su/https://vless-config.vadimakimov2009.workers.dev/vpn-config?user=5739816977|AstraVPN-PRO
[23:24:17]   • https://vpnsubs.site/api/sub/78-kh52vMQyWHcf6|VpnBezLagov
[23:24:17] 
[23:24:17] ----------------------------------------------
[23:24:17] ШАГ 2: Клонирование репозитория
[23:24:17] ----------------------------------------------
[23:24:19] Статус: УСПЕШНО
[23:24:19] 
[23:24:19] ----------------------------------------------
[23:24:19] ШАГ 3: Обработка подписок
[23:24:19] ----------------------------------------------
[23:24:19] 
[23:24:19] Подписка #1: GRN_VPN
[23:24:19]   Файл: e33835c2_Subscription.txt
[23:24:21]   Загрузка: УСПЕШНО (2416 байт)
[23:24:21]   Формат: готовые vless/заголовки
[23:24:21]   Конфигов: 14
[23:24:21] 
[23:24:21] Подписка #2: Yowet
[23:24:21]   Файл: 7644db88_Subscription.txt
[23:24:22]   Загрузка: УСПЕШНО (12452 байт)
[23:24:22]   Формат: Base64 → vless
[23:24:22]   Конфигов: VL=4 VM=0 TR=0 SS=8 (всего: 12)
[23:24:22] 
[23:24:22] Подписка #3: В
[23:24:22]   Файл: 80edf5ff_Subscription.txt
[23:24:24]   Загрузка: УСПЕШНО (2172 байт)
[23:24:24]   Формат: Base64 → vless
[23:24:24]   Конфигов: VL=6 VM=0 TR=0 SS=12 (всего: 18)
[23:24:24] 
[23:24:24] Подписка #4: CVEDC_VPN_||_FREE_ПОДПИСК
[23:24:24]   Файл: 017b9265_Subscription.txt
[23:24:25]   Загрузка: УСПЕШНО (16609 байт)
[23:24:25]   Формат: готовые vless/заголовки
[23:24:26]   Конфигов: 116
[23:24:26] 
[23:24:26] Подписка #5: AstraVPN-PRO
[23:24:26]   Файл: ea85de74_Subscription.txt
[23:24:30]   Загрузка: УСПЕШНО (11905 байт)
[23:24:30]   Формат: JSON
[23:24:30]   Конфигов (JSON): 11
[23:24:30] 
[23:24:30] Подписка #6: VpnBezLagov
[23:24:30]   Файл: 2247dd1d_Subscription.txt
[23:24:31]   Загрузка: УСПЕШНО (39100 байт)
[23:24:31]   Формат: JSON
[23:24:31]   Конфигов (JSON): 30
[23:24:31] 
[23:24:31] ----------------------------------------------
[23:24:31] ШАГ 4: Сводный файл
[23:24:31] ----------------------------------------------
[23:24:31] Ссылки в GotovVpn.txt:
[23:24:31]   • https://raw.githubusercontent.com/po5p/TgBot/main/e33835c2_Subscription.txt
[23:24:31]   • https://raw.githubusercontent.com/po5p/TgBot/main/7644db88_Subscription.txt
[23:24:31]   • https://raw.githubusercontent.com/po5p/TgBot/main/80edf5ff_Subscription.txt
[23:24:31]   • https://raw.githubusercontent.com/po5p/TgBot/main/017b9265_Subscription.txt
[23:24:31]   • https://raw.githubusercontent.com/po5p/TgBot/main/ea85de74_Subscription.txt
[23:24:31]   • https://raw.githubusercontent.com/po5p/TgBot/main/2247dd1d_Subscription.txt
[23:24:31] 
[23:24:31] ----------------------------------------------
[23:24:31] ШАГ 5: Отправка в GitHub
[23:24:31] ----------------------------------------------
[23:24:33] Результат: УСПЕШНО
[23:24:33] 
[23:24:33] ==============================================
[23:24:33] ИТОГИ
[23:24:33] ==============================================
[23:24:33] Обработано: 6 | Пропущено: 0
[23:24:33]   VLESS:  10
[23:24:33]   SS:     20
[23:24:34]   JSON:   41
[23:24:34]   ─────────────────
[23:24:34]   ВСЕГО:  71
[23:24:34] Сводный файл: https://raw.githubusercontent.com/po5p/TgBot/main/GotovVpn.txt
[23:24:34] ==============================================
