[21:33:03] ==============================================
[21:33:03] ЗАПУСК ОБНОВЛЕНИЯ VPN
[21:33:03] ==============================================
[21:33:03] Дата: 28.06.2026 21:33:03
[21:33:03] GitHub: po5p/TgBot
[21:33:03] 
[21:33:03] ----------------------------------------------
[21:33:03] ШАГ 1: Получение списка подписок
[21:33:03] ----------------------------------------------
[21:33:04] Статус: 200 (УСПЕШНО), размер: 648 байт
[21:33:04] Содержимое:
[21:33:04]   • https://github.com/lsncococososo-rgb/GRN_VPN/raw/refs/heads/main/config.txt|GRN_VPN
[21:33:04]   • https://subs.crabby.app/b8cd8e0b2467fd0f45922774d8b68f21b9c76b348d5af80db205a4aa5257efe2|В
[21:33:04]   • https://tinyurl.com/jm4nyfxp|CVEDC_VPN_||_FREE_ПОДПИСК
[21:33:04]   • https://happ.dska.su/https://vless-config.vadimakimov2009.workers.dev/vpn-config?user=5739816977|AstraVPN-PRO
[21:33:04]   • https://vpnsubs.site/api/sub/78-kh52vMQyWHcf6|VpnBezLagov
[21:33:04]   • https://vpnsubs.site/api/sub/WmpDVF2fhx495v_8|vpn
[21:33:04]   • https://is.wepogp.gay/bypass-hwid-lock-3z5O6BFAaJQzGlamvtSo?payload=nWGyM9rpLZbSBmDhixvQFboZlOCAMUaksZbbd3ogEniEgPnuvZXtqWLSrhfHtK%2BuY2DN320PeyzN%2Bz%2Bdl9m14j3L%2B%2BlcmvuJZFNhZbaCzls%3D|о
[21:33:04] 
[21:33:04] ----------------------------------------------
[21:33:04] ШАГ 2: Клонирование репозитория
[21:33:04] ----------------------------------------------
[21:33:05] Статус: УСПЕШНО
[21:33:05] 
[21:33:05] ----------------------------------------------
[21:33:05] ШАГ 3: Обработка подписок
[21:33:05] ----------------------------------------------
[21:33:05] 
[21:33:05] Подписка #1: GRN_VPN
[21:33:06]   Файл: e33835c2_Subscription.txt
[21:33:07]   Загрузка: УСПЕШНО (2416 байт)
[21:33:07]   Формат: готовые vless/заголовки
[21:33:07]   Конфигов: 14
[21:33:07] 
[21:33:07] Подписка #2: В
[21:33:07]   Файл: 80edf5ff_Subscription.txt
[21:33:09]   Загрузка: УСПЕШНО (2172 байт)
[21:33:09]   Формат: Base64 → vless
[21:33:09]   Конфигов: VL=6 VM=0 TR=0 SS=12 (всего: 18)
[21:33:09] 
[21:33:09] Подписка #3: CVEDC_VPN_||_FREE_ПОДПИСК
[21:33:09]   Файл: 017b9265_Subscription.txt
[21:33:10]   Загрузка: УСПЕШНО (16609 байт)
[21:33:10]   Формат: готовые vless/заголовки
[21:33:11]   Конфигов: 116
[21:33:11] 
[21:33:11] Подписка #4: AstraVPN-PRO
[21:33:11]   Файл: ea85de74_Subscription.txt
[21:33:11]   Загрузка: УСПЕШНО (11905 байт)
[21:33:11]   Формат: JSON
[21:33:12]   Конфигов (JSON): 11
[21:33:12] 
[21:33:12] Подписка #5: VpnBezLagov
[21:33:12]   Файл: 2247dd1d_Subscription.txt
[21:33:12]   Загрузка: УСПЕШНО (26413 байт)
[21:33:13]   Формат: JSON
[21:33:13]   Конфигов (JSON): 17
[21:33:13] 
[21:33:13] Подписка #6: vpn
[21:33:13]   Файл: ac4e9d53_Subscription.txt
[21:33:14]   Загрузка: УСПЕШНО (26413 байт)
[21:33:14]   Формат: JSON
[21:33:14]   Конфигов (JSON): 17
[21:33:14] 
[21:33:14] Подписка #7: о
[21:33:14]   Файл: d475cce7_Subscription.txt
[21:33:15]   Загрузка: УСПЕШНО (1005 байт)
[21:33:15]   Формат: JSON
[21:33:15]   Конфигов (JSON): 1
[21:33:15] 
[21:33:15] ----------------------------------------------
[21:33:15] ШАГ 4: Сводный файл
[21:33:15] ----------------------------------------------
[21:33:15] Ссылки в GotovVpn.txt:
[21:33:15]   • https://raw.githubusercontent.com/po5p/TgBot/main/e33835c2_Subscription.txt
[21:33:15]   • https://raw.githubusercontent.com/po5p/TgBot/main/80edf5ff_Subscription.txt
[21:33:15]   • https://raw.githubusercontent.com/po5p/TgBot/main/017b9265_Subscription.txt
[21:33:15]   • https://raw.githubusercontent.com/po5p/TgBot/main/ea85de74_Subscription.txt
[21:33:15]   • https://raw.githubusercontent.com/po5p/TgBot/main/2247dd1d_Subscription.txt
[21:33:15]   • https://raw.githubusercontent.com/po5p/TgBot/main/ac4e9d53_Subscription.txt
[21:33:15]   • https://raw.githubusercontent.com/po5p/TgBot/main/d475cce7_Subscription.txt
[21:33:15] 
[21:33:15] ----------------------------------------------
[21:33:15] ШАГ 5: Отправка в GitHub
[21:33:15] ----------------------------------------------
[21:33:17] Результат: УСПЕШНО
[21:33:17] 
[21:33:17] ==============================================
[21:33:17] ИТОГИ
[21:33:17] ==============================================
[21:33:17] Обработано: 7 | Пропущено: 0
[21:33:17]   VLESS:  6
[21:33:17]   SS:     12
[21:33:17]   JSON:   46
[21:33:17]   ─────────────────
[21:33:17]   ВСЕГО:  64
[21:33:17] Сводный файл: https://raw.githubusercontent.com/po5p/TgBot/main/GotovVpn.txt
[21:33:17] ==============================================
