[13:13:40] ==============================================
[13:13:40] ЗАПУСК ОБНОВЛЕНИЯ VPN
[13:13:40] ==============================================
[13:13:40] Дата: 25.06.2026 13:13:40
[13:13:40] GitHub: po5p/TgBot
[13:13:40] 
[13:13:40] ----------------------------------------------
[13:13:41] ШАГ 1: Получение списка подписок
[13:13:41] ----------------------------------------------
[13:13:41] Статус: 200 (УСПЕШНО), размер: 754 байт
[13:13:41] Содержимое:
[13:13:41]   • https://yax.nenadoblokirowatgnidda.ru/exec?url=http%3A%2F%2F77.110.104.181%3A5002%2Fsub%2FVGdydXNzaWEsMTc4MTc4OTk1Mw20zr9u72oH|Vpn
[13:13:41]   • https://sub.smygo.ru/api/sub/rp6VZU5x1KoWqmHe|VPN
[13:13:41]   • https://akonit.tech/sub/a0cc22c1-312b-47a1-99bb-bb62fd39df0e|AkonitVPN
[13:13:41]   • https://sub.cvedcvpn.ru/e-LF_rZTKbPzyANj|garelmakrel
[13:13:41]   • https://raw.githubusercontent.com/hiztin/VLESS-PO-GRIBI/main/deploy/subscriptions/1.txt|90
[13:13:42]   • https://mawtunnel.onrender.com/sub/WpqtBEilhthDB7tedo|ЯЕбланVPN
[13:13:42]   • https://github.com/lsncococososo-rgb/GRN_VPN/raw/refs/heads/main/config.txt|GRN_VPN
[13:13:42]   • https://31.76.240.234:2096/sub/qrv3n2dptx2n7xdn|Yowet
[13:13:42]   • https://panel.haizvpn.pw/api/sub/NbU-R-3HMUwERtwQ|Haizvpn
[13:13:42]   • https://mawtunnel.onrender.com/sub/WpqtBEilhthDB7tedo|Курочка_Абзябзяба_VPN
[13:13:42] 
[13:13:42] ----------------------------------------------
[13:13:42] ШАГ 2: Клонирование репозитория
[13:13:42] ----------------------------------------------
[13:13:43] Статус: УСПЕШНО
[13:13:43] 
[13:13:43] ----------------------------------------------
[13:13:43] ШАГ 3: Обработка подписок
[13:13:43] ----------------------------------------------
[13:13:43] 
[13:13:43] Подписка #1: Vpn
[13:13:43]   Файл: 8cbda047_Subscription.txt
[13:13:44]   Загрузка: ОШИБКА HTTP 502
[13:13:44]   Формат: Base64 → vless
[13:13:44]   Конфигов: VL=0 VM=0 TR=0 SS=0 (всего: 0)
[13:13:45] 
[13:13:45] Подписка #2: VPN
[13:13:45]   Файл: 03a7dba1_Subscription.txt
[13:13:45]   Загрузка: ОШИБКА HTTP 404
[13:13:45]   Формат: JSON
[13:13:45]   Конфигов (JSON): 3
[13:13:46] 
[13:13:46] Подписка #3: AkonitVPN
[13:13:46]   Файл: 1c89ecb2_Subscription.txt
[13:13:46]   Загрузка: ОШИБКА HTTP 404
[13:13:46]   Формат: JSON
[13:13:46]   Конфигов (JSON): 1
[13:13:46] 
[13:13:46] Подписка #4: garelmakrel
[13:13:47]   Файл: 77ae023c_Subscription.txt
[13:13:47]   Загрузка: УСПЕШНО (1947 байт)
[13:13:47]   Формат: JSON
[13:13:47]   Конфигов (JSON): 2
[13:13:47] 
[13:13:47] Подписка #5: 90
[13:13:48]   Файл: dc763289_Subscription.txt
[13:13:48]   Загрузка: УСПЕШНО (36497 байт)
[13:13:48]   Формат: готовые vless/заголовки
[13:13:48]   Конфигов: 258
[13:13:49] 
[13:13:49] Подписка #6: ЯЕбланVPN
[13:13:49]   Файл: 12ad9a86_Subscription.txt
[13:13:49]   Загрузка: УСПЕШНО (38891 байт)
[13:13:49]   Формат: Base64 → vless
[13:14:12]   Конфигов: VL=0 VM=0 TR=0 SS=0 (всего: 0)
[13:14:12] 
[13:14:12] Подписка #7: GRN_VPN
[13:14:12]   Файл: e33835c2_Subscription.txt
[13:14:13]   Загрузка: УСПЕШНО (2416 байт)
[13:14:13]   Формат: готовые vless/заголовки
[13:14:14]   Конфигов: 14
[13:14:14] 
[13:14:14] Подписка #8: Yowet
[13:14:14]   Файл: 7644db88_Subscription.txt
[13:14:14]   Загрузка: УСПЕШНО (12444 байт)
[13:14:14]   Формат: Base64 → vless
[13:14:15]   Конфигов: VL=4 VM=0 TR=0 SS=8 (всего: 12)
[13:14:15] 
[13:14:15] Подписка #9: Haizvpn
[13:14:15]   Файл: e546cf1e_Subscription.txt
[13:14:15]   Загрузка: УСПЕШНО (985 байт)
[13:14:15]   ⚠ Заглушка — оставляю старую копию
[13:14:16] 
[13:14:16] Подписка #10: Курочка_Абзябзяба_VPN
[13:14:16]   Файл: 12ad9a86_Subscription.txt
[13:14:16]   Загрузка: УСПЕШНО (38891 байт)
[13:14:17]   Формат: Base64 → vless
[13:14:39]   Конфигов: VL=0 VM=0 TR=0 SS=0 (всего: 0)
[13:14:39] 
[13:14:39] ----------------------------------------------
[13:14:39] ШАГ 4: Сводный файл
[13:14:39] ----------------------------------------------
[13:14:39] Ссылки в GotovVpn.txt:
[13:14:39]   • https://raw.githubusercontent.com/po5p/TgBot/main/8cbda047_Subscription.txt
[13:14:39]   • https://raw.githubusercontent.com/po5p/TgBot/main/03a7dba1_Subscription.txt
[13:14:39]   • https://raw.githubusercontent.com/po5p/TgBot/main/1c89ecb2_Subscription.txt
[13:14:40]   • https://raw.githubusercontent.com/po5p/TgBot/main/77ae023c_Subscription.txt
[13:14:40]   • https://raw.githubusercontent.com/po5p/TgBot/main/dc763289_Subscription.txt
[13:14:40]   • https://raw.githubusercontent.com/po5p/TgBot/main/12ad9a86_Subscription.txt
[13:14:40]   • https://raw.githubusercontent.com/po5p/TgBot/main/e33835c2_Subscription.txt
[13:14:40]   • https://raw.githubusercontent.com/po5p/TgBot/main/7644db88_Subscription.txt
[13:14:40]   • https://raw.githubusercontent.com/po5p/TgBot/main/e546cf1e_Subscription.txt
[13:14:40]   • https://raw.githubusercontent.com/po5p/TgBot/main/12ad9a86_Subscription.txt
[13:14:40] 
[13:14:40] ----------------------------------------------
[13:14:40] ШАГ 5: Отправка в GitHub
[13:14:40] ----------------------------------------------
[13:14:42] Результат: УСПЕШНО
[13:14:42] 
[13:14:42] ==============================================
[13:14:42] ИТОГИ
[13:14:42] ==============================================
[13:14:42] Обработано: 9 | Пропущено: 1
[13:14:42]   VLESS:  4
[13:14:42]   SS:     8
[13:14:42]   JSON:   6
[13:14:42]   ─────────────────
[13:14:42]   ВСЕГО:  18
[13:14:42] Сводный файл: https://raw.githubusercontent.com/po5p/TgBot/main/GotovVpn.txt
[13:14:42] ==============================================
