[12:17:18] ==============================================
[12:17:18] ЗАПУСК ОБНОВЛЕНИЯ VPN
[12:17:18] ==============================================
[12:17:18] Дата: 21.06.2026 12:17:18
[12:17:18] GitHub: po5p/TgBot
[12:17:18] 
[12:17:18] ----------------------------------------------
[12:17:18] ШАГ 1: Получение списка подписок
[12:17:19] ----------------------------------------------
[12:17:19] Статус: 200 (УСПЕШНО), размер: 383 байт
[12:17:19] Содержимое:
[12:17:19]   • https://yax.nenadoblokirowatgnidda.ru/exec?url=http%3A%2F%2F77.110.104.181%3A5002%2Fsub%2FVGdydXNzaWEsMTc4MTc4OTk1Mw20zr9u72oH|Vpn
[12:17:19]   • https://sub.smygo.ru/api/sub/rp6VZU5x1KoWqmHe|VPN
[12:17:19]   • https://akonit.tech/sub/a0cc22c1-312b-47a1-99bb-bb62fd39df0e|AkonitVPN
[12:17:19]   • https://sub.cvedcvpn.ru/e-LF_rZTKbPzyANj|garelmakrel
[12:17:19]   • https://raw.githubusercontent.com/po5p/TgBot/main/1c89ecb2_Subscription.txt|9
[12:17:19] 
[12:17:19] ----------------------------------------------
[12:17:19] ШАГ 2: Клонирование репозитория
[12:17:19] ----------------------------------------------
[12:17:21] Статус: УСПЕШНО
[12:17:21] 
[12:17:21] ----------------------------------------------
[12:17:21] ШАГ 3: Обработка подписок
[12:17:21] ----------------------------------------------
[12:17:21] 
[12:17:21] Подписка #1: Vpn
[12:17:21]   Файл: 8cbda047_Subscription.txt
[12:17:21]   Загрузка: УСПЕШНО (35236 байт)
[12:17:22]   Формат: Base64 → vless
[12:17:22]   Конфигов: VL=69 VM=0 TR=0 SS=138 (всего: 207)
[12:17:22] 
[12:17:22] Подписка #2: VPN
[12:17:22]   Файл: 03a7dba1_Subscription.txt
[12:17:23]   Загрузка: ОШИБКА HTTP 404
[12:17:23]   Формат: JSON
[12:17:23]   Конфигов (JSON): 3
[12:17:23] 
[12:17:23] Подписка #3: AkonitVPN
[12:17:23]   Файл: 1c89ecb2_Subscription.txt
[12:17:24]   Загрузка: УСПЕШНО (6048 байт)
[12:17:24]   Формат: Base64 → vless
[12:17:24]   Конфигов: VL=9 VM=0 TR=0 SS=18 (всего: 27)
[12:17:24] 
[12:17:24] Подписка #4: garelmakrel
[12:17:24]   Файл: 77ae023c_Subscription.txt
[12:17:25]   Загрузка: УСПЕШНО (3800 байт)
[12:17:25]   Формат: Base64 → vless
[12:17:25]   Конфигов: VL=8 VM=0 TR=0 SS=16 (всего: 24)
[12:17:25] 
[12:17:26] Подписка #5: 9
[12:17:26]   Файл: 98ee5455_Subscription.txt
[12:17:27]   Загрузка: УСПЕШНО (7206 байт)
[12:17:27]   Формат: готовые vless/заголовки
[12:17:27]   Конфигов: 27
[12:17:27] 
[12:17:27] ----------------------------------------------
[12:17:27] ШАГ 4: Сводный файл
