[18:18:26] ==============================================
[18:18:26] ЗАПУСК ОБНОВЛЕНИЯ VPN
[18:18:26] ==============================================
[18:18:26] Дата: 20.06.2026 18:18:26
[18:18:26] GitHub: po5p/TgBot
[18:18:26] 
[18:18:26] ----------------------------------------------
[18:18:26] ШАГ 1: Получение списка подписок
[18:18:26] ----------------------------------------------
[18:18:27] Статус: 200 (УСПЕШНО), размер: 284 байт
[18:18:27] Содержимое:
[18:18:27]   • https://yax.nenadoblokirowatgnidda.ru/exec?url=http%3A%2F%2F77.110.104.181%3A5002%2Fsub%2FVGdydXNzaWEsMTc4MTc4OTk1Mw20zr9u72oH|Vpn
[18:18:27]   • https://sub.smygo.ru/api/sub/rp6VZU5x1KoWqmHe|VPN
[18:18:27]   • https://sub.datanode-internal.net/KzmeGBwzvnW1fHn7|vpn33
[18:18:27]   • https://perecsub.com/8oa7eXJFQpzPMfJk|Perchik
[18:18:28] 
[18:18:28] ----------------------------------------------
[18:18:28] ШАГ 2: Клонирование репозитория
[18:18:28] ----------------------------------------------
[18:18:29] Статус: УСПЕШНО
[18:18:29] 
[18:18:29] ----------------------------------------------
[18:18:29] ШАГ 3: Обработка подписок
[18:18:29] ----------------------------------------------
[18:18:29] 
[18:18:29] Подписка #1: Vpn
[18:18:29]   Файл: 8cbda047_Subscription.txt
[18:18:30]   Загрузка: УСПЕШНО (39412 байт)
[18:18:30]   Формат: Base64 → vless
[18:18:31]   Конфигов: VL=69 VM=0 TR=0 SS=138 (всего: 207)
[18:18:31] 
[18:18:31] Подписка #2: VPN
[18:18:31]   Файл: 03a7dba1_Subscription.txt
[18:18:32]   Загрузка: УСПЕШНО (455202 байт)
[18:18:32]   Формат: JSON
[18:18:32]   Конфигов (JSON): 24
[18:18:32] 
[18:18:33] Подписка #3: vpn33
[18:18:33]   Файл: b91d57b9_Subscription.txt
[18:18:33]   Загрузка: УСПЕШНО (36466 байт)
[18:18:33]   Формат: JSON
[18:18:33]   Конфигов (JSON): 15
[18:18:33] 
[18:18:33] Подписка #4: Perchik
[18:18:34]   Файл: e74b18c3_Subscription.txt
[18:18:34]   Загрузка: УСПЕШНО (3068 байт)
[18:18:34]   Формат: JSON
[18:18:34]   Конфигов (JSON): 3
[18:18:34] 
[18:18:34] ----------------------------------------------
[18:18:34] ШАГ 4: Сводный файл
[18:18:35] ----------------------------------------------
[18:18:35] Ссылки в GotovVpn.txt:
[18:18:35]   • https://raw.githubusercontent.com/po5p/TgBot/main/8cbda047_Subscription.txt
[18:18:35]   • https://raw.githubusercontent.com/po5p/TgBot/main/03a7dba1_Subscription.txt
[18:18:35]   • https://raw.githubusercontent.com/po5p/TgBot/main/b91d57b9_Subscription.txt
[18:18:35]   • https://raw.githubusercontent.com/po5p/TgBot/main/e74b18c3_Subscription.txt
[18:18:36] 
[18:18:36] ----------------------------------------------
[18:18:36] ШАГ 5: Отправка в GitHub
[18:18:36] ----------------------------------------------
[18:18:39] Результат: УСПЕШНО
[18:18:39] 
[18:18:39] ==============================================
[18:18:39] ИТОГИ
[18:18:39] ==============================================
[18:18:39] Обработано: 4 | Пропущено: 0
[18:18:39]   VLESS:  69
[18:18:39]   SS:     138
[18:18:39]   JSON:   42
[18:18:39]   ─────────────────
[18:18:39]   ВСЕГО:  249
[18:18:39] Сводный файл: https://raw.githubusercontent.com/po5p/TgBot/main/GotovVpn.txt
[18:18:39] ==============================================
