[14:54:23] ==============================================
[14:54:23] ЗАПУСК ОБНОВЛЕНИЯ VPN
[14:54:23] ==============================================
[14:54:23] Дата: 19.06.2026 14:54:23
[14:54:23] GitHub: po5p/TgBot
[14:54:23] 
[14:54:23] ----------------------------------------------
[14:54:23] ШАГ 1: Получение списка подписок
[14:54:23] ----------------------------------------------
[14:54:24] Статус: 200 (УСПЕШНО), размер: 238 байт
[14:54:24] Содержимое:
[14:54:24]   • https://yax.nenadoblokirowatgnidda.ru/exec?url=http%3A%2F%2F77.110.104.181%3A5002%2Fsub%2FVGdydXNzaWEsMTc4MTc4OTk1Mw20zr9u72oH|Vpn
[14:54:24]   • https://sub.smygo.ru/api/sub/rp6VZU5x1KoWqmHe|VPN
[14:54:24]   • https://sub.datanode-internal.net/KzmeGBwzvnW1fHn7|vpn33
[14:54:24] 
[14:54:24] ----------------------------------------------
[14:54:24] ШАГ 2: Клонирование репозитория
[14:54:24] ----------------------------------------------
[14:54:25] Статус: УСПЕШНО
[14:54:25] 
[14:54:25] ----------------------------------------------
[14:54:26] ШАГ 3: Обработка подписок
[14:54:26] ----------------------------------------------
[14:54:26] 
[14:54:26] Подписка #1: Vpn
[14:54:26]   Файл: 8cbda047_Subscription.txt
[14:54:26]   Загрузка: УСПЕШНО (14144 байт)
[14:54:26]   Формат: Base64 → vless
[14:54:27]   Конфигов: VL=24 VM=0 TR=0 SS=48 (всего: 72)
[14:54:27] 
[14:54:27] Подписка #2: VPN
[14:54:27]   Файл: 03a7dba1_Subscription.txt
[14:54:28]   Загрузка: УСПЕШНО (435484 байт)
[14:54:28]   Формат: JSON
[14:54:28]   Конфигов (JSON): 23
[14:54:28] 
[14:54:28] Подписка #3: vpn33
[14:54:28]   Файл: b91d57b9_Subscription.txt
[14:54:28]   Загрузка: УСПЕШНО (36481 байт)
[14:54:28]   Формат: JSON
[14:54:29]   Конфигов (JSON): 15
[14:54:29] 
[14:54:29] ----------------------------------------------
[14:54:29] ШАГ 4: Сводный файл
[14:54:29] ----------------------------------------------
[14:54:29] Ссылки в GotovVpn.txt:
[14:54:29]   • https://raw.githubusercontent.com/po5p/TgBot/main/8cbda047_Subscription.txt
[14:54:29]   • https://raw.githubusercontent.com/po5p/TgBot/main/03a7dba1_Subscription.txt
[14:54:29]   • https://raw.githubusercontent.com/po5p/TgBot/main/b91d57b9_Subscription.txt
[14:54:29] 
[14:54:30] ----------------------------------------------
[14:54:30] ШАГ 5: Отправка в GitHub
[14:54:30] ----------------------------------------------
[14:54:31] Результат: УСПЕШНО
[14:54:32] 
[14:54:32] ==============================================
[14:54:32] ИТОГИ
[14:54:32] ==============================================
[14:54:32] Обработано: 3 | Пропущено: 0
[14:54:32]   VLESS:  24
[14:54:32]   SS:     48
[14:54:32]   JSON:   38
[14:54:32]   ─────────────────
[14:54:32]   ВСЕГО:  110
[14:54:32] Сводный файл: https://raw.githubusercontent.com/po5p/TgBot/main/GotovVpn.txt
[14:54:32] ==============================================
