[10:44:50] ==============================================
[10:44:50] ЗАПУСК ОБНОВЛЕНИЯ VPN
[10:44:50] ==============================================
[10:44:50] Дата: 28.06.2026 10:44:50
[10:44:50] GitHub: po5p/TgBot
[10:44:50] 
[10:44:50] ----------------------------------------------
[10:44:50] ШАГ 1: Получение списка подписок
[10:44:50] ----------------------------------------------
[10:44:51] Статус: 200 (УСПЕШНО), размер: 521 байт
[10:44:51] Содержимое:
[10:44:51]   • https://github.com/lsncococososo-rgb/GRN_VPN/raw/refs/heads/main/config.txt|GRN_VPN
[10:44:51]   • https://31.76.240.234:2096/sub/qrv3n2dptx2n7xdn|Yowet
[10:44:51]   • https://subs.crabby.app/b8cd8e0b2467fd0f45922774d8b68f21b9c76b348d5af80db205a4aa5257efe2|В
[10:44:51]   • https://tinyurl.com/jm4nyfxp|CVEDC_VPN_||_FREE_ПОДПИСК
[10:44:51]   • https://happ.dska.su/https://vless-config.vadimakimov2009.workers.dev/vpn-config?user=5739816977|AstraVPN-PRO
[10:44:51]   • https://vpnsubs.site/api/sub/78-kh52vMQyWHcf6|VpnBezLagov
[10:44:51]   • https://vpnsubs.site/api/sub/z5Pw5YCbPntNqqgM|VpnBezLagovLTE
[10:44:51] 
[10:44:51] ----------------------------------------------
[10:44:51] ШАГ 2: Клонирование репозитория
[10:44:51] ----------------------------------------------
[10:44:53] Статус: УСПЕШНО
[10:44:53] 
[10:44:53] ----------------------------------------------
[10:44:53] ШАГ 3: Обработка подписок
[10:44:53] ----------------------------------------------
[10:44:53] 
[10:44:53] Подписка #1: GRN_VPN
[10:44:53]   Файл: e33835c2_Subscription.txt
[10:44:54]   Загрузка: УСПЕШНО (2416 байт)
[10:44:54]   Формат: готовые vless/заголовки
[10:44:55]   Конфигов: 14
[10:44:55] 
[10:44:55] Подписка #2: Yowet
[10:44:55]   Файл: 7644db88_Subscription.txt
[10:44:55]   Загрузка: УСПЕШНО (12456 байт)
[10:44:55]   Формат: Base64 → vless
[10:44:56]   Конфигов: VL=4 VM=0 TR=0 SS=8 (всего: 12)
[10:44:56] 
[10:44:56] Подписка #3: В
[10:44:56]   Файл: 80edf5ff_Subscription.txt
[10:44:57]   Загрузка: УСПЕШНО (2172 байт)
[10:44:57]   Формат: Base64 → vless
[10:44:58]   Конфигов: VL=6 VM=0 TR=0 SS=12 (всего: 18)
[10:44:58] 
[10:44:58] Подписка #4: CVEDC_VPN_||_FREE_ПОДПИСК
[10:44:58]   Файл: 017b9265_Subscription.txt
[10:44:59]   Загрузка: УСПЕШНО (16609 байт)
[10:44:59]   Формат: готовые vless/заголовки
[10:45:00]   Конфигов: 116
[10:45:00] 
[10:45:00] Подписка #5: AstraVPN-PRO
[10:45:00]   Файл: ea85de74_Subscription.txt
[10:45:01]   Загрузка: УСПЕШНО (11905 байт)
[10:45:01]   Формат: JSON
[10:45:01]   Конфигов (JSON): 11
[10:45:01] 
[10:45:01] Подписка #6: VpnBezLagov
[10:45:01]   Файл: 2247dd1d_Subscription.txt
[10:45:02]   Загрузка: УСПЕШНО (14757 байт)
[10:45:02]   Формат: JSON
[10:45:02]   Конфигов (JSON): 7
[10:45:02] 
[10:45:02] Подписка #7: VpnBezLagovLTE
[10:45:02]   Файл: e45f4f15_Subscription.txt
[10:45:03]   Загрузка: ОШИБКА HTTP 502
[10:45:03]   ⚠ Пусто — оставляю старую копию
[10:45:03] 
[10:45:03] ----------------------------------------------
[10:45:03] ШАГ 4: Сводный файл
[10:45:03] ----------------------------------------------
[10:45:03] Ссылки в GotovVpn.txt:
[10:45:03]   • https://raw.githubusercontent.com/po5p/TgBot/main/e33835c2_Subscription.txt
[10:45:03]   • https://raw.githubusercontent.com/po5p/TgBot/main/7644db88_Subscription.txt
[10:45:03]   • https://raw.githubusercontent.com/po5p/TgBot/main/80edf5ff_Subscription.txt
[10:45:03]   • https://raw.githubusercontent.com/po5p/TgBot/main/017b9265_Subscription.txt
[10:45:03]   • https://raw.githubusercontent.com/po5p/TgBot/main/ea85de74_Subscription.txt
[10:45:03]   • https://raw.githubusercontent.com/po5p/TgBot/main/2247dd1d_Subscription.txt
[10:45:03]   • https://raw.githubusercontent.com/po5p/TgBot/main/e45f4f15_Subscription.txt
[10:45:03] 
[10:45:03] ----------------------------------------------
[10:45:03] ШАГ 5: Отправка в GitHub
[10:45:03] ----------------------------------------------
[10:45:05] Результат: УСПЕШНО
[10:45:05] 
[10:45:05] ==============================================
[10:45:05] ИТОГИ
[10:45:05] ==============================================
[10:45:05] Обработано: 6 | Пропущено: 1
[10:45:05]   VLESS:  10
[10:45:05]   SS:     20
[10:45:05]   JSON:   18
[10:45:05]   ─────────────────
[10:45:05]   ВСЕГО:  48
[10:45:05] Сводный файл: https://raw.githubusercontent.com/po5p/TgBot/main/GotovVpn.txt
[10:45:05] ==============================================
