[00:03:43] ==============================================
[00:03:43] ЗАПУСК ОБНОВЛЕНИЯ VPN
[00:03:43] ==============================================
[00:03:43] Дата: 27.06.2026 00:03:43
[00:03:43] GitHub: po5p/TgBot
[00:03:43] 
[00:03:43] ----------------------------------------------
[00:03:43] ШАГ 1: Получение списка подписок
[00:03:43] ----------------------------------------------
[00:03:44] Статус: 200 (УСПЕШНО), размер: 537 байт
[00:03:44] Содержимое:
[00:03:44]   • https://github.com/lsncococososo-rgb/GRN_VPN/raw/refs/heads/main/config.txt|GRN_VPN
[00:03:44]   • https://31.76.240.234:2096/sub/qrv3n2dptx2n7xdn|Yowet
[00:03:44]   • https://mawtunnel.onrender.com/sub/WpqtBEilhthDB7tedo|Бастакарапузики
[00:03:44]   • https://subs.crabby.app/b8cd8e0b2467fd0f45922774d8b68f21b9c76b348d5af80db205a4aa5257efe2|В
[00:03:44]   • https://tinyurl.com/jm4nyfxp|CVEDC_VPN_||_FREE_ПОДПИСК
[00:03:44]   • https://tonsrivals.online/apx/VnH4dCLbQH1KvgGg|Пердусран_VPN
[00:03:44]   • https://vless-config.vadimakimov2009.workers.dev/vpn-config?user=5739816977|AstraVPN-PRO
[00:03:44] 
[00:03:44] ----------------------------------------------
[00:03:44] ШАГ 2: Клонирование репозитория
[00:03:44] ----------------------------------------------
[00:03:46] Статус: УСПЕШНО
[00:03:46] 
[00:03:46] ----------------------------------------------
[00:03:46] ШАГ 3: Обработка подписок
[00:03:46] ----------------------------------------------
[00:03:46] 
[00:03:46] Подписка #2: GRN_VPN
[00:03:46]   Файл: e33835c2_Subscription.txt
[00:03:47]   Загрузка: УСПЕШНО (2416 байт)
[00:03:47]   Формат: готовые vless/заголовки
[00:03:47]   Конфигов: 14
[00:03:47] 
[00:03:47] Подписка #3: Yowet
[00:03:47]   Файл: 7644db88_Subscription.txt
[00:03:48]   Загрузка: УСПЕШНО (12472 байт)
[00:03:48]   Формат: Base64 → vless
[00:03:48]   Конфигов: VL=4 VM=0 TR=0 SS=8 (всего: 12)
[00:03:49] 
[00:03:49] Подписка #4: Бастакарапузики
[00:03:49]   Файл: 12ad9a86_Subscription.txt
[00:03:50]   Загрузка: УСПЕШНО (38973 байт)
[00:03:50]   Формат: Base64 → vless
[00:04:13]   Конфигов: VL=0 VM=0 TR=0 SS=0 (всего: 0)
[00:04:13] 
[00:04:13] Подписка #5: В
[00:04:13]   Файл: 80edf5ff_Subscription.txt
[00:04:15]   Загрузка: УСПЕШНО (2172 байт)
[00:04:15]   Формат: Base64 → vless
[00:04:15]   Конфигов: VL=6 VM=0 TR=0 SS=12 (всего: 18)
[00:04:16] 
[00:04:16] Подписка #6: CVEDC_VPN_||_FREE_ПОДПИСК
[00:04:16]   Файл: 017b9265_Subscription.txt
[00:04:17]   Загрузка: УСПЕШНО (16609 байт)
[00:04:17]   Формат: готовые vless/заголовки
[00:04:17]   Конфигов: 116
[00:04:17] 
[00:04:17] Подписка #7: Пердусран_VPN
[00:04:17]   Файл: 3ca910ce_Subscription.txt
[00:04:18]   Загрузка: УСПЕШНО (1947 байт)
[00:04:18]   Формат: JSON
[00:04:18]   Конфигов (JSON): 2
[00:04:18] 
[00:04:18] Подписка #8: AstraVPN-PRO
[00:04:18]   Файл: 9bea4c44_Subscription.txt
[00:04:19]   Загрузка: УСПЕШНО (8343 байт)
[00:04:19]   Формат: JSON
[00:04:19]   Конфигов (JSON): 1
[00:04:19] 
[00:04:19] ----------------------------------------------
[00:04:19] ШАГ 4: Сводный файл
[00:04:19] ----------------------------------------------
[00:04:19] Ссылки в GotovVpn.txt:
[00:04:19]   • https://raw.githubusercontent.com/po5p/TgBot/main/e33835c2_Subscription.txt
[00:04:19]   • https://raw.githubusercontent.com/po5p/TgBot/main/7644db88_Subscription.txt
[00:04:19]   • https://raw.githubusercontent.com/po5p/TgBot/main/12ad9a86_Subscription.txt
[00:04:19]   • https://raw.githubusercontent.com/po5p/TgBot/main/80edf5ff_Subscription.txt
[00:04:19]   • https://raw.githubusercontent.com/po5p/TgBot/main/017b9265_Subscription.txt
[00:04:19]   • https://raw.githubusercontent.com/po5p/TgBot/main/3ca910ce_Subscription.txt
[00:04:19]   • https://raw.githubusercontent.com/po5p/TgBot/main/9bea4c44_Subscription.txt
[00:04:20] 
[00:04:20] ----------------------------------------------
[00:04:20] ШАГ 5: Отправка в GitHub
[00:04:20] ----------------------------------------------
[00:04:22] Результат: УСПЕШНО
[00:04:22] 
[00:04:22] ==============================================
[00:04:22] ИТОГИ
[00:04:22] ==============================================
[00:04:22] Обработано: 7 | Пропущено: 0
[00:04:22]   VLESS:  10
[00:04:22]   SS:     20
[00:04:22]   JSON:   3
[00:04:22]   ─────────────────
[00:04:22]   ВСЕГО:  33
[00:04:22] Сводный файл: https://raw.githubusercontent.com/po5p/TgBot/main/GotovVpn.txt
[00:04:22] ==============================================
