[21:32:46] ==============================================
[21:32:46] ЗАПУСК ОБНОВЛЕНИЯ VPN
[21:32:46] ==============================================
[21:32:46] Дата: 23.06.2026 21:32:46
[21:32:46] GitHub: po5p/TgBot
[21:32:46] 
[21:32:46] ----------------------------------------------
[21:32:46] ШАГ 1: Получение списка подписок
[21:32:46] ----------------------------------------------
[21:32:47] Статус: 200 (УСПЕШНО), размер: 466 байт
[21:32:47] Содержимое:
[21:32:47]   • https://yax.nenadoblokirowatgnidda.ru/exec?url=http%3A%2F%2F77.110.104.181%3A5002%2Fsub%2FVGdydXNzaWEsMTc4MTc4OTk1Mw20zr9u72oH|Vpn
[21:32:47]   • https://sub.smygo.ru/api/sub/rp6VZU5x1KoWqmHe|VPN
[21:32:47]   • https://akonit.tech/sub/a0cc22c1-312b-47a1-99bb-bb62fd39df0e|AkonitVPN
[21:32:47]   • https://sub.cvedcvpn.ru/e-LF_rZTKbPzyANj|garelmakrel
[21:32:47]   • https://raw.githubusercontent.com/hiztin/VLESS-PO-GRIBI/main/deploy/subscriptions/1.txt|90
[21:32:47]   • https://mawtunnel.onrender.com/sub/WpqtBEilhthDB7tedo|ЯЕбланVPN
[21:32:47] 
[21:32:47] ----------------------------------------------
[21:32:47] ШАГ 2: Клонирование репозитория
[21:32:47] ----------------------------------------------
[21:32:48] Статус: УСПЕШНО
[21:32:48] 
[21:32:48] ----------------------------------------------
[21:32:48] ШАГ 3: Обработка подписок
[21:32:48] ----------------------------------------------
[21:32:49] 
[21:32:49] Подписка #1: Vpn
[21:32:49]   Файл: 8cbda047_Subscription.txt
[21:32:49]   Загрузка: ОШИБКА HTTP 502
[21:32:49]   Формат: Base64 → vless
[21:32:49]   Конфигов: VL=0 VM=0 TR=0 SS=0 (всего: 0)
[21:32:50] 
[21:32:50] Подписка #2: VPN
[21:32:50]   Файл: 03a7dba1_Subscription.txt
[21:32:50]   Загрузка: ОШИБКА HTTP 404
[21:32:50]   Формат: JSON
[21:32:50]   Конфигов (JSON): 3
[21:32:50] 
[21:32:50] Подписка #3: AkonitVPN
[21:32:50]   Файл: 1c89ecb2_Subscription.txt
[21:32:51]   Загрузка: ОШИБКА HTTP 404
[21:32:51]   Формат: JSON
[21:32:51]   Конфигов (JSON): 1
[21:32:51] 
[21:32:51] Подписка #4: garelmakrel
[21:32:51]   Файл: 77ae023c_Subscription.txt
[21:32:54]   Загрузка: УСПЕШНО (17432 байт)
[21:32:55]   Формат: JSON
[21:32:55]   Конфигов (JSON): 15
[21:32:55] 
[21:32:55] Подписка #5: 90
[21:32:55]   Файл: dc763289_Subscription.txt
[21:32:55]   Загрузка: УСПЕШНО (51777 байт)
[21:32:55]   Формат: готовые vless/заголовки
[21:32:56]   Конфигов: 392
[21:32:56] 
[21:32:56] Подписка #6: ЯЕбланVPN
[21:32:56]   Файл: 12ad9a86_Subscription.txt
[21:32:57]   Загрузка: УСПЕШНО (38563 байт)
[21:32:57]   Формат: Base64 → vless
[21:33:20]   Конфигов: VL=0 VM=0 TR=0 SS=0 (всего: 0)
[21:33:20] 
[21:33:20] ----------------------------------------------
[21:33:20] ШАГ 4: Сводный файл
[21:33:20] ----------------------------------------------
[21:33:20] Ссылки в GotovVpn.txt:
[21:33:20]   • https://raw.githubusercontent.com/po5p/TgBot/main/8cbda047_Subscription.txt
[21:33:20]   • https://raw.githubusercontent.com/po5p/TgBot/main/03a7dba1_Subscription.txt
[21:33:20]   • https://raw.githubusercontent.com/po5p/TgBot/main/1c89ecb2_Subscription.txt
[21:33:20]   • https://raw.githubusercontent.com/po5p/TgBot/main/77ae023c_Subscription.txt
[21:33:20]   • https://raw.githubusercontent.com/po5p/TgBot/main/dc763289_Subscription.txt
[21:33:20]   • https://raw.githubusercontent.com/po5p/TgBot/main/12ad9a86_Subscription.txt
[21:33:20] 
[21:33:20] ----------------------------------------------
[21:33:20] ШАГ 5: Отправка в GitHub
[21:33:20] ----------------------------------------------
[21:33:22] Результат: УСПЕШНО
[21:33:22] 
[21:33:22] ==============================================
[21:33:22] ИТОГИ
[21:33:22] ==============================================
[21:33:22] Обработано: 6 | Пропущено: 0
[21:33:22]   JSON:   19
[21:33:22]   ─────────────────
[21:33:22]   ВСЕГО:  19
[21:33:22] Сводный файл: https://raw.githubusercontent.com/po5p/TgBot/main/GotovVpn.txt
[21:33:23] ==============================================
