[18:37:35] ==============================================
[18:37:35] ЗАПУСК ОБНОВЛЕНИЯ VPN
[18:37:35] ==============================================
[18:37:36] Дата: 26.06.2026 18:37:35
[18:37:36] GitHub: po5p/TgBot
[18:37:36] 
[18:37:36] ----------------------------------------------
[18:37:36] ШАГ 1: Получение списка подписок
[18:37:36] ----------------------------------------------
[18:37:36] Статус: 200 (УСПЕШНО), размер: 464 байт
[18:37:36] Содержимое:
[18:37:36]   • https://github.com/lsncococososo-rgb/GRN_VPN/raw/refs/heads/main/config.txt|GRN_VPN
[18:37:36]   • https://31.76.240.234:2096/sub/qrv3n2dptx2n7xdn|Yowet
[18:37:36]   • https://vless-config.vadimakimov2009.workers.dev/vpn-config?user=5739816977|BamBukVPN
[18:37:37]   • https://mawtunnel.onrender.com/sub/WpqtBEilhthDB7tedo|Бастакарапузики
[18:37:37]   • https://subs.crabby.app/b8cd8e0b2467fd0f45922774d8b68f21b9c76b348d5af80db205a4aa5257efe2|В
[18:37:37]   • https://tinyurl.com/jm4nyfxp|CVEDC_VPN_||_FREE_ПОДПИСК
[18:37:37] 
[18:37:37] ----------------------------------------------
[18:37:37] ШАГ 2: Клонирование репозитория
[18:37:37] ----------------------------------------------
[18:37:38] Статус: УСПЕШНО
[18:37:38] 
[18:37:38] ----------------------------------------------
[18:37:38] ШАГ 3: Обработка подписок
[18:37:38] ----------------------------------------------
[18:37:38] 
[18:37:38] Подписка #2: GRN_VPN
[18:37:38]   Файл: e33835c2_Subscription.txt
[18:37:39]   Загрузка: УСПЕШНО (2416 байт)
[18:37:40]   Формат: готовые vless/заголовки
[18:37:40]   Конфигов: 14
[18:37:40] 
[18:37:40] Подписка #3: Yowet
[18:37:40]   Файл: 7644db88_Subscription.txt
[18:37:41]   Загрузка: УСПЕШНО (12460 байт)
[18:37:41]   Формат: Base64 → vless
[18:37:42]   Конфигов: VL=4 VM=0 TR=0 SS=8 (всего: 12)
[18:37:42] 
[18:37:42] Подписка #4: BamBukVPN
[18:37:42]   Файл: 9bea4c44_Subscription.txt
[18:37:43]   Загрузка: УСПЕШНО (6073 байт)
[18:37:43]   Формат: JSON
[18:37:43]   Конфигов (JSON): 7
[18:37:43] 
[18:37:43] Подписка #5: Бастакарапузики
[18:37:43]   Файл: 12ad9a86_Subscription.txt
[18:37:47]   Загрузка: УСПЕШНО (38973 байт)
[18:37:47]   Формат: Base64 → vless
[18:38:11]   Конфигов: VL=0 VM=0 TR=0 SS=0 (всего: 0)
[18:38:11] 
[18:38:11] Подписка #6: В
[18:38:11]   Файл: 80edf5ff_Subscription.txt
[18:38:21]   Загрузка: ОШИБКА HTTP 000
[18:38:21]   Формат: Base64 → vless
[18:38:45]   Конфигов: VL=0 VM=0 TR=0 SS=0 (всего: 0)
[18:38:45] 
[18:38:45] Подписка #7: CVEDC_VPN_||_FREE_ПОДПИСК
[18:38:45]   Файл: 017b9265_Subscription.txt
[18:38:47]   Загрузка: УСПЕШНО (16609 байт)
[18:38:47]   Формат: готовые vless/заголовки
[18:38:47]   Конфигов: 116
[18:38:47] 
[18:38:47] ----------------------------------------------
[18:38:47] ШАГ 4: Сводный файл
[18:38:48] ----------------------------------------------
[18:38:48] Ссылки в GotovVpn.txt:
[18:38:48]   • https://raw.githubusercontent.com/po5p/TgBot/main/e33835c2_Subscription.txt
[18:38:48]   • https://raw.githubusercontent.com/po5p/TgBot/main/7644db88_Subscription.txt
[18:38:48]   • https://raw.githubusercontent.com/po5p/TgBot/main/9bea4c44_Subscription.txt
[18:38:48]   • https://raw.githubusercontent.com/po5p/TgBot/main/12ad9a86_Subscription.txt
[18:38:48]   • https://raw.githubusercontent.com/po5p/TgBot/main/80edf5ff_Subscription.txt
[18:38:48]   • https://raw.githubusercontent.com/po5p/TgBot/main/017b9265_Subscription.txt
[18:38:48] 
[18:38:48] ----------------------------------------------
[18:38:48] ШАГ 5: Отправка в GitHub
[18:38:48] ----------------------------------------------
[18:38:51] Результат: УСПЕШНО
[18:38:51] 
[18:38:51] ==============================================
[18:38:51] ИТОГИ
[18:38:51] ==============================================
[18:38:51] Обработано: 6 | Пропущено: 0
[18:38:51]   VLESS:  4
[18:38:51]   SS:     8
[18:38:51]   JSON:   7
[18:38:51]   ─────────────────
[18:38:51]   ВСЕГО:  19
[18:38:51] Сводный файл: https://raw.githubusercontent.com/po5p/TgBot/main/GotovVpn.txt
[18:38:51] ==============================================
