[21:34:24] ==============================================
[21:34:24] ЗАПУСК ОБНОВЛЕНИЯ VPN
[21:34:24] ==============================================
[21:34:24] Дата: 28.06.2026 21:34:24
[21:34:24] GitHub: po5p/TgBot
[21:34:24] 
[21:34:24] ----------------------------------------------
[21:34:24] ШАГ 1: Получение списка подписок
[21:34:24] ----------------------------------------------
[21:34:25] Статус: 200 (УСПЕШНО), размер: 648 байт
[21:34:25] Содержимое:
[21:34:25]   • https://github.com/lsncococososo-rgb/GRN_VPN/raw/refs/heads/main/config.txt|GRN_VPN
[21:34:25]   • https://subs.crabby.app/b8cd8e0b2467fd0f45922774d8b68f21b9c76b348d5af80db205a4aa5257efe2|В
[21:34:25]   • https://tinyurl.com/jm4nyfxp|CVEDC_VPN_||_FREE_ПОДПИСК
[21:34:25]   • https://happ.dska.su/https://vless-config.vadimakimov2009.workers.dev/vpn-config?user=5739816977|AstraVPN-PRO
[21:34:25]   • https://vpnsubs.site/api/sub/78-kh52vMQyWHcf6|VpnBezLagov
[21:34:25]   • https://vpnsubs.site/api/sub/WmpDVF2fhx495v_8|vpn
[21:34:25]   • https://is.wepogp.gay/bypass-hwid-lock-3z5O6BFAaJQzGlamvtSo?payload=nWGyM9rpLZbSBmDhixvQFboZlOCAMUaksZbbd3ogEniEgPnuvZXtqWLSrhfHtK%2BuY2DN320PeyzN%2Bz%2Bdl9m14j3L%2B%2BlcmvuJZFNhZbaCzls%3D|о
[21:34:25] 
[21:34:25] ----------------------------------------------
[21:34:25] ШАГ 2: Клонирование репозитория
[21:34:25] ----------------------------------------------
[21:34:27] Статус: УСПЕШНО
[21:34:27] 
[21:34:27] ----------------------------------------------
[21:34:27] ШАГ 3: Обработка подписок
[21:34:27] ----------------------------------------------
[21:34:27] 
[21:34:27] Подписка #1: GRN_VPN
[21:34:27]   Файл: e33835c2_Subscription.txt
[21:34:28]   Загрузка: УСПЕШНО (2416 байт)
[21:34:28]   Формат: готовые vless/заголовки
[21:34:28]   Конфигов: 14
[21:34:28] 
[21:34:28] Подписка #2: В
[21:34:28]   Файл: 80edf5ff_Subscription.txt
[21:34:30]   Загрузка: УСПЕШНО (2172 байт)
[21:34:30]   Формат: Base64 → vless
[21:34:30]   Конфигов: VL=6 VM=0 TR=0 SS=12 (всего: 18)
[21:34:30] 
[21:34:30] Подписка #3: CVEDC_VPN_||_FREE_ПОДПИСК
[21:34:30]   Файл: 017b9265_Subscription.txt
[21:34:31]   Загрузка: ОШИБКА HTTP 400
[21:34:32]   Формат: Base64 → vless
[21:34:32]   Конфигов: VL=0 VM=0 TR=0 SS=0 (всего: 0)
[21:34:32] 
[21:34:32] Подписка #4: AstraVPN-PRO
[21:34:32]   Файл: ea85de74_Subscription.txt
[21:34:33]   Загрузка: УСПЕШНО (11905 байт)
[21:34:33]   Формат: JSON
[21:34:33]   Конфигов (JSON): 11
[21:34:33] 
[21:34:33] Подписка #5: VpnBezLagov
[21:34:33]   Файл: 2247dd1d_Subscription.txt
[21:34:34]   Загрузка: УСПЕШНО (26413 байт)
[21:34:34]   Формат: JSON
[21:34:34]   Конфигов (JSON): 17
[21:34:34] 
[21:34:34] Подписка #6: vpn
[21:34:34]   Файл: ac4e9d53_Subscription.txt
[21:34:35]   Загрузка: УСПЕШНО (26413 байт)
[21:34:35]   Формат: JSON
[21:34:35]   Конфигов (JSON): 17
[21:34:35] 
[21:34:35] Подписка #7: о
[21:34:35]   Файл: d475cce7_Subscription.txt
[21:34:36]   Загрузка: УСПЕШНО (1005 байт)
[21:34:36]   Формат: JSON
[21:34:36]   Конфигов (JSON): 1
[21:34:36] 
[21:34:36] ----------------------------------------------
[21:34:36] ШАГ 4: Сводный файл
[21:34:36] ----------------------------------------------
[21:34:36] Ссылки в GotovVpn.txt:
[21:34:36]   • https://raw.githubusercontent.com/po5p/TgBot/main/e33835c2_Subscription.txt
[21:34:36]   • https://raw.githubusercontent.com/po5p/TgBot/main/80edf5ff_Subscription.txt
[21:34:36]   • https://raw.githubusercontent.com/po5p/TgBot/main/017b9265_Subscription.txt
[21:34:36]   • https://raw.githubusercontent.com/po5p/TgBot/main/ea85de74_Subscription.txt
[21:34:36]   • https://raw.githubusercontent.com/po5p/TgBot/main/2247dd1d_Subscription.txt
[21:34:36]   • https://raw.githubusercontent.com/po5p/TgBot/main/ac4e9d53_Subscription.txt
[21:34:37]   • https://raw.githubusercontent.com/po5p/TgBot/main/d475cce7_Subscription.txt
[21:34:37] 
[21:34:37] ----------------------------------------------
[21:34:37] ШАГ 5: Отправка в GitHub
[21:34:37] ----------------------------------------------
[21:34:38] Результат: УСПЕШНО
[21:34:38] 
[21:34:38] ==============================================
[21:34:38] ИТОГИ
[21:34:38] ==============================================
[21:34:38] Обработано: 7 | Пропущено: 0
[21:34:38]   VLESS:  6
[21:34:38]   SS:     12
[21:34:38]   JSON:   46
[21:34:38]   ─────────────────
[21:34:38]   ВСЕГО:  64
[21:34:38] Сводный файл: https://raw.githubusercontent.com/po5p/TgBot/main/GotovVpn.txt
[21:34:38] ==============================================
