[15:49:00] ==============================================
[15:49:00] ЗАПУСК ОБНОВЛЕНИЯ VPN
[15:49:00] ==============================================
[15:49:00] Дата: 21.06.2026 15:49:00
[15:49:00] GitHub: po5p/TgBot
[15:49:00] 
[15:49:00] ----------------------------------------------
[15:49:00] ШАГ 1: Получение списка подписок
[15:49:00] ----------------------------------------------
[15:49:02] Статус: 200 (УСПЕШНО), размер: 466 байт
[15:49:02] Содержимое:
[15:49:02]   • https://yax.nenadoblokirowatgnidda.ru/exec?url=http%3A%2F%2F77.110.104.181%3A5002%2Fsub%2FVGdydXNzaWEsMTc4MTc4OTk1Mw20zr9u72oH|Vpn
[15:49:02]   • https://sub.smygo.ru/api/sub/rp6VZU5x1KoWqmHe|VPN
[15:49:02]   • https://akonit.tech/sub/a0cc22c1-312b-47a1-99bb-bb62fd39df0e|AkonitVPN
[15:49:02]   • https://sub.cvedcvpn.ru/e-LF_rZTKbPzyANj|garelmakrel
[15:49:02]   • https://raw.githubusercontent.com/hiztin/VLESS-PO-GRIBI/main/deploy/subscriptions/1.txt|90
[15:49:02]   • https://mawtunnel.onrender.com/sub/WpqtBEilhthDB7tedo|ЯЕбланVPN
[15:49:02] 
[15:49:02] ----------------------------------------------
[15:49:02] ШАГ 2: Клонирование репозитория
[15:49:02] ----------------------------------------------
[15:49:04] Статус: УСПЕШНО
[15:49:04] 
[15:49:04] ----------------------------------------------
[15:49:04] ШАГ 3: Обработка подписок
[15:49:04] ----------------------------------------------
[15:49:04] 
[15:49:04] Подписка #1: Vpn
[15:49:04]   Файл: 8cbda047_Subscription.txt
[15:49:54]   Загрузка: УСПЕШНО (17372 байт)
[15:49:54]   Формат: Base64 → vless
[15:49:54]   Конфигов: VL=31 VM=0 TR=0 SS=62 (всего: 93)
[15:49:54] 
[15:49:54] Подписка #2: VPN
[15:49:54]   Файл: 03a7dba1_Subscription.txt
[15:49:56]   Загрузка: ОШИБКА HTTP 404
[15:49:56]   Формат: JSON
[15:49:56]   Конфигов (JSON): 3
[15:49:56] 
[15:49:56] Подписка #3: AkonitVPN
[15:49:56]   Файл: 1c89ecb2_Subscription.txt
[15:49:57]   Загрузка: ОШИБКА HTTP 404
[15:49:57]   Формат: JSON
[15:49:57]   Конфигов (JSON): 1
[15:49:57] 
[15:49:57] Подписка #4: garelmakrel
[15:49:57]   Файл: 77ae023c_Subscription.txt
[15:49:58]   Загрузка: УСПЕШНО (5926 байт)
[15:49:58]   Формат: JSON
[15:49:58]   Конфигов (JSON): 5
[15:49:58] 
[15:49:58] Подписка #5: 90
[15:49:58]   Файл: dc763289_Subscription.txt
[15:49:59]   Загрузка: УСПЕШНО (54666 байт)
[15:49:59]   Формат: готовые vless/заголовки
[15:49:59]   Конфигов: 391
[15:49:59] 
[15:49:59] Подписка #6: ЯЕбланVPN
[15:49:59]   Файл: 12ad9a86_Subscription.txt
[15:50:00]   Загрузка: УСПЕШНО (38398 байт)
[15:50:00]   Формат: Base64 → vless
[15:53:16]   Конфигов: VL=0 VM=0 TR=0 SS=0 (всего: 0)
[15:53:17] 
[15:53:17] ----------------------------------------------
[15:53:17] ШАГ 4: Сводный файл
[15:53:17] ----------------------------------------------
[15:53:27] Ссылки в GotovVpn.txt:
[15:53:27]   • https://raw.githubusercontent.com/po5p/TgBot/main/8cbda047_Subscription.txt
[15:53:27]   • https://raw.githubusercontent.com/po5p/TgBot/main/03a7dba1_Subscription.txt
[15:53:27]   • https://raw.githubusercontent.com/po5p/TgBot/main/1c89ecb2_Subscription.txt
[15:53:27]   • https://raw.githubusercontent.com/po5p/TgBot/main/77ae023c_Subscription.txt
[15:53:27]   • https://raw.githubusercontent.com/po5p/TgBot/main/dc763289_Subscription.txt
[15:53:27]   • https://raw.githubusercontent.com/po5p/TgBot/main/12ad9a86_Subscription.txt
[15:53:27] 
[15:53:27] ----------------------------------------------
[15:53:27] ШАГ 5: Отправка в GitHub
[15:53:27] ----------------------------------------------
[15:53:29] Результат: УСПЕШНО
[15:53:29] 
[15:53:29] ==============================================
[15:53:29] ИТОГИ
[15:53:29] ==============================================
[15:53:29] Обработано: 6 | Пропущено: 0
[15:53:29]   VLESS:  31
[15:53:29]   SS:     62
[15:53:29]   JSON:   9
[15:53:29]   ─────────────────
[15:53:30]   ВСЕГО:  102
[15:53:30] Сводный файл: https://raw.githubusercontent.com/po5p/TgBot/main/GotovVpn.txt
[15:53:30] ==============================================
