[21:47:07] ==============================================
[21:47:07] ЗАПУСК ОБНОВЛЕНИЯ VPN
[21:47:07] ==============================================
[21:47:07] Дата: 19.06.2026 21:47:07
[21:47:07] GitHub: po5p/TgBot
[21:47:07] 
[21:47:07] ----------------------------------------------
[21:47:07] ШАГ 1: Получение списка подписок
[21:47:07] ----------------------------------------------
[21:47:08] Статус: 200 (УСПЕШНО), размер: 294 байт
[21:47:08] Содержимое:
[21:47:08]   • https://yax.nenadoblokirowatgnidda.ru/exec?url=http%3A%2F%2F77.110.104.181%3A5002%2Fsub%2FVGdydXNzaWEsMTc4MTc4OTk1Mw20zr9u72oH|Vpn
[21:47:08]   • https://sub.smygo.ru/api/sub/rp6VZU5x1KoWqmHe|VPN
[21:47:08]   • https://sub.datanode-internal.net/KzmeGBwzvnW1fHn7|vpn33
[21:47:08]   • https://page2.anotherboring.top/WCdKdF9n8yUUGAPX|ABSVPN
[21:47:08] 
[21:47:08] ----------------------------------------------
[21:47:08] ШАГ 2: Клонирование репозитория
[21:47:08] ----------------------------------------------
[21:47:10] Статус: УСПЕШНО
[21:47:10] 
[21:47:10] ----------------------------------------------
[21:47:10] ШАГ 3: Обработка подписок
[21:47:10] ----------------------------------------------
[21:47:10] 
[21:47:10] Подписка #1: Vpn
[21:47:10]   Файл: 8cbda047_Subscription.txt
[21:47:11]   Загрузка: УСПЕШНО (19880 байт)
[21:47:11]   Формат: Base64 → vless
[21:47:11]   Конфигов: VL=34 VM=0 TR=0 SS=68 (всего: 102)
[21:47:11] 
[21:47:11] Подписка #2: VPN
[21:47:11]   Файл: 03a7dba1_Subscription.txt
[21:47:12]   Загрузка: УСПЕШНО (435484 байт)
[21:47:13]   Формат: JSON
[21:47:13]   Конфигов (JSON): 23
[21:47:13] 
[21:47:13] Подписка #3: vpn33
[21:47:13]   Файл: b91d57b9_Subscription.txt
[21:47:14]   Загрузка: УСПЕШНО (36490 байт)
[21:47:14]   Формат: JSON
[21:47:14]   Конфигов (JSON): 15
[21:47:14] 
[21:47:14] Подписка #4: ABSVPN
[21:47:14]   Файл: fae59f39_Subscription.txt
[21:47:14]   Загрузка: УСПЕШНО (9964 байт)
[21:47:15]   Формат: JSON
[21:47:15]   Конфигов (JSON): 6
[21:47:15] 
[21:47:15] ----------------------------------------------
[21:47:15] ШАГ 4: Сводный файл
[21:47:15] ----------------------------------------------
[21:47:15] Ссылки в GotovVpn.txt:
[21:47:15]   • https://raw.githubusercontent.com/po5p/TgBot/main/8cbda047_Subscription.txt
[21:47:15]   • https://raw.githubusercontent.com/po5p/TgBot/main/03a7dba1_Subscription.txt
[21:47:15]   • https://raw.githubusercontent.com/po5p/TgBot/main/b91d57b9_Subscription.txt
[21:47:15]   • https://raw.githubusercontent.com/po5p/TgBot/main/fae59f39_Subscription.txt
[21:47:15] 
[21:47:15] ----------------------------------------------
[21:47:16] ШАГ 5: Отправка в GitHub
[21:47:16] ----------------------------------------------
[21:47:18] Результат: УСПЕШНО
[21:47:18] 
[21:47:18] ==============================================
[21:47:18] ИТОГИ
[21:47:18] ==============================================
[21:47:18] Обработано: 4 | Пропущено: 0
[21:47:18]   VLESS:  34
[21:47:18]   SS:     68
[21:47:18]   JSON:   44
[21:47:18]   ─────────────────
[21:47:18]   ВСЕГО:  146
[21:47:18] Сводный файл: https://raw.githubusercontent.com/po5p/TgBot/main/GotovVpn.txt
[21:47:18] ==============================================
