
[2026-06-27 00:03:05] ОШИБКА:
Ошибка в handle: HTTPSConnectionPool(host='api.telegram.org', port=443): Read timed out. (read timeout=15)
==================================================

[2026-06-27 00:29:59] ОШИБКА:
Ошибка в handle: name 'check_subscription_and_access' is not defined
==================================================

[2026-06-27 00:30:01] ОШИБКА:
Ошибка в handle: name 'check_subscription_and_access' is not defined
==================================================

[2026-06-27 00:30:03] ОШИБКА:
Ошибка в handle: name 'check_subscription_and_access' is not defined
==================================================

[2026-06-27 00:30:05] ОШИБКА:
Ошибка в handle: name 'check_subscription_and_access' is not defined
==================================================

[2026-06-27 06:14:16] ОШИБКА:
Ошибка в handle: name 'check_subscription_and_access' is not defined
==================================================

[2026-06-27 12:07:57] ОШИБКА:
Критическая ошибка в основном цикле: HTTPSConnectionPool(host='api.telegram.org', port=443): Read timed out. (read timeout=25)
==================================================
